-- The C compiler identification is GNU 13.3.0
-- The CXX compiler identification is GNU 13.3.0
-- Detecting C compiler ABI info
-- Detecting C compiler ABI info - done
-- Check for working C compiler: /usr/bin/cc - skipped
-- Detecting C compile features
-- Detecting C compile features - done
-- Detecting CXX compiler ABI info
-- Detecting CXX compiler ABI info - done
-- Check for working CXX compiler: /usr/bin/c++ - skipped
-- Detecting CXX compile features
-- Detecting CXX compile features - done
-- Found ament_cmake: 2.5.6 (/opt/ros/jazzy/share/ament_cmake/cmake)
-- Found Python3: /usr/bin/python3 (found version "3.12.3") found components: Interpreter 
-- Override CMake install command with custom implementation using symlinks instead of copying resources
-- Found geometry_msgs: 5.3.7 (/opt/ros/jazzy/share/geometry_msgs/cmake)
-- Found rosidl_generator_c: 4.6.7 (/opt/ros/jazzy/share/rosidl_generator_c/cmake)
-- Found rosidl_generator_cpp: 4.6.7 (/opt/ros/jazzy/share/rosidl_generator_cpp/cmake)
-- Using all available rosidl_typesupport_c: rosidl_typesupport_fastrtps_c;rosidl_typesupport_introspection_c
-- Using all available rosidl_typesupport_cpp: rosidl_typesupport_fastrtps_cpp;rosidl_typesupport_introspection_cpp
-- Found rosidl_default_generators: 1.6.0 (/opt/ros/jazzy/share/rosidl_default_generators/cmake)
-- Found rosidl_adapter: 4.6.7 (/opt/ros/jazzy/share/rosidl_adapter/cmake)
-- Found ament_cmake_ros: 0.12.0 (/opt/ros/jazzy/share/ament_cmake_ros/cmake)
-- Using all available rosidl_typesupport_c: rosidl_typesupport_fastrtps_c;rosidl_typesupport_introspection_c
-- Using all available rosidl_typesupport_cpp: rosidl_typesupport_fastrtps_cpp;rosidl_typesupport_introspection_cpp
-- Found python_cmake_module: 0.11.1 (/opt/ros/jazzy/share/python_cmake_module/cmake)
-- Found PythonExtra: /usr/bin/python3  
-- Found Python3: /usr/bin/python3 (found version "3.12.3") found components: Interpreter Development NumPy Development.Module Development.Embed 
-- Found Python3: /usr/bin/python3 (found version "3.12.3") found components: Interpreter 
-- Configuring done (3.3s)
-- Generating done (0.0s)
-- Build files have been written to: /root/ros2_ws/build/elevation_map_msgs
[  1%] [34m[1mGenerating type hashes for ROS interfaces[0m
[  3%] [34m[1mGenerating Rust code for ROS interfaces[0m
[  3%] Built target ament_cmake_python_symlink_elevation_map_msgs
running egg_info
creating elevation_map_msgs.egg-info
writing elevation_map_msgs.egg-info/PKG-INFO
writing dependency_links to elevation_map_msgs.egg-info/dependency_links.txt
writing top-level names to elevation_map_msgs.egg-info/top_level.txt
writing manifest file 'elevation_map_msgs.egg-info/SOURCES.txt'
[  3%] Built target elevation_map_msgs__rosidl_generator_type_description
[  4%] [34m[1mGenerating C code for ROS interfaces[0m
[  6%] [34m[1mGenerating C++ code for ROS interfaces[0m
reading manifest file 'elevation_map_msgs.egg-info/SOURCES.txt'
writing manifest file 'elevation_map_msgs.egg-info/SOURCES.txt'
[  6%] Built target elevation_map_msgs__rs
[  6%] Built target ament_cmake_python_build_elevation_map_msgs_egg
[  6%] Built target elevation_map_msgs__cpp
[  7%] [32mBuilding C object CMakeFiles/elevation_map_msgs__rosidl_generator_c.dir/rosidl_generator_c/elevation_map_msgs/msg/detail/statistics__description.c.o[0m
[ 12%] [32mBuilding C object CMakeFiles/elevation_map_msgs__rosidl_generator_c.dir/rosidl_generator_c/elevation_map_msgs/msg/detail/channel_info__functions.c.o[0m
[ 12%] [32mBuilding C object CMakeFiles/elevation_map_msgs__rosidl_generator_c.dir/rosidl_generator_c/elevation_map_msgs/msg/detail/statistics__type_support.c.o[0m
[ 12%] [32mBuilding C object CMakeFiles/elevation_map_msgs__rosidl_generator_c.dir/rosidl_generator_c/elevation_map_msgs/msg/detail/statistics__functions.c.o[0m
[ 13%] [32mBuilding C object CMakeFiles/elevation_map_msgs__rosidl_generator_c.dir/rosidl_generator_c/elevation_map_msgs/msg/detail/channel_info__description.c.o[0m
[ 15%] [32mBuilding C object CMakeFiles/elevation_map_msgs__rosidl_generator_c.dir/rosidl_generator_c/elevation_map_msgs/srv/detail/check_safety__functions.c.o[0m
[ 18%] [32mBuilding C object CMakeFiles/elevation_map_msgs__rosidl_generator_c.dir/rosidl_generator_c/elevation_map_msgs/srv/detail/check_safety__description.c.o[0m
[ 18%] [32mBuilding C object CMakeFiles/elevation_map_msgs__rosidl_generator_c.dir/rosidl_generator_c/elevation_map_msgs/msg/detail/channel_info__type_support.c.o[0m
[ 21%] [32mBuilding C object CMakeFiles/elevation_map_msgs__rosidl_generator_c.dir/rosidl_generator_c/elevation_map_msgs/srv/detail/check_safety__type_support.c.o[0m
[ 21%] [32mBuilding C object CMakeFiles/elevation_map_msgs__rosidl_generator_c.dir/rosidl_generator_c/elevation_map_msgs/srv/detail/initialize__description.c.o[0m
[ 23%] [32mBuilding C object CMakeFiles/elevation_map_msgs__rosidl_generator_c.dir/rosidl_generator_c/elevation_map_msgs/srv/detail/initialize__functions.c.o[0m
[ 24%] [32mBuilding C object CMakeFiles/elevation_map_msgs__rosidl_generator_c.dir/rosidl_generator_c/elevation_map_msgs/srv/detail/initialize__type_support.c.o[0m
[ 26%] [32m[1mLinking C shared library libelevation_map_msgs__rosidl_generator_c.so[0m
[ 26%] Built target elevation_map_msgs__rosidl_generator_c
[ 32%] [34m[1mGenerating C type support dispatch for ROS interfaces[0m
[ 32%] [34m[1mGenerating C introspection for ROS interfaces[0m
[ 32%] [34m[1mGenerating C++ type support for eProsima Fast-RTPS[0m
[ 32%] [34m[1mGenerating C type support for eProsima Fast-RTPS[0m
[ 35%] [34m[1mGenerating C++ introspection for ROS interfaces[0m
[ 35%] [34m[1mGenerating C++ type support dispatch for ROS interfaces[0m
[ 36%] [32mBuilding C object CMakeFiles/elevation_map_msgs__rosidl_typesupport_introspection_c.dir/rosidl_typesupport_introspection_c/elevation_map_msgs/msg/detail/channel_info__type_support.c.o[0m
[ 38%] [32mBuilding C object CMakeFiles/elevation_map_msgs__rosidl_typesupport_introspection_c.dir/rosidl_typesupport_introspection_c/elevation_map_msgs/srv/detail/check_safety__type_support.c.o[0m
[ 40%] [32mBuilding C object CMakeFiles/elevation_map_msgs__rosidl_typesupport_introspection_c.dir/rosidl_typesupport_introspection_c/elevation_map_msgs/msg/detail/statistics__type_support.c.o[0m
[ 41%] [32mBuilding C object CMakeFiles/elevation_map_msgs__rosidl_typesupport_introspection_c.dir/rosidl_typesupport_introspection_c/elevation_map_msgs/srv/detail/initialize__type_support.c.o[0m
[ 43%] [32mBuilding CXX object CMakeFiles/elevation_map_msgs__rosidl_typesupport_c.dir/rosidl_typesupport_c/elevation_map_msgs/msg/statistics__type_support.cpp.o[0m
[ 44%] [32mBuilding CXX object CMakeFiles/elevation_map_msgs__rosidl_typesupport_cpp.dir/rosidl_typesupport_cpp/elevation_map_msgs/msg/statistics__type_support.cpp.o[0m
[ 46%] [32mBuilding CXX object CMakeFiles/elevation_map_msgs__rosidl_typesupport_cpp.dir/rosidl_typesupport_cpp/elevation_map_msgs/msg/channel_info__type_support.cpp.o[0m
[ 47%] [32mBuilding CXX object CMakeFiles/elevation_map_msgs__rosidl_typesupport_cpp.dir/rosidl_typesupport_cpp/elevation_map_msgs/srv/check_safety__type_support.cpp.o[0m
[ 49%] [32m[1mLinking C shared library libelevation_map_msgs__rosidl_typesupport_introspection_c.so[0m
[ 50%] [32mBuilding CXX object CMakeFiles/elevation_map_msgs__rosidl_typesupport_fastrtps_c.dir/rosidl_typesupport_fastrtps_c/elevation_map_msgs/msg/detail/statistics__type_support_c.cpp.o[0m
[ 52%] [32mBuilding CXX object CMakeFiles/elevation_map_msgs__rosidl_typesupport_c.dir/rosidl_typesupport_c/elevation_map_msgs/msg/channel_info__type_support.cpp.o[0m
[ 52%] Built target elevation_map_msgs__rosidl_typesupport_introspection_c
[ 53%] [32mBuilding CXX object CMakeFiles/elevation_map_msgs__rosidl_typesupport_fastrtps_c.dir/rosidl_typesupport_fastrtps_c/elevation_map_msgs/msg/detail/channel_info__type_support_c.cpp.o[0m
[ 55%] [32mBuilding CXX object CMakeFiles/elevation_map_msgs__rosidl_typesupport_c.dir/rosidl_typesupport_c/elevation_map_msgs/srv/check_safety__type_support.cpp.o[0m
[ 56%] [32mBuilding CXX object CMakeFiles/elevation_map_msgs__rosidl_typesupport_introspection_cpp.dir/rosidl_typesupport_introspection_cpp/elevation_map_msgs/msg/detail/statistics__type_support.cpp.o[0m
[ 58%] [32mBuilding CXX object CMakeFiles/elevation_map_msgs__rosidl_typesupport_c.dir/rosidl_typesupport_c/elevation_map_msgs/srv/initialize__type_support.cpp.o[0m
[ 60%] [32m[1mLinking CXX shared library libelevation_map_msgs__rosidl_typesupport_c.so[0m
[ 61%] [32mBuilding CXX object CMakeFiles/elevation_map_msgs__rosidl_typesupport_fastrtps_cpp.dir/rosidl_typesupport_fastrtps_cpp/elevation_map_msgs/msg/detail/dds_fastrtps/statistics__type_support.cpp.o[0m
[ 61%] Built target elevation_map_msgs__rosidl_typesupport_c
[ 63%] [32mBuilding CXX object CMakeFiles/elevation_map_msgs__rosidl_typesupport_introspection_cpp.dir/rosidl_typesupport_introspection_cpp/elevation_map_msgs/msg/detail/channel_info__type_support.cpp.o[0m
[ 64%] [32mBuilding CXX object CMakeFiles/elevation_map_msgs__rosidl_typesupport_introspection_cpp.dir/rosidl_typesupport_introspection_cpp/elevation_map_msgs/srv/detail/check_safety__type_support.cpp.o[0m
[ 66%] [32mBuilding CXX object CMakeFiles/elevation_map_msgs__rosidl_typesupport_introspection_cpp.dir/rosidl_typesupport_introspection_cpp/elevation_map_msgs/srv/detail/initialize__type_support.cpp.o[0m
[ 67%] [32mBuilding CXX object CMakeFiles/elevation_map_msgs__rosidl_typesupport_fastrtps_cpp.dir/rosidl_typesupport_fastrtps_cpp/elevation_map_msgs/msg/detail/dds_fastrtps/channel_info__type_support.cpp.o[0m
[ 69%] [32mBuilding CXX object CMakeFiles/elevation_map_msgs__rosidl_typesupport_cpp.dir/rosidl_typesupport_cpp/elevation_map_msgs/srv/initialize__type_support.cpp.o[0m
[ 70%] [32mBuilding CXX object CMakeFiles/elevation_map_msgs__rosidl_typesupport_fastrtps_c.dir/rosidl_typesupport_fastrtps_c/elevation_map_msgs/srv/detail/check_safety__type_support_c.cpp.o[0m
[ 72%] [32mBuilding CXX object CMakeFiles/elevation_map_msgs__rosidl_typesupport_fastrtps_cpp.dir/rosidl_typesupport_fastrtps_cpp/elevation_map_msgs/srv/detail/dds_fastrtps/check_safety__type_support.cpp.o[0m
[ 73%] [32mBuilding CXX object CMakeFiles/elevation_map_msgs__rosidl_typesupport_fastrtps_c.dir/rosidl_typesupport_fastrtps_c/elevation_map_msgs/srv/detail/initialize__type_support_c.cpp.o[0m
[ 75%] [32mBuilding CXX object CMakeFiles/elevation_map_msgs__rosidl_typesupport_fastrtps_cpp.dir/rosidl_typesupport_fastrtps_cpp/elevation_map_msgs/srv/detail/dds_fastrtps/initialize__type_support.cpp.o[0m
[ 76%] [32m[1mLinking CXX shared library libelevation_map_msgs__rosidl_typesupport_cpp.so[0m
[ 76%] Built target elevation_map_msgs__rosidl_typesupport_cpp
[ 78%] [32m[1mLinking CXX shared library libelevation_map_msgs__rosidl_typesupport_introspection_cpp.so[0m
[ 80%] [32m[1mLinking CXX shared library libelevation_map_msgs__rosidl_typesupport_fastrtps_c.so[0m
[ 80%] Built target elevation_map_msgs__rosidl_typesupport_introspection_cpp
[ 80%] Built target elevation_map_msgs__rosidl_typesupport_fastrtps_c
[ 81%] [32m[1mLinking CXX shared library libelevation_map_msgs__rosidl_typesupport_fastrtps_cpp.so[0m
[ 81%] Built target elevation_map_msgs__rosidl_typesupport_fastrtps_cpp
[ 81%] Built target elevation_map_msgs
[ 83%] [34m[1mGenerating Python code for ROS interfaces[0m
[ 83%] Built target elevation_map_msgs__py
[ 89%] [32mBuilding C object CMakeFiles/elevation_map_msgs__rosidl_generator_py.dir/rosidl_generator_py/elevation_map_msgs/srv/_initialize_s.c.o[0m
[ 89%] [32mBuilding C object CMakeFiles/elevation_map_msgs__rosidl_generator_py.dir/rosidl_generator_py/elevation_map_msgs/msg/_channel_info_s.c.o[0m
[ 89%] [32mBuilding C object CMakeFiles/elevation_map_msgs__rosidl_generator_py.dir/rosidl_generator_py/elevation_map_msgs/msg/_statistics_s.c.o[0m
[ 89%] [32mBuilding C object CMakeFiles/elevation_map_msgs__rosidl_generator_py.dir/rosidl_generator_py/elevation_map_msgs/srv/_check_safety_s.c.o[0m
[ 90%] [32m[1mLinking C shared library libelevation_map_msgs__rosidl_generator_py.so[0m
[ 90%] Built target elevation_map_msgs__rosidl_generator_py
[ 95%] [32mBuilding C object CMakeFiles/elevation_map_msgs_s__rosidl_typesupport_introspection_c.dir/rosidl_generator_py/elevation_map_msgs/_elevation_map_msgs_s.ep.rosidl_typesupport_introspection_c.c.o[0m
[ 95%] [32mBuilding C object CMakeFiles/elevation_map_msgs_s__rosidl_typesupport_c.dir/rosidl_generator_py/elevation_map_msgs/_elevation_map_msgs_s.ep.rosidl_typesupport_c.c.o[0m
[ 95%] [32mBuilding C object CMakeFiles/elevation_map_msgs_s__rosidl_typesupport_fastrtps_c.dir/rosidl_generator_py/elevation_map_msgs/_elevation_map_msgs_s.ep.rosidl_typesupport_fastrtps_c.c.o[0m
[ 96%] [32m[1mLinking C shared module rosidl_generator_py/elevation_map_msgs/elevation_map_msgs_s__rosidl_typesupport_introspection_c.so[0m
[ 98%] [32m[1mLinking C shared module rosidl_generator_py/elevation_map_msgs/elevation_map_msgs_s__rosidl_typesupport_fastrtps_c.so[0m
[100%] [32m[1mLinking C shared module rosidl_generator_py/elevation_map_msgs/elevation_map_msgs_s__rosidl_typesupport_c.so[0m
[100%] Built target elevation_map_msgs_s__rosidl_typesupport_introspection_c
[100%] Built target elevation_map_msgs_s__rosidl_typesupport_fastrtps_c
[100%] Built target elevation_map_msgs_s__rosidl_typesupport_c
-- Install configuration: ""
-- Execute custom install script
-- Symlinking: /root/ros2_ws/install/elevation_map_msgs/share/ament_index/resource_index/rosidl_interfaces/elevation_map_msgs
-- Symlinking: /root/ros2_ws/install/elevation_map_msgs/share/elevation_map_msgs/msg/Statistics.json
-- Symlinking: /root/ros2_ws/install/elevation_map_msgs/share/elevation_map_msgs/msg/ChannelInfo.json
-- Symlinking: /root/ros2_ws/install/elevation_map_msgs/share/elevation_map_msgs/srv/CheckSafety.json
-- Symlinking: /root/ros2_ws/install/elevation_map_msgs/share/elevation_map_msgs/srv/Initialize.json
-- Symlinking: /root/ros2_ws/install/elevation_map_msgs/include/elevation_map_msgs/elevation_map_msgs/msg/channel_info.h
-- Symlinking: /root/ros2_ws/install/elevation_map_msgs/include/elevation_map_msgs/elevation_map_msgs/msg/detail/channel_info__functions.h
-- Symlinking: /root/ros2_ws/install/elevation_map_msgs/include/elevation_map_msgs/elevation_map_msgs/msg/detail/channel_info__struct.h
-- Symlinking: /root/ros2_ws/install/elevation_map_msgs/include/elevation_map_msgs/elevation_map_msgs/msg/detail/channel_info__type_support.h
-- Symlinking: /root/ros2_ws/install/elevation_map_msgs/include/elevation_map_msgs/elevation_map_msgs/msg/detail/statistics__functions.h
-- Symlinking: /root/ros2_ws/install/elevation_map_msgs/include/elevation_map_msgs/elevation_map_msgs/msg/detail/statistics__struct.h
-- Symlinking: /root/ros2_ws/install/elevation_map_msgs/include/elevation_map_msgs/elevation_map_msgs/msg/detail/statistics__type_support.h
-- Symlinking: /root/ros2_ws/install/elevation_map_msgs/include/elevation_map_msgs/elevation_map_msgs/msg/rosidl_generator_c__visibility_control.h
-- Symlinking: /root/ros2_ws/install/elevation_map_msgs/include/elevation_map_msgs/elevation_map_msgs/msg/statistics.h
-- Symlinking: /root/ros2_ws/install/elevation_map_msgs/include/elevation_map_msgs/elevation_map_msgs/srv/check_safety.h
-- Symlinking: /root/ros2_ws/install/elevation_map_msgs/include/elevation_map_msgs/elevation_map_msgs/srv/detail/check_safety__functions.h
-- Symlinking: /root/ros2_ws/install/elevation_map_msgs/include/elevation_map_msgs/elevation_map_msgs/srv/detail/check_safety__struct.h
-- Symlinking: /root/ros2_ws/install/elevation_map_msgs/include/elevation_map_msgs/elevation_map_msgs/srv/detail/check_safety__type_support.h
-- Symlinking: /root/ros2_ws/install/elevation_map_msgs/include/elevation_map_msgs/elevation_map_msgs/srv/detail/initialize__functions.h
-- Symlinking: /root/ros2_ws/install/elevation_map_msgs/include/elevation_map_msgs/elevation_map_msgs/srv/detail/initialize__struct.h
-- Symlinking: /root/ros2_ws/install/elevation_map_msgs/include/elevation_map_msgs/elevation_map_msgs/srv/detail/initialize__type_support.h
-- Symlinking: /root/ros2_ws/install/elevation_map_msgs/include/elevation_map_msgs/elevation_map_msgs/srv/initialize.h
-- Symlinking: /root/ros2_ws/install/elevation_map_msgs/share/elevation_map_msgs/environment/library_path.sh
-- Symlinking: /root/ros2_ws/install/elevation_map_msgs/share/elevation_map_msgs/environment/library_path.dsv
-- Symlinking: /root/ros2_ws/install/elevation_map_msgs/include/elevation_map_msgs/elevation_map_msgs/msg/detail/channel_info__rosidl_typesupport_fastrtps_c.h
-- Symlinking: /root/ros2_ws/install/elevation_map_msgs/include/elevation_map_msgs/elevation_map_msgs/msg/detail/statistics__rosidl_typesupport_fastrtps_c.h
-- Symlinking: /root/ros2_ws/install/elevation_map_msgs/include/elevation_map_msgs/elevation_map_msgs/msg/rosidl_typesupport_fastrtps_c__visibility_control.h
-- Symlinking: /root/ros2_ws/install/elevation_map_msgs/include/elevation_map_msgs/elevation_map_msgs/srv/detail/check_safety__rosidl_typesupport_fastrtps_c.h
-- Symlinking: /root/ros2_ws/install/elevation_map_msgs/include/elevation_map_msgs/elevation_map_msgs/srv/detail/initialize__rosidl_typesupport_fastrtps_c.h
-- Symlinking: /root/ros2_ws/install/elevation_map_msgs/include/elevation_map_msgs/elevation_map_msgs/msg/channel_info.hpp
-- Symlinking: /root/ros2_ws/install/elevation_map_msgs/include/elevation_map_msgs/elevation_map_msgs/msg/detail/channel_info__builder.hpp
-- Symlinking: /root/ros2_ws/install/elevation_map_msgs/include/elevation_map_msgs/elevation_map_msgs/msg/detail/channel_info__struct.hpp
-- Symlinking: /root/ros2_ws/install/elevation_map_msgs/include/elevation_map_msgs/elevation_map_msgs/msg/detail/channel_info__traits.hpp
-- Symlinking: /root/ros2_ws/install/elevation_map_msgs/include/elevation_map_msgs/elevation_map_msgs/msg/detail/channel_info__type_support.hpp
-- Symlinking: /root/ros2_ws/install/elevation_map_msgs/include/elevation_map_msgs/elevation_map_msgs/msg/detail/statistics__builder.hpp
-- Symlinking: /root/ros2_ws/install/elevation_map_msgs/include/elevation_map_msgs/elevation_map_msgs/msg/detail/statistics__struct.hpp
-- Symlinking: /root/ros2_ws/install/elevation_map_msgs/include/elevation_map_msgs/elevation_map_msgs/msg/detail/statistics__traits.hpp
-- Symlinking: /root/ros2_ws/install/elevation_map_msgs/include/elevation_map_msgs/elevation_map_msgs/msg/detail/statistics__type_support.hpp
-- Symlinking: /root/ros2_ws/install/elevation_map_msgs/include/elevation_map_msgs/elevation_map_msgs/msg/rosidl_generator_cpp__visibility_control.hpp
-- Symlinking: /root/ros2_ws/install/elevation_map_msgs/include/elevation_map_msgs/elevation_map_msgs/msg/statistics.hpp
-- Symlinking: /root/ros2_ws/install/elevation_map_msgs/include/elevation_map_msgs/elevation_map_msgs/srv/check_safety.hpp
-- Symlinking: /root/ros2_ws/install/elevation_map_msgs/include/elevation_map_msgs/elevation_map_msgs/srv/detail/check_safety__builder.hpp
-- Symlinking: /root/ros2_ws/install/elevation_map_msgs/include/elevation_map_msgs/elevation_map_msgs/srv/detail/check_safety__struct.hpp
-- Symlinking: /root/ros2_ws/install/elevation_map_msgs/include/elevation_map_msgs/elevation_map_msgs/srv/detail/check_safety__traits.hpp
-- Symlinking: /root/ros2_ws/install/elevation_map_msgs/include/elevation_map_msgs/elevation_map_msgs/srv/detail/check_safety__type_support.hpp
-- Symlinking: /root/ros2_ws/install/elevation_map_msgs/include/elevation_map_msgs/elevation_map_msgs/srv/detail/initialize__builder.hpp
-- Symlinking: /root/ros2_ws/install/elevation_map_msgs/include/elevation_map_msgs/elevation_map_msgs/srv/detail/initialize__struct.hpp
-- Symlinking: /root/ros2_ws/install/elevation_map_msgs/include/elevation_map_msgs/elevation_map_msgs/srv/detail/initialize__traits.hpp
-- Symlinking: /root/ros2_ws/install/elevation_map_msgs/include/elevation_map_msgs/elevation_map_msgs/srv/detail/initialize__type_support.hpp
-- Symlinking: /root/ros2_ws/install/elevation_map_msgs/include/elevation_map_msgs/elevation_map_msgs/srv/initialize.hpp
-- Symlinking: /root/ros2_ws/install/elevation_map_msgs/include/elevation_map_msgs/elevation_map_msgs/msg/detail/channel_info__rosidl_typesupport_fastrtps_cpp.hpp
-- Symlinking: /root/ros2_ws/install/elevation_map_msgs/include/elevation_map_msgs/elevation_map_msgs/msg/detail/statistics__rosidl_typesupport_fastrtps_cpp.hpp
-- Symlinking: /root/ros2_ws/install/elevation_map_msgs/include/elevation_map_msgs/elevation_map_msgs/msg/rosidl_typesupport_fastrtps_cpp__visibility_control.h
-- Symlinking: /root/ros2_ws/install/elevation_map_msgs/include/elevation_map_msgs/elevation_map_msgs/srv/detail/check_safety__rosidl_typesupport_fastrtps_cpp.hpp
-- Symlinking: /root/ros2_ws/install/elevation_map_msgs/include/elevation_map_msgs/elevation_map_msgs/srv/detail/initialize__rosidl_typesupport_fastrtps_cpp.hpp
-- Symlinking: /root/ros2_ws/install/elevation_map_msgs/include/elevation_map_msgs/elevation_map_msgs/msg/detail/channel_info__rosidl_typesupport_introspection_c.h
-- Symlinking: /root/ros2_ws/install/elevation_map_msgs/include/elevation_map_msgs/elevation_map_msgs/msg/detail/statistics__rosidl_typesupport_introspection_c.h
-- Symlinking: /root/ros2_ws/install/elevation_map_msgs/include/elevation_map_msgs/elevation_map_msgs/msg/rosidl_typesupport_introspection_c__visibility_control.h
-- Symlinking: /root/ros2_ws/install/elevation_map_msgs/include/elevation_map_msgs/elevation_map_msgs/srv/detail/check_safety__rosidl_typesupport_introspection_c.h
-- Symlinking: /root/ros2_ws/install/elevation_map_msgs/include/elevation_map_msgs/elevation_map_msgs/srv/detail/initialize__rosidl_typesupport_introspection_c.h
-- Symlinking: /root/ros2_ws/install/elevation_map_msgs/include/elevation_map_msgs/elevation_map_msgs/msg/detail/channel_info__rosidl_typesupport_introspection_cpp.hpp
-- Symlinking: /root/ros2_ws/install/elevation_map_msgs/include/elevation_map_msgs/elevation_map_msgs/msg/detail/statistics__rosidl_typesupport_introspection_cpp.hpp
-- Symlinking: /root/ros2_ws/install/elevation_map_msgs/include/elevation_map_msgs/elevation_map_msgs/srv/detail/check_safety__rosidl_typesupport_introspection_cpp.hpp
-- Symlinking: /root/ros2_ws/install/elevation_map_msgs/include/elevation_map_msgs/elevation_map_msgs/srv/detail/initialize__rosidl_typesupport_introspection_cpp.hpp
-- Symlinking: /root/ros2_ws/install/elevation_map_msgs/share/elevation_map_msgs/environment/pythonpath.sh
-- Symlinking: /root/ros2_ws/install/elevation_map_msgs/share/elevation_map_msgs/environment/pythonpath.dsv
-- Symlinking: /root/ros2_ws/install/elevation_map_msgs/lib/python3.12/site-packages/elevation_map_msgs-2.1.0-py3.12.egg-info/PKG-INFO
-- Symlinking: /root/ros2_ws/install/elevation_map_msgs/lib/python3.12/site-packages/elevation_map_msgs-2.1.0-py3.12.egg-info/SOURCES.txt
-- Symlinking: /root/ros2_ws/install/elevation_map_msgs/lib/python3.12/site-packages/elevation_map_msgs-2.1.0-py3.12.egg-info/dependency_links.txt
-- Symlinking: /root/ros2_ws/install/elevation_map_msgs/lib/python3.12/site-packages/elevation_map_msgs-2.1.0-py3.12.egg-info/top_level.txt
-- Symlinking: /root/ros2_ws/install/elevation_map_msgs/lib/python3.12/site-packages/elevation_map_msgs/__init__.py
-- Symlinking: /root/ros2_ws/install/elevation_map_msgs/lib/python3.12/site-packages/elevation_map_msgs/_elevation_map_msgs_s.ep.rosidl_typesupport_c.c
-- Symlinking: /root/ros2_ws/install/elevation_map_msgs/lib/python3.12/site-packages/elevation_map_msgs/_elevation_map_msgs_s.ep.rosidl_typesupport_fastrtps_c.c
-- Symlinking: /root/ros2_ws/install/elevation_map_msgs/lib/python3.12/site-packages/elevation_map_msgs/_elevation_map_msgs_s.ep.rosidl_typesupport_introspection_c.c
-- Symlinking: /root/ros2_ws/install/elevation_map_msgs/lib/python3.12/site-packages/elevation_map_msgs/elevation_map_msgs_s__rosidl_typesupport_c.so
-- Symlinking: /root/ros2_ws/install/elevation_map_msgs/lib/python3.12/site-packages/elevation_map_msgs/elevation_map_msgs_s__rosidl_typesupport_fastrtps_c.so
-- Symlinking: /root/ros2_ws/install/elevation_map_msgs/lib/python3.12/site-packages/elevation_map_msgs/elevation_map_msgs_s__rosidl_typesupport_introspection_c.so
-- Symlinking: /root/ros2_ws/install/elevation_map_msgs/lib/python3.12/site-packages/elevation_map_msgs/msg/__init__.py
-- Symlinking: /root/ros2_ws/install/elevation_map_msgs/lib/python3.12/site-packages/elevation_map_msgs/msg/_channel_info.py
-- Symlinking: /root/ros2_ws/install/elevation_map_msgs/lib/python3.12/site-packages/elevation_map_msgs/msg/_channel_info_s.c
-- Symlinking: /root/ros2_ws/install/elevation_map_msgs/lib/python3.12/site-packages/elevation_map_msgs/msg/_statistics.py
-- Symlinking: /root/ros2_ws/install/elevation_map_msgs/lib/python3.12/site-packages/elevation_map_msgs/msg/_statistics_s.c
-- Symlinking: /root/ros2_ws/install/elevation_map_msgs/lib/python3.12/site-packages/elevation_map_msgs/srv/__init__.py
-- Symlinking: /root/ros2_ws/install/elevation_map_msgs/lib/python3.12/site-packages/elevation_map_msgs/srv/_check_safety.py
-- Symlinking: /root/ros2_ws/install/elevation_map_msgs/lib/python3.12/site-packages/elevation_map_msgs/srv/_check_safety_s.c
-- Symlinking: /root/ros2_ws/install/elevation_map_msgs/lib/python3.12/site-packages/elevation_map_msgs/srv/_initialize.py
-- Symlinking: /root/ros2_ws/install/elevation_map_msgs/lib/python3.12/site-packages/elevation_map_msgs/srv/_initialize_s.c
-- Up-to-date symlink: /root/ros2_ws/install/elevation_map_msgs/lib/python3.12/site-packages/elevation_map_msgs/elevation_map_msgs_s__rosidl_typesupport_fastrtps_c.so
-- Up-to-date symlink: /root/ros2_ws/install/elevation_map_msgs/lib/python3.12/site-packages/elevation_map_msgs/elevation_map_msgs_s__rosidl_typesupport_introspection_c.so
-- Up-to-date symlink: /root/ros2_ws/install/elevation_map_msgs/lib/python3.12/site-packages/elevation_map_msgs/elevation_map_msgs_s__rosidl_typesupport_c.so
-- Symlinking: /root/ros2_ws/install/elevation_map_msgs/share/ament_index/resource_index/rust_packages/elevation_map_msgs
-- Symlinking: /root/ros2_ws/install/elevation_map_msgs/share/elevation_map_msgs/rust/Cargo.toml
-- Symlinking: /root/ros2_ws/install/elevation_map_msgs/share/elevation_map_msgs/rust/build.rs
-- Symlinking: /root/ros2_ws/install/elevation_map_msgs/share/elevation_map_msgs/rust/src/lib.rs
-- Symlinking: /root/ros2_ws/install/elevation_map_msgs/share/elevation_map_msgs/rust/src/msg.rs
-- Symlinking: /root/ros2_ws/install/elevation_map_msgs/share/elevation_map_msgs/rust/src/msg/rmw.rs
-- Symlinking: /root/ros2_ws/install/elevation_map_msgs/share/elevation_map_msgs/rust/src/srv.rs
-- Symlinking: /root/ros2_ws/install/elevation_map_msgs/share/elevation_map_msgs/rust/src/srv/rmw.rs
-- Symlinking: /root/ros2_ws/install/elevation_map_msgs/share/elevation_map_msgs/msg/Statistics.idl
-- Symlinking: /root/ros2_ws/install/elevation_map_msgs/share/elevation_map_msgs/msg/ChannelInfo.idl
-- Symlinking: /root/ros2_ws/install/elevation_map_msgs/share/elevation_map_msgs/srv/CheckSafety.idl
-- Symlinking: /root/ros2_ws/install/elevation_map_msgs/share/elevation_map_msgs/srv/Initialize.idl
-- Symlinking: /root/ros2_ws/install/elevation_map_msgs/share/elevation_map_msgs/msg/Statistics.msg
-- Symlinking: /root/ros2_ws/install/elevation_map_msgs/share/elevation_map_msgs/msg/ChannelInfo.msg
-- Symlinking: /root/ros2_ws/install/elevation_map_msgs/share/elevation_map_msgs/srv/CheckSafety.srv
-- Symlinking: /root/ros2_ws/install/elevation_map_msgs/share/elevation_map_msgs/srv/Initialize.srv
-- Symlinking: /root/ros2_ws/install/elevation_map_msgs/share/ament_index/resource_index/package_run_dependencies/elevation_map_msgs
-- Symlinking: /root/ros2_ws/install/elevation_map_msgs/share/ament_index/resource_index/parent_prefix_path/elevation_map_msgs
-- Symlinking: /root/ros2_ws/install/elevation_map_msgs/share/elevation_map_msgs/environment/ament_prefix_path.sh
-- Symlinking: /root/ros2_ws/install/elevation_map_msgs/share/elevation_map_msgs/environment/ament_prefix_path.dsv
-- Symlinking: /root/ros2_ws/install/elevation_map_msgs/share/elevation_map_msgs/environment/path.sh
-- Symlinking: /root/ros2_ws/install/elevation_map_msgs/share/elevation_map_msgs/environment/path.dsv
-- Symlinking: /root/ros2_ws/install/elevation_map_msgs/share/elevation_map_msgs/local_setup.bash
-- Symlinking: /root/ros2_ws/install/elevation_map_msgs/share/elevation_map_msgs/local_setup.sh
-- Symlinking: /root/ros2_ws/install/elevation_map_msgs/share/elevation_map_msgs/local_setup.zsh
-- Symlinking: /root/ros2_ws/install/elevation_map_msgs/share/elevation_map_msgs/local_setup.dsv
-- Symlinking: /root/ros2_ws/install/elevation_map_msgs/share/elevation_map_msgs/package.dsv
-- Symlinking: /root/ros2_ws/install/elevation_map_msgs/share/ament_index/resource_index/packages/elevation_map_msgs
-- Symlinking: /root/ros2_ws/install/elevation_map_msgs/share/elevation_map_msgs/cmake/rosidl_cmake-extras.cmake
-- Symlinking: /root/ros2_ws/install/elevation_map_msgs/share/elevation_map_msgs/cmake/ament_cmake_export_dependencies-extras.cmake
-- Symlinking: /root/ros2_ws/install/elevation_map_msgs/share/elevation_map_msgs/cmake/ament_cmake_export_include_directories-extras.cmake
-- Symlinking: /root/ros2_ws/install/elevation_map_msgs/share/elevation_map_msgs/cmake/ament_cmake_export_libraries-extras.cmake
-- Symlinking: /root/ros2_ws/install/elevation_map_msgs/share/elevation_map_msgs/cmake/ament_cmake_export_targets-extras.cmake
-- Symlinking: /root/ros2_ws/install/elevation_map_msgs/share/elevation_map_msgs/cmake/rosidl_cmake_export_typesupport_targets-extras.cmake
-- Symlinking: /root/ros2_ws/install/elevation_map_msgs/share/elevation_map_msgs/cmake/rosidl_cmake_export_typesupport_libraries-extras.cmake
-- Symlinking: /root/ros2_ws/install/elevation_map_msgs/share/elevation_map_msgs/cmake/elevation_map_msgsConfig.cmake
-- Symlinking: /root/ros2_ws/install/elevation_map_msgs/share/elevation_map_msgs/cmake/elevation_map_msgsConfig-version.cmake
-- Symlinking: /root/ros2_ws/install/elevation_map_msgs/share/elevation_map_msgs/package.xml
-- Installing: /root/ros2_ws/install/elevation_map_msgs/lib/libelevation_map_msgs__rosidl_generator_c.so
-- Set non-toolchain portion of runtime path of "/root/ros2_ws/install/elevation_map_msgs/lib/libelevation_map_msgs__rosidl_generator_c.so" to ""
-- Installing: /root/ros2_ws/install/elevation_map_msgs/lib/libelevation_map_msgs__rosidl_typesupport_fastrtps_c.so
-- Set non-toolchain portion of runtime path of "/root/ros2_ws/install/elevation_map_msgs/lib/libelevation_map_msgs__rosidl_typesupport_fastrtps_c.so" to ""
-- Installing: /root/ros2_ws/install/elevation_map_msgs/lib/libelevation_map_msgs__rosidl_typesupport_fastrtps_cpp.so
-- Set non-toolchain portion of runtime path of "/root/ros2_ws/install/elevation_map_msgs/lib/libelevation_map_msgs__rosidl_typesupport_fastrtps_cpp.so" to ""
-- Installing: /root/ros2_ws/install/elevation_map_msgs/lib/libelevation_map_msgs__rosidl_typesupport_introspection_c.so
-- Set non-toolchain portion of runtime path of "/root/ros2_ws/install/elevation_map_msgs/lib/libelevation_map_msgs__rosidl_typesupport_introspection_c.so" to ""
-- Installing: /root/ros2_ws/install/elevation_map_msgs/lib/libelevation_map_msgs__rosidl_typesupport_c.so
-- Set non-toolchain portion of runtime path of "/root/ros2_ws/install/elevation_map_msgs/lib/libelevation_map_msgs__rosidl_typesupport_c.so" to ""
-- Installing: /root/ros2_ws/install/elevation_map_msgs/lib/libelevation_map_msgs__rosidl_typesupport_introspection_cpp.so
-- Set non-toolchain portion of runtime path of "/root/ros2_ws/install/elevation_map_msgs/lib/libelevation_map_msgs__rosidl_typesupport_introspection_cpp.so" to ""
-- Installing: /root/ros2_ws/install/elevation_map_msgs/lib/libelevation_map_msgs__rosidl_typesupport_cpp.so
-- Set non-toolchain portion of runtime path of "/root/ros2_ws/install/elevation_map_msgs/lib/libelevation_map_msgs__rosidl_typesupport_cpp.so" to ""
Listing '/root/ros2_ws/install/elevation_map_msgs/lib/python3.12/site-packages/elevation_map_msgs'...
Compiling '/root/ros2_ws/install/elevation_map_msgs/lib/python3.12/site-packages/elevation_map_msgs/__init__.py'...
Listing '/root/ros2_ws/install/elevation_map_msgs/lib/python3.12/site-packages/elevation_map_msgs/msg'...
Compiling '/root/ros2_ws/install/elevation_map_msgs/lib/python3.12/site-packages/elevation_map_msgs/msg/__init__.py'...
Compiling '/root/ros2_ws/install/elevation_map_msgs/lib/python3.12/site-packages/elevation_map_msgs/msg/_channel_info.py'...
Compiling '/root/ros2_ws/install/elevation_map_msgs/lib/python3.12/site-packages/elevation_map_msgs/msg/_statistics.py'...
Listing '/root/ros2_ws/install/elevation_map_msgs/lib/python3.12/site-packages/elevation_map_msgs/srv'...
Compiling '/root/ros2_ws/install/elevation_map_msgs/lib/python3.12/site-packages/elevation_map_msgs/srv/__init__.py'...
Compiling '/root/ros2_ws/install/elevation_map_msgs/lib/python3.12/site-packages/elevation_map_msgs/srv/_check_safety.py'...
Compiling '/root/ros2_ws/install/elevation_map_msgs/lib/python3.12/site-packages/elevation_map_msgs/srv/_initialize.py'...
-- Installing: /root/ros2_ws/install/elevation_map_msgs/lib/libelevation_map_msgs__rosidl_generator_py.so
-- Set non-toolchain portion of runtime path of "/root/ros2_ws/install/elevation_map_msgs/lib/libelevation_map_msgs__rosidl_generator_py.so" to ""
-- Installing: /root/ros2_ws/install/elevation_map_msgs/share/elevation_map_msgs/cmake/export_elevation_map_msgs__rosidl_generator_cExport.cmake
-- Installing: /root/ros2_ws/install/elevation_map_msgs/share/elevation_map_msgs/cmake/export_elevation_map_msgs__rosidl_generator_cExport-noconfig.cmake
-- Installing: /root/ros2_ws/install/elevation_map_msgs/share/elevation_map_msgs/cmake/export_elevation_map_msgs__rosidl_typesupport_fastrtps_cExport.cmake
-- Installing: /root/ros2_ws/install/elevation_map_msgs/share/elevation_map_msgs/cmake/export_elevation_map_msgs__rosidl_typesupport_fastrtps_cExport-noconfig.cmake
-- Installing: /root/ros2_ws/install/elevation_map_msgs/share/elevation_map_msgs/cmake/export_elevation_map_msgs__rosidl_generator_cppExport.cmake
-- Installing: /root/ros2_ws/install/elevation_map_msgs/share/elevation_map_msgs/cmake/export_elevation_map_msgs__rosidl_typesupport_fastrtps_cppExport.cmake
-- Installing: /root/ros2_ws/install/elevation_map_msgs/share/elevation_map_msgs/cmake/export_elevation_map_msgs__rosidl_typesupport_fastrtps_cppExport-noconfig.cmake
-- Installing: /root/ros2_ws/install/elevation_map_msgs/share/elevation_map_msgs/cmake/elevation_map_msgs__rosidl_typesupport_introspection_cExport.cmake
-- Installing: /root/ros2_ws/install/elevation_map_msgs/share/elevation_map_msgs/cmake/elevation_map_msgs__rosidl_typesupport_introspection_cExport-noconfig.cmake
-- Installing: /root/ros2_ws/install/elevation_map_msgs/share/elevation_map_msgs/cmake/elevation_map_msgs__rosidl_typesupport_cExport.cmake
-- Installing: /root/ros2_ws/install/elevation_map_msgs/share/elevation_map_msgs/cmake/elevation_map_msgs__rosidl_typesupport_cExport-noconfig.cmake
-- Installing: /root/ros2_ws/install/elevation_map_msgs/share/elevation_map_msgs/cmake/elevation_map_msgs__rosidl_typesupport_introspection_cppExport.cmake
-- Installing: /root/ros2_ws/install/elevation_map_msgs/share/elevation_map_msgs/cmake/elevation_map_msgs__rosidl_typesupport_introspection_cppExport-noconfig.cmake
-- Installing: /root/ros2_ws/install/elevation_map_msgs/share/elevation_map_msgs/cmake/elevation_map_msgs__rosidl_typesupport_cppExport.cmake
-- Installing: /root/ros2_ws/install/elevation_map_msgs/share/elevation_map_msgs/cmake/elevation_map_msgs__rosidl_typesupport_cppExport-noconfig.cmake
-- Installing: /root/ros2_ws/install/elevation_map_msgs/share/elevation_map_msgs/cmake/export_elevation_map_msgs__rosidl_generator_pyExport.cmake
-- Installing: /root/ros2_ws/install/elevation_map_msgs/share/elevation_map_msgs/cmake/export_elevation_map_msgs__rosidl_generator_pyExport-noconfig.cmake
