[0.014s] Invoking command in '/root/ros2_ws/build/elevation_map_msgs': CMAKE_PREFIX_PATH=${CMAKE_PREFIX_PATH}:/root/ros2_ws/install/dlio_gazebo_sim:/opt/ros/jazzy /usr/bin/cmake /root/ros2_ws/src/elevation_mapping_cupy/elevation_map_msgs -DAMENT_CMAKE_SYMLINK_INSTALL=1 -DCMAKE_INSTALL_PREFIX=/root/ros2_ws/install/elevation_map_msgs
[0.070s] -- The C compiler identification is GNU 13.3.0
[0.122s] -- The CXX compiler identification is GNU 13.3.0
[0.137s] -- Detecting C compiler ABI info
[0.208s] -- Detecting C compiler ABI info - done
[0.219s] -- Check for working C compiler: /usr/bin/cc - skipped
[0.219s] -- Detecting C compile features
[0.219s] -- Detecting C compile features - done
[0.228s] -- Detecting CXX compiler ABI info
[0.311s] -- Detecting CXX compiler ABI info - done
[0.322s] -- Check for working CXX compiler: /usr/bin/c++ - skipped
[0.323s] -- Detecting CXX compile features
[0.323s] -- Detecting CXX compile features - done
[0.329s] -- Found ament_cmake: 2.5.6 (/opt/ros/jazzy/share/ament_cmake/cmake)
[0.482s] -- Found Python3: /usr/bin/python3 (found version "3.12.3") found components: Interpreter 
[0.583s] -- Override CMake install command with custom implementation using symlinks instead of copying resources
[0.647s] -- Found geometry_msgs: 5.3.7 (/opt/ros/jazzy/share/geometry_msgs/cmake)
[0.706s] -- Found rosidl_generator_c: 4.6.7 (/opt/ros/jazzy/share/rosidl_generator_c/cmake)
[0.731s] -- Found rosidl_generator_cpp: 4.6.7 (/opt/ros/jazzy/share/rosidl_generator_cpp/cmake)
[0.753s] -- Using all available rosidl_typesupport_c: rosidl_typesupport_fastrtps_c;rosidl_typesupport_introspection_c
[0.777s] -- Using all available rosidl_typesupport_cpp: rosidl_typesupport_fastrtps_cpp;rosidl_typesupport_introspection_cpp
[0.839s] -- Found rosidl_default_generators: 1.6.0 (/opt/ros/jazzy/share/rosidl_default_generators/cmake)
[0.870s] -- Found rosidl_adapter: 4.6.7 (/opt/ros/jazzy/share/rosidl_adapter/cmake)
[1.508s] -- Found ament_cmake_ros: 0.12.0 (/opt/ros/jazzy/share/ament_cmake_ros/cmake)
[2.328s] -- Using all available rosidl_typesupport_c: rosidl_typesupport_fastrtps_c;rosidl_typesupport_introspection_c
[2.646s] -- Using all available rosidl_typesupport_cpp: rosidl_typesupport_fastrtps_cpp;rosidl_typesupport_introspection_cpp
[2.654s] -- Found python_cmake_module: 0.11.1 (/opt/ros/jazzy/share/python_cmake_module/cmake)
[2.774s] -- Found PythonExtra: /usr/bin/python3  
[3.175s] -- Found Python3: /usr/bin/python3 (found version "3.12.3") found components: Interpreter Development NumPy Development.Module Development.Embed 
[3.293s] -- Found Python3: /usr/bin/python3 (found version "3.12.3") found components: Interpreter 
[3.305s] -- Configuring done (3.3s)
[3.352s] -- Generating done (0.0s)
[3.364s] -- Build files have been written to: /root/ros2_ws/build/elevation_map_msgs
[3.372s] Invoked command in '/root/ros2_ws/build/elevation_map_msgs' returned '0': CMAKE_PREFIX_PATH=${CMAKE_PREFIX_PATH}:/root/ros2_ws/install/dlio_gazebo_sim:/opt/ros/jazzy /usr/bin/cmake /root/ros2_ws/src/elevation_mapping_cupy/elevation_map_msgs -DAMENT_CMAKE_SYMLINK_INSTALL=1 -DCMAKE_INSTALL_PREFIX=/root/ros2_ws/install/elevation_map_msgs
[3.372s] Invoking command in '/root/ros2_ws/build/elevation_map_msgs': CMAKE_PREFIX_PATH=${CMAKE_PREFIX_PATH}:/root/ros2_ws/install/dlio_gazebo_sim:/opt/ros/jazzy /usr/bin/cmake --build /root/ros2_ws/build/elevation_map_msgs -- -j8 -l8
[3.416s] [  1%] [34m[1mGenerating type hashes for ROS interfaces[0m
[3.417s] [  3%] [34m[1mGenerating Rust code for ROS interfaces[0m
[3.429s] [  3%] Built target ament_cmake_python_symlink_elevation_map_msgs
[3.657s] running egg_info
[3.658s] creating elevation_map_msgs.egg-info
[3.688s] writing elevation_map_msgs.egg-info/PKG-INFO
[3.688s] writing dependency_links to elevation_map_msgs.egg-info/dependency_links.txt
[3.688s] writing top-level names to elevation_map_msgs.egg-info/top_level.txt
[3.688s] writing manifest file 'elevation_map_msgs.egg-info/SOURCES.txt'
[3.692s] [  3%] Built target elevation_map_msgs__rosidl_generator_type_description
[3.707s] [  4%] [34m[1mGenerating C code for ROS interfaces[0m
[3.720s] [  6%] [34m[1mGenerating C++ code for ROS interfaces[0m
[3.785s] reading manifest file 'elevation_map_msgs.egg-info/SOURCES.txt'
[3.785s] writing manifest file 'elevation_map_msgs.egg-info/SOURCES.txt'
[3.796s] [  6%] Built target elevation_map_msgs__rs
[3.830s] [  6%] Built target ament_cmake_python_build_elevation_map_msgs_egg
[4.235s] [  6%] Built target elevation_map_msgs__cpp
[4.339s] [  7%] [32mBuilding C object CMakeFiles/elevation_map_msgs__rosidl_generator_c.dir/rosidl_generator_c/elevation_map_msgs/msg/detail/statistics__description.c.o[0m
[4.339s] [ 12%] [32mBuilding C object CMakeFiles/elevation_map_msgs__rosidl_generator_c.dir/rosidl_generator_c/elevation_map_msgs/msg/detail/channel_info__functions.c.o[0m
[4.339s] [ 12%] [32mBuilding C object CMakeFiles/elevation_map_msgs__rosidl_generator_c.dir/rosidl_generator_c/elevation_map_msgs/msg/detail/statistics__type_support.c.o[0m
[4.339s] [ 12%] [32mBuilding C object CMakeFiles/elevation_map_msgs__rosidl_generator_c.dir/rosidl_generator_c/elevation_map_msgs/msg/detail/statistics__functions.c.o[0m
[4.339s] [ 13%] [32mBuilding C object CMakeFiles/elevation_map_msgs__rosidl_generator_c.dir/rosidl_generator_c/elevation_map_msgs/msg/detail/channel_info__description.c.o[0m
[4.343s] [ 15%] [32mBuilding C object CMakeFiles/elevation_map_msgs__rosidl_generator_c.dir/rosidl_generator_c/elevation_map_msgs/srv/detail/check_safety__functions.c.o[0m
[4.345s] [ 18%] [32mBuilding C object CMakeFiles/elevation_map_msgs__rosidl_generator_c.dir/rosidl_generator_c/elevation_map_msgs/srv/detail/check_safety__description.c.o[0m
[4.345s] [ 18%] [32mBuilding C object CMakeFiles/elevation_map_msgs__rosidl_generator_c.dir/rosidl_generator_c/elevation_map_msgs/msg/detail/channel_info__type_support.c.o[0m
[4.388s] [ 21%] [32mBuilding C object CMakeFiles/elevation_map_msgs__rosidl_generator_c.dir/rosidl_generator_c/elevation_map_msgs/srv/detail/check_safety__type_support.c.o[0m
[4.388s] [ 21%] [32mBuilding C object CMakeFiles/elevation_map_msgs__rosidl_generator_c.dir/rosidl_generator_c/elevation_map_msgs/srv/detail/initialize__description.c.o[0m
[4.404s] [ 23%] [32mBuilding C object CMakeFiles/elevation_map_msgs__rosidl_generator_c.dir/rosidl_generator_c/elevation_map_msgs/srv/detail/initialize__functions.c.o[0m
[4.409s] [ 24%] [32mBuilding C object CMakeFiles/elevation_map_msgs__rosidl_generator_c.dir/rosidl_generator_c/elevation_map_msgs/srv/detail/initialize__type_support.c.o[0m
[4.486s] [ 26%] [32m[1mLinking C shared library libelevation_map_msgs__rosidl_generator_c.so[0m
[4.524s] [ 26%] Built target elevation_map_msgs__rosidl_generator_c
[4.539s] [ 32%] [34m[1mGenerating C type support dispatch for ROS interfaces[0m
[4.539s] [ 32%] [34m[1mGenerating C introspection for ROS interfaces[0m
[4.539s] [ 32%] [34m[1mGenerating C++ type support for eProsima Fast-RTPS[0m
[4.540s] [ 32%] [34m[1mGenerating C type support for eProsima Fast-RTPS[0m
[4.540s] [ 35%] [34m[1mGenerating C++ introspection for ROS interfaces[0m
[4.540s] [ 35%] [34m[1mGenerating C++ type support dispatch for ROS interfaces[0m
[4.997s] [ 36%] [32mBuilding C object CMakeFiles/elevation_map_msgs__rosidl_typesupport_introspection_c.dir/rosidl_typesupport_introspection_c/elevation_map_msgs/msg/detail/channel_info__type_support.c.o[0m
[4.998s] [ 38%] [32mBuilding C object CMakeFiles/elevation_map_msgs__rosidl_typesupport_introspection_c.dir/rosidl_typesupport_introspection_c/elevation_map_msgs/srv/detail/check_safety__type_support.c.o[0m
[4.998s] [ 40%] [32mBuilding C object CMakeFiles/elevation_map_msgs__rosidl_typesupport_introspection_c.dir/rosidl_typesupport_introspection_c/elevation_map_msgs/msg/detail/statistics__type_support.c.o[0m
[5.062s] [ 41%] [32mBuilding C object CMakeFiles/elevation_map_msgs__rosidl_typesupport_introspection_c.dir/rosidl_typesupport_introspection_c/elevation_map_msgs/srv/detail/initialize__type_support.c.o[0m
[5.122s] [ 43%] [32mBuilding CXX object CMakeFiles/elevation_map_msgs__rosidl_typesupport_c.dir/rosidl_typesupport_c/elevation_map_msgs/msg/statistics__type_support.cpp.o[0m
[5.122s] [ 44%] [32mBuilding CXX object CMakeFiles/elevation_map_msgs__rosidl_typesupport_cpp.dir/rosidl_typesupport_cpp/elevation_map_msgs/msg/statistics__type_support.cpp.o[0m
[5.127s] [ 46%] [32mBuilding CXX object CMakeFiles/elevation_map_msgs__rosidl_typesupport_cpp.dir/rosidl_typesupport_cpp/elevation_map_msgs/msg/channel_info__type_support.cpp.o[0m
[5.132s] [ 47%] [32mBuilding CXX object CMakeFiles/elevation_map_msgs__rosidl_typesupport_cpp.dir/rosidl_typesupport_cpp/elevation_map_msgs/srv/check_safety__type_support.cpp.o[0m
[5.157s] [ 49%] [32m[1mLinking C shared library libelevation_map_msgs__rosidl_typesupport_introspection_c.so[0m
[5.161s] [ 50%] [32mBuilding CXX object CMakeFiles/elevation_map_msgs__rosidl_typesupport_fastrtps_c.dir/rosidl_typesupport_fastrtps_c/elevation_map_msgs/msg/detail/statistics__type_support_c.cpp.o[0m
[5.201s] [ 52%] [32mBuilding CXX object CMakeFiles/elevation_map_msgs__rosidl_typesupport_c.dir/rosidl_typesupport_c/elevation_map_msgs/msg/channel_info__type_support.cpp.o[0m
[5.208s] [ 52%] Built target elevation_map_msgs__rosidl_typesupport_introspection_c
[5.213s] [ 53%] [32mBuilding CXX object CMakeFiles/elevation_map_msgs__rosidl_typesupport_fastrtps_c.dir/rosidl_typesupport_fastrtps_c/elevation_map_msgs/msg/detail/channel_info__type_support_c.cpp.o[0m
[5.268s] [ 55%] [32mBuilding CXX object CMakeFiles/elevation_map_msgs__rosidl_typesupport_c.dir/rosidl_typesupport_c/elevation_map_msgs/srv/check_safety__type_support.cpp.o[0m
[5.273s] [ 56%] [32mBuilding CXX object CMakeFiles/elevation_map_msgs__rosidl_typesupport_introspection_cpp.dir/rosidl_typesupport_introspection_cpp/elevation_map_msgs/msg/detail/statistics__type_support.cpp.o[0m
[5.340s] [ 58%] [32mBuilding CXX object CMakeFiles/elevation_map_msgs__rosidl_typesupport_c.dir/rosidl_typesupport_c/elevation_map_msgs/srv/initialize__type_support.cpp.o[0m
[5.413s] [ 60%] [32m[1mLinking CXX shared library libelevation_map_msgs__rosidl_typesupport_c.so[0m
[5.481s] [ 61%] [32mBuilding CXX object CMakeFiles/elevation_map_msgs__rosidl_typesupport_fastrtps_cpp.dir/rosidl_typesupport_fastrtps_cpp/elevation_map_msgs/msg/detail/dds_fastrtps/statistics__type_support.cpp.o[0m
[5.490s] [ 61%] Built target elevation_map_msgs__rosidl_typesupport_c
[5.504s] [ 63%] [32mBuilding CXX object CMakeFiles/elevation_map_msgs__rosidl_typesupport_introspection_cpp.dir/rosidl_typesupport_introspection_cpp/elevation_map_msgs/msg/detail/channel_info__type_support.cpp.o[0m
[5.617s] [ 64%] [32mBuilding CXX object CMakeFiles/elevation_map_msgs__rosidl_typesupport_introspection_cpp.dir/rosidl_typesupport_introspection_cpp/elevation_map_msgs/srv/detail/check_safety__type_support.cpp.o[0m
[5.650s] [ 66%] [32mBuilding CXX object CMakeFiles/elevation_map_msgs__rosidl_typesupport_introspection_cpp.dir/rosidl_typesupport_introspection_cpp/elevation_map_msgs/srv/detail/initialize__type_support.cpp.o[0m
[5.814s] [ 67%] [32mBuilding CXX object CMakeFiles/elevation_map_msgs__rosidl_typesupport_fastrtps_cpp.dir/rosidl_typesupport_fastrtps_cpp/elevation_map_msgs/msg/detail/dds_fastrtps/channel_info__type_support.cpp.o[0m
[5.923s] [ 69%] [32mBuilding CXX object CMakeFiles/elevation_map_msgs__rosidl_typesupport_cpp.dir/rosidl_typesupport_cpp/elevation_map_msgs/srv/initialize__type_support.cpp.o[0m
[5.936s] [ 70%] [32mBuilding CXX object CMakeFiles/elevation_map_msgs__rosidl_typesupport_fastrtps_c.dir/rosidl_typesupport_fastrtps_c/elevation_map_msgs/srv/detail/check_safety__type_support_c.cpp.o[0m
[5.951s] [ 72%] [32mBuilding CXX object CMakeFiles/elevation_map_msgs__rosidl_typesupport_fastrtps_cpp.dir/rosidl_typesupport_fastrtps_cpp/elevation_map_msgs/srv/detail/dds_fastrtps/check_safety__type_support.cpp.o[0m
[6.088s] [ 73%] [32mBuilding CXX object CMakeFiles/elevation_map_msgs__rosidl_typesupport_fastrtps_c.dir/rosidl_typesupport_fastrtps_c/elevation_map_msgs/srv/detail/initialize__type_support_c.cpp.o[0m
[6.308s] [ 75%] [32mBuilding CXX object CMakeFiles/elevation_map_msgs__rosidl_typesupport_fastrtps_cpp.dir/rosidl_typesupport_fastrtps_cpp/elevation_map_msgs/srv/detail/dds_fastrtps/initialize__type_support.cpp.o[0m
[6.604s] [ 76%] [32m[1mLinking CXX shared library libelevation_map_msgs__rosidl_typesupport_cpp.so[0m
[6.722s] [ 76%] Built target elevation_map_msgs__rosidl_typesupport_cpp
[6.755s] [ 78%] [32m[1mLinking CXX shared library libelevation_map_msgs__rosidl_typesupport_introspection_cpp.so[0m
[6.789s] [ 80%] [32m[1mLinking CXX shared library libelevation_map_msgs__rosidl_typesupport_fastrtps_c.so[0m
[6.879s] [ 80%] Built target elevation_map_msgs__rosidl_typesupport_introspection_cpp
[6.889s] [ 80%] Built target elevation_map_msgs__rosidl_typesupport_fastrtps_c
[7.070s] [ 81%] [32m[1mLinking CXX shared library libelevation_map_msgs__rosidl_typesupport_fastrtps_cpp.so[0m
[7.150s] [ 81%] Built target elevation_map_msgs__rosidl_typesupport_fastrtps_cpp
[7.168s] [ 81%] Built target elevation_map_msgs
[7.185s] [ 83%] [34m[1mGenerating Python code for ROS interfaces[0m
[7.895s] [ 83%] Built target elevation_map_msgs__py
[7.913s] [ 89%] [32mBuilding C object CMakeFiles/elevation_map_msgs__rosidl_generator_py.dir/rosidl_generator_py/elevation_map_msgs/srv/_initialize_s.c.o[0m
[7.913s] [ 89%] [32mBuilding C object CMakeFiles/elevation_map_msgs__rosidl_generator_py.dir/rosidl_generator_py/elevation_map_msgs/msg/_channel_info_s.c.o[0m
[7.913s] [ 89%] [32mBuilding C object CMakeFiles/elevation_map_msgs__rosidl_generator_py.dir/rosidl_generator_py/elevation_map_msgs/msg/_statistics_s.c.o[0m
[7.913s] [ 89%] [32mBuilding C object CMakeFiles/elevation_map_msgs__rosidl_generator_py.dir/rosidl_generator_py/elevation_map_msgs/srv/_check_safety_s.c.o[0m
[8.108s] [ 90%] [32m[1mLinking C shared library libelevation_map_msgs__rosidl_generator_py.so[0m
[8.157s] [ 90%] Built target elevation_map_msgs__rosidl_generator_py
[8.175s] [ 95%] [32mBuilding C object CMakeFiles/elevation_map_msgs_s__rosidl_typesupport_introspection_c.dir/rosidl_generator_py/elevation_map_msgs/_elevation_map_msgs_s.ep.rosidl_typesupport_introspection_c.c.o[0m
[8.175s] [ 95%] [32mBuilding C object CMakeFiles/elevation_map_msgs_s__rosidl_typesupport_c.dir/rosidl_generator_py/elevation_map_msgs/_elevation_map_msgs_s.ep.rosidl_typesupport_c.c.o[0m
[8.175s] [ 95%] [32mBuilding C object CMakeFiles/elevation_map_msgs_s__rosidl_typesupport_fastrtps_c.dir/rosidl_generator_py/elevation_map_msgs/_elevation_map_msgs_s.ep.rosidl_typesupport_fastrtps_c.c.o[0m
[8.289s] [ 96%] [32m[1mLinking C shared module rosidl_generator_py/elevation_map_msgs/elevation_map_msgs_s__rosidl_typesupport_introspection_c.so[0m
[8.294s] [ 98%] [32m[1mLinking C shared module rosidl_generator_py/elevation_map_msgs/elevation_map_msgs_s__rosidl_typesupport_fastrtps_c.so[0m
[8.298s] [100%] [32m[1mLinking C shared module rosidl_generator_py/elevation_map_msgs/elevation_map_msgs_s__rosidl_typesupport_c.so[0m
[8.318s] [100%] Built target elevation_map_msgs_s__rosidl_typesupport_introspection_c
[8.324s] [100%] Built target elevation_map_msgs_s__rosidl_typesupport_fastrtps_c
[8.325s] [100%] Built target elevation_map_msgs_s__rosidl_typesupport_c
[8.338s] Invoked command in '/root/ros2_ws/build/elevation_map_msgs' returned '0': CMAKE_PREFIX_PATH=${CMAKE_PREFIX_PATH}:/root/ros2_ws/install/dlio_gazebo_sim:/opt/ros/jazzy /usr/bin/cmake --build /root/ros2_ws/build/elevation_map_msgs -- -j8 -l8
[8.339s] Invoking command in '/root/ros2_ws/build/elevation_map_msgs': CMAKE_PREFIX_PATH=${CMAKE_PREFIX_PATH}:/root/ros2_ws/install/dlio_gazebo_sim:/opt/ros/jazzy /usr/bin/cmake --install /root/ros2_ws/build/elevation_map_msgs
[8.347s] -- Install configuration: ""
[8.347s] -- Execute custom install script
[8.347s] -- Symlinking: /root/ros2_ws/install/elevation_map_msgs/share/ament_index/resource_index/rosidl_interfaces/elevation_map_msgs
[8.356s] -- Symlinking: /root/ros2_ws/install/elevation_map_msgs/share/elevation_map_msgs/msg/Statistics.json
[8.364s] -- Symlinking: /root/ros2_ws/install/elevation_map_msgs/share/elevation_map_msgs/msg/ChannelInfo.json
[8.371s] -- Symlinking: /root/ros2_ws/install/elevation_map_msgs/share/elevation_map_msgs/srv/CheckSafety.json
[8.378s] -- Symlinking: /root/ros2_ws/install/elevation_map_msgs/share/elevation_map_msgs/srv/Initialize.json
[8.386s] -- Symlinking: /root/ros2_ws/install/elevation_map_msgs/include/elevation_map_msgs/elevation_map_msgs/msg/channel_info.h
[8.393s] -- Symlinking: /root/ros2_ws/install/elevation_map_msgs/include/elevation_map_msgs/elevation_map_msgs/msg/detail/channel_info__functions.h
[8.401s] -- Symlinking: /root/ros2_ws/install/elevation_map_msgs/include/elevation_map_msgs/elevation_map_msgs/msg/detail/channel_info__struct.h
[8.408s] -- Symlinking: /root/ros2_ws/install/elevation_map_msgs/include/elevation_map_msgs/elevation_map_msgs/msg/detail/channel_info__type_support.h
[8.415s] -- Symlinking: /root/ros2_ws/install/elevation_map_msgs/include/elevation_map_msgs/elevation_map_msgs/msg/detail/statistics__functions.h
[8.422s] -- Symlinking: /root/ros2_ws/install/elevation_map_msgs/include/elevation_map_msgs/elevation_map_msgs/msg/detail/statistics__struct.h
[8.429s] -- Symlinking: /root/ros2_ws/install/elevation_map_msgs/include/elevation_map_msgs/elevation_map_msgs/msg/detail/statistics__type_support.h
[8.439s] -- Symlinking: /root/ros2_ws/install/elevation_map_msgs/include/elevation_map_msgs/elevation_map_msgs/msg/rosidl_generator_c__visibility_control.h
[8.447s] -- Symlinking: /root/ros2_ws/install/elevation_map_msgs/include/elevation_map_msgs/elevation_map_msgs/msg/statistics.h
[8.455s] -- Symlinking: /root/ros2_ws/install/elevation_map_msgs/include/elevation_map_msgs/elevation_map_msgs/srv/check_safety.h
[8.462s] -- Symlinking: /root/ros2_ws/install/elevation_map_msgs/include/elevation_map_msgs/elevation_map_msgs/srv/detail/check_safety__functions.h
[8.470s] -- Symlinking: /root/ros2_ws/install/elevation_map_msgs/include/elevation_map_msgs/elevation_map_msgs/srv/detail/check_safety__struct.h
[8.477s] -- Symlinking: /root/ros2_ws/install/elevation_map_msgs/include/elevation_map_msgs/elevation_map_msgs/srv/detail/check_safety__type_support.h
[8.484s] -- Symlinking: /root/ros2_ws/install/elevation_map_msgs/include/elevation_map_msgs/elevation_map_msgs/srv/detail/initialize__functions.h
[8.492s] -- Symlinking: /root/ros2_ws/install/elevation_map_msgs/include/elevation_map_msgs/elevation_map_msgs/srv/detail/initialize__struct.h
[8.499s] -- Symlinking: /root/ros2_ws/install/elevation_map_msgs/include/elevation_map_msgs/elevation_map_msgs/srv/detail/initialize__type_support.h
[8.506s] -- Symlinking: /root/ros2_ws/install/elevation_map_msgs/include/elevation_map_msgs/elevation_map_msgs/srv/initialize.h
[8.513s] -- Symlinking: /root/ros2_ws/install/elevation_map_msgs/share/elevation_map_msgs/environment/library_path.sh
[8.521s] -- Symlinking: /root/ros2_ws/install/elevation_map_msgs/share/elevation_map_msgs/environment/library_path.dsv
[8.528s] -- Symlinking: /root/ros2_ws/install/elevation_map_msgs/include/elevation_map_msgs/elevation_map_msgs/msg/detail/channel_info__rosidl_typesupport_fastrtps_c.h
[8.539s] -- Symlinking: /root/ros2_ws/install/elevation_map_msgs/include/elevation_map_msgs/elevation_map_msgs/msg/detail/statistics__rosidl_typesupport_fastrtps_c.h
[8.547s] -- Symlinking: /root/ros2_ws/install/elevation_map_msgs/include/elevation_map_msgs/elevation_map_msgs/msg/rosidl_typesupport_fastrtps_c__visibility_control.h
[8.555s] -- Symlinking: /root/ros2_ws/install/elevation_map_msgs/include/elevation_map_msgs/elevation_map_msgs/srv/detail/check_safety__rosidl_typesupport_fastrtps_c.h
[8.562s] -- Symlinking: /root/ros2_ws/install/elevation_map_msgs/include/elevation_map_msgs/elevation_map_msgs/srv/detail/initialize__rosidl_typesupport_fastrtps_c.h
[8.570s] -- Symlinking: /root/ros2_ws/install/elevation_map_msgs/include/elevation_map_msgs/elevation_map_msgs/msg/channel_info.hpp
[8.577s] -- Symlinking: /root/ros2_ws/install/elevation_map_msgs/include/elevation_map_msgs/elevation_map_msgs/msg/detail/channel_info__builder.hpp
[8.585s] -- Symlinking: /root/ros2_ws/install/elevation_map_msgs/include/elevation_map_msgs/elevation_map_msgs/msg/detail/channel_info__struct.hpp
[8.592s] -- Symlinking: /root/ros2_ws/install/elevation_map_msgs/include/elevation_map_msgs/elevation_map_msgs/msg/detail/channel_info__traits.hpp
[8.599s] -- Symlinking: /root/ros2_ws/install/elevation_map_msgs/include/elevation_map_msgs/elevation_map_msgs/msg/detail/channel_info__type_support.hpp
[8.607s] -- Symlinking: /root/ros2_ws/install/elevation_map_msgs/include/elevation_map_msgs/elevation_map_msgs/msg/detail/statistics__builder.hpp
[8.615s] -- Symlinking: /root/ros2_ws/install/elevation_map_msgs/include/elevation_map_msgs/elevation_map_msgs/msg/detail/statistics__struct.hpp
[8.622s] -- Symlinking: /root/ros2_ws/install/elevation_map_msgs/include/elevation_map_msgs/elevation_map_msgs/msg/detail/statistics__traits.hpp
[8.630s] -- Symlinking: /root/ros2_ws/install/elevation_map_msgs/include/elevation_map_msgs/elevation_map_msgs/msg/detail/statistics__type_support.hpp
[8.638s] -- Symlinking: /root/ros2_ws/install/elevation_map_msgs/include/elevation_map_msgs/elevation_map_msgs/msg/rosidl_generator_cpp__visibility_control.hpp
[8.647s] -- Symlinking: /root/ros2_ws/install/elevation_map_msgs/include/elevation_map_msgs/elevation_map_msgs/msg/statistics.hpp
[8.655s] -- Symlinking: /root/ros2_ws/install/elevation_map_msgs/include/elevation_map_msgs/elevation_map_msgs/srv/check_safety.hpp
[8.662s] -- Symlinking: /root/ros2_ws/install/elevation_map_msgs/include/elevation_map_msgs/elevation_map_msgs/srv/detail/check_safety__builder.hpp
[8.669s] -- Symlinking: /root/ros2_ws/install/elevation_map_msgs/include/elevation_map_msgs/elevation_map_msgs/srv/detail/check_safety__struct.hpp
[8.676s] -- Symlinking: /root/ros2_ws/install/elevation_map_msgs/include/elevation_map_msgs/elevation_map_msgs/srv/detail/check_safety__traits.hpp
[8.684s] -- Symlinking: /root/ros2_ws/install/elevation_map_msgs/include/elevation_map_msgs/elevation_map_msgs/srv/detail/check_safety__type_support.hpp
[8.691s] -- Symlinking: /root/ros2_ws/install/elevation_map_msgs/include/elevation_map_msgs/elevation_map_msgs/srv/detail/initialize__builder.hpp
[8.698s] -- Symlinking: /root/ros2_ws/install/elevation_map_msgs/include/elevation_map_msgs/elevation_map_msgs/srv/detail/initialize__struct.hpp
[8.706s] -- Symlinking: /root/ros2_ws/install/elevation_map_msgs/include/elevation_map_msgs/elevation_map_msgs/srv/detail/initialize__traits.hpp
[8.713s] -- Symlinking: /root/ros2_ws/install/elevation_map_msgs/include/elevation_map_msgs/elevation_map_msgs/srv/detail/initialize__type_support.hpp
[8.720s] -- Symlinking: /root/ros2_ws/install/elevation_map_msgs/include/elevation_map_msgs/elevation_map_msgs/srv/initialize.hpp
[8.727s] -- Symlinking: /root/ros2_ws/install/elevation_map_msgs/include/elevation_map_msgs/elevation_map_msgs/msg/detail/channel_info__rosidl_typesupport_fastrtps_cpp.hpp
[8.736s] -- Symlinking: /root/ros2_ws/install/elevation_map_msgs/include/elevation_map_msgs/elevation_map_msgs/msg/detail/statistics__rosidl_typesupport_fastrtps_cpp.hpp
[8.746s] -- Symlinking: /root/ros2_ws/install/elevation_map_msgs/include/elevation_map_msgs/elevation_map_msgs/msg/rosidl_typesupport_fastrtps_cpp__visibility_control.h
[8.753s] -- Symlinking: /root/ros2_ws/install/elevation_map_msgs/include/elevation_map_msgs/elevation_map_msgs/srv/detail/check_safety__rosidl_typesupport_fastrtps_cpp.hpp
[8.761s] -- Symlinking: /root/ros2_ws/install/elevation_map_msgs/include/elevation_map_msgs/elevation_map_msgs/srv/detail/initialize__rosidl_typesupport_fastrtps_cpp.hpp
[8.768s] -- Symlinking: /root/ros2_ws/install/elevation_map_msgs/include/elevation_map_msgs/elevation_map_msgs/msg/detail/channel_info__rosidl_typesupport_introspection_c.h
[8.775s] -- Symlinking: /root/ros2_ws/install/elevation_map_msgs/include/elevation_map_msgs/elevation_map_msgs/msg/detail/statistics__rosidl_typesupport_introspection_c.h
[8.782s] -- Symlinking: /root/ros2_ws/install/elevation_map_msgs/include/elevation_map_msgs/elevation_map_msgs/msg/rosidl_typesupport_introspection_c__visibility_control.h
[8.790s] -- Symlinking: /root/ros2_ws/install/elevation_map_msgs/include/elevation_map_msgs/elevation_map_msgs/srv/detail/check_safety__rosidl_typesupport_introspection_c.h
[8.797s] -- Symlinking: /root/ros2_ws/install/elevation_map_msgs/include/elevation_map_msgs/elevation_map_msgs/srv/detail/initialize__rosidl_typesupport_introspection_c.h
[8.804s] -- Symlinking: /root/ros2_ws/install/elevation_map_msgs/include/elevation_map_msgs/elevation_map_msgs/msg/detail/channel_info__rosidl_typesupport_introspection_cpp.hpp
[8.812s] -- Symlinking: /root/ros2_ws/install/elevation_map_msgs/include/elevation_map_msgs/elevation_map_msgs/msg/detail/statistics__rosidl_typesupport_introspection_cpp.hpp
[8.819s] -- Symlinking: /root/ros2_ws/install/elevation_map_msgs/include/elevation_map_msgs/elevation_map_msgs/srv/detail/check_safety__rosidl_typesupport_introspection_cpp.hpp
[8.826s] -- Symlinking: /root/ros2_ws/install/elevation_map_msgs/include/elevation_map_msgs/elevation_map_msgs/srv/detail/initialize__rosidl_typesupport_introspection_cpp.hpp
[8.835s] -- Symlinking: /root/ros2_ws/install/elevation_map_msgs/share/elevation_map_msgs/environment/pythonpath.sh
[8.844s] -- Symlinking: /root/ros2_ws/install/elevation_map_msgs/share/elevation_map_msgs/environment/pythonpath.dsv
[8.852s] -- Symlinking: /root/ros2_ws/install/elevation_map_msgs/lib/python3.12/site-packages/elevation_map_msgs-2.1.0-py3.12.egg-info/PKG-INFO
[8.859s] -- Symlinking: /root/ros2_ws/install/elevation_map_msgs/lib/python3.12/site-packages/elevation_map_msgs-2.1.0-py3.12.egg-info/SOURCES.txt
[8.867s] -- Symlinking: /root/ros2_ws/install/elevation_map_msgs/lib/python3.12/site-packages/elevation_map_msgs-2.1.0-py3.12.egg-info/dependency_links.txt
[8.874s] -- Symlinking: /root/ros2_ws/install/elevation_map_msgs/lib/python3.12/site-packages/elevation_map_msgs-2.1.0-py3.12.egg-info/top_level.txt
[8.882s] -- Symlinking: /root/ros2_ws/install/elevation_map_msgs/lib/python3.12/site-packages/elevation_map_msgs/__init__.py
[8.889s] -- Symlinking: /root/ros2_ws/install/elevation_map_msgs/lib/python3.12/site-packages/elevation_map_msgs/_elevation_map_msgs_s.ep.rosidl_typesupport_c.c
[8.896s] -- Symlinking: /root/ros2_ws/install/elevation_map_msgs/lib/python3.12/site-packages/elevation_map_msgs/_elevation_map_msgs_s.ep.rosidl_typesupport_fastrtps_c.c
[8.904s] -- Symlinking: /root/ros2_ws/install/elevation_map_msgs/lib/python3.12/site-packages/elevation_map_msgs/_elevation_map_msgs_s.ep.rosidl_typesupport_introspection_c.c
[8.911s] -- Symlinking: /root/ros2_ws/install/elevation_map_msgs/lib/python3.12/site-packages/elevation_map_msgs/elevation_map_msgs_s__rosidl_typesupport_c.so
[8.918s] -- Symlinking: /root/ros2_ws/install/elevation_map_msgs/lib/python3.12/site-packages/elevation_map_msgs/elevation_map_msgs_s__rosidl_typesupport_fastrtps_c.so
[8.925s] -- Symlinking: /root/ros2_ws/install/elevation_map_msgs/lib/python3.12/site-packages/elevation_map_msgs/elevation_map_msgs_s__rosidl_typesupport_introspection_c.so
[8.933s] -- Symlinking: /root/ros2_ws/install/elevation_map_msgs/lib/python3.12/site-packages/elevation_map_msgs/msg/__init__.py
[8.943s] -- Symlinking: /root/ros2_ws/install/elevation_map_msgs/lib/python3.12/site-packages/elevation_map_msgs/msg/_channel_info.py
[8.951s] -- Symlinking: /root/ros2_ws/install/elevation_map_msgs/lib/python3.12/site-packages/elevation_map_msgs/msg/_channel_info_s.c
[8.959s] -- Symlinking: /root/ros2_ws/install/elevation_map_msgs/lib/python3.12/site-packages/elevation_map_msgs/msg/_statistics.py
[8.966s] -- Symlinking: /root/ros2_ws/install/elevation_map_msgs/lib/python3.12/site-packages/elevation_map_msgs/msg/_statistics_s.c
[8.973s] -- Symlinking: /root/ros2_ws/install/elevation_map_msgs/lib/python3.12/site-packages/elevation_map_msgs/srv/__init__.py
[8.980s] -- Symlinking: /root/ros2_ws/install/elevation_map_msgs/lib/python3.12/site-packages/elevation_map_msgs/srv/_check_safety.py
[8.988s] -- Symlinking: /root/ros2_ws/install/elevation_map_msgs/lib/python3.12/site-packages/elevation_map_msgs/srv/_check_safety_s.c
[8.996s] -- Symlinking: /root/ros2_ws/install/elevation_map_msgs/lib/python3.12/site-packages/elevation_map_msgs/srv/_initialize.py
[9.003s] -- Symlinking: /root/ros2_ws/install/elevation_map_msgs/lib/python3.12/site-packages/elevation_map_msgs/srv/_initialize_s.c
[9.011s] -- Up-to-date symlink: /root/ros2_ws/install/elevation_map_msgs/lib/python3.12/site-packages/elevation_map_msgs/elevation_map_msgs_s__rosidl_typesupport_fastrtps_c.so
[9.011s] -- Up-to-date symlink: /root/ros2_ws/install/elevation_map_msgs/lib/python3.12/site-packages/elevation_map_msgs/elevation_map_msgs_s__rosidl_typesupport_introspection_c.so
[9.012s] -- Up-to-date symlink: /root/ros2_ws/install/elevation_map_msgs/lib/python3.12/site-packages/elevation_map_msgs/elevation_map_msgs_s__rosidl_typesupport_c.so
[9.012s] -- Symlinking: /root/ros2_ws/install/elevation_map_msgs/share/ament_index/resource_index/rust_packages/elevation_map_msgs
[9.019s] -- Symlinking: /root/ros2_ws/install/elevation_map_msgs/share/elevation_map_msgs/rust/Cargo.toml
[9.027s] -- Symlinking: /root/ros2_ws/install/elevation_map_msgs/share/elevation_map_msgs/rust/build.rs
[9.036s] -- Symlinking: /root/ros2_ws/install/elevation_map_msgs/share/elevation_map_msgs/rust/src/lib.rs
[9.045s] -- Symlinking: /root/ros2_ws/install/elevation_map_msgs/share/elevation_map_msgs/rust/src/msg.rs
[9.052s] -- Symlinking: /root/ros2_ws/install/elevation_map_msgs/share/elevation_map_msgs/rust/src/msg/rmw.rs
[9.060s] -- Symlinking: /root/ros2_ws/install/elevation_map_msgs/share/elevation_map_msgs/rust/src/srv.rs
[9.067s] -- Symlinking: /root/ros2_ws/install/elevation_map_msgs/share/elevation_map_msgs/rust/src/srv/rmw.rs
[9.074s] -- Symlinking: /root/ros2_ws/install/elevation_map_msgs/share/elevation_map_msgs/msg/Statistics.idl
[9.082s] -- Symlinking: /root/ros2_ws/install/elevation_map_msgs/share/elevation_map_msgs/msg/ChannelInfo.idl
[9.089s] -- Symlinking: /root/ros2_ws/install/elevation_map_msgs/share/elevation_map_msgs/srv/CheckSafety.idl
[9.097s] -- Symlinking: /root/ros2_ws/install/elevation_map_msgs/share/elevation_map_msgs/srv/Initialize.idl
[9.104s] -- Symlinking: /root/ros2_ws/install/elevation_map_msgs/share/elevation_map_msgs/msg/Statistics.msg
[9.112s] -- Symlinking: /root/ros2_ws/install/elevation_map_msgs/share/elevation_map_msgs/msg/ChannelInfo.msg
[9.119s] -- Symlinking: /root/ros2_ws/install/elevation_map_msgs/share/elevation_map_msgs/srv/CheckSafety.srv
[9.127s] -- Symlinking: /root/ros2_ws/install/elevation_map_msgs/share/elevation_map_msgs/srv/Initialize.srv
[9.136s] -- Symlinking: /root/ros2_ws/install/elevation_map_msgs/share/ament_index/resource_index/package_run_dependencies/elevation_map_msgs
[9.146s] -- Symlinking: /root/ros2_ws/install/elevation_map_msgs/share/ament_index/resource_index/parent_prefix_path/elevation_map_msgs
[9.153s] -- Symlinking: /root/ros2_ws/install/elevation_map_msgs/share/elevation_map_msgs/environment/ament_prefix_path.sh
[9.161s] -- Symlinking: /root/ros2_ws/install/elevation_map_msgs/share/elevation_map_msgs/environment/ament_prefix_path.dsv
[9.168s] -- Symlinking: /root/ros2_ws/install/elevation_map_msgs/share/elevation_map_msgs/environment/path.sh
[9.175s] -- Symlinking: /root/ros2_ws/install/elevation_map_msgs/share/elevation_map_msgs/environment/path.dsv
[9.183s] -- Symlinking: /root/ros2_ws/install/elevation_map_msgs/share/elevation_map_msgs/local_setup.bash
[9.190s] -- Symlinking: /root/ros2_ws/install/elevation_map_msgs/share/elevation_map_msgs/local_setup.sh
[9.198s] -- Symlinking: /root/ros2_ws/install/elevation_map_msgs/share/elevation_map_msgs/local_setup.zsh
[9.205s] -- Symlinking: /root/ros2_ws/install/elevation_map_msgs/share/elevation_map_msgs/local_setup.dsv
[9.213s] -- Symlinking: /root/ros2_ws/install/elevation_map_msgs/share/elevation_map_msgs/package.dsv
[9.220s] -- Symlinking: /root/ros2_ws/install/elevation_map_msgs/share/ament_index/resource_index/packages/elevation_map_msgs
[9.227s] -- Symlinking: /root/ros2_ws/install/elevation_map_msgs/share/elevation_map_msgs/cmake/rosidl_cmake-extras.cmake
[9.237s] -- Symlinking: /root/ros2_ws/install/elevation_map_msgs/share/elevation_map_msgs/cmake/ament_cmake_export_dependencies-extras.cmake
[9.246s] -- Symlinking: /root/ros2_ws/install/elevation_map_msgs/share/elevation_map_msgs/cmake/ament_cmake_export_include_directories-extras.cmake
[9.254s] -- Symlinking: /root/ros2_ws/install/elevation_map_msgs/share/elevation_map_msgs/cmake/ament_cmake_export_libraries-extras.cmake
[9.261s] -- Symlinking: /root/ros2_ws/install/elevation_map_msgs/share/elevation_map_msgs/cmake/ament_cmake_export_targets-extras.cmake
[9.269s] -- Symlinking: /root/ros2_ws/install/elevation_map_msgs/share/elevation_map_msgs/cmake/rosidl_cmake_export_typesupport_targets-extras.cmake
[9.276s] -- Symlinking: /root/ros2_ws/install/elevation_map_msgs/share/elevation_map_msgs/cmake/rosidl_cmake_export_typesupport_libraries-extras.cmake
[9.284s] -- Symlinking: /root/ros2_ws/install/elevation_map_msgs/share/elevation_map_msgs/cmake/elevation_map_msgsConfig.cmake
[9.291s] -- Symlinking: /root/ros2_ws/install/elevation_map_msgs/share/elevation_map_msgs/cmake/elevation_map_msgsConfig-version.cmake
[9.298s] -- Symlinking: /root/ros2_ws/install/elevation_map_msgs/share/elevation_map_msgs/package.xml
[9.305s] -- Installing: /root/ros2_ws/install/elevation_map_msgs/lib/libelevation_map_msgs__rosidl_generator_c.so
[9.306s] -- Set non-toolchain portion of runtime path of "/root/ros2_ws/install/elevation_map_msgs/lib/libelevation_map_msgs__rosidl_generator_c.so" to ""
[9.306s] -- Installing: /root/ros2_ws/install/elevation_map_msgs/lib/libelevation_map_msgs__rosidl_typesupport_fastrtps_c.so
[9.306s] -- Set non-toolchain portion of runtime path of "/root/ros2_ws/install/elevation_map_msgs/lib/libelevation_map_msgs__rosidl_typesupport_fastrtps_c.so" to ""
[9.306s] -- Installing: /root/ros2_ws/install/elevation_map_msgs/lib/libelevation_map_msgs__rosidl_typesupport_fastrtps_cpp.so
[9.306s] -- Set non-toolchain portion of runtime path of "/root/ros2_ws/install/elevation_map_msgs/lib/libelevation_map_msgs__rosidl_typesupport_fastrtps_cpp.so" to ""
[9.307s] -- Installing: /root/ros2_ws/install/elevation_map_msgs/lib/libelevation_map_msgs__rosidl_typesupport_introspection_c.so
[9.307s] -- Set non-toolchain portion of runtime path of "/root/ros2_ws/install/elevation_map_msgs/lib/libelevation_map_msgs__rosidl_typesupport_introspection_c.so" to ""
[9.307s] -- Installing: /root/ros2_ws/install/elevation_map_msgs/lib/libelevation_map_msgs__rosidl_typesupport_c.so
[9.307s] -- Set non-toolchain portion of runtime path of "/root/ros2_ws/install/elevation_map_msgs/lib/libelevation_map_msgs__rosidl_typesupport_c.so" to ""
[9.307s] -- Installing: /root/ros2_ws/install/elevation_map_msgs/lib/libelevation_map_msgs__rosidl_typesupport_introspection_cpp.so
[9.308s] -- Set non-toolchain portion of runtime path of "/root/ros2_ws/install/elevation_map_msgs/lib/libelevation_map_msgs__rosidl_typesupport_introspection_cpp.so" to ""
[9.308s] -- Installing: /root/ros2_ws/install/elevation_map_msgs/lib/libelevation_map_msgs__rosidl_typesupport_cpp.so
[9.308s] -- Set non-toolchain portion of runtime path of "/root/ros2_ws/install/elevation_map_msgs/lib/libelevation_map_msgs__rosidl_typesupport_cpp.so" to ""
[9.353s] Listing '/root/ros2_ws/install/elevation_map_msgs/lib/python3.12/site-packages/elevation_map_msgs'...
[9.353s] Compiling '/root/ros2_ws/install/elevation_map_msgs/lib/python3.12/site-packages/elevation_map_msgs/__init__.py'...
[9.353s] Listing '/root/ros2_ws/install/elevation_map_msgs/lib/python3.12/site-packages/elevation_map_msgs/msg'...
[9.353s] Compiling '/root/ros2_ws/install/elevation_map_msgs/lib/python3.12/site-packages/elevation_map_msgs/msg/__init__.py'...
[9.353s] Compiling '/root/ros2_ws/install/elevation_map_msgs/lib/python3.12/site-packages/elevation_map_msgs/msg/_channel_info.py'...
[9.353s] Compiling '/root/ros2_ws/install/elevation_map_msgs/lib/python3.12/site-packages/elevation_map_msgs/msg/_statistics.py'...
[9.353s] Listing '/root/ros2_ws/install/elevation_map_msgs/lib/python3.12/site-packages/elevation_map_msgs/srv'...
[9.353s] Compiling '/root/ros2_ws/install/elevation_map_msgs/lib/python3.12/site-packages/elevation_map_msgs/srv/__init__.py'...
[9.353s] Compiling '/root/ros2_ws/install/elevation_map_msgs/lib/python3.12/site-packages/elevation_map_msgs/srv/_check_safety.py'...
[9.353s] Compiling '/root/ros2_ws/install/elevation_map_msgs/lib/python3.12/site-packages/elevation_map_msgs/srv/_initialize.py'...
[9.359s] -- Installing: /root/ros2_ws/install/elevation_map_msgs/lib/libelevation_map_msgs__rosidl_generator_py.so
[9.360s] -- Set non-toolchain portion of runtime path of "/root/ros2_ws/install/elevation_map_msgs/lib/libelevation_map_msgs__rosidl_generator_py.so" to ""
[9.360s] -- Installing: /root/ros2_ws/install/elevation_map_msgs/share/elevation_map_msgs/cmake/export_elevation_map_msgs__rosidl_generator_cExport.cmake
[9.360s] -- Installing: /root/ros2_ws/install/elevation_map_msgs/share/elevation_map_msgs/cmake/export_elevation_map_msgs__rosidl_generator_cExport-noconfig.cmake
[9.360s] -- Installing: /root/ros2_ws/install/elevation_map_msgs/share/elevation_map_msgs/cmake/export_elevation_map_msgs__rosidl_typesupport_fastrtps_cExport.cmake
[9.360s] -- Installing: /root/ros2_ws/install/elevation_map_msgs/share/elevation_map_msgs/cmake/export_elevation_map_msgs__rosidl_typesupport_fastrtps_cExport-noconfig.cmake
[9.360s] -- Installing: /root/ros2_ws/install/elevation_map_msgs/share/elevation_map_msgs/cmake/export_elevation_map_msgs__rosidl_generator_cppExport.cmake
[9.361s] -- Installing: /root/ros2_ws/install/elevation_map_msgs/share/elevation_map_msgs/cmake/export_elevation_map_msgs__rosidl_typesupport_fastrtps_cppExport.cmake
[9.361s] -- Installing: /root/ros2_ws/install/elevation_map_msgs/share/elevation_map_msgs/cmake/export_elevation_map_msgs__rosidl_typesupport_fastrtps_cppExport-noconfig.cmake
[9.361s] -- Installing: /root/ros2_ws/install/elevation_map_msgs/share/elevation_map_msgs/cmake/elevation_map_msgs__rosidl_typesupport_introspection_cExport.cmake
[9.361s] -- Installing: /root/ros2_ws/install/elevation_map_msgs/share/elevation_map_msgs/cmake/elevation_map_msgs__rosidl_typesupport_introspection_cExport-noconfig.cmake
[9.361s] -- Installing: /root/ros2_ws/install/elevation_map_msgs/share/elevation_map_msgs/cmake/elevation_map_msgs__rosidl_typesupport_cExport.cmake
[9.361s] -- Installing: /root/ros2_ws/install/elevation_map_msgs/share/elevation_map_msgs/cmake/elevation_map_msgs__rosidl_typesupport_cExport-noconfig.cmake
[9.361s] -- Installing: /root/ros2_ws/install/elevation_map_msgs/share/elevation_map_msgs/cmake/elevation_map_msgs__rosidl_typesupport_introspection_cppExport.cmake
[9.362s] -- Installing: /root/ros2_ws/install/elevation_map_msgs/share/elevation_map_msgs/cmake/elevation_map_msgs__rosidl_typesupport_introspection_cppExport-noconfig.cmake
[9.362s] -- Installing: /root/ros2_ws/install/elevation_map_msgs/share/elevation_map_msgs/cmake/elevation_map_msgs__rosidl_typesupport_cppExport.cmake
[9.362s] -- Installing: /root/ros2_ws/install/elevation_map_msgs/share/elevation_map_msgs/cmake/elevation_map_msgs__rosidl_typesupport_cppExport-noconfig.cmake
[9.362s] -- Installing: /root/ros2_ws/install/elevation_map_msgs/share/elevation_map_msgs/cmake/export_elevation_map_msgs__rosidl_generator_pyExport.cmake
[9.362s] -- Installing: /root/ros2_ws/install/elevation_map_msgs/share/elevation_map_msgs/cmake/export_elevation_map_msgs__rosidl_generator_pyExport-noconfig.cmake
[9.364s] Invoked command in '/root/ros2_ws/build/elevation_map_msgs' returned '0': CMAKE_PREFIX_PATH=${CMAKE_PREFIX_PATH}:/root/ros2_ws/install/dlio_gazebo_sim:/opt/ros/jazzy /usr/bin/cmake --install /root/ros2_ws/build/elevation_map_msgs
