[2.518s] Invoking command in '/root/ros2_ws/build/visual_navigation': AMENT_PREFIX_PATH=/root/ros2_ws/install/triangulation3d:/root/ros2_ws/install/object_search_msgs:/root/ros2_ws/install/graphnav_msgs:/root/ros2_ws/install/gps_visualization:${AMENT_PREFIX_PATH} CMAKE_PREFIX_PATH=/root/ros2_ws/install/object_search_msgs:/root/ros2_ws/install/graphnav_msgs:/root/ros2_ws/install/gps_visualization:${CMAKE_PREFIX_PATH} LD_LIBRARY_PATH=/root/ros2_ws/install/object_search_msgs/lib:/root/ros2_ws/install/graphnav_msgs/lib:/root/ros2_ws/install/gps_visualization/lib:${LD_LIBRARY_PATH} PYTHONPATH=/root/ros2_ws/build/visual_navigation/prefix_override:/usr/lib/python3/dist-packages/colcon_core/task/python/colcon_distutils_commands:/root/ros2_ws/install/visual_navigation/lib/python3.12/site-packages:/root/ros2_ws/build/triangulation3d:/root/ros2_ws/install/triangulation3d/lib/python3.12/site-packages:/root/ros2_ws/install/object_search_msgs/lib/python3.12/site-packages:/root/ros2_ws/install/graphnav_msgs/lib/python3.12/site-packages:/root/ros2_ws/install/gps_visualization/lib/python3.12/site-packages:${PYTHONPATH} /usr/bin/python3 -W ignore:setup.py install is deprecated -W ignore:easy_install command is deprecated setup.py develop --editable --build-directory /root/ros2_ws/build/visual_navigation/build --no-deps symlink_data
[3.428s] running develop
[3.894s] running egg_info
[3.953s] writing visual_navigation.egg-info/PKG-INFO
[3.955s] writing dependency_links to visual_navigation.egg-info/dependency_links.txt
[3.958s] writing entry points to visual_navigation.egg-info/entry_points.txt
[3.959s] writing requirements to visual_navigation.egg-info/requires.txt
[3.959s] writing top-level names to visual_navigation.egg-info/top_level.txt
[4.096s] reading manifest file 'visual_navigation.egg-info/SOURCES.txt'
[4.100s] writing manifest file 'visual_navigation.egg-info/SOURCES.txt'
[4.180s] running build_ext
[4.180s] Creating /root/ros2_ws/install/visual_navigation/lib/python3.12/site-packages/visual-navigation.egg-link (link to .)
[4.183s] Installing explorfm_triangulate script to /root/ros2_ws/install/visual_navigation/lib/visual_navigation
[4.183s] Installing geo_frontier_nav script to /root/ros2_ws/install/visual_navigation/lib/visual_navigation
[4.191s] Installing gps_save script to /root/ros2_ws/install/visual_navigation/lib/visual_navigation
[4.192s] Installing gps_viz script to /root/ros2_ws/install/visual_navigation/lib/visual_navigation
[4.192s] Installing img_frontier_nav script to /root/ros2_ws/install/visual_navigation/lib/visual_navigation
[4.194s] Installing lrn script to /root/ros2_ws/install/visual_navigation/lib/visual_navigation
[4.194s] Installing metrics_save script to /root/ros2_ws/install/visual_navigation/lib/visual_navigation
[4.195s] Installing obj_mask_triangulation script to /root/ros2_ws/install/visual_navigation/lib/visual_navigation
[4.195s] Installing viz_net script to /root/ros2_ws/install/visual_navigation/lib/visual_navigation
[4.195s] Installing wildos script to /root/ros2_ws/install/visual_navigation/lib/visual_navigation
[4.201s] 
[4.202s] Installed /root/ros2_ws/build/visual_navigation
[4.202s] running symlink_data
[4.307s] Invoked command in '/root/ros2_ws/build/visual_navigation' returned '0': AMENT_PREFIX_PATH=/root/ros2_ws/install/triangulation3d:/root/ros2_ws/install/object_search_msgs:/root/ros2_ws/install/graphnav_msgs:/root/ros2_ws/install/gps_visualization:${AMENT_PREFIX_PATH} CMAKE_PREFIX_PATH=/root/ros2_ws/install/object_search_msgs:/root/ros2_ws/install/graphnav_msgs:/root/ros2_ws/install/gps_visualization:${CMAKE_PREFIX_PATH} LD_LIBRARY_PATH=/root/ros2_ws/install/object_search_msgs/lib:/root/ros2_ws/install/graphnav_msgs/lib:/root/ros2_ws/install/gps_visualization/lib:${LD_LIBRARY_PATH} PYTHONPATH=/root/ros2_ws/build/visual_navigation/prefix_override:/usr/lib/python3/dist-packages/colcon_core/task/python/colcon_distutils_commands:/root/ros2_ws/install/visual_navigation/lib/python3.12/site-packages:/root/ros2_ws/build/triangulation3d:/root/ros2_ws/install/triangulation3d/lib/python3.12/site-packages:/root/ros2_ws/install/object_search_msgs/lib/python3.12/site-packages:/root/ros2_ws/install/graphnav_msgs/lib/python3.12/site-packages:/root/ros2_ws/install/gps_visualization/lib/python3.12/site-packages:${PYTHONPATH} /usr/bin/python3 -W ignore:setup.py install is deprecated -W ignore:easy_install command is deprecated setup.py develop --editable --build-directory /root/ros2_ws/build/visual_navigation/build --no-deps symlink_data
