running develop
Removing /root/ros2_ws/install/triangulation3d/lib/python3.12/site-packages/triangulation3d.egg-link (link to .)
running egg_info
writing ../../../build/triangulation3d/triangulation3d.egg-info/PKG-INFO
writing dependency_links to ../../../build/triangulation3d/triangulation3d.egg-info/dependency_links.txt
writing entry points to ../../../build/triangulation3d/triangulation3d.egg-info/entry_points.txt
writing requirements to ../../../build/triangulation3d/triangulation3d.egg-info/requires.txt
writing top-level names to ../../../build/triangulation3d/triangulation3d.egg-info/top_level.txt
reading manifest file '../../../build/triangulation3d/triangulation3d.egg-info/SOURCES.txt'
writing manifest file '../../../build/triangulation3d/triangulation3d.egg-info/SOURCES.txt'
running build
running build_py
creating /root/ros2_ws/build/triangulation3d/build
creating /root/ros2_ws/build/triangulation3d/build/lib
creating /root/ros2_ws/build/triangulation3d/build/lib/triangulation3d
copying triangulation3d/teleop_twist_keyboard.py -> /root/ros2_ws/build/triangulation3d/build/lib/triangulation3d
copying triangulation3d/triangulator.py -> /root/ros2_ws/build/triangulation3d/build/lib/triangulation3d
copying triangulation3d/particle_generator.py -> /root/ros2_ws/build/triangulation3d/build/lib/triangulation3d
copying triangulation3d/bbox_generator.py -> /root/ros2_ws/build/triangulation3d/build/lib/triangulation3d
copying triangulation3d/quantitative_metrics.py -> /root/ros2_ws/build/triangulation3d/build/lib/triangulation3d
copying triangulation3d/teleop_triangulation.py -> /root/ros2_ws/build/triangulation3d/build/lib/triangulation3d
copying triangulation3d/random_cam_initializer.py -> /root/ros2_ws/build/triangulation3d/build/lib/triangulation3d
copying triangulation3d/camera_data.py -> /root/ros2_ws/build/triangulation3d/build/lib/triangulation3d
copying triangulation3d/__init__.py -> /root/ros2_ws/build/triangulation3d/build/lib/triangulation3d
copying triangulation3d/multicam_visualizer.py -> /root/ros2_ws/build/triangulation3d/build/lib/triangulation3d
copying triangulation3d/pcl_utils.py -> /root/ros2_ws/build/triangulation3d/build/lib/triangulation3d
running install
running install_lib
creating /root/ros2_ws/install/triangulation3d/lib/python3.12/site-packages/triangulation3d
copying /root/ros2_ws/build/triangulation3d/build/lib/triangulation3d/teleop_twist_keyboard.py -> /root/ros2_ws/install/triangulation3d/lib/python3.12/site-packages/triangulation3d
copying /root/ros2_ws/build/triangulation3d/build/lib/triangulation3d/triangulator.py -> /root/ros2_ws/install/triangulation3d/lib/python3.12/site-packages/triangulation3d
copying /root/ros2_ws/build/triangulation3d/build/lib/triangulation3d/particle_generator.py -> /root/ros2_ws/install/triangulation3d/lib/python3.12/site-packages/triangulation3d
copying /root/ros2_ws/build/triangulation3d/build/lib/triangulation3d/bbox_generator.py -> /root/ros2_ws/install/triangulation3d/lib/python3.12/site-packages/triangulation3d
copying /root/ros2_ws/build/triangulation3d/build/lib/triangulation3d/quantitative_metrics.py -> /root/ros2_ws/install/triangulation3d/lib/python3.12/site-packages/triangulation3d
copying /root/ros2_ws/build/triangulation3d/build/lib/triangulation3d/teleop_triangulation.py -> /root/ros2_ws/install/triangulation3d/lib/python3.12/site-packages/triangulation3d
copying /root/ros2_ws/build/triangulation3d/build/lib/triangulation3d/random_cam_initializer.py -> /root/ros2_ws/install/triangulation3d/lib/python3.12/site-packages/triangulation3d
copying /root/ros2_ws/build/triangulation3d/build/lib/triangulation3d/camera_data.py -> /root/ros2_ws/install/triangulation3d/lib/python3.12/site-packages/triangulation3d
copying /root/ros2_ws/build/triangulation3d/build/lib/triangulation3d/__init__.py -> /root/ros2_ws/install/triangulation3d/lib/python3.12/site-packages/triangulation3d
copying /root/ros2_ws/build/triangulation3d/build/lib/triangulation3d/multicam_visualizer.py -> /root/ros2_ws/install/triangulation3d/lib/python3.12/site-packages/triangulation3d
copying /root/ros2_ws/build/triangulation3d/build/lib/triangulation3d/pcl_utils.py -> /root/ros2_ws/install/triangulation3d/lib/python3.12/site-packages/triangulation3d
byte-compiling /root/ros2_ws/install/triangulation3d/lib/python3.12/site-packages/triangulation3d/teleop_twist_keyboard.py to teleop_twist_keyboard.cpython-312.pyc
byte-compiling /root/ros2_ws/install/triangulation3d/lib/python3.12/site-packages/triangulation3d/triangulator.py to triangulator.cpython-312.pyc
byte-compiling /root/ros2_ws/install/triangulation3d/lib/python3.12/site-packages/triangulation3d/particle_generator.py to particle_generator.cpython-312.pyc
byte-compiling /root/ros2_ws/install/triangulation3d/lib/python3.12/site-packages/triangulation3d/bbox_generator.py to bbox_generator.cpython-312.pyc
byte-compiling /root/ros2_ws/install/triangulation3d/lib/python3.12/site-packages/triangulation3d/quantitative_metrics.py to quantitative_metrics.cpython-312.pyc
byte-compiling /root/ros2_ws/install/triangulation3d/lib/python3.12/site-packages/triangulation3d/teleop_triangulation.py to teleop_triangulation.cpython-312.pyc
byte-compiling /root/ros2_ws/install/triangulation3d/lib/python3.12/site-packages/triangulation3d/random_cam_initializer.py to random_cam_initializer.cpython-312.pyc
byte-compiling /root/ros2_ws/install/triangulation3d/lib/python3.12/site-packages/triangulation3d/camera_data.py to camera_data.cpython-312.pyc
byte-compiling /root/ros2_ws/install/triangulation3d/lib/python3.12/site-packages/triangulation3d/__init__.py to __init__.cpython-312.pyc
byte-compiling /root/ros2_ws/install/triangulation3d/lib/python3.12/site-packages/triangulation3d/multicam_visualizer.py to multicam_visualizer.cpython-312.pyc
byte-compiling /root/ros2_ws/install/triangulation3d/lib/python3.12/site-packages/triangulation3d/pcl_utils.py to pcl_utils.cpython-312.pyc
running install_data
copying resource/triangulation3d -> /root/ros2_ws/install/triangulation3d/share/ament_index/resource_index/packages
copying package.xml -> /root/ros2_ws/install/triangulation3d/share/triangulation3d
running install_egg_info
Copying ../../../build/triangulation3d/triangulation3d.egg-info to /root/ros2_ws/install/triangulation3d/lib/python3.12/site-packages/triangulation3d-0.0.0-py3.12.egg-info
running install_scripts
Installing teleop_triangulation script to /root/ros2_ws/install/triangulation3d/lib/triangulation3d
Installing teleop_twist_keyboard script to /root/ros2_ws/install/triangulation3d/lib/triangulation3d
Installing triangulation_visualizer script to /root/ros2_ws/install/triangulation3d/lib/triangulation3d
writing list of installed files to '/root/ros2_ws/build/triangulation3d/install.log'
