[2.660s] Invoking command in '/root/ros2_ws/build/triangulation3d': PYTHONPATH=/root/ros2_ws/build/triangulation3d/prefix_override:/usr/lib/python3/dist-packages/colcon_core/task/python/colcon_distutils_commands:/root/ros2_ws/install/triangulation3d/lib/python3.12/site-packages:${PYTHONPATH} /usr/bin/python3 -W ignore:setup.py install is deprecated -W ignore:easy_install command is deprecated setup.py develop --uninstall --editable --build-directory /root/ros2_ws/build/triangulation3d/build
[3.534s] running develop
[4.150s] Removing /root/ros2_ws/install/triangulation3d/lib/python3.12/site-packages/triangulation3d.egg-link (link to .)
[4.230s] Invoked command in '/root/ros2_ws/build/triangulation3d' returned '0': PYTHONPATH=/root/ros2_ws/build/triangulation3d/prefix_override:/usr/lib/python3/dist-packages/colcon_core/task/python/colcon_distutils_commands:/root/ros2_ws/install/triangulation3d/lib/python3.12/site-packages:${PYTHONPATH} /usr/bin/python3 -W ignore:setup.py install is deprecated -W ignore:easy_install command is deprecated setup.py develop --uninstall --editable --build-directory /root/ros2_ws/build/triangulation3d/build
[4.233s] Invoking command in '/root/ros2_ws/src/nebula2-wildos-main/triangulation3d': PYTHONPATH=/root/ros2_ws/build/triangulation3d/prefix_override:/usr/lib/python3/dist-packages/colcon_core/task/python/colcon_distutils_commands:/root/ros2_ws/install/triangulation3d/lib/python3.12/site-packages:${PYTHONPATH} /usr/bin/python3 -W ignore:setup.py install is deprecated -W ignore:easy_install command is deprecated setup.py egg_info --egg-base ../../../build/triangulation3d build --build-base /root/ros2_ws/build/triangulation3d/build install --record /root/ros2_ws/build/triangulation3d/install.log --single-version-externally-managed install_data --force
[4.960s] running egg_info
[5.006s] writing ../../../build/triangulation3d/triangulation3d.egg-info/PKG-INFO
[5.007s] writing dependency_links to ../../../build/triangulation3d/triangulation3d.egg-info/dependency_links.txt
[5.007s] writing entry points to ../../../build/triangulation3d/triangulation3d.egg-info/entry_points.txt
[5.013s] writing requirements to ../../../build/triangulation3d/triangulation3d.egg-info/requires.txt
[5.014s] writing top-level names to ../../../build/triangulation3d/triangulation3d.egg-info/top_level.txt
[5.112s] reading manifest file '../../../build/triangulation3d/triangulation3d.egg-info/SOURCES.txt'
[5.114s] writing manifest file '../../../build/triangulation3d/triangulation3d.egg-info/SOURCES.txt'
[5.115s] running build
[5.116s] running build_py
[5.118s] creating /root/ros2_ws/build/triangulation3d/build
[5.118s] creating /root/ros2_ws/build/triangulation3d/build/lib
[5.121s] creating /root/ros2_ws/build/triangulation3d/build/lib/triangulation3d
[5.121s] copying triangulation3d/teleop_twist_keyboard.py -> /root/ros2_ws/build/triangulation3d/build/lib/triangulation3d
[5.122s] copying triangulation3d/triangulator.py -> /root/ros2_ws/build/triangulation3d/build/lib/triangulation3d
[5.122s] copying triangulation3d/particle_generator.py -> /root/ros2_ws/build/triangulation3d/build/lib/triangulation3d
[5.122s] copying triangulation3d/bbox_generator.py -> /root/ros2_ws/build/triangulation3d/build/lib/triangulation3d
[5.122s] copying triangulation3d/quantitative_metrics.py -> /root/ros2_ws/build/triangulation3d/build/lib/triangulation3d
[5.122s] copying triangulation3d/teleop_triangulation.py -> /root/ros2_ws/build/triangulation3d/build/lib/triangulation3d
[5.124s] copying triangulation3d/random_cam_initializer.py -> /root/ros2_ws/build/triangulation3d/build/lib/triangulation3d
[5.125s] copying triangulation3d/camera_data.py -> /root/ros2_ws/build/triangulation3d/build/lib/triangulation3d
[5.126s] copying triangulation3d/__init__.py -> /root/ros2_ws/build/triangulation3d/build/lib/triangulation3d
[5.127s] copying triangulation3d/multicam_visualizer.py -> /root/ros2_ws/build/triangulation3d/build/lib/triangulation3d
[5.130s] copying triangulation3d/pcl_utils.py -> /root/ros2_ws/build/triangulation3d/build/lib/triangulation3d
[5.131s] running install
[5.145s] running install_lib
[5.210s] creating /root/ros2_ws/install/triangulation3d/lib/python3.12/site-packages/triangulation3d
[5.211s] copying /root/ros2_ws/build/triangulation3d/build/lib/triangulation3d/teleop_twist_keyboard.py -> /root/ros2_ws/install/triangulation3d/lib/python3.12/site-packages/triangulation3d
[5.216s] copying /root/ros2_ws/build/triangulation3d/build/lib/triangulation3d/triangulator.py -> /root/ros2_ws/install/triangulation3d/lib/python3.12/site-packages/triangulation3d
[5.220s] copying /root/ros2_ws/build/triangulation3d/build/lib/triangulation3d/particle_generator.py -> /root/ros2_ws/install/triangulation3d/lib/python3.12/site-packages/triangulation3d
[5.221s] copying /root/ros2_ws/build/triangulation3d/build/lib/triangulation3d/bbox_generator.py -> /root/ros2_ws/install/triangulation3d/lib/python3.12/site-packages/triangulation3d
[5.221s] copying /root/ros2_ws/build/triangulation3d/build/lib/triangulation3d/quantitative_metrics.py -> /root/ros2_ws/install/triangulation3d/lib/python3.12/site-packages/triangulation3d
[5.221s] copying /root/ros2_ws/build/triangulation3d/build/lib/triangulation3d/teleop_triangulation.py -> /root/ros2_ws/install/triangulation3d/lib/python3.12/site-packages/triangulation3d
[5.221s] copying /root/ros2_ws/build/triangulation3d/build/lib/triangulation3d/random_cam_initializer.py -> /root/ros2_ws/install/triangulation3d/lib/python3.12/site-packages/triangulation3d
[5.221s] copying /root/ros2_ws/build/triangulation3d/build/lib/triangulation3d/camera_data.py -> /root/ros2_ws/install/triangulation3d/lib/python3.12/site-packages/triangulation3d
[5.222s] copying /root/ros2_ws/build/triangulation3d/build/lib/triangulation3d/__init__.py -> /root/ros2_ws/install/triangulation3d/lib/python3.12/site-packages/triangulation3d
[5.222s] copying /root/ros2_ws/build/triangulation3d/build/lib/triangulation3d/multicam_visualizer.py -> /root/ros2_ws/install/triangulation3d/lib/python3.12/site-packages/triangulation3d
[5.222s] copying /root/ros2_ws/build/triangulation3d/build/lib/triangulation3d/pcl_utils.py -> /root/ros2_ws/install/triangulation3d/lib/python3.12/site-packages/triangulation3d
[5.222s] byte-compiling /root/ros2_ws/install/triangulation3d/lib/python3.12/site-packages/triangulation3d/teleop_twist_keyboard.py to teleop_twist_keyboard.cpython-312.pyc
[5.226s] byte-compiling /root/ros2_ws/install/triangulation3d/lib/python3.12/site-packages/triangulation3d/triangulator.py to triangulator.cpython-312.pyc
[5.226s] byte-compiling /root/ros2_ws/install/triangulation3d/lib/python3.12/site-packages/triangulation3d/particle_generator.py to particle_generator.cpython-312.pyc
[5.227s] byte-compiling /root/ros2_ws/install/triangulation3d/lib/python3.12/site-packages/triangulation3d/bbox_generator.py to bbox_generator.cpython-312.pyc
[5.233s] byte-compiling /root/ros2_ws/install/triangulation3d/lib/python3.12/site-packages/triangulation3d/quantitative_metrics.py to quantitative_metrics.cpython-312.pyc
[5.239s] byte-compiling /root/ros2_ws/install/triangulation3d/lib/python3.12/site-packages/triangulation3d/teleop_triangulation.py to teleop_triangulation.cpython-312.pyc
[5.248s] byte-compiling /root/ros2_ws/install/triangulation3d/lib/python3.12/site-packages/triangulation3d/random_cam_initializer.py to random_cam_initializer.cpython-312.pyc
[5.252s] byte-compiling /root/ros2_ws/install/triangulation3d/lib/python3.12/site-packages/triangulation3d/camera_data.py to camera_data.cpython-312.pyc
[5.258s] byte-compiling /root/ros2_ws/install/triangulation3d/lib/python3.12/site-packages/triangulation3d/__init__.py to __init__.cpython-312.pyc
[5.260s] byte-compiling /root/ros2_ws/install/triangulation3d/lib/python3.12/site-packages/triangulation3d/multicam_visualizer.py to multicam_visualizer.cpython-312.pyc
[5.267s] byte-compiling /root/ros2_ws/install/triangulation3d/lib/python3.12/site-packages/triangulation3d/pcl_utils.py to pcl_utils.cpython-312.pyc
[5.270s] running install_data
[5.270s] copying resource/triangulation3d -> /root/ros2_ws/install/triangulation3d/share/ament_index/resource_index/packages
[5.270s] copying package.xml -> /root/ros2_ws/install/triangulation3d/share/triangulation3d
[5.271s] running install_egg_info
[5.328s] Copying ../../../build/triangulation3d/triangulation3d.egg-info to /root/ros2_ws/install/triangulation3d/lib/python3.12/site-packages/triangulation3d-0.0.0-py3.12.egg-info
[5.334s] running install_scripts
[5.713s] Installing teleop_triangulation script to /root/ros2_ws/install/triangulation3d/lib/triangulation3d
[5.714s] Installing teleop_twist_keyboard script to /root/ros2_ws/install/triangulation3d/lib/triangulation3d
[5.714s] Installing triangulation_visualizer script to /root/ros2_ws/install/triangulation3d/lib/triangulation3d
[5.716s] writing list of installed files to '/root/ros2_ws/build/triangulation3d/install.log'
[5.801s] Invoked command in '/root/ros2_ws/src/nebula2-wildos-main/triangulation3d' returned '0': PYTHONPATH=/root/ros2_ws/build/triangulation3d/prefix_override:/usr/lib/python3/dist-packages/colcon_core/task/python/colcon_distutils_commands:/root/ros2_ws/install/triangulation3d/lib/python3.12/site-packages:${PYTHONPATH} /usr/bin/python3 -W ignore:setup.py install is deprecated -W ignore:easy_install command is deprecated setup.py egg_info --egg-base ../../../build/triangulation3d build --build-base /root/ros2_ws/build/triangulation3d/build install --record /root/ros2_ws/build/triangulation3d/install.log --single-version-externally-managed install_data --force
