[1.455s] Invoking command in '/root/ros2_ws/build/triangulation3d': PYTHONPATH=/root/ros2_ws/build/triangulation3d/prefix_override:/usr/lib/python3/dist-packages/colcon_core/task/python/colcon_distutils_commands:/root/ros2_ws/install/triangulation3d/lib/python3.12/site-packages:${PYTHONPATH} /usr/bin/python3 -W ignore:setup.py install is deprecated -W ignore:easy_install command is deprecated setup.py develop --editable --build-directory /root/ros2_ws/build/triangulation3d/build --no-deps symlink_data
[1.791s] running develop
[1.989s] running egg_info
[1.989s] creating triangulation3d.egg-info
[2.008s] writing triangulation3d.egg-info/PKG-INFO
[2.009s] writing dependency_links to triangulation3d.egg-info/dependency_links.txt
[2.009s] writing entry points to triangulation3d.egg-info/entry_points.txt
[2.009s] writing requirements to triangulation3d.egg-info/requires.txt
[2.009s] writing top-level names to triangulation3d.egg-info/top_level.txt
[2.009s] writing manifest file 'triangulation3d.egg-info/SOURCES.txt'
[2.049s] reading manifest file 'triangulation3d.egg-info/SOURCES.txt'
[2.050s] writing manifest file 'triangulation3d.egg-info/SOURCES.txt'
[2.070s] running build_ext
[2.070s] Creating /root/ros2_ws/install/triangulation3d/lib/python3.12/site-packages/triangulation3d.egg-link (link to .)
[2.071s] Installing teleop_triangulation script to /root/ros2_ws/install/triangulation3d/lib/triangulation3d
[2.071s] Installing teleop_twist_keyboard script to /root/ros2_ws/install/triangulation3d/lib/triangulation3d
[2.071s] Installing triangulation_visualizer script to /root/ros2_ws/install/triangulation3d/lib/triangulation3d
[2.072s] 
[2.072s] Installed /root/ros2_ws/build/triangulation3d
[2.072s] running symlink_data
[2.072s] creating /root/ros2_ws/install/triangulation3d/share/ament_index
[2.072s] creating /root/ros2_ws/install/triangulation3d/share/ament_index/resource_index
[2.072s] creating /root/ros2_ws/install/triangulation3d/share/ament_index/resource_index/packages
[2.072s] symbolically linking /root/ros2_ws/build/triangulation3d/resource/triangulation3d -> /root/ros2_ws/install/triangulation3d/share/ament_index/resource_index/packages
[2.073s] symbolically linking /root/ros2_ws/build/triangulation3d/package.xml -> /root/ros2_ws/install/triangulation3d/share/triangulation3d
[2.105s] Invoked command in '/root/ros2_ws/build/triangulation3d' returned '0': PYTHONPATH=/root/ros2_ws/build/triangulation3d/prefix_override:/usr/lib/python3/dist-packages/colcon_core/task/python/colcon_distutils_commands:/root/ros2_ws/install/triangulation3d/lib/python3.12/site-packages:${PYTHONPATH} /usr/bin/python3 -W ignore:setup.py install is deprecated -W ignore:easy_install command is deprecated setup.py develop --editable --build-directory /root/ros2_ws/build/triangulation3d/build --no-deps symlink_data
