[0.038s] Invoking command in '/root/ros2_ws/build/direct_lidar_inertial_odometry': CMAKE_PREFIX_PATH=${CMAKE_PREFIX_PATH}:/opt/ros/jazzy /usr/bin/cmake --build /root/ros2_ws/build/direct_lidar_inertial_odometry -- -j8 -l8
[0.771s] [  2%] Built target direct_lidar_inertial_odometry__rs
[0.772s] [  6%] Built target nanoflann
[0.772s] [  6%] Built target ament_cmake_python_symlink_direct_lidar_inertial_odometry
[0.888s] [ 13%] Built target nano_gicp
[1.650s] running egg_info
[1.742s] writing direct_lidar_inertial_odometry.egg-info/PKG-INFO
[1.742s] writing dependency_links to direct_lidar_inertial_odometry.egg-info/dependency_links.txt
[1.745s] writing top-level names to direct_lidar_inertial_odometry.egg-info/top_level.txt
[1.966s] reading manifest file 'direct_lidar_inertial_odometry.egg-info/SOURCES.txt'
[1.971s] writing manifest file 'direct_lidar_inertial_odometry.egg-info/SOURCES.txt'
[2.068s] [ 13%] Built target ament_cmake_python_build_direct_lidar_inertial_odometry_egg
[2.286s] [ 19%] Built target dlio_odom_node
[2.363s] [ 21%] Built target direct_lidar_inertial_odometry__rosidl_generator_type_description
[2.468s] [ 32%] Built target direct_lidar_inertial_odometry__rosidl_generator_c
[2.543s] [ 34%] Built target direct_lidar_inertial_odometry__cpp
[2.616s] [ 41%] Built target direct_lidar_inertial_odometry__rosidl_typesupport_c
[2.729s] [ 47%] Built target direct_lidar_inertial_odometry__rosidl_typesupport_cpp
[2.851s] [ 54%] Built target direct_lidar_inertial_odometry__rosidl_typesupport_introspection_cpp
[3.045s] [ 60%] Built target dlio_map_node
[3.144s] [ 67%] Built target direct_lidar_inertial_odometry__rosidl_typesupport_fastrtps_cpp
[3.246s] [ 73%] Built target direct_lidar_inertial_odometry__rosidl_typesupport_introspection_c
[3.360s] [ 80%] Built target direct_lidar_inertial_odometry__rosidl_typesupport_fastrtps_c
[3.444s] [ 80%] Built target direct_lidar_inertial_odometry
[3.532s] [ 82%] Built target direct_lidar_inertial_odometry__py
[3.629s] [ 86%] Built target direct_lidar_inertial_odometry__rosidl_generator_py
[3.707s] [ 91%] Built target direct_lidar_inertial_odometry_s__rosidl_typesupport_fastrtps_c
[3.790s] [ 95%] Built target direct_lidar_inertial_odometry_s__rosidl_typesupport_c
[3.860s] [100%] Built target direct_lidar_inertial_odometry_s__rosidl_typesupport_introspection_c
[3.895s] Invoked command in '/root/ros2_ws/build/direct_lidar_inertial_odometry' returned '0': CMAKE_PREFIX_PATH=${CMAKE_PREFIX_PATH}:/opt/ros/jazzy /usr/bin/cmake --build /root/ros2_ws/build/direct_lidar_inertial_odometry -- -j8 -l8
[3.941s] Invoking command in '/root/ros2_ws/build/direct_lidar_inertial_odometry': CMAKE_PREFIX_PATH=${CMAKE_PREFIX_PATH}:/opt/ros/jazzy /usr/bin/cmake --install /root/ros2_ws/build/direct_lidar_inertial_odometry
[3.959s] -- Install configuration: "Release"
[3.965s] -- Execute custom install script
[3.967s] -- Up-to-date symlink: /root/ros2_ws/install/direct_lidar_inertial_odometry/share/ament_index/resource_index/rosidl_interfaces/direct_lidar_inertial_odometry
[3.971s] -- Up-to-date symlink: /root/ros2_ws/install/direct_lidar_inertial_odometry/share/direct_lidar_inertial_odometry/srv/SavePCD.json
[3.979s] -- Up-to-date symlink: /root/ros2_ws/install/direct_lidar_inertial_odometry/include/direct_lidar_inertial_odometry/direct_lidar_inertial_odometry/msg/rosidl_generator_c__visibility_control.h
[3.983s] -- Up-to-date symlink: /root/ros2_ws/install/direct_lidar_inertial_odometry/include/direct_lidar_inertial_odometry/direct_lidar_inertial_odometry/srv/detail/save_pcd__functions.h
[3.983s] -- Up-to-date symlink: /root/ros2_ws/install/direct_lidar_inertial_odometry/include/direct_lidar_inertial_odometry/direct_lidar_inertial_odometry/srv/detail/save_pcd__struct.h
[3.986s] -- Up-to-date symlink: /root/ros2_ws/install/direct_lidar_inertial_odometry/include/direct_lidar_inertial_odometry/direct_lidar_inertial_odometry/srv/detail/save_pcd__type_support.h
[3.989s] -- Up-to-date symlink: /root/ros2_ws/install/direct_lidar_inertial_odometry/include/direct_lidar_inertial_odometry/direct_lidar_inertial_odometry/srv/save_pcd.h
[3.989s] -- Up-to-date symlink: /root/ros2_ws/install/direct_lidar_inertial_odometry/share/direct_lidar_inertial_odometry/environment/library_path.sh
[3.989s] -- Up-to-date symlink: /root/ros2_ws/install/direct_lidar_inertial_odometry/share/direct_lidar_inertial_odometry/environment/library_path.dsv
[3.989s] -- Up-to-date symlink: /root/ros2_ws/install/direct_lidar_inertial_odometry/include/direct_lidar_inertial_odometry/direct_lidar_inertial_odometry/msg/rosidl_typesupport_fastrtps_c__visibility_control.h
[3.991s] -- Up-to-date symlink: /root/ros2_ws/install/direct_lidar_inertial_odometry/include/direct_lidar_inertial_odometry/direct_lidar_inertial_odometry/srv/detail/save_pcd__rosidl_typesupport_fastrtps_c.h
[3.992s] -- Up-to-date symlink: /root/ros2_ws/install/direct_lidar_inertial_odometry/include/direct_lidar_inertial_odometry/direct_lidar_inertial_odometry/msg/rosidl_typesupport_introspection_c__visibility_control.h
[3.994s] -- Up-to-date symlink: /root/ros2_ws/install/direct_lidar_inertial_odometry/include/direct_lidar_inertial_odometry/direct_lidar_inertial_odometry/srv/detail/save_pcd__rosidl_typesupport_introspection_c.h
[3.995s] -- Up-to-date symlink: /root/ros2_ws/install/direct_lidar_inertial_odometry/include/direct_lidar_inertial_odometry/direct_lidar_inertial_odometry/msg/rosidl_generator_cpp__visibility_control.hpp
[4.005s] -- Up-to-date symlink: /root/ros2_ws/install/direct_lidar_inertial_odometry/include/direct_lidar_inertial_odometry/direct_lidar_inertial_odometry/srv/detail/save_pcd__builder.hpp
[4.009s] -- Up-to-date symlink: /root/ros2_ws/install/direct_lidar_inertial_odometry/include/direct_lidar_inertial_odometry/direct_lidar_inertial_odometry/srv/detail/save_pcd__struct.hpp
[4.010s] -- Up-to-date symlink: /root/ros2_ws/install/direct_lidar_inertial_odometry/include/direct_lidar_inertial_odometry/direct_lidar_inertial_odometry/srv/detail/save_pcd__traits.hpp
[4.011s] -- Up-to-date symlink: /root/ros2_ws/install/direct_lidar_inertial_odometry/include/direct_lidar_inertial_odometry/direct_lidar_inertial_odometry/srv/detail/save_pcd__type_support.hpp
[4.015s] -- Up-to-date symlink: /root/ros2_ws/install/direct_lidar_inertial_odometry/include/direct_lidar_inertial_odometry/direct_lidar_inertial_odometry/srv/save_pcd.hpp
[4.016s] -- Up-to-date symlink: /root/ros2_ws/install/direct_lidar_inertial_odometry/include/direct_lidar_inertial_odometry/direct_lidar_inertial_odometry/msg/rosidl_typesupport_fastrtps_cpp__visibility_control.h
[4.017s] -- Up-to-date symlink: /root/ros2_ws/install/direct_lidar_inertial_odometry/include/direct_lidar_inertial_odometry/direct_lidar_inertial_odometry/srv/detail/save_pcd__rosidl_typesupport_fastrtps_cpp.hpp
[4.019s] -- Up-to-date symlink: /root/ros2_ws/install/direct_lidar_inertial_odometry/include/direct_lidar_inertial_odometry/direct_lidar_inertial_odometry/srv/detail/save_pcd__rosidl_typesupport_introspection_cpp.hpp
[4.023s] -- Up-to-date symlink: /root/ros2_ws/install/direct_lidar_inertial_odometry/share/direct_lidar_inertial_odometry/environment/pythonpath.sh
[4.023s] -- Up-to-date symlink: /root/ros2_ws/install/direct_lidar_inertial_odometry/share/direct_lidar_inertial_odometry/environment/pythonpath.dsv
[4.026s] -- Up-to-date symlink: /root/ros2_ws/install/direct_lidar_inertial_odometry/lib/python3.12/site-packages/direct_lidar_inertial_odometry-1.1.1-py3.12.egg-info/PKG-INFO
[4.026s] -- Up-to-date symlink: /root/ros2_ws/install/direct_lidar_inertial_odometry/lib/python3.12/site-packages/direct_lidar_inertial_odometry-1.1.1-py3.12.egg-info/SOURCES.txt
[4.027s] -- Up-to-date symlink: /root/ros2_ws/install/direct_lidar_inertial_odometry/lib/python3.12/site-packages/direct_lidar_inertial_odometry-1.1.1-py3.12.egg-info/dependency_links.txt
[4.028s] -- Up-to-date symlink: /root/ros2_ws/install/direct_lidar_inertial_odometry/lib/python3.12/site-packages/direct_lidar_inertial_odometry-1.1.1-py3.12.egg-info/top_level.txt
[4.029s] -- Up-to-date symlink: /root/ros2_ws/install/direct_lidar_inertial_odometry/lib/python3.12/site-packages/direct_lidar_inertial_odometry/__init__.py
[4.030s] -- Up-to-date symlink: /root/ros2_ws/install/direct_lidar_inertial_odometry/lib/python3.12/site-packages/direct_lidar_inertial_odometry/_direct_lidar_inertial_odometry_s.ep.rosidl_typesupport_c.c
[4.033s] -- Up-to-date symlink: /root/ros2_ws/install/direct_lidar_inertial_odometry/lib/python3.12/site-packages/direct_lidar_inertial_odometry/_direct_lidar_inertial_odometry_s.ep.rosidl_typesupport_fastrtps_c.c
[4.034s] -- Up-to-date symlink: /root/ros2_ws/install/direct_lidar_inertial_odometry/lib/python3.12/site-packages/direct_lidar_inertial_odometry/_direct_lidar_inertial_odometry_s.ep.rosidl_typesupport_introspection_c.c
[4.034s] -- Up-to-date symlink: /root/ros2_ws/install/direct_lidar_inertial_odometry/lib/python3.12/site-packages/direct_lidar_inertial_odometry/direct_lidar_inertial_odometry_s__rosidl_typesupport_c.so
[4.035s] -- Up-to-date symlink: /root/ros2_ws/install/direct_lidar_inertial_odometry/lib/python3.12/site-packages/direct_lidar_inertial_odometry/direct_lidar_inertial_odometry_s__rosidl_typesupport_fastrtps_c.so
[4.037s] -- Up-to-date symlink: /root/ros2_ws/install/direct_lidar_inertial_odometry/lib/python3.12/site-packages/direct_lidar_inertial_odometry/direct_lidar_inertial_odometry_s__rosidl_typesupport_introspection_c.so
[4.040s] -- Up-to-date symlink: /root/ros2_ws/install/direct_lidar_inertial_odometry/lib/python3.12/site-packages/direct_lidar_inertial_odometry/srv/__init__.py
[4.041s] -- Up-to-date symlink: /root/ros2_ws/install/direct_lidar_inertial_odometry/lib/python3.12/site-packages/direct_lidar_inertial_odometry/srv/_save_pcd.py
[4.042s] -- Up-to-date symlink: /root/ros2_ws/install/direct_lidar_inertial_odometry/lib/python3.12/site-packages/direct_lidar_inertial_odometry/srv/_save_pcd_s.c
[4.044s] -- Up-to-date symlink: /root/ros2_ws/install/direct_lidar_inertial_odometry/lib/python3.12/site-packages/direct_lidar_inertial_odometry/direct_lidar_inertial_odometry_s__rosidl_typesupport_fastrtps_c.so
[4.047s] -- Up-to-date symlink: /root/ros2_ws/install/direct_lidar_inertial_odometry/lib/python3.12/site-packages/direct_lidar_inertial_odometry/direct_lidar_inertial_odometry_s__rosidl_typesupport_introspection_c.so
[4.048s] -- Up-to-date symlink: /root/ros2_ws/install/direct_lidar_inertial_odometry/lib/python3.12/site-packages/direct_lidar_inertial_odometry/direct_lidar_inertial_odometry_s__rosidl_typesupport_c.so
[4.049s] -- Up-to-date symlink: /root/ros2_ws/install/direct_lidar_inertial_odometry/share/ament_index/resource_index/rust_packages/direct_lidar_inertial_odometry
[4.050s] -- Up-to-date symlink: /root/ros2_ws/install/direct_lidar_inertial_odometry/share/direct_lidar_inertial_odometry/rust/Cargo.toml
[4.051s] -- Up-to-date symlink: /root/ros2_ws/install/direct_lidar_inertial_odometry/share/direct_lidar_inertial_odometry/rust/build.rs
[4.052s] -- Up-to-date symlink: /root/ros2_ws/install/direct_lidar_inertial_odometry/share/direct_lidar_inertial_odometry/rust/src/lib.rs
[4.052s] -- Up-to-date symlink: /root/ros2_ws/install/direct_lidar_inertial_odometry/share/direct_lidar_inertial_odometry/rust/src/srv.rs
[4.053s] -- Up-to-date symlink: /root/ros2_ws/install/direct_lidar_inertial_odometry/share/direct_lidar_inertial_odometry/rust/src/srv/rmw.rs
[4.054s] -- Up-to-date symlink: /root/ros2_ws/install/direct_lidar_inertial_odometry/share/direct_lidar_inertial_odometry/srv/SavePCD.idl
[4.055s] -- Up-to-date symlink: /root/ros2_ws/install/direct_lidar_inertial_odometry/share/direct_lidar_inertial_odometry/srv/SavePCD.srv
[4.057s] -- Up-to-date symlink: /root/ros2_ws/install/direct_lidar_inertial_odometry/share/ament_index/resource_index/package_run_dependencies/direct_lidar_inertial_odometry
[4.057s] -- Up-to-date symlink: /root/ros2_ws/install/direct_lidar_inertial_odometry/share/ament_index/resource_index/parent_prefix_path/direct_lidar_inertial_odometry
[4.058s] -- Up-to-date symlink: /root/ros2_ws/install/direct_lidar_inertial_odometry/share/direct_lidar_inertial_odometry/environment/ament_prefix_path.sh
[4.059s] -- Up-to-date symlink: /root/ros2_ws/install/direct_lidar_inertial_odometry/share/direct_lidar_inertial_odometry/environment/ament_prefix_path.dsv
[4.059s] -- Up-to-date symlink: /root/ros2_ws/install/direct_lidar_inertial_odometry/share/direct_lidar_inertial_odometry/environment/path.sh
[4.062s] -- Up-to-date symlink: /root/ros2_ws/install/direct_lidar_inertial_odometry/share/direct_lidar_inertial_odometry/environment/path.dsv
[4.062s] -- Up-to-date symlink: /root/ros2_ws/install/direct_lidar_inertial_odometry/share/direct_lidar_inertial_odometry/local_setup.bash
[4.067s] -- Up-to-date symlink: /root/ros2_ws/install/direct_lidar_inertial_odometry/share/direct_lidar_inertial_odometry/local_setup.sh
[4.067s] -- Up-to-date symlink: /root/ros2_ws/install/direct_lidar_inertial_odometry/share/direct_lidar_inertial_odometry/local_setup.zsh
[4.070s] -- Up-to-date symlink: /root/ros2_ws/install/direct_lidar_inertial_odometry/share/direct_lidar_inertial_odometry/local_setup.dsv
[4.071s] -- Symlinking: /root/ros2_ws/install/direct_lidar_inertial_odometry/share/direct_lidar_inertial_odometry/package.dsv
[4.114s] -- Up-to-date symlink: /root/ros2_ws/install/direct_lidar_inertial_odometry/share/ament_index/resource_index/packages/direct_lidar_inertial_odometry
[4.117s] -- Up-to-date symlink: /root/ros2_ws/install/direct_lidar_inertial_odometry/share/direct_lidar_inertial_odometry/cmake/rosidl_cmake-extras.cmake
[4.120s] -- Up-to-date symlink: /root/ros2_ws/install/direct_lidar_inertial_odometry/share/direct_lidar_inertial_odometry/cmake/ament_cmake_export_dependencies-extras.cmake
[4.120s] -- Up-to-date symlink: /root/ros2_ws/install/direct_lidar_inertial_odometry/share/direct_lidar_inertial_odometry/cmake/ament_cmake_export_include_directories-extras.cmake
[4.124s] -- Up-to-date symlink: /root/ros2_ws/install/direct_lidar_inertial_odometry/share/direct_lidar_inertial_odometry/cmake/ament_cmake_export_libraries-extras.cmake
[4.131s] -- Up-to-date symlink: /root/ros2_ws/install/direct_lidar_inertial_odometry/share/direct_lidar_inertial_odometry/cmake/ament_cmake_export_targets-extras.cmake
[4.131s] -- Up-to-date symlink: /root/ros2_ws/install/direct_lidar_inertial_odometry/share/direct_lidar_inertial_odometry/cmake/rosidl_cmake_export_typesupport_targets-extras.cmake
[4.131s] -- Up-to-date symlink: /root/ros2_ws/install/direct_lidar_inertial_odometry/share/direct_lidar_inertial_odometry/cmake/rosidl_cmake_export_typesupport_libraries-extras.cmake
[4.132s] -- Up-to-date symlink: /root/ros2_ws/install/direct_lidar_inertial_odometry/share/direct_lidar_inertial_odometry/cmake/direct_lidar_inertial_odometryConfig.cmake
[4.136s] -- Up-to-date symlink: /root/ros2_ws/install/direct_lidar_inertial_odometry/share/direct_lidar_inertial_odometry/cmake/direct_lidar_inertial_odometryConfig-version.cmake
[4.136s] -- Up-to-date symlink: /root/ros2_ws/install/direct_lidar_inertial_odometry/share/direct_lidar_inertial_odometry/package.xml
[4.137s] -- Up-to-date symlink: /root/ros2_ws/install/direct_lidar_inertial_odometry/lib/direct_lidar_inertial_odometry/dlio_odom_node
[4.137s] -- Up-to-date symlink: /root/ros2_ws/install/direct_lidar_inertial_odometry/lib/direct_lidar_inertial_odometry/dlio_map_node
[4.138s] -- Up-to-date symlink: /root/ros2_ws/install/direct_lidar_inertial_odometry/share/direct_lidar_inertial_odometry/cfg/dlio.yaml
[4.141s] -- Up-to-date symlink: /root/ros2_ws/install/direct_lidar_inertial_odometry/share/direct_lidar_inertial_odometry/cfg/params.yaml
[4.141s] -- Up-to-date symlink: /root/ros2_ws/install/direct_lidar_inertial_odometry/share/direct_lidar_inertial_odometry/launch/dlio.launch.py
[4.141s] -- Up-to-date symlink: /root/ros2_ws/install/direct_lidar_inertial_odometry/share/direct_lidar_inertial_odometry/launch/dlio.rviz
[4.144s] -- Up-to-date: /root/ros2_ws/install/direct_lidar_inertial_odometry/lib/libdirect_lidar_inertial_odometry__rosidl_generator_c.so
[4.145s] -- Up-to-date: /root/ros2_ws/install/direct_lidar_inertial_odometry/lib/libdirect_lidar_inertial_odometry__rosidl_typesupport_fastrtps_c.so
[4.148s] -- Up-to-date: /root/ros2_ws/install/direct_lidar_inertial_odometry/lib/libdirect_lidar_inertial_odometry__rosidl_typesupport_introspection_c.so
[4.152s] -- Up-to-date: /root/ros2_ws/install/direct_lidar_inertial_odometry/lib/libdirect_lidar_inertial_odometry__rosidl_typesupport_c.so
[4.152s] -- Up-to-date: /root/ros2_ws/install/direct_lidar_inertial_odometry/lib/libdirect_lidar_inertial_odometry__rosidl_typesupport_fastrtps_cpp.so
[4.157s] -- Up-to-date: /root/ros2_ws/install/direct_lidar_inertial_odometry/lib/libdirect_lidar_inertial_odometry__rosidl_typesupport_introspection_cpp.so
[4.158s] -- Up-to-date: /root/ros2_ws/install/direct_lidar_inertial_odometry/lib/libdirect_lidar_inertial_odometry__rosidl_typesupport_cpp.so
[4.249s] Listing '/root/ros2_ws/install/direct_lidar_inertial_odometry/lib/python3.12/site-packages/direct_lidar_inertial_odometry'...
[4.249s] Listing '/root/ros2_ws/install/direct_lidar_inertial_odometry/lib/python3.12/site-packages/direct_lidar_inertial_odometry/srv'...
[4.282s] -- Up-to-date: /root/ros2_ws/install/direct_lidar_inertial_odometry/lib/libdirect_lidar_inertial_odometry__rosidl_generator_py.so
[4.285s] -- Up-to-date: /root/ros2_ws/install/direct_lidar_inertial_odometry/share/direct_lidar_inertial_odometry/cmake/export_direct_lidar_inertial_odometry__rosidl_generator_cExport.cmake
[4.286s] -- Up-to-date: /root/ros2_ws/install/direct_lidar_inertial_odometry/share/direct_lidar_inertial_odometry/cmake/export_direct_lidar_inertial_odometry__rosidl_generator_cExport-release.cmake
[4.286s] -- Up-to-date: /root/ros2_ws/install/direct_lidar_inertial_odometry/share/direct_lidar_inertial_odometry/cmake/export_direct_lidar_inertial_odometry__rosidl_typesupport_fastrtps_cExport.cmake
[4.286s] -- Up-to-date: /root/ros2_ws/install/direct_lidar_inertial_odometry/share/direct_lidar_inertial_odometry/cmake/export_direct_lidar_inertial_odometry__rosidl_typesupport_fastrtps_cExport-release.cmake
[4.287s] -- Up-to-date: /root/ros2_ws/install/direct_lidar_inertial_odometry/share/direct_lidar_inertial_odometry/cmake/direct_lidar_inertial_odometry__rosidl_typesupport_introspection_cExport.cmake
[4.288s] -- Up-to-date: /root/ros2_ws/install/direct_lidar_inertial_odometry/share/direct_lidar_inertial_odometry/cmake/direct_lidar_inertial_odometry__rosidl_typesupport_introspection_cExport-release.cmake
[4.289s] -- Up-to-date: /root/ros2_ws/install/direct_lidar_inertial_odometry/share/direct_lidar_inertial_odometry/cmake/direct_lidar_inertial_odometry__rosidl_typesupport_cExport.cmake
[4.289s] -- Up-to-date: /root/ros2_ws/install/direct_lidar_inertial_odometry/share/direct_lidar_inertial_odometry/cmake/direct_lidar_inertial_odometry__rosidl_typesupport_cExport-release.cmake
[4.299s] -- Up-to-date: /root/ros2_ws/install/direct_lidar_inertial_odometry/share/direct_lidar_inertial_odometry/cmake/export_direct_lidar_inertial_odometry__rosidl_generator_cppExport.cmake
[4.299s] -- Up-to-date: /root/ros2_ws/install/direct_lidar_inertial_odometry/share/direct_lidar_inertial_odometry/cmake/export_direct_lidar_inertial_odometry__rosidl_typesupport_fastrtps_cppExport.cmake
[4.301s] -- Up-to-date: /root/ros2_ws/install/direct_lidar_inertial_odometry/share/direct_lidar_inertial_odometry/cmake/export_direct_lidar_inertial_odometry__rosidl_typesupport_fastrtps_cppExport-release.cmake
[4.301s] -- Up-to-date: /root/ros2_ws/install/direct_lidar_inertial_odometry/share/direct_lidar_inertial_odometry/cmake/direct_lidar_inertial_odometry__rosidl_typesupport_introspection_cppExport.cmake
[4.302s] -- Up-to-date: /root/ros2_ws/install/direct_lidar_inertial_odometry/share/direct_lidar_inertial_odometry/cmake/direct_lidar_inertial_odometry__rosidl_typesupport_introspection_cppExport-release.cmake
[4.302s] -- Up-to-date: /root/ros2_ws/install/direct_lidar_inertial_odometry/share/direct_lidar_inertial_odometry/cmake/direct_lidar_inertial_odometry__rosidl_typesupport_cppExport.cmake
[4.305s] -- Up-to-date: /root/ros2_ws/install/direct_lidar_inertial_odometry/share/direct_lidar_inertial_odometry/cmake/direct_lidar_inertial_odometry__rosidl_typesupport_cppExport-release.cmake
[4.306s] -- Up-to-date: /root/ros2_ws/install/direct_lidar_inertial_odometry/share/direct_lidar_inertial_odometry/cmake/export_direct_lidar_inertial_odometry__rosidl_generator_pyExport.cmake
[4.309s] -- Up-to-date: /root/ros2_ws/install/direct_lidar_inertial_odometry/share/direct_lidar_inertial_odometry/cmake/export_direct_lidar_inertial_odometry__rosidl_generator_pyExport-release.cmake
[4.310s] Invoked command in '/root/ros2_ws/build/direct_lidar_inertial_odometry' returned '0': CMAKE_PREFIX_PATH=${CMAKE_PREFIX_PATH}:/opt/ros/jazzy /usr/bin/cmake --install /root/ros2_ws/build/direct_lidar_inertial_odometry
