[0.010s] Invoking command in '/root/ros2_ws/build/direct_lidar_inertial_odometry': CMAKE_PREFIX_PATH=${CMAKE_PREFIX_PATH}:/opt/ros/jazzy /usr/bin/cmake /root/ros2_ws/src/direct_lidar_inertial_odometry-feature-ros2 -DAMENT_CMAKE_SYMLINK_INSTALL=1 -DCMAKE_INSTALL_PREFIX=/root/ros2_ws/install/direct_lidar_inertial_odometry
[0.096s] -- The C compiler identification is GNU 13.3.0
[0.169s] -- The CXX compiler identification is GNU 13.3.0
[0.183s] -- Detecting C compiler ABI info
[0.262s] -- Detecting C compiler ABI info - done
[0.270s] -- Check for working C compiler: /usr/bin/cc - skipped
[0.274s] -- Detecting C compile features
[0.274s] -- Detecting C compile features - done
[0.282s] -- Detecting CXX compiler ABI info
[0.365s] -- Detecting CXX compiler ABI info - done
[0.373s] -- Check for working CXX compiler: /usr/bin/c++ - skipped
[0.373s] -- Detecting CXX compile features
[0.374s] -- Detecting CXX compile features - done
[0.382s] -- Found rosidl_default_generators: 1.6.0 (/opt/ros/jazzy/share/rosidl_default_generators/cmake)
[0.524s] -- Found Python3: /usr/bin/python3 (found version "3.12.3") found components: Interpreter 
[0.594s] -- Override CMake install command with custom implementation using symlinks instead of copying resources
[0.605s] -- Using all available rosidl_typesupport_c: rosidl_typesupport_fastrtps_c;rosidl_typesupport_introspection_c
[0.758s] -- Using all available rosidl_typesupport_cpp: rosidl_typesupport_fastrtps_cpp;rosidl_typesupport_introspection_cpp
[0.832s] -- Found rosidl_adapter: 4.6.7 (/opt/ros/jazzy/share/rosidl_adapter/cmake)
[0.839s] -- Found rclcpp: 28.1.18 (/opt/ros/jazzy/share/rclcpp/cmake)
[0.950s] -- Found rmw_implementation_cmake: 7.3.3 (/opt/ros/jazzy/share/rmw_implementation_cmake/cmake)
[0.955s] -- Found rmw_fastrtps_cpp: 8.4.3 (/opt/ros/jazzy/share/rmw_fastrtps_cpp/cmake)
[1.048s] -- Found OpenSSL: /usr/lib/x86_64-linux-gnu/libcrypto.so (found version "3.0.13")  
[1.067s] -- Found FastRTPS: /opt/ros/jazzy/include (Required is at least version "2.13") 
[1.086s] -- Using RMW implementation 'rmw_fastrtps_cpp' as default
[1.186s] -- Found std_msgs: 5.3.7 (/opt/ros/jazzy/share/std_msgs/cmake)
[1.204s] -- Found sensor_msgs: 5.3.7 (/opt/ros/jazzy/share/sensor_msgs/cmake)
[1.262s] -- Found nav_msgs: 5.3.7 (/opt/ros/jazzy/share/nav_msgs/cmake)
[1.302s] [31mCMake Error at CMakeLists.txt:22 (find_package):
[1.302s]   By not providing "Findpcl_ros.cmake" in CMAKE_MODULE_PATH this project has
[1.302s]   asked CMake to find a package configuration file provided by "pcl_ros", but
[1.302s]   CMake did not find one.
[1.302s] 
[1.303s]   Could not find a package configuration file provided by "pcl_ros" with any
[1.303s]   of the following names:
[1.303s] 
[1.303s]     pcl_rosConfig.cmake
[1.303s]     pcl_ros-config.cmake
[1.303s] 
[1.303s]   Add the installation prefix of "pcl_ros" to CMAKE_PREFIX_PATH or set
[1.303s]   "pcl_ros_DIR" to a directory containing one of the above files.  If
[1.303s]   "pcl_ros" provides a separate development package or SDK, be sure it has
[1.303s]   been installed.
[1.303s] 
[1.303s] [0m
[1.303s] -- Configuring incomplete, errors occurred!
[1.309s] Invoked command in '/root/ros2_ws/build/direct_lidar_inertial_odometry' returned '1': CMAKE_PREFIX_PATH=${CMAKE_PREFIX_PATH}:/opt/ros/jazzy /usr/bin/cmake /root/ros2_ws/src/direct_lidar_inertial_odometry-feature-ros2 -DAMENT_CMAKE_SYMLINK_INSTALL=1 -DCMAKE_INSTALL_PREFIX=/root/ros2_ws/install/direct_lidar_inertial_odometry
