[0.016s] Invoking command in '/root/ros2_ws/build/ros2_numpy': CMAKE_PREFIX_PATH=${CMAKE_PREFIX_PATH}:/root/ros2_ws/install/dlio_gazebo_sim:/opt/ros/jazzy /usr/bin/cmake --build /root/ros2_ws/build/ros2_numpy -- -j8 -l8
[0.071s] Built target ament_cmake_python_symlink_ros2_numpy
[0.302s] running egg_info
[0.328s] writing ros2_numpy.egg-info/PKG-INFO
[0.328s] writing dependency_links to ros2_numpy.egg-info/dependency_links.txt
[0.328s] writing top-level names to ros2_numpy.egg-info/top_level.txt
[0.385s] reading manifest file 'ros2_numpy.egg-info/SOURCES.txt'
[0.385s] writing manifest file 'ros2_numpy.egg-info/SOURCES.txt'
[0.414s] Built target ament_cmake_python_build_ros2_numpy_egg
[0.424s] Invoked command in '/root/ros2_ws/build/ros2_numpy' returned '0': CMAKE_PREFIX_PATH=${CMAKE_PREFIX_PATH}:/root/ros2_ws/install/dlio_gazebo_sim:/opt/ros/jazzy /usr/bin/cmake --build /root/ros2_ws/build/ros2_numpy -- -j8 -l8
[0.433s] Invoking command in '/root/ros2_ws/build/ros2_numpy': CMAKE_PREFIX_PATH=${CMAKE_PREFIX_PATH}:/root/ros2_ws/install/dlio_gazebo_sim:/opt/ros/jazzy /usr/bin/cmake --install /root/ros2_ws/build/ros2_numpy
[0.439s] -- Install configuration: ""
[0.439s] -- Execute custom install script
[0.440s] -- Up-to-date symlink: /root/ros2_ws/install/ros2_numpy/share/ros2_numpy/environment/pythonpath.sh
[0.440s] -- Up-to-date symlink: /root/ros2_ws/install/ros2_numpy/share/ros2_numpy/environment/pythonpath.dsv
[0.440s] -- Up-to-date symlink: /root/ros2_ws/install/ros2_numpy/lib/python3.12/site-packages/ros2_numpy-2.0.12-py3.12.egg-info/PKG-INFO
[0.440s] -- Up-to-date symlink: /root/ros2_ws/install/ros2_numpy/lib/python3.12/site-packages/ros2_numpy-2.0.12-py3.12.egg-info/SOURCES.txt
[0.440s] -- Up-to-date symlink: /root/ros2_ws/install/ros2_numpy/lib/python3.12/site-packages/ros2_numpy-2.0.12-py3.12.egg-info/dependency_links.txt
[0.440s] -- Up-to-date symlink: /root/ros2_ws/install/ros2_numpy/lib/python3.12/site-packages/ros2_numpy-2.0.12-py3.12.egg-info/top_level.txt
[0.441s] -- Up-to-date symlink: /root/ros2_ws/install/ros2_numpy/lib/python3.12/site-packages/ros2_numpy/__init__.py
[0.441s] -- Up-to-date symlink: /root/ros2_ws/install/ros2_numpy/lib/python3.12/site-packages/ros2_numpy/geometry.py
[0.441s] -- Up-to-date symlink: /root/ros2_ws/install/ros2_numpy/lib/python3.12/site-packages/ros2_numpy/image.py
[0.441s] -- Up-to-date symlink: /root/ros2_ws/install/ros2_numpy/lib/python3.12/site-packages/ros2_numpy/laser_scan.py
[0.441s] -- Up-to-date symlink: /root/ros2_ws/install/ros2_numpy/lib/python3.12/site-packages/ros2_numpy/occupancy_grid.py
[0.441s] -- Up-to-date symlink: /root/ros2_ws/install/ros2_numpy/lib/python3.12/site-packages/ros2_numpy/point_cloud2.py
[0.441s] -- Up-to-date symlink: /root/ros2_ws/install/ros2_numpy/lib/python3.12/site-packages/ros2_numpy/registry.py
[0.441s] -- Up-to-date symlink: /root/ros2_ws/install/ros2_numpy/share/ament_index/resource_index/package_run_dependencies/ros2_numpy
[0.442s] -- Up-to-date symlink: /root/ros2_ws/install/ros2_numpy/share/ament_index/resource_index/parent_prefix_path/ros2_numpy
[0.442s] -- Up-to-date symlink: /root/ros2_ws/install/ros2_numpy/share/ros2_numpy/environment/ament_prefix_path.sh
[0.442s] -- Up-to-date symlink: /root/ros2_ws/install/ros2_numpy/share/ros2_numpy/environment/ament_prefix_path.dsv
[0.442s] -- Up-to-date symlink: /root/ros2_ws/install/ros2_numpy/share/ros2_numpy/environment/path.sh
[0.442s] -- Up-to-date symlink: /root/ros2_ws/install/ros2_numpy/share/ros2_numpy/environment/path.dsv
[0.442s] -- Up-to-date symlink: /root/ros2_ws/install/ros2_numpy/share/ros2_numpy/local_setup.bash
[0.442s] -- Up-to-date symlink: /root/ros2_ws/install/ros2_numpy/share/ros2_numpy/local_setup.sh
[0.442s] -- Up-to-date symlink: /root/ros2_ws/install/ros2_numpy/share/ros2_numpy/local_setup.zsh
[0.443s] -- Up-to-date symlink: /root/ros2_ws/install/ros2_numpy/share/ros2_numpy/local_setup.dsv
[0.443s] -- Symlinking: /root/ros2_ws/install/ros2_numpy/share/ros2_numpy/package.dsv
[0.451s] -- Up-to-date symlink: /root/ros2_ws/install/ros2_numpy/share/ament_index/resource_index/packages/ros2_numpy
[0.451s] -- Up-to-date symlink: /root/ros2_ws/install/ros2_numpy/share/ros2_numpy/cmake/ament_cmake_export_dependencies-extras.cmake
[0.451s] -- Up-to-date symlink: /root/ros2_ws/install/ros2_numpy/share/ros2_numpy/cmake/ros2_numpyConfig.cmake
[0.451s] -- Up-to-date symlink: /root/ros2_ws/install/ros2_numpy/share/ros2_numpy/cmake/ros2_numpyConfig-version.cmake
[0.451s] -- Up-to-date symlink: /root/ros2_ws/install/ros2_numpy/share/ros2_numpy/package.xml
[0.489s] Listing '/root/ros2_ws/install/ros2_numpy/lib/python3.12/site-packages/ros2_numpy'...
[0.501s] Invoked command in '/root/ros2_ws/build/ros2_numpy' returned '0': CMAKE_PREFIX_PATH=${CMAKE_PREFIX_PATH}:/root/ros2_ws/install/dlio_gazebo_sim:/opt/ros/jazzy /usr/bin/cmake --install /root/ros2_ws/build/ros2_numpy
