-- The C compiler identification is GNU 13.3.0
-- The CXX compiler identification is GNU 13.3.0
-- Detecting C compiler ABI info
-- Detecting C compiler ABI info - done
-- Check for working C compiler: /usr/bin/cc - skipped
-- Detecting C compile features
-- Detecting C compile features - done
-- Detecting CXX compiler ABI info
-- Detecting CXX compiler ABI info - done
-- Check for working CXX compiler: /usr/bin/c++ - skipped
-- Detecting CXX compile features
-- Detecting CXX compile features - done
-- Found ament_cmake: 2.5.6 (/opt/ros/jazzy/share/ament_cmake/cmake)
-- Found Python3: /usr/bin/python3 (found version "3.12.3") found components: Interpreter 
-- Override CMake install command with custom implementation using symlinks instead of copying resources
-- Found rclcpp: 28.1.18 (/opt/ros/jazzy/share/rclcpp/cmake)
-- Found rosidl_generator_c: 4.6.7 (/opt/ros/jazzy/share/rosidl_generator_c/cmake)
-- Found rosidl_generator_cpp: 4.6.7 (/opt/ros/jazzy/share/rosidl_generator_cpp/cmake)
-- Using all available rosidl_typesupport_c: rosidl_typesupport_fastrtps_c;rosidl_typesupport_introspection_c
-- Using all available rosidl_typesupport_cpp: rosidl_typesupport_fastrtps_cpp;rosidl_typesupport_introspection_cpp
-- Found rmw_implementation_cmake: 7.3.3 (/opt/ros/jazzy/share/rmw_implementation_cmake/cmake)
-- Found rmw_fastrtps_cpp: 8.4.3 (/opt/ros/jazzy/share/rmw_fastrtps_cpp/cmake)
-- Found OpenSSL: /usr/lib/x86_64-linux-gnu/libcrypto.so (found version "3.0.13")  
-- Found FastRTPS: /opt/ros/jazzy/include (Required is at least version "2.13") 
-- Using RMW implementation 'rmw_fastrtps_cpp' as default
-- Found sensor_msgs: 5.3.7 (/opt/ros/jazzy/share/sensor_msgs/cmake)
-- Found rosidl_default_generators: 1.6.0 (/opt/ros/jazzy/share/rosidl_default_generators/cmake)
-- Found rosidl_adapter: 4.6.7 (/opt/ros/jazzy/share/rosidl_adapter/cmake)
-- Found ament_cmake_ros: 0.12.0 (/opt/ros/jazzy/share/ament_cmake_ros/cmake)
-- Using all available rosidl_typesupport_c: rosidl_typesupport_fastrtps_c;rosidl_typesupport_introspection_c
-- Using all available rosidl_typesupport_cpp: rosidl_typesupport_fastrtps_cpp;rosidl_typesupport_introspection_cpp
-- Found python_cmake_module: 0.11.1 (/opt/ros/jazzy/share/python_cmake_module/cmake)
-- Found PythonExtra: /usr/bin/python3  
-- Found Python3: /usr/bin/python3 (found version "3.12.3") found components: Interpreter Development NumPy Development.Module Development.Embed 
-- Found Python3: /usr/bin/python3 (found version "3.12.3") found components: Interpreter 
-- Found ament_lint_auto: 0.17.5 (/opt/ros/jazzy/share/ament_lint_auto/cmake)
-- Added test 'cppcheck' to perform static code analysis on C / C++ code
-- Configured cppcheck include dirs: 
-- Configured cppcheck exclude dirs and/or files: 
-- Added test 'lint_cmake' to check CMake code style
-- Added test 'uncrustify' to check C / C++ code style
-- Configured uncrustify additional arguments: 
-- Added test 'xmllint' to check XML markup files
-- Configuring done (4.2s)
-- Generating done (0.0s)
-- Build files have been written to: /root/ros2_ws/build/gps_visualization
[  2%] Generating Rust code for ROS interfaces
[  5%] Generating type hashes for ROS interfaces
[  5%] Built target ament_cmake_python_symlink_gps_visualization
[  5%] Built target gps_visualization__rs
[  5%] Built target gps_visualization__rosidl_generator_type_description
[  8%] Generating C code for ROS interfaces
[ 10%] Generating C++ code for ROS interfaces
running egg_info
creating gps_visualization.egg-info
writing gps_visualization.egg-info/PKG-INFO
writing dependency_links to gps_visualization.egg-info/dependency_links.txt
writing top-level names to gps_visualization.egg-info/top_level.txt
writing manifest file 'gps_visualization.egg-info/SOURCES.txt'
reading manifest file 'gps_visualization.egg-info/SOURCES.txt'
writing manifest file 'gps_visualization.egg-info/SOURCES.txt'
[ 10%] Built target ament_cmake_python_build_gps_visualization_egg
[ 10%] Built target gps_visualization__cpp
[ 18%] Building C object CMakeFiles/gps_visualization__rosidl_generator_c.dir/rosidl_generator_c/gps_visualization/msg/detail/nav_sat_fix_array__type_support.c.o
[ 18%] Building C object CMakeFiles/gps_visualization__rosidl_generator_c.dir/rosidl_generator_c/gps_visualization/msg/detail/nav_sat_fix_array__description.c.o
[ 18%] Building C object CMakeFiles/gps_visualization__rosidl_generator_c.dir/rosidl_generator_c/gps_visualization/msg/detail/nav_sat_fix_array__functions.c.o
[ 21%] Linking C shared library libgps_visualization__rosidl_generator_c.so
[ 21%] Built target gps_visualization__rosidl_generator_c
[ 24%] Generating C type support for eProsima Fast-RTPS
[ 29%] Generating C++ type support for eProsima Fast-RTPS
[ 32%] Generating C type support dispatch for ROS interfaces
[ 32%] Generating C introspection for ROS interfaces
[ 35%] Generating C++ introspection for ROS interfaces
[ 37%] Generating C++ type support dispatch for ROS interfaces
[ 40%] Building CXX object CMakeFiles/gps_visualization__rosidl_typesupport_introspection_cpp.dir/rosidl_typesupport_introspection_cpp/gps_visualization/msg/detail/nav_sat_fix_array__type_support.cpp.o
[ 43%] Building CXX object CMakeFiles/gps_visualization__rosidl_typesupport_c.dir/rosidl_typesupport_c/gps_visualization/msg/nav_sat_fix_array__type_support.cpp.o
[ 45%] Building C object CMakeFiles/gps_visualization__rosidl_typesupport_introspection_c.dir/rosidl_typesupport_introspection_c/gps_visualization/msg/detail/nav_sat_fix_array__type_support.c.o
[ 48%] Building CXX object CMakeFiles/gps_visualization__rosidl_typesupport_cpp.dir/rosidl_typesupport_cpp/gps_visualization/msg/nav_sat_fix_array__type_support.cpp.o
[ 51%] Building CXX object CMakeFiles/gps_visualization__rosidl_typesupport_fastrtps_c.dir/rosidl_typesupport_fastrtps_c/gps_visualization/msg/detail/nav_sat_fix_array__type_support_c.cpp.o
[ 54%] Linking CXX shared library libgps_visualization__rosidl_typesupport_c.so
[ 56%] Linking C shared library libgps_visualization__rosidl_typesupport_introspection_c.so
[ 59%] Building CXX object CMakeFiles/gps_visualization__rosidl_typesupport_fastrtps_cpp.dir/rosidl_typesupport_fastrtps_cpp/gps_visualization/msg/detail/dds_fastrtps/nav_sat_fix_array__type_support.cpp.o
[ 59%] Built target gps_visualization__rosidl_typesupport_c
[ 59%] Built target gps_visualization__rosidl_typesupport_introspection_c
[ 62%] Linking CXX shared library libgps_visualization__rosidl_typesupport_cpp.so
[ 64%] Linking CXX shared library libgps_visualization__rosidl_typesupport_introspection_cpp.so
[ 64%] Built target gps_visualization__rosidl_typesupport_cpp
[ 64%] Built target gps_visualization__rosidl_typesupport_introspection_cpp
[ 67%] Linking CXX shared library libgps_visualization__rosidl_typesupport_fastrtps_c.so
[ 67%] Built target gps_visualization__rosidl_typesupport_fastrtps_c
[ 70%] Linking CXX shared library libgps_visualization__rosidl_typesupport_fastrtps_cpp.so
[ 70%] Built target gps_visualization__rosidl_typesupport_fastrtps_cpp
[ 70%] Built target gps_visualization
[ 75%] Generating Python code for ROS interfaces
[ 75%] Building CXX object CMakeFiles/gps_path_pub.dir/src/gps_path.cpp.o
[ 75%] Built target gps_visualization__py
[ 78%] Building C object CMakeFiles/gps_visualization__rosidl_generator_py.dir/rosidl_generator_py/gps_visualization/msg/_nav_sat_fix_array_s.c.o
[ 81%] Linking C shared library libgps_visualization__rosidl_generator_py.so
[ 81%] Built target gps_visualization__rosidl_generator_py
[ 89%] Building C object CMakeFiles/gps_visualization_s__rosidl_typesupport_introspection_c.dir/rosidl_generator_py/gps_visualization/_gps_visualization_s.ep.rosidl_typesupport_introspection_c.c.o
[ 89%] Building C object CMakeFiles/gps_visualization_s__rosidl_typesupport_fastrtps_c.dir/rosidl_generator_py/gps_visualization/_gps_visualization_s.ep.rosidl_typesupport_fastrtps_c.c.o
[ 89%] Building C object CMakeFiles/gps_visualization_s__rosidl_typesupport_c.dir/rosidl_generator_py/gps_visualization/_gps_visualization_s.ep.rosidl_typesupport_c.c.o
[ 91%] Linking C shared module rosidl_generator_py/gps_visualization/gps_visualization_s__rosidl_typesupport_fastrtps_c.so
[ 94%] Linking C shared module rosidl_generator_py/gps_visualization/gps_visualization_s__rosidl_typesupport_introspection_c.so
[ 94%] Built target gps_visualization_s__rosidl_typesupport_fastrtps_c
[ 97%] Linking C shared module rosidl_generator_py/gps_visualization/gps_visualization_s__rosidl_typesupport_c.so
[ 97%] Built target gps_visualization_s__rosidl_typesupport_introspection_c
[ 97%] Built target gps_visualization_s__rosidl_typesupport_c
[100%] Linking CXX executable gps_path_pub
[100%] Built target gps_path_pub
-- Install configuration: ""
-- Execute custom install script
-- Symlinking: /root/ros2_ws/install/gps_visualization/share/ament_index/resource_index/rosidl_interfaces/gps_visualization
-- Symlinking: /root/ros2_ws/install/gps_visualization/share/gps_visualization/msg/NavSatFixArray.json
-- Symlinking: /root/ros2_ws/install/gps_visualization/include/gps_visualization/gps_visualization/msg/detail/nav_sat_fix_array__functions.h
-- Symlinking: /root/ros2_ws/install/gps_visualization/include/gps_visualization/gps_visualization/msg/detail/nav_sat_fix_array__struct.h
-- Symlinking: /root/ros2_ws/install/gps_visualization/include/gps_visualization/gps_visualization/msg/detail/nav_sat_fix_array__type_support.h
-- Symlinking: /root/ros2_ws/install/gps_visualization/include/gps_visualization/gps_visualization/msg/nav_sat_fix_array.h
-- Symlinking: /root/ros2_ws/install/gps_visualization/include/gps_visualization/gps_visualization/msg/rosidl_generator_c__visibility_control.h
-- Symlinking: /root/ros2_ws/install/gps_visualization/share/gps_visualization/environment/library_path.sh
-- Symlinking: /root/ros2_ws/install/gps_visualization/share/gps_visualization/environment/library_path.dsv
-- Symlinking: /root/ros2_ws/install/gps_visualization/include/gps_visualization/gps_visualization/msg/detail/nav_sat_fix_array__rosidl_typesupport_fastrtps_c.h
-- Symlinking: /root/ros2_ws/install/gps_visualization/include/gps_visualization/gps_visualization/msg/rosidl_typesupport_fastrtps_c__visibility_control.h
-- Symlinking: /root/ros2_ws/install/gps_visualization/include/gps_visualization/gps_visualization/msg/detail/nav_sat_fix_array__builder.hpp
-- Symlinking: /root/ros2_ws/install/gps_visualization/include/gps_visualization/gps_visualization/msg/detail/nav_sat_fix_array__struct.hpp
-- Symlinking: /root/ros2_ws/install/gps_visualization/include/gps_visualization/gps_visualization/msg/detail/nav_sat_fix_array__traits.hpp
-- Symlinking: /root/ros2_ws/install/gps_visualization/include/gps_visualization/gps_visualization/msg/detail/nav_sat_fix_array__type_support.hpp
-- Symlinking: /root/ros2_ws/install/gps_visualization/include/gps_visualization/gps_visualization/msg/nav_sat_fix_array.hpp
-- Symlinking: /root/ros2_ws/install/gps_visualization/include/gps_visualization/gps_visualization/msg/rosidl_generator_cpp__visibility_control.hpp
-- Symlinking: /root/ros2_ws/install/gps_visualization/include/gps_visualization/gps_visualization/msg/detail/nav_sat_fix_array__rosidl_typesupport_fastrtps_cpp.hpp
-- Symlinking: /root/ros2_ws/install/gps_visualization/include/gps_visualization/gps_visualization/msg/rosidl_typesupport_fastrtps_cpp__visibility_control.h
-- Symlinking: /root/ros2_ws/install/gps_visualization/include/gps_visualization/gps_visualization/msg/detail/nav_sat_fix_array__rosidl_typesupport_introspection_c.h
-- Symlinking: /root/ros2_ws/install/gps_visualization/include/gps_visualization/gps_visualization/msg/rosidl_typesupport_introspection_c__visibility_control.h
-- Symlinking: /root/ros2_ws/install/gps_visualization/include/gps_visualization/gps_visualization/msg/detail/nav_sat_fix_array__rosidl_typesupport_introspection_cpp.hpp
-- Symlinking: /root/ros2_ws/install/gps_visualization/share/gps_visualization/environment/pythonpath.sh
-- Symlinking: /root/ros2_ws/install/gps_visualization/share/gps_visualization/environment/pythonpath.dsv
-- Symlinking: /root/ros2_ws/install/gps_visualization/lib/python3.12/site-packages/gps_visualization-0.0.0-py3.12.egg-info/PKG-INFO
-- Symlinking: /root/ros2_ws/install/gps_visualization/lib/python3.12/site-packages/gps_visualization-0.0.0-py3.12.egg-info/SOURCES.txt
-- Symlinking: /root/ros2_ws/install/gps_visualization/lib/python3.12/site-packages/gps_visualization-0.0.0-py3.12.egg-info/dependency_links.txt
-- Symlinking: /root/ros2_ws/install/gps_visualization/lib/python3.12/site-packages/gps_visualization-0.0.0-py3.12.egg-info/top_level.txt
-- Symlinking: /root/ros2_ws/install/gps_visualization/lib/python3.12/site-packages/gps_visualization/__init__.py
-- Symlinking: /root/ros2_ws/install/gps_visualization/lib/python3.12/site-packages/gps_visualization/_gps_visualization_s.ep.rosidl_typesupport_c.c
-- Symlinking: /root/ros2_ws/install/gps_visualization/lib/python3.12/site-packages/gps_visualization/_gps_visualization_s.ep.rosidl_typesupport_fastrtps_c.c
-- Symlinking: /root/ros2_ws/install/gps_visualization/lib/python3.12/site-packages/gps_visualization/_gps_visualization_s.ep.rosidl_typesupport_introspection_c.c
-- Symlinking: /root/ros2_ws/install/gps_visualization/lib/python3.12/site-packages/gps_visualization/gps_visualization_s__rosidl_typesupport_c.so
-- Symlinking: /root/ros2_ws/install/gps_visualization/lib/python3.12/site-packages/gps_visualization/gps_visualization_s__rosidl_typesupport_fastrtps_c.so
-- Symlinking: /root/ros2_ws/install/gps_visualization/lib/python3.12/site-packages/gps_visualization/gps_visualization_s__rosidl_typesupport_introspection_c.so
-- Symlinking: /root/ros2_ws/install/gps_visualization/lib/python3.12/site-packages/gps_visualization/msg/__init__.py
-- Symlinking: /root/ros2_ws/install/gps_visualization/lib/python3.12/site-packages/gps_visualization/msg/_nav_sat_fix_array.py
-- Symlinking: /root/ros2_ws/install/gps_visualization/lib/python3.12/site-packages/gps_visualization/msg/_nav_sat_fix_array_s.c
-- Up-to-date symlink: /root/ros2_ws/install/gps_visualization/lib/python3.12/site-packages/gps_visualization/gps_visualization_s__rosidl_typesupport_fastrtps_c.so
-- Up-to-date symlink: /root/ros2_ws/install/gps_visualization/lib/python3.12/site-packages/gps_visualization/gps_visualization_s__rosidl_typesupport_introspection_c.so
-- Up-to-date symlink: /root/ros2_ws/install/gps_visualization/lib/python3.12/site-packages/gps_visualization/gps_visualization_s__rosidl_typesupport_c.so
-- Symlinking: /root/ros2_ws/install/gps_visualization/share/ament_index/resource_index/rust_packages/gps_visualization
-- Symlinking: /root/ros2_ws/install/gps_visualization/share/gps_visualization/rust/Cargo.toml
-- Symlinking: /root/ros2_ws/install/gps_visualization/share/gps_visualization/rust/build.rs
-- Symlinking: /root/ros2_ws/install/gps_visualization/share/gps_visualization/rust/src/lib.rs
-- Symlinking: /root/ros2_ws/install/gps_visualization/share/gps_visualization/rust/src/msg.rs
-- Symlinking: /root/ros2_ws/install/gps_visualization/share/gps_visualization/rust/src/msg/rmw.rs
-- Symlinking: /root/ros2_ws/install/gps_visualization/share/gps_visualization/msg/NavSatFixArray.idl
-- Symlinking: /root/ros2_ws/install/gps_visualization/share/gps_visualization/msg/NavSatFixArray.msg
-- Symlinking: /root/ros2_ws/install/gps_visualization/share/ament_index/resource_index/package_run_dependencies/gps_visualization
-- Symlinking: /root/ros2_ws/install/gps_visualization/share/ament_index/resource_index/parent_prefix_path/gps_visualization
-- Symlinking: /root/ros2_ws/install/gps_visualization/share/gps_visualization/environment/ament_prefix_path.sh
-- Symlinking: /root/ros2_ws/install/gps_visualization/share/gps_visualization/environment/ament_prefix_path.dsv
-- Symlinking: /root/ros2_ws/install/gps_visualization/share/gps_visualization/environment/path.sh
-- Symlinking: /root/ros2_ws/install/gps_visualization/share/gps_visualization/environment/path.dsv
-- Symlinking: /root/ros2_ws/install/gps_visualization/share/gps_visualization/local_setup.bash
-- Symlinking: /root/ros2_ws/install/gps_visualization/share/gps_visualization/local_setup.sh
-- Symlinking: /root/ros2_ws/install/gps_visualization/share/gps_visualization/local_setup.zsh
-- Symlinking: /root/ros2_ws/install/gps_visualization/share/gps_visualization/local_setup.dsv
-- Symlinking: /root/ros2_ws/install/gps_visualization/share/gps_visualization/package.dsv
-- Symlinking: /root/ros2_ws/install/gps_visualization/share/ament_index/resource_index/packages/gps_visualization
-- Symlinking: /root/ros2_ws/install/gps_visualization/share/gps_visualization/cmake/rosidl_cmake-extras.cmake
-- Symlinking: /root/ros2_ws/install/gps_visualization/share/gps_visualization/cmake/ament_cmake_export_dependencies-extras.cmake
-- Symlinking: /root/ros2_ws/install/gps_visualization/share/gps_visualization/cmake/ament_cmake_export_include_directories-extras.cmake
-- Symlinking: /root/ros2_ws/install/gps_visualization/share/gps_visualization/cmake/ament_cmake_export_libraries-extras.cmake
-- Symlinking: /root/ros2_ws/install/gps_visualization/share/gps_visualization/cmake/ament_cmake_export_targets-extras.cmake
-- Symlinking: /root/ros2_ws/install/gps_visualization/share/gps_visualization/cmake/rosidl_cmake_export_typesupport_targets-extras.cmake
-- Symlinking: /root/ros2_ws/install/gps_visualization/share/gps_visualization/cmake/rosidl_cmake_export_typesupport_libraries-extras.cmake
-- Symlinking: /root/ros2_ws/install/gps_visualization/share/gps_visualization/cmake/gps_visualizationConfig.cmake
-- Symlinking: /root/ros2_ws/install/gps_visualization/share/gps_visualization/cmake/gps_visualizationConfig-version.cmake
-- Symlinking: /root/ros2_ws/install/gps_visualization/share/gps_visualization/package.xml
-- Symlinking: /root/ros2_ws/install/gps_visualization/lib/gps_visualization/gps_path_pub
-- Installing: /root/ros2_ws/install/gps_visualization/lib/libgps_visualization__rosidl_generator_c.so
-- Set non-toolchain portion of runtime path of "/root/ros2_ws/install/gps_visualization/lib/libgps_visualization__rosidl_generator_c.so" to ""
-- Installing: /root/ros2_ws/install/gps_visualization/lib/libgps_visualization__rosidl_typesupport_fastrtps_c.so
-- Set non-toolchain portion of runtime path of "/root/ros2_ws/install/gps_visualization/lib/libgps_visualization__rosidl_typesupport_fastrtps_c.so" to ""
-- Installing: /root/ros2_ws/install/gps_visualization/lib/libgps_visualization__rosidl_typesupport_fastrtps_cpp.so
-- Set non-toolchain portion of runtime path of "/root/ros2_ws/install/gps_visualization/lib/libgps_visualization__rosidl_typesupport_fastrtps_cpp.so" to ""
-- Installing: /root/ros2_ws/install/gps_visualization/lib/libgps_visualization__rosidl_typesupport_introspection_c.so
-- Set non-toolchain portion of runtime path of "/root/ros2_ws/install/gps_visualization/lib/libgps_visualization__rosidl_typesupport_introspection_c.so" to ""
-- Installing: /root/ros2_ws/install/gps_visualization/lib/libgps_visualization__rosidl_typesupport_c.so
-- Set non-toolchain portion of runtime path of "/root/ros2_ws/install/gps_visualization/lib/libgps_visualization__rosidl_typesupport_c.so" to ""
-- Installing: /root/ros2_ws/install/gps_visualization/lib/libgps_visualization__rosidl_typesupport_introspection_cpp.so
-- Set non-toolchain portion of runtime path of "/root/ros2_ws/install/gps_visualization/lib/libgps_visualization__rosidl_typesupport_introspection_cpp.so" to ""
-- Installing: /root/ros2_ws/install/gps_visualization/lib/libgps_visualization__rosidl_typesupport_cpp.so
-- Set non-toolchain portion of runtime path of "/root/ros2_ws/install/gps_visualization/lib/libgps_visualization__rosidl_typesupport_cpp.so" to ""
Listing '/root/ros2_ws/install/gps_visualization/lib/python3.12/site-packages/gps_visualization'...
Compiling '/root/ros2_ws/install/gps_visualization/lib/python3.12/site-packages/gps_visualization/__init__.py'...
Listing '/root/ros2_ws/install/gps_visualization/lib/python3.12/site-packages/gps_visualization/msg'...
Compiling '/root/ros2_ws/install/gps_visualization/lib/python3.12/site-packages/gps_visualization/msg/__init__.py'...
Compiling '/root/ros2_ws/install/gps_visualization/lib/python3.12/site-packages/gps_visualization/msg/_nav_sat_fix_array.py'...
-- Installing: /root/ros2_ws/install/gps_visualization/lib/libgps_visualization__rosidl_generator_py.so
-- Set non-toolchain portion of runtime path of "/root/ros2_ws/install/gps_visualization/lib/libgps_visualization__rosidl_generator_py.so" to ""
-- Installing: /root/ros2_ws/install/gps_visualization/share/gps_visualization/cmake/export_gps_visualization__rosidl_generator_cExport.cmake
-- Installing: /root/ros2_ws/install/gps_visualization/share/gps_visualization/cmake/export_gps_visualization__rosidl_generator_cExport-noconfig.cmake
-- Installing: /root/ros2_ws/install/gps_visualization/share/gps_visualization/cmake/export_gps_visualization__rosidl_typesupport_fastrtps_cExport.cmake
-- Installing: /root/ros2_ws/install/gps_visualization/share/gps_visualization/cmake/export_gps_visualization__rosidl_typesupport_fastrtps_cExport-noconfig.cmake
-- Installing: /root/ros2_ws/install/gps_visualization/share/gps_visualization/cmake/export_gps_visualization__rosidl_generator_cppExport.cmake
-- Installing: /root/ros2_ws/install/gps_visualization/share/gps_visualization/cmake/export_gps_visualization__rosidl_typesupport_fastrtps_cppExport.cmake
-- Installing: /root/ros2_ws/install/gps_visualization/share/gps_visualization/cmake/export_gps_visualization__rosidl_typesupport_fastrtps_cppExport-noconfig.cmake
-- Installing: /root/ros2_ws/install/gps_visualization/share/gps_visualization/cmake/gps_visualization__rosidl_typesupport_introspection_cExport.cmake
-- Installing: /root/ros2_ws/install/gps_visualization/share/gps_visualization/cmake/gps_visualization__rosidl_typesupport_introspection_cExport-noconfig.cmake
-- Installing: /root/ros2_ws/install/gps_visualization/share/gps_visualization/cmake/gps_visualization__rosidl_typesupport_cExport.cmake
-- Installing: /root/ros2_ws/install/gps_visualization/share/gps_visualization/cmake/gps_visualization__rosidl_typesupport_cExport-noconfig.cmake
-- Installing: /root/ros2_ws/install/gps_visualization/share/gps_visualization/cmake/gps_visualization__rosidl_typesupport_introspection_cppExport.cmake
-- Installing: /root/ros2_ws/install/gps_visualization/share/gps_visualization/cmake/gps_visualization__rosidl_typesupport_introspection_cppExport-noconfig.cmake
-- Installing: /root/ros2_ws/install/gps_visualization/share/gps_visualization/cmake/gps_visualization__rosidl_typesupport_cppExport.cmake
-- Installing: /root/ros2_ws/install/gps_visualization/share/gps_visualization/cmake/gps_visualization__rosidl_typesupport_cppExport-noconfig.cmake
-- Installing: /root/ros2_ws/install/gps_visualization/share/gps_visualization/cmake/export_gps_visualization__rosidl_generator_pyExport.cmake
-- Installing: /root/ros2_ws/install/gps_visualization/share/gps_visualization/cmake/export_gps_visualization__rosidl_generator_pyExport-noconfig.cmake
