[0.026s] Invoking command in '/root/ros2_ws/build/gps_visualization': CMAKE_PREFIX_PATH=${CMAKE_PREFIX_PATH}:/opt/ros/jazzy /usr/bin/cmake /root/ros2_ws/src/nebula2-wildos-main/gps_visualization -DAMENT_CMAKE_SYMLINK_INSTALL=1 -DCMAKE_INSTALL_PREFIX=/root/ros2_ws/install/gps_visualization
[0.405s] -- The C compiler identification is GNU 13.3.0
[0.405s] -- The CXX compiler identification is GNU 13.3.0
[0.406s] -- Detecting C compiler ABI info
[0.497s] -- Detecting C compiler ABI info - done
[0.513s] -- Check for working C compiler: /usr/bin/cc - skipped
[0.513s] -- Detecting C compile features
[0.514s] -- Detecting C compile features - done
[0.523s] -- Detecting CXX compiler ABI info
[0.623s] -- Detecting CXX compiler ABI info - done
[0.645s] -- Check for working CXX compiler: /usr/bin/c++ - skipped
[0.645s] -- Detecting CXX compile features
[0.645s] -- Detecting CXX compile features - done
[0.656s] -- Found ament_cmake: 2.5.6 (/opt/ros/jazzy/share/ament_cmake/cmake)
[0.944s] -- Found Python3: /usr/bin/python3 (found version "3.12.3") found components: Interpreter 
[1.076s] -- Override CMake install command with custom implementation using symlinks instead of copying resources
[1.168s] -- Found rclcpp: 28.1.18 (/opt/ros/jazzy/share/rclcpp/cmake)
[1.237s] -- Found rosidl_generator_c: 4.6.7 (/opt/ros/jazzy/share/rosidl_generator_c/cmake)
[1.263s] -- Found rosidl_generator_cpp: 4.6.7 (/opt/ros/jazzy/share/rosidl_generator_cpp/cmake)
[1.292s] -- Using all available rosidl_typesupport_c: rosidl_typesupport_fastrtps_c;rosidl_typesupport_introspection_c
[1.320s] -- Using all available rosidl_typesupport_cpp: rosidl_typesupport_fastrtps_cpp;rosidl_typesupport_introspection_cpp
[1.442s] -- Found rmw_implementation_cmake: 7.3.3 (/opt/ros/jazzy/share/rmw_implementation_cmake/cmake)
[1.448s] -- Found rmw_fastrtps_cpp: 8.4.3 (/opt/ros/jazzy/share/rmw_fastrtps_cpp/cmake)
[1.577s] -- Found OpenSSL: /usr/lib/x86_64-linux-gnu/libcrypto.so (found version "3.0.13")  
[1.595s] -- Found FastRTPS: /opt/ros/jazzy/include (Required is at least version "2.13") 
[1.615s] -- Using RMW implementation 'rmw_fastrtps_cpp' as default
[1.709s] -- Found sensor_msgs: 5.3.7 (/opt/ros/jazzy/share/sensor_msgs/cmake)
[1.774s] -- Found rosidl_default_generators: 1.6.0 (/opt/ros/jazzy/share/rosidl_default_generators/cmake)
[1.803s] -- Found rosidl_adapter: 4.6.7 (/opt/ros/jazzy/share/rosidl_adapter/cmake)
[2.380s] -- Found ament_cmake_ros: 0.12.0 (/opt/ros/jazzy/share/ament_cmake_ros/cmake)
[3.206s] -- Using all available rosidl_typesupport_c: rosidl_typesupport_fastrtps_c;rosidl_typesupport_introspection_c
[3.518s] -- Using all available rosidl_typesupport_cpp: rosidl_typesupport_fastrtps_cpp;rosidl_typesupport_introspection_cpp
[3.523s] -- Found python_cmake_module: 0.11.1 (/opt/ros/jazzy/share/python_cmake_module/cmake)
[3.639s] -- Found PythonExtra: /usr/bin/python3  
[4.014s] -- Found Python3: /usr/bin/python3 (found version "3.12.3") found components: Interpreter Development NumPy Development.Module Development.Embed 
[4.160s] -- Found Python3: /usr/bin/python3 (found version "3.12.3") found components: Interpreter 
[4.163s] CMake Deprecation Warning at /opt/ros/jazzy/share/rosidl_cmake/cmake/rosidl_target_interfaces.cmake:32 (message):
[4.163s]   Use rosidl_get_typesupport_target() and target_link_libraries() instead of
[4.163s]   rosidl_target_interfaces().  i.e:
[4.163s] 
[4.163s]     rosidl_get_typesupport_target(cpp_typesupport_target "${PROJECT_NAME}" "rosidl_typesupport_cpp")
[4.163s]     target_link_libraries(${PROJECT_NAME}_node "${cpp_typesupport_target}")
[4.163s] 
[4.163s] Call Stack (most recent call first):
[4.164s]   CMakeLists.txt:25 (rosidl_target_interfaces)
[4.164s] 
[4.164s] 
[4.166s] -- Found ament_lint_auto: 0.17.5 (/opt/ros/jazzy/share/ament_lint_auto/cmake)
[4.200s] -- Added test 'cppcheck' to perform static code analysis on C / C++ code
[4.200s] -- Configured cppcheck include dirs: 
[4.200s] -- Configured cppcheck exclude dirs and/or files: 
[4.201s] -- Added test 'lint_cmake' to check CMake code style
[4.202s] -- Added test 'uncrustify' to check C / C++ code style
[4.202s] -- Configured uncrustify additional arguments: 
[4.203s] -- Added test 'xmllint' to check XML markup files
[4.208s] -- Configuring done (4.2s)
[4.253s] -- Generating done (0.0s)
[4.268s] -- Build files have been written to: /root/ros2_ws/build/gps_visualization
[4.279s] Invoked command in '/root/ros2_ws/build/gps_visualization' returned '0': CMAKE_PREFIX_PATH=${CMAKE_PREFIX_PATH}:/opt/ros/jazzy /usr/bin/cmake /root/ros2_ws/src/nebula2-wildos-main/gps_visualization -DAMENT_CMAKE_SYMLINK_INSTALL=1 -DCMAKE_INSTALL_PREFIX=/root/ros2_ws/install/gps_visualization
[4.280s] Invoking command in '/root/ros2_ws/build/gps_visualization': CMAKE_PREFIX_PATH=${CMAKE_PREFIX_PATH}:/opt/ros/jazzy /usr/bin/cmake --build /root/ros2_ws/build/gps_visualization -- -j8 -l8
[4.327s] [  2%] Generating Rust code for ROS interfaces
[4.328s] [  5%] Generating type hashes for ROS interfaces
[4.343s] [  5%] Built target ament_cmake_python_symlink_gps_visualization
[4.592s] [  5%] Built target gps_visualization__rs
[4.632s] [  5%] Built target gps_visualization__rosidl_generator_type_description
[4.658s] [  8%] Generating C code for ROS interfaces
[4.675s] [ 10%] Generating C++ code for ROS interfaces
[4.681s] running egg_info
[4.681s] creating gps_visualization.egg-info
[4.709s] writing gps_visualization.egg-info/PKG-INFO
[4.709s] writing dependency_links to gps_visualization.egg-info/dependency_links.txt
[4.710s] writing top-level names to gps_visualization.egg-info/top_level.txt
[4.710s] writing manifest file 'gps_visualization.egg-info/SOURCES.txt'
[4.776s] reading manifest file 'gps_visualization.egg-info/SOURCES.txt'
[4.777s] writing manifest file 'gps_visualization.egg-info/SOURCES.txt'
[4.811s] [ 10%] Built target ament_cmake_python_build_gps_visualization_egg
[4.927s] [ 10%] Built target gps_visualization__cpp
[5.052s] [ 18%] Building C object CMakeFiles/gps_visualization__rosidl_generator_c.dir/rosidl_generator_c/gps_visualization/msg/detail/nav_sat_fix_array__type_support.c.o
[5.052s] [ 18%] Building C object CMakeFiles/gps_visualization__rosidl_generator_c.dir/rosidl_generator_c/gps_visualization/msg/detail/nav_sat_fix_array__description.c.o
[5.053s] [ 18%] Building C object CMakeFiles/gps_visualization__rosidl_generator_c.dir/rosidl_generator_c/gps_visualization/msg/detail/nav_sat_fix_array__functions.c.o
[5.107s] [ 21%] Linking C shared library libgps_visualization__rosidl_generator_c.so
[5.171s] [ 21%] Built target gps_visualization__rosidl_generator_c
[5.189s] [ 24%] Generating C type support for eProsima Fast-RTPS
[5.201s] [ 29%] Generating C++ type support for eProsima Fast-RTPS
[5.207s] [ 32%] Generating C type support dispatch for ROS interfaces
[5.207s] [ 32%] Generating C introspection for ROS interfaces
[5.209s] [ 35%] Generating C++ introspection for ROS interfaces
[5.209s] [ 37%] Generating C++ type support dispatch for ROS interfaces
[5.659s] [ 40%] Building CXX object CMakeFiles/gps_visualization__rosidl_typesupport_introspection_cpp.dir/rosidl_typesupport_introspection_cpp/gps_visualization/msg/detail/nav_sat_fix_array__type_support.cpp.o
[5.669s] [ 43%] Building CXX object CMakeFiles/gps_visualization__rosidl_typesupport_c.dir/rosidl_typesupport_c/gps_visualization/msg/nav_sat_fix_array__type_support.cpp.o
[5.732s] [ 45%] Building C object CMakeFiles/gps_visualization__rosidl_typesupport_introspection_c.dir/rosidl_typesupport_introspection_c/gps_visualization/msg/detail/nav_sat_fix_array__type_support.c.o
[5.763s] [ 48%] Building CXX object CMakeFiles/gps_visualization__rosidl_typesupport_cpp.dir/rosidl_typesupport_cpp/gps_visualization/msg/nav_sat_fix_array__type_support.cpp.o
[5.792s] [ 51%] Building CXX object CMakeFiles/gps_visualization__rosidl_typesupport_fastrtps_c.dir/rosidl_typesupport_fastrtps_c/gps_visualization/msg/detail/nav_sat_fix_array__type_support_c.cpp.o
[5.793s] [ 54%] Linking CXX shared library libgps_visualization__rosidl_typesupport_c.so
[5.818s] [ 56%] Linking C shared library libgps_visualization__rosidl_typesupport_introspection_c.so
[5.878s] [ 59%] Building CXX object CMakeFiles/gps_visualization__rosidl_typesupport_fastrtps_cpp.dir/rosidl_typesupport_fastrtps_cpp/gps_visualization/msg/detail/dds_fastrtps/nav_sat_fix_array__type_support.cpp.o
[5.918s] [ 59%] Built target gps_visualization__rosidl_typesupport_c
[5.920s] [ 59%] Built target gps_visualization__rosidl_typesupport_introspection_c
[6.244s] [ 62%] Linking CXX shared library libgps_visualization__rosidl_typesupport_cpp.so
[6.288s] [ 64%] Linking CXX shared library libgps_visualization__rosidl_typesupport_introspection_cpp.so
[6.306s] [ 64%] Built target gps_visualization__rosidl_typesupport_cpp
[6.380s] [ 64%] Built target gps_visualization__rosidl_typesupport_introspection_cpp
[6.467s] [ 67%] Linking CXX shared library libgps_visualization__rosidl_typesupport_fastrtps_c.so
[6.518s] [ 67%] Built target gps_visualization__rosidl_typesupport_fastrtps_c
[6.587s] [ 70%] Linking CXX shared library libgps_visualization__rosidl_typesupport_fastrtps_cpp.so
[6.653s] [ 70%] Built target gps_visualization__rosidl_typesupport_fastrtps_cpp
[6.672s] [ 70%] Built target gps_visualization
[6.689s] [ 75%] Generating Python code for ROS interfaces
[6.689s] [ 75%] Building CXX object CMakeFiles/gps_path_pub.dir/src/gps_path.cpp.o
[6.912s] [ 75%] Built target gps_visualization__py
[6.930s] [ 78%] Building C object CMakeFiles/gps_visualization__rosidl_generator_py.dir/rosidl_generator_py/gps_visualization/msg/_nav_sat_fix_array_s.c.o
[7.042s] [ 81%] Linking C shared library libgps_visualization__rosidl_generator_py.so
[7.086s] [ 81%] Built target gps_visualization__rosidl_generator_py
[7.113s] [ 89%] Building C object CMakeFiles/gps_visualization_s__rosidl_typesupport_introspection_c.dir/rosidl_generator_py/gps_visualization/_gps_visualization_s.ep.rosidl_typesupport_introspection_c.c.o
[7.113s] [ 89%] Building C object CMakeFiles/gps_visualization_s__rosidl_typesupport_fastrtps_c.dir/rosidl_generator_py/gps_visualization/_gps_visualization_s.ep.rosidl_typesupport_fastrtps_c.c.o
[7.113s] [ 89%] Building C object CMakeFiles/gps_visualization_s__rosidl_typesupport_c.dir/rosidl_generator_py/gps_visualization/_gps_visualization_s.ep.rosidl_typesupport_c.c.o
[7.208s] [ 91%] Linking C shared module rosidl_generator_py/gps_visualization/gps_visualization_s__rosidl_typesupport_fastrtps_c.so
[7.254s] [ 94%] Linking C shared module rosidl_generator_py/gps_visualization/gps_visualization_s__rosidl_typesupport_introspection_c.so
[7.262s] [ 94%] Built target gps_visualization_s__rosidl_typesupport_fastrtps_c
[7.270s] [ 97%] Linking C shared module rosidl_generator_py/gps_visualization/gps_visualization_s__rosidl_typesupport_c.so
[7.296s] [ 97%] Built target gps_visualization_s__rosidl_typesupport_introspection_c
[7.303s] [ 97%] Built target gps_visualization_s__rosidl_typesupport_c
[14.169s] [100%] Linking CXX executable gps_path_pub
[14.422s] [100%] Built target gps_path_pub
[14.431s] Invoked command in '/root/ros2_ws/build/gps_visualization' returned '0': CMAKE_PREFIX_PATH=${CMAKE_PREFIX_PATH}:/opt/ros/jazzy /usr/bin/cmake --build /root/ros2_ws/build/gps_visualization -- -j8 -l8
[14.432s] Invoking command in '/root/ros2_ws/build/gps_visualization': CMAKE_PREFIX_PATH=${CMAKE_PREFIX_PATH}:/opt/ros/jazzy /usr/bin/cmake --install /root/ros2_ws/build/gps_visualization
[14.439s] -- Install configuration: ""
[14.439s] -- Execute custom install script
[14.439s] -- Symlinking: /root/ros2_ws/install/gps_visualization/share/ament_index/resource_index/rosidl_interfaces/gps_visualization
[14.447s] -- Symlinking: /root/ros2_ws/install/gps_visualization/share/gps_visualization/msg/NavSatFixArray.json
[14.456s] -- Symlinking: /root/ros2_ws/install/gps_visualization/include/gps_visualization/gps_visualization/msg/detail/nav_sat_fix_array__functions.h
[14.463s] -- Symlinking: /root/ros2_ws/install/gps_visualization/include/gps_visualization/gps_visualization/msg/detail/nav_sat_fix_array__struct.h
[14.471s] -- Symlinking: /root/ros2_ws/install/gps_visualization/include/gps_visualization/gps_visualization/msg/detail/nav_sat_fix_array__type_support.h
[14.478s] -- Symlinking: /root/ros2_ws/install/gps_visualization/include/gps_visualization/gps_visualization/msg/nav_sat_fix_array.h
[14.485s] -- Symlinking: /root/ros2_ws/install/gps_visualization/include/gps_visualization/gps_visualization/msg/rosidl_generator_c__visibility_control.h
[14.492s] -- Symlinking: /root/ros2_ws/install/gps_visualization/share/gps_visualization/environment/library_path.sh
[14.499s] -- Symlinking: /root/ros2_ws/install/gps_visualization/share/gps_visualization/environment/library_path.dsv
[14.507s] -- Symlinking: /root/ros2_ws/install/gps_visualization/include/gps_visualization/gps_visualization/msg/detail/nav_sat_fix_array__rosidl_typesupport_fastrtps_c.h
[14.514s] -- Symlinking: /root/ros2_ws/install/gps_visualization/include/gps_visualization/gps_visualization/msg/rosidl_typesupport_fastrtps_c__visibility_control.h
[14.521s] -- Symlinking: /root/ros2_ws/install/gps_visualization/include/gps_visualization/gps_visualization/msg/detail/nav_sat_fix_array__builder.hpp
[14.528s] -- Symlinking: /root/ros2_ws/install/gps_visualization/include/gps_visualization/gps_visualization/msg/detail/nav_sat_fix_array__struct.hpp
[14.536s] -- Symlinking: /root/ros2_ws/install/gps_visualization/include/gps_visualization/gps_visualization/msg/detail/nav_sat_fix_array__traits.hpp
[14.543s] -- Symlinking: /root/ros2_ws/install/gps_visualization/include/gps_visualization/gps_visualization/msg/detail/nav_sat_fix_array__type_support.hpp
[14.550s] -- Symlinking: /root/ros2_ws/install/gps_visualization/include/gps_visualization/gps_visualization/msg/nav_sat_fix_array.hpp
[14.557s] -- Symlinking: /root/ros2_ws/install/gps_visualization/include/gps_visualization/gps_visualization/msg/rosidl_generator_cpp__visibility_control.hpp
[14.564s] -- Symlinking: /root/ros2_ws/install/gps_visualization/include/gps_visualization/gps_visualization/msg/detail/nav_sat_fix_array__rosidl_typesupport_fastrtps_cpp.hpp
[14.571s] -- Symlinking: /root/ros2_ws/install/gps_visualization/include/gps_visualization/gps_visualization/msg/rosidl_typesupport_fastrtps_cpp__visibility_control.h
[14.579s] -- Symlinking: /root/ros2_ws/install/gps_visualization/include/gps_visualization/gps_visualization/msg/detail/nav_sat_fix_array__rosidl_typesupport_introspection_c.h
[14.586s] -- Symlinking: /root/ros2_ws/install/gps_visualization/include/gps_visualization/gps_visualization/msg/rosidl_typesupport_introspection_c__visibility_control.h
[14.593s] -- Symlinking: /root/ros2_ws/install/gps_visualization/include/gps_visualization/gps_visualization/msg/detail/nav_sat_fix_array__rosidl_typesupport_introspection_cpp.hpp
[14.600s] -- Symlinking: /root/ros2_ws/install/gps_visualization/share/gps_visualization/environment/pythonpath.sh
[14.607s] -- Symlinking: /root/ros2_ws/install/gps_visualization/share/gps_visualization/environment/pythonpath.dsv
[14.615s] -- Symlinking: /root/ros2_ws/install/gps_visualization/lib/python3.12/site-packages/gps_visualization-0.0.0-py3.12.egg-info/PKG-INFO
[14.622s] -- Symlinking: /root/ros2_ws/install/gps_visualization/lib/python3.12/site-packages/gps_visualization-0.0.0-py3.12.egg-info/SOURCES.txt
[14.629s] -- Symlinking: /root/ros2_ws/install/gps_visualization/lib/python3.12/site-packages/gps_visualization-0.0.0-py3.12.egg-info/dependency_links.txt
[14.636s] -- Symlinking: /root/ros2_ws/install/gps_visualization/lib/python3.12/site-packages/gps_visualization-0.0.0-py3.12.egg-info/top_level.txt
[14.644s] -- Symlinking: /root/ros2_ws/install/gps_visualization/lib/python3.12/site-packages/gps_visualization/__init__.py
[14.651s] -- Symlinking: /root/ros2_ws/install/gps_visualization/lib/python3.12/site-packages/gps_visualization/_gps_visualization_s.ep.rosidl_typesupport_c.c
[14.658s] -- Symlinking: /root/ros2_ws/install/gps_visualization/lib/python3.12/site-packages/gps_visualization/_gps_visualization_s.ep.rosidl_typesupport_fastrtps_c.c
[14.665s] -- Symlinking: /root/ros2_ws/install/gps_visualization/lib/python3.12/site-packages/gps_visualization/_gps_visualization_s.ep.rosidl_typesupport_introspection_c.c
[14.672s] -- Symlinking: /root/ros2_ws/install/gps_visualization/lib/python3.12/site-packages/gps_visualization/gps_visualization_s__rosidl_typesupport_c.so
[14.679s] -- Symlinking: /root/ros2_ws/install/gps_visualization/lib/python3.12/site-packages/gps_visualization/gps_visualization_s__rosidl_typesupport_fastrtps_c.so
[14.686s] -- Symlinking: /root/ros2_ws/install/gps_visualization/lib/python3.12/site-packages/gps_visualization/gps_visualization_s__rosidl_typesupport_introspection_c.so
[14.694s] -- Symlinking: /root/ros2_ws/install/gps_visualization/lib/python3.12/site-packages/gps_visualization/msg/__init__.py
[14.701s] -- Symlinking: /root/ros2_ws/install/gps_visualization/lib/python3.12/site-packages/gps_visualization/msg/_nav_sat_fix_array.py
[14.708s] -- Symlinking: /root/ros2_ws/install/gps_visualization/lib/python3.12/site-packages/gps_visualization/msg/_nav_sat_fix_array_s.c
[14.715s] -- Up-to-date symlink: /root/ros2_ws/install/gps_visualization/lib/python3.12/site-packages/gps_visualization/gps_visualization_s__rosidl_typesupport_fastrtps_c.so
[14.715s] -- Up-to-date symlink: /root/ros2_ws/install/gps_visualization/lib/python3.12/site-packages/gps_visualization/gps_visualization_s__rosidl_typesupport_introspection_c.so
[14.715s] -- Up-to-date symlink: /root/ros2_ws/install/gps_visualization/lib/python3.12/site-packages/gps_visualization/gps_visualization_s__rosidl_typesupport_c.so
[14.715s] -- Symlinking: /root/ros2_ws/install/gps_visualization/share/ament_index/resource_index/rust_packages/gps_visualization
[14.723s] -- Symlinking: /root/ros2_ws/install/gps_visualization/share/gps_visualization/rust/Cargo.toml
[14.730s] -- Symlinking: /root/ros2_ws/install/gps_visualization/share/gps_visualization/rust/build.rs
[14.737s] -- Symlinking: /root/ros2_ws/install/gps_visualization/share/gps_visualization/rust/src/lib.rs
[14.744s] -- Symlinking: /root/ros2_ws/install/gps_visualization/share/gps_visualization/rust/src/msg.rs
[14.751s] -- Symlinking: /root/ros2_ws/install/gps_visualization/share/gps_visualization/rust/src/msg/rmw.rs
[14.759s] -- Symlinking: /root/ros2_ws/install/gps_visualization/share/gps_visualization/msg/NavSatFixArray.idl
[14.766s] -- Symlinking: /root/ros2_ws/install/gps_visualization/share/gps_visualization/msg/NavSatFixArray.msg
[14.773s] -- Symlinking: /root/ros2_ws/install/gps_visualization/share/ament_index/resource_index/package_run_dependencies/gps_visualization
[14.780s] -- Symlinking: /root/ros2_ws/install/gps_visualization/share/ament_index/resource_index/parent_prefix_path/gps_visualization
[14.787s] -- Symlinking: /root/ros2_ws/install/gps_visualization/share/gps_visualization/environment/ament_prefix_path.sh
[14.795s] -- Symlinking: /root/ros2_ws/install/gps_visualization/share/gps_visualization/environment/ament_prefix_path.dsv
[14.802s] -- Symlinking: /root/ros2_ws/install/gps_visualization/share/gps_visualization/environment/path.sh
[14.809s] -- Symlinking: /root/ros2_ws/install/gps_visualization/share/gps_visualization/environment/path.dsv
[14.817s] -- Symlinking: /root/ros2_ws/install/gps_visualization/share/gps_visualization/local_setup.bash
[14.824s] -- Symlinking: /root/ros2_ws/install/gps_visualization/share/gps_visualization/local_setup.sh
[14.831s] -- Symlinking: /root/ros2_ws/install/gps_visualization/share/gps_visualization/local_setup.zsh
[14.838s] -- Symlinking: /root/ros2_ws/install/gps_visualization/share/gps_visualization/local_setup.dsv
[14.845s] -- Symlinking: /root/ros2_ws/install/gps_visualization/share/gps_visualization/package.dsv
[14.853s] -- Symlinking: /root/ros2_ws/install/gps_visualization/share/ament_index/resource_index/packages/gps_visualization
[14.860s] -- Symlinking: /root/ros2_ws/install/gps_visualization/share/gps_visualization/cmake/rosidl_cmake-extras.cmake
[14.867s] -- Symlinking: /root/ros2_ws/install/gps_visualization/share/gps_visualization/cmake/ament_cmake_export_dependencies-extras.cmake
[14.875s] -- Symlinking: /root/ros2_ws/install/gps_visualization/share/gps_visualization/cmake/ament_cmake_export_include_directories-extras.cmake
[14.882s] -- Symlinking: /root/ros2_ws/install/gps_visualization/share/gps_visualization/cmake/ament_cmake_export_libraries-extras.cmake
[14.889s] -- Symlinking: /root/ros2_ws/install/gps_visualization/share/gps_visualization/cmake/ament_cmake_export_targets-extras.cmake
[14.896s] -- Symlinking: /root/ros2_ws/install/gps_visualization/share/gps_visualization/cmake/rosidl_cmake_export_typesupport_targets-extras.cmake
[14.904s] -- Symlinking: /root/ros2_ws/install/gps_visualization/share/gps_visualization/cmake/rosidl_cmake_export_typesupport_libraries-extras.cmake
[14.911s] -- Symlinking: /root/ros2_ws/install/gps_visualization/share/gps_visualization/cmake/gps_visualizationConfig.cmake
[14.918s] -- Symlinking: /root/ros2_ws/install/gps_visualization/share/gps_visualization/cmake/gps_visualizationConfig-version.cmake
[14.925s] -- Symlinking: /root/ros2_ws/install/gps_visualization/share/gps_visualization/package.xml
[14.932s] -- Symlinking: /root/ros2_ws/install/gps_visualization/lib/gps_visualization/gps_path_pub
[14.939s] -- Installing: /root/ros2_ws/install/gps_visualization/lib/libgps_visualization__rosidl_generator_c.so
[14.940s] -- Set non-toolchain portion of runtime path of "/root/ros2_ws/install/gps_visualization/lib/libgps_visualization__rosidl_generator_c.so" to ""
[14.940s] -- Installing: /root/ros2_ws/install/gps_visualization/lib/libgps_visualization__rosidl_typesupport_fastrtps_c.so
[14.940s] -- Set non-toolchain portion of runtime path of "/root/ros2_ws/install/gps_visualization/lib/libgps_visualization__rosidl_typesupport_fastrtps_c.so" to ""
[14.940s] -- Installing: /root/ros2_ws/install/gps_visualization/lib/libgps_visualization__rosidl_typesupport_fastrtps_cpp.so
[14.940s] -- Set non-toolchain portion of runtime path of "/root/ros2_ws/install/gps_visualization/lib/libgps_visualization__rosidl_typesupport_fastrtps_cpp.so" to ""
[14.940s] -- Installing: /root/ros2_ws/install/gps_visualization/lib/libgps_visualization__rosidl_typesupport_introspection_c.so
[14.941s] -- Set non-toolchain portion of runtime path of "/root/ros2_ws/install/gps_visualization/lib/libgps_visualization__rosidl_typesupport_introspection_c.so" to ""
[14.941s] -- Installing: /root/ros2_ws/install/gps_visualization/lib/libgps_visualization__rosidl_typesupport_c.so
[14.941s] -- Set non-toolchain portion of runtime path of "/root/ros2_ws/install/gps_visualization/lib/libgps_visualization__rosidl_typesupport_c.so" to ""
[14.941s] -- Installing: /root/ros2_ws/install/gps_visualization/lib/libgps_visualization__rosidl_typesupport_introspection_cpp.so
[14.941s] -- Set non-toolchain portion of runtime path of "/root/ros2_ws/install/gps_visualization/lib/libgps_visualization__rosidl_typesupport_introspection_cpp.so" to ""
[14.941s] -- Installing: /root/ros2_ws/install/gps_visualization/lib/libgps_visualization__rosidl_typesupport_cpp.so
[14.942s] -- Set non-toolchain portion of runtime path of "/root/ros2_ws/install/gps_visualization/lib/libgps_visualization__rosidl_typesupport_cpp.so" to ""
[14.973s] Listing '/root/ros2_ws/install/gps_visualization/lib/python3.12/site-packages/gps_visualization'...
[14.973s] Compiling '/root/ros2_ws/install/gps_visualization/lib/python3.12/site-packages/gps_visualization/__init__.py'...
[14.973s] Listing '/root/ros2_ws/install/gps_visualization/lib/python3.12/site-packages/gps_visualization/msg'...
[14.973s] Compiling '/root/ros2_ws/install/gps_visualization/lib/python3.12/site-packages/gps_visualization/msg/__init__.py'...
[14.973s] Compiling '/root/ros2_ws/install/gps_visualization/lib/python3.12/site-packages/gps_visualization/msg/_nav_sat_fix_array.py'...
[14.977s] -- Installing: /root/ros2_ws/install/gps_visualization/lib/libgps_visualization__rosidl_generator_py.so
[14.978s] -- Set non-toolchain portion of runtime path of "/root/ros2_ws/install/gps_visualization/lib/libgps_visualization__rosidl_generator_py.so" to ""
[14.978s] -- Installing: /root/ros2_ws/install/gps_visualization/share/gps_visualization/cmake/export_gps_visualization__rosidl_generator_cExport.cmake
[14.978s] -- Installing: /root/ros2_ws/install/gps_visualization/share/gps_visualization/cmake/export_gps_visualization__rosidl_generator_cExport-noconfig.cmake
[14.978s] -- Installing: /root/ros2_ws/install/gps_visualization/share/gps_visualization/cmake/export_gps_visualization__rosidl_typesupport_fastrtps_cExport.cmake
[14.978s] -- Installing: /root/ros2_ws/install/gps_visualization/share/gps_visualization/cmake/export_gps_visualization__rosidl_typesupport_fastrtps_cExport-noconfig.cmake
[14.979s] -- Installing: /root/ros2_ws/install/gps_visualization/share/gps_visualization/cmake/export_gps_visualization__rosidl_generator_cppExport.cmake
[14.979s] -- Installing: /root/ros2_ws/install/gps_visualization/share/gps_visualization/cmake/export_gps_visualization__rosidl_typesupport_fastrtps_cppExport.cmake
[14.979s] -- Installing: /root/ros2_ws/install/gps_visualization/share/gps_visualization/cmake/export_gps_visualization__rosidl_typesupport_fastrtps_cppExport-noconfig.cmake
[14.979s] -- Installing: /root/ros2_ws/install/gps_visualization/share/gps_visualization/cmake/gps_visualization__rosidl_typesupport_introspection_cExport.cmake
[14.979s] -- Installing: /root/ros2_ws/install/gps_visualization/share/gps_visualization/cmake/gps_visualization__rosidl_typesupport_introspection_cExport-noconfig.cmake
[14.979s] -- Installing: /root/ros2_ws/install/gps_visualization/share/gps_visualization/cmake/gps_visualization__rosidl_typesupport_cExport.cmake
[14.980s] -- Installing: /root/ros2_ws/install/gps_visualization/share/gps_visualization/cmake/gps_visualization__rosidl_typesupport_cExport-noconfig.cmake
[14.980s] -- Installing: /root/ros2_ws/install/gps_visualization/share/gps_visualization/cmake/gps_visualization__rosidl_typesupport_introspection_cppExport.cmake
[14.980s] -- Installing: /root/ros2_ws/install/gps_visualization/share/gps_visualization/cmake/gps_visualization__rosidl_typesupport_introspection_cppExport-noconfig.cmake
[14.980s] -- Installing: /root/ros2_ws/install/gps_visualization/share/gps_visualization/cmake/gps_visualization__rosidl_typesupport_cppExport.cmake
[14.980s] -- Installing: /root/ros2_ws/install/gps_visualization/share/gps_visualization/cmake/gps_visualization__rosidl_typesupport_cppExport-noconfig.cmake
[14.980s] -- Installing: /root/ros2_ws/install/gps_visualization/share/gps_visualization/cmake/export_gps_visualization__rosidl_generator_pyExport.cmake
[14.980s] -- Installing: /root/ros2_ws/install/gps_visualization/share/gps_visualization/cmake/export_gps_visualization__rosidl_generator_pyExport-noconfig.cmake
[14.981s] Invoked command in '/root/ros2_ws/build/gps_visualization' returned '0': CMAKE_PREFIX_PATH=${CMAKE_PREFIX_PATH}:/opt/ros/jazzy /usr/bin/cmake --install /root/ros2_ws/build/gps_visualization
