[0.108s] DEBUG:colcon:Command line arguments: ['/usr/bin/colcon', 'build', '--symlink-install', '--packages-select', 'direct_lidar_inertial_odometry', 'dlio_gazebo_sim']
[0.108s] DEBUG:colcon:Parsed command line arguments: Namespace(log_base=None, log_level=None, verb_name='build', build_base='build', install_base='install', merge_install=False, symlink_install=True, test_result_base=None, continue_on_error=False, executor='parallel', parallel_workers=8, event_handlers=None, ignore_user_meta=False, metas=['./colcon.meta'], base_paths=['.'], packages_ignore=None, packages_ignore_regex=None, paths=None, packages_up_to=None, packages_up_to_regex=None, packages_above=None, packages_above_and_dependencies=None, packages_above_depth=None, packages_select_by_dep=None, packages_skip_by_dep=None, packages_skip_up_to=None, packages_select_build_failed=False, packages_skip_build_finished=False, packages_select_test_failures=False, packages_skip_test_passed=False, packages_select=['direct_lidar_inertial_odometry', 'dlio_gazebo_sim'], packages_skip=None, packages_select_regex=None, packages_skip_regex=None, packages_start=None, packages_end=None, cmake_args=None, cmake_target=None, cmake_target_skip_unavailable=False, cmake_clean_cache=False, cmake_clean_first=False, cmake_force_configure=False, ament_cmake_args=None, catkin_cmake_args=None, catkin_skip_building_tests=False, mixin_files=None, mixin=None, verb_parser=<colcon_mixin.mixin.mixin_argument.MixinArgumentDecorator object at 0x7d4d6dc928a0>, verb_extension=<colcon_core.verb.build.BuildVerb object at 0x7d4d6dc924b0>, main=<bound method BuildVerb.main of <colcon_core.verb.build.BuildVerb object at 0x7d4d6dc924b0>>, mixin_verb=('build',))
[0.151s] Level 1:colcon.colcon_core.package_discovery:discover_packages(colcon_meta) check parameters
[0.152s] INFO:colcon.colcon_metadata.package_discovery.colcon_meta:Using configuration from '/root/.colcon/metadata/default/Gazebo.meta'
[0.152s] INFO:colcon.colcon_metadata.package_discovery.colcon_meta:Using configuration from '/root/.colcon/metadata/default/fastdds.meta'
[0.153s] INFO:colcon.colcon_metadata.package_discovery.colcon_meta:Using configuration from '/root/.colcon/metadata/default/fastrtps.meta'
[0.153s] Level 1:colcon.colcon_core.package_discovery:discover_packages(recursive) check parameters
[0.153s] Level 1:colcon.colcon_core.package_discovery:discover_packages(ignore) check parameters
[0.153s] Level 1:colcon.colcon_core.package_discovery:discover_packages(path) check parameters
[0.153s] Level 1:colcon.colcon_core.package_discovery:discover_packages(colcon_meta) discover
[0.153s] Level 1:colcon.colcon_core.package_discovery:discover_packages(recursive) discover
[0.153s] INFO:colcon.colcon_core.package_discovery:Crawling recursively for packages in '/root/ros2_ws'
[0.153s] Level 1:colcon.colcon_core.package_identification:_identify(.) by extensions ['ignore', 'ignore_ament_install']
[0.153s] Level 1:colcon.colcon_core.package_identification:_identify(.) by extension 'ignore'
[0.153s] Level 1:colcon.colcon_core.package_identification:_identify(.) by extension 'ignore_ament_install'
[0.153s] Level 1:colcon.colcon_core.package_identification:_identify(.) by extensions ['colcon_pkg']
[0.153s] Level 1:colcon.colcon_core.package_identification:_identify(.) by extension 'colcon_pkg'
[0.153s] Level 1:colcon.colcon_core.package_identification:_identify(.) by extensions ['colcon_meta']
[0.153s] Level 1:colcon.colcon_core.package_identification:_identify(.) by extension 'colcon_meta'
[0.153s] Level 1:colcon.colcon_core.package_identification:_identify(.) by extensions ['ros']
[0.153s] Level 1:colcon.colcon_core.package_identification:_identify(.) by extension 'ros'
[0.177s] Level 1:colcon.colcon_core.package_identification:_identify(.) by extensions ['cmake', 'python']
[0.177s] Level 1:colcon.colcon_core.package_identification:_identify(.) by extension 'cmake'
[0.177s] Level 1:colcon.colcon_core.package_identification:_identify(.) by extension 'python'
[0.177s] Level 1:colcon.colcon_core.package_identification:_identify(.) by extensions ['python_setup_py']
[0.177s] Level 1:colcon.colcon_core.package_identification:_identify(.) by extension 'python_setup_py'
[0.177s] Level 1:colcon.colcon_core.package_identification:_identify(build) by extensions ['ignore', 'ignore_ament_install']
[0.177s] Level 1:colcon.colcon_core.package_identification:_identify(build) by extension 'ignore'
[0.177s] Level 1:colcon.colcon_core.package_identification:_identify(build) ignored
[0.177s] Level 1:colcon.colcon_core.package_identification:_identify(explorfm_real_triplet_inputs) by extensions ['ignore', 'ignore_ament_install']
[0.177s] Level 1:colcon.colcon_core.package_identification:_identify(explorfm_real_triplet_inputs) by extension 'ignore'
[0.178s] Level 1:colcon.colcon_core.package_identification:_identify(explorfm_real_triplet_inputs) by extension 'ignore_ament_install'
[0.178s] Level 1:colcon.colcon_core.package_identification:_identify(explorfm_real_triplet_inputs) by extensions ['colcon_pkg']
[0.178s] Level 1:colcon.colcon_core.package_identification:_identify(explorfm_real_triplet_inputs) by extension 'colcon_pkg'
[0.178s] Level 1:colcon.colcon_core.package_identification:_identify(explorfm_real_triplet_inputs) by extensions ['colcon_meta']
[0.178s] Level 1:colcon.colcon_core.package_identification:_identify(explorfm_real_triplet_inputs) by extension 'colcon_meta'
[0.178s] Level 1:colcon.colcon_core.package_identification:_identify(explorfm_real_triplet_inputs) by extensions ['ros']
[0.178s] Level 1:colcon.colcon_core.package_identification:_identify(explorfm_real_triplet_inputs) by extension 'ros'
[0.178s] Level 1:colcon.colcon_core.package_identification:_identify(explorfm_real_triplet_inputs) by extensions ['cmake', 'python']
[0.178s] Level 1:colcon.colcon_core.package_identification:_identify(explorfm_real_triplet_inputs) by extension 'cmake'
[0.178s] Level 1:colcon.colcon_core.package_identification:_identify(explorfm_real_triplet_inputs) by extension 'python'
[0.178s] Level 1:colcon.colcon_core.package_identification:_identify(explorfm_real_triplet_inputs) by extensions ['python_setup_py']
[0.178s] Level 1:colcon.colcon_core.package_identification:_identify(explorfm_real_triplet_inputs) by extension 'python_setup_py'
[0.178s] Level 1:colcon.colcon_core.package_identification:_identify(install) by extensions ['ignore', 'ignore_ament_install']
[0.178s] Level 1:colcon.colcon_core.package_identification:_identify(install) by extension 'ignore'
[0.179s] Level 1:colcon.colcon_core.package_identification:_identify(install) ignored
[0.179s] Level 1:colcon.colcon_core.package_identification:_identify(log) by extensions ['ignore', 'ignore_ament_install']
[0.179s] Level 1:colcon.colcon_core.package_identification:_identify(log) by extension 'ignore'
[0.179s] Level 1:colcon.colcon_core.package_identification:_identify(log) ignored
[0.179s] Level 1:colcon.colcon_core.package_identification:_identify(scripts) by extensions ['ignore', 'ignore_ament_install']
[0.179s] Level 1:colcon.colcon_core.package_identification:_identify(scripts) by extension 'ignore'
[0.179s] Level 1:colcon.colcon_core.package_identification:_identify(scripts) by extension 'ignore_ament_install'
[0.179s] Level 1:colcon.colcon_core.package_identification:_identify(scripts) by extensions ['colcon_pkg']
[0.179s] Level 1:colcon.colcon_core.package_identification:_identify(scripts) by extension 'colcon_pkg'
[0.179s] Level 1:colcon.colcon_core.package_identification:_identify(scripts) by extensions ['colcon_meta']
[0.179s] Level 1:colcon.colcon_core.package_identification:_identify(scripts) by extension 'colcon_meta'
[0.179s] Level 1:colcon.colcon_core.package_identification:_identify(scripts) by extensions ['ros']
[0.180s] Level 1:colcon.colcon_core.package_identification:_identify(scripts) by extension 'ros'
[0.180s] Level 1:colcon.colcon_core.package_identification:_identify(scripts) by extensions ['cmake', 'python']
[0.180s] Level 1:colcon.colcon_core.package_identification:_identify(scripts) by extension 'cmake'
[0.180s] Level 1:colcon.colcon_core.package_identification:_identify(scripts) by extension 'python'
[0.180s] Level 1:colcon.colcon_core.package_identification:_identify(scripts) by extensions ['python_setup_py']
[0.180s] Level 1:colcon.colcon_core.package_identification:_identify(scripts) by extension 'python_setup_py'
[0.180s] Level 1:colcon.colcon_core.package_identification:_identify(scripts/__pycache__) by extensions ['ignore', 'ignore_ament_install']
[0.180s] Level 1:colcon.colcon_core.package_identification:_identify(scripts/__pycache__) by extension 'ignore'
[0.180s] Level 1:colcon.colcon_core.package_identification:_identify(scripts/__pycache__) by extension 'ignore_ament_install'
[0.180s] Level 1:colcon.colcon_core.package_identification:_identify(scripts/__pycache__) by extensions ['colcon_pkg']
[0.180s] Level 1:colcon.colcon_core.package_identification:_identify(scripts/__pycache__) by extension 'colcon_pkg'
[0.180s] Level 1:colcon.colcon_core.package_identification:_identify(scripts/__pycache__) by extensions ['colcon_meta']
[0.180s] Level 1:colcon.colcon_core.package_identification:_identify(scripts/__pycache__) by extension 'colcon_meta'
[0.180s] Level 1:colcon.colcon_core.package_identification:_identify(scripts/__pycache__) by extensions ['ros']
[0.181s] Level 1:colcon.colcon_core.package_identification:_identify(scripts/__pycache__) by extension 'ros'
[0.181s] Level 1:colcon.colcon_core.package_identification:_identify(scripts/__pycache__) by extensions ['cmake', 'python']
[0.181s] Level 1:colcon.colcon_core.package_identification:_identify(scripts/__pycache__) by extension 'cmake'
[0.181s] Level 1:colcon.colcon_core.package_identification:_identify(scripts/__pycache__) by extension 'python'
[0.181s] Level 1:colcon.colcon_core.package_identification:_identify(scripts/__pycache__) by extensions ['python_setup_py']
[0.181s] Level 1:colcon.colcon_core.package_identification:_identify(scripts/__pycache__) by extension 'python_setup_py'
[0.181s] Level 1:colcon.colcon_core.package_identification:_identify(src) by extensions ['ignore', 'ignore_ament_install']
[0.181s] Level 1:colcon.colcon_core.package_identification:_identify(src) by extension 'ignore'
[0.181s] Level 1:colcon.colcon_core.package_identification:_identify(src) by extension 'ignore_ament_install'
[0.181s] Level 1:colcon.colcon_core.package_identification:_identify(src) by extensions ['colcon_pkg']
[0.181s] Level 1:colcon.colcon_core.package_identification:_identify(src) by extension 'colcon_pkg'
[0.181s] Level 1:colcon.colcon_core.package_identification:_identify(src) by extensions ['colcon_meta']
[0.181s] Level 1:colcon.colcon_core.package_identification:_identify(src) by extension 'colcon_meta'
[0.181s] Level 1:colcon.colcon_core.package_identification:_identify(src) by extensions ['ros']
[0.182s] Level 1:colcon.colcon_core.package_identification:_identify(src) by extension 'ros'
[0.182s] Level 1:colcon.colcon_core.package_identification:_identify(src) by extensions ['cmake', 'python']
[0.182s] Level 1:colcon.colcon_core.package_identification:_identify(src) by extension 'cmake'
[0.182s] Level 1:colcon.colcon_core.package_identification:_identify(src) by extension 'python'
[0.182s] Level 1:colcon.colcon_core.package_identification:_identify(src) by extensions ['python_setup_py']
[0.182s] Level 1:colcon.colcon_core.package_identification:_identify(src) by extension 'python_setup_py'
[0.182s] Level 1:colcon.colcon_core.package_identification:_identify(src/direct_lidar_inertial_odometry-feature-ros2) by extensions ['ignore', 'ignore_ament_install']
[0.182s] Level 1:colcon.colcon_core.package_identification:_identify(src/direct_lidar_inertial_odometry-feature-ros2) by extension 'ignore'
[0.182s] Level 1:colcon.colcon_core.package_identification:_identify(src/direct_lidar_inertial_odometry-feature-ros2) by extension 'ignore_ament_install'
[0.182s] Level 1:colcon.colcon_core.package_identification:_identify(src/direct_lidar_inertial_odometry-feature-ros2) by extensions ['colcon_pkg']
[0.182s] Level 1:colcon.colcon_core.package_identification:_identify(src/direct_lidar_inertial_odometry-feature-ros2) by extension 'colcon_pkg'
[0.182s] Level 1:colcon.colcon_core.package_identification:_identify(src/direct_lidar_inertial_odometry-feature-ros2) by extensions ['colcon_meta']
[0.182s] Level 1:colcon.colcon_core.package_identification:_identify(src/direct_lidar_inertial_odometry-feature-ros2) by extension 'colcon_meta'
[0.183s] Level 1:colcon.colcon_core.package_identification:_identify(src/direct_lidar_inertial_odometry-feature-ros2) by extensions ['ros']
[0.183s] Level 1:colcon.colcon_core.package_identification:_identify(src/direct_lidar_inertial_odometry-feature-ros2) by extension 'ros'
[0.185s] DEBUG:colcon.colcon_core.package_identification:Package 'src/direct_lidar_inertial_odometry-feature-ros2' with type 'ros.ament_cmake' and name 'direct_lidar_inertial_odometry'
[0.185s] Level 1:colcon.colcon_core.package_identification:_identify(src/dlio_gazebo_sim) by extensions ['ignore', 'ignore_ament_install']
[0.185s] Level 1:colcon.colcon_core.package_identification:_identify(src/dlio_gazebo_sim) by extension 'ignore'
[0.185s] Level 1:colcon.colcon_core.package_identification:_identify(src/dlio_gazebo_sim) by extension 'ignore_ament_install'
[0.185s] Level 1:colcon.colcon_core.package_identification:_identify(src/dlio_gazebo_sim) by extensions ['colcon_pkg']
[0.186s] Level 1:colcon.colcon_core.package_identification:_identify(src/dlio_gazebo_sim) by extension 'colcon_pkg'
[0.186s] Level 1:colcon.colcon_core.package_identification:_identify(src/dlio_gazebo_sim) by extensions ['colcon_meta']
[0.186s] Level 1:colcon.colcon_core.package_identification:_identify(src/dlio_gazebo_sim) by extension 'colcon_meta'
[0.186s] Level 1:colcon.colcon_core.package_identification:_identify(src/dlio_gazebo_sim) by extensions ['ros']
[0.186s] Level 1:colcon.colcon_core.package_identification:_identify(src/dlio_gazebo_sim) by extension 'ros'
[0.186s] DEBUG:colcon.colcon_core.package_identification:Package 'src/dlio_gazebo_sim' with type 'ros.ament_python' and name 'dlio_gazebo_sim'
[0.186s] Level 1:colcon.colcon_core.package_identification:_identify(src/elevation_mapping_cupy) by extensions ['ignore', 'ignore_ament_install']
[0.186s] Level 1:colcon.colcon_core.package_identification:_identify(src/elevation_mapping_cupy) by extension 'ignore'
[0.187s] Level 1:colcon.colcon_core.package_identification:_identify(src/elevation_mapping_cupy) by extension 'ignore_ament_install'
[0.187s] Level 1:colcon.colcon_core.package_identification:_identify(src/elevation_mapping_cupy) by extensions ['colcon_pkg']
[0.187s] Level 1:colcon.colcon_core.package_identification:_identify(src/elevation_mapping_cupy) by extension 'colcon_pkg'
[0.187s] Level 1:colcon.colcon_core.package_identification:_identify(src/elevation_mapping_cupy) by extensions ['colcon_meta']
[0.187s] Level 1:colcon.colcon_core.package_identification:_identify(src/elevation_mapping_cupy) by extension 'colcon_meta'
[0.187s] Level 1:colcon.colcon_core.package_identification:_identify(src/elevation_mapping_cupy) by extensions ['ros']
[0.187s] Level 1:colcon.colcon_core.package_identification:_identify(src/elevation_mapping_cupy) by extension 'ros'
[0.187s] Level 1:colcon.colcon_core.package_identification:_identify(src/elevation_mapping_cupy) by extensions ['cmake', 'python']
[0.187s] Level 1:colcon.colcon_core.package_identification:_identify(src/elevation_mapping_cupy) by extension 'cmake'
[0.187s] Level 1:colcon.colcon_core.package_identification:_identify(src/elevation_mapping_cupy) by extension 'python'
[0.187s] Level 1:colcon.colcon_core.package_identification:_identify(src/elevation_mapping_cupy) by extensions ['python_setup_py']
[0.187s] Level 1:colcon.colcon_core.package_identification:_identify(src/elevation_mapping_cupy) by extension 'python_setup_py'
[0.187s] Level 1:colcon.colcon_core.package_identification:_identify(src/elevation_mapping_cupy/docker) by extensions ['ignore', 'ignore_ament_install']
[0.188s] Level 1:colcon.colcon_core.package_identification:_identify(src/elevation_mapping_cupy/docker) by extension 'ignore'
[0.188s] Level 1:colcon.colcon_core.package_identification:_identify(src/elevation_mapping_cupy/docker) by extension 'ignore_ament_install'
[0.188s] Level 1:colcon.colcon_core.package_identification:_identify(src/elevation_mapping_cupy/docker) by extensions ['colcon_pkg']
[0.188s] Level 1:colcon.colcon_core.package_identification:_identify(src/elevation_mapping_cupy/docker) by extension 'colcon_pkg'
[0.188s] Level 1:colcon.colcon_core.package_identification:_identify(src/elevation_mapping_cupy/docker) by extensions ['colcon_meta']
[0.188s] Level 1:colcon.colcon_core.package_identification:_identify(src/elevation_mapping_cupy/docker) by extension 'colcon_meta'
[0.188s] Level 1:colcon.colcon_core.package_identification:_identify(src/elevation_mapping_cupy/docker) by extensions ['ros']
[0.188s] Level 1:colcon.colcon_core.package_identification:_identify(src/elevation_mapping_cupy/docker) by extension 'ros'
[0.188s] Level 1:colcon.colcon_core.package_identification:_identify(src/elevation_mapping_cupy/docker) by extensions ['cmake', 'python']
[0.188s] Level 1:colcon.colcon_core.package_identification:_identify(src/elevation_mapping_cupy/docker) by extension 'cmake'
[0.188s] Level 1:colcon.colcon_core.package_identification:_identify(src/elevation_mapping_cupy/docker) by extension 'python'
[0.188s] Level 1:colcon.colcon_core.package_identification:_identify(src/elevation_mapping_cupy/docker) by extensions ['python_setup_py']
[0.188s] Level 1:colcon.colcon_core.package_identification:_identify(src/elevation_mapping_cupy/docker) by extension 'python_setup_py'
[0.188s] Level 1:colcon.colcon_core.package_identification:_identify(src/elevation_mapping_cupy/docs) by extensions ['ignore', 'ignore_ament_install']
[0.188s] Level 1:colcon.colcon_core.package_identification:_identify(src/elevation_mapping_cupy/docs) by extension 'ignore'
[0.188s] Level 1:colcon.colcon_core.package_identification:_identify(src/elevation_mapping_cupy/docs) by extension 'ignore_ament_install'
[0.188s] Level 1:colcon.colcon_core.package_identification:_identify(src/elevation_mapping_cupy/docs) by extensions ['colcon_pkg']
[0.189s] Level 1:colcon.colcon_core.package_identification:_identify(src/elevation_mapping_cupy/docs) by extension 'colcon_pkg'
[0.189s] Level 1:colcon.colcon_core.package_identification:_identify(src/elevation_mapping_cupy/docs) by extensions ['colcon_meta']
[0.189s] Level 1:colcon.colcon_core.package_identification:_identify(src/elevation_mapping_cupy/docs) by extension 'colcon_meta'
[0.189s] Level 1:colcon.colcon_core.package_identification:_identify(src/elevation_mapping_cupy/docs) by extensions ['ros']
[0.189s] Level 1:colcon.colcon_core.package_identification:_identify(src/elevation_mapping_cupy/docs) by extension 'ros'
[0.189s] Level 1:colcon.colcon_core.package_identification:_identify(src/elevation_mapping_cupy/docs) by extensions ['cmake', 'python']
[0.189s] Level 1:colcon.colcon_core.package_identification:_identify(src/elevation_mapping_cupy/docs) by extension 'cmake'
[0.189s] Level 1:colcon.colcon_core.package_identification:_identify(src/elevation_mapping_cupy/docs) by extension 'python'
[0.189s] Level 1:colcon.colcon_core.package_identification:_identify(src/elevation_mapping_cupy/docs) by extensions ['python_setup_py']
[0.189s] Level 1:colcon.colcon_core.package_identification:_identify(src/elevation_mapping_cupy/docs) by extension 'python_setup_py'
[0.189s] Level 1:colcon.colcon_core.package_identification:_identify(src/elevation_mapping_cupy/docs/media) by extensions ['ignore', 'ignore_ament_install']
[0.189s] Level 1:colcon.colcon_core.package_identification:_identify(src/elevation_mapping_cupy/docs/media) by extension 'ignore'
[0.189s] Level 1:colcon.colcon_core.package_identification:_identify(src/elevation_mapping_cupy/docs/media) by extension 'ignore_ament_install'
[0.189s] Level 1:colcon.colcon_core.package_identification:_identify(src/elevation_mapping_cupy/docs/media) by extensions ['colcon_pkg']
[0.189s] Level 1:colcon.colcon_core.package_identification:_identify(src/elevation_mapping_cupy/docs/media) by extension 'colcon_pkg'
[0.189s] Level 1:colcon.colcon_core.package_identification:_identify(src/elevation_mapping_cupy/docs/media) by extensions ['colcon_meta']
[0.189s] Level 1:colcon.colcon_core.package_identification:_identify(src/elevation_mapping_cupy/docs/media) by extension 'colcon_meta'
[0.189s] Level 1:colcon.colcon_core.package_identification:_identify(src/elevation_mapping_cupy/docs/media) by extensions ['ros']
[0.189s] Level 1:colcon.colcon_core.package_identification:_identify(src/elevation_mapping_cupy/docs/media) by extension 'ros'
[0.190s] Level 1:colcon.colcon_core.package_identification:_identify(src/elevation_mapping_cupy/docs/media) by extensions ['cmake', 'python']
[0.190s] Level 1:colcon.colcon_core.package_identification:_identify(src/elevation_mapping_cupy/docs/media) by extension 'cmake'
[0.190s] Level 1:colcon.colcon_core.package_identification:_identify(src/elevation_mapping_cupy/docs/media) by extension 'python'
[0.190s] Level 1:colcon.colcon_core.package_identification:_identify(src/elevation_mapping_cupy/docs/media) by extensions ['python_setup_py']
[0.190s] Level 1:colcon.colcon_core.package_identification:_identify(src/elevation_mapping_cupy/docs/media) by extension 'python_setup_py'
[0.190s] Level 1:colcon.colcon_core.package_identification:_identify(src/elevation_mapping_cupy/docs/reviews) by extensions ['ignore', 'ignore_ament_install']
[0.190s] Level 1:colcon.colcon_core.package_identification:_identify(src/elevation_mapping_cupy/docs/reviews) by extension 'ignore'
[0.190s] Level 1:colcon.colcon_core.package_identification:_identify(src/elevation_mapping_cupy/docs/reviews) by extension 'ignore_ament_install'
[0.190s] Level 1:colcon.colcon_core.package_identification:_identify(src/elevation_mapping_cupy/docs/reviews) by extensions ['colcon_pkg']
[0.190s] Level 1:colcon.colcon_core.package_identification:_identify(src/elevation_mapping_cupy/docs/reviews) by extension 'colcon_pkg'
[0.190s] Level 1:colcon.colcon_core.package_identification:_identify(src/elevation_mapping_cupy/docs/reviews) by extensions ['colcon_meta']
[0.190s] Level 1:colcon.colcon_core.package_identification:_identify(src/elevation_mapping_cupy/docs/reviews) by extension 'colcon_meta'
[0.190s] Level 1:colcon.colcon_core.package_identification:_identify(src/elevation_mapping_cupy/docs/reviews) by extensions ['ros']
[0.190s] Level 1:colcon.colcon_core.package_identification:_identify(src/elevation_mapping_cupy/docs/reviews) by extension 'ros'
[0.190s] Level 1:colcon.colcon_core.package_identification:_identify(src/elevation_mapping_cupy/docs/reviews) by extensions ['cmake', 'python']
[0.190s] Level 1:colcon.colcon_core.package_identification:_identify(src/elevation_mapping_cupy/docs/reviews) by extension 'cmake'
[0.190s] Level 1:colcon.colcon_core.package_identification:_identify(src/elevation_mapping_cupy/docs/reviews) by extension 'python'
[0.190s] Level 1:colcon.colcon_core.package_identification:_identify(src/elevation_mapping_cupy/docs/reviews) by extensions ['python_setup_py']
[0.190s] Level 1:colcon.colcon_core.package_identification:_identify(src/elevation_mapping_cupy/docs/reviews) by extension 'python_setup_py'
[0.191s] Level 1:colcon.colcon_core.package_identification:_identify(src/elevation_mapping_cupy/docs/source) by extensions ['ignore', 'ignore_ament_install']
[0.191s] Level 1:colcon.colcon_core.package_identification:_identify(src/elevation_mapping_cupy/docs/source) by extension 'ignore'
[0.191s] Level 1:colcon.colcon_core.package_identification:_identify(src/elevation_mapping_cupy/docs/source) by extension 'ignore_ament_install'
[0.191s] Level 1:colcon.colcon_core.package_identification:_identify(src/elevation_mapping_cupy/docs/source) by extensions ['colcon_pkg']
[0.191s] Level 1:colcon.colcon_core.package_identification:_identify(src/elevation_mapping_cupy/docs/source) by extension 'colcon_pkg'
[0.191s] Level 1:colcon.colcon_core.package_identification:_identify(src/elevation_mapping_cupy/docs/source) by extensions ['colcon_meta']
[0.191s] Level 1:colcon.colcon_core.package_identification:_identify(src/elevation_mapping_cupy/docs/source) by extension 'colcon_meta'
[0.191s] Level 1:colcon.colcon_core.package_identification:_identify(src/elevation_mapping_cupy/docs/source) by extensions ['ros']
[0.191s] Level 1:colcon.colcon_core.package_identification:_identify(src/elevation_mapping_cupy/docs/source) by extension 'ros'
[0.191s] Level 1:colcon.colcon_core.package_identification:_identify(src/elevation_mapping_cupy/docs/source) by extensions ['cmake', 'python']
[0.191s] Level 1:colcon.colcon_core.package_identification:_identify(src/elevation_mapping_cupy/docs/source) by extension 'cmake'
[0.191s] Level 1:colcon.colcon_core.package_identification:_identify(src/elevation_mapping_cupy/docs/source) by extension 'python'
[0.191s] Level 1:colcon.colcon_core.package_identification:_identify(src/elevation_mapping_cupy/docs/source) by extensions ['python_setup_py']
[0.191s] Level 1:colcon.colcon_core.package_identification:_identify(src/elevation_mapping_cupy/docs/source) by extension 'python_setup_py'
[0.191s] Level 1:colcon.colcon_core.package_identification:_identify(src/elevation_mapping_cupy/docs/source/getting_started) by extensions ['ignore', 'ignore_ament_install']
[0.191s] Level 1:colcon.colcon_core.package_identification:_identify(src/elevation_mapping_cupy/docs/source/getting_started) by extension 'ignore'
[0.191s] Level 1:colcon.colcon_core.package_identification:_identify(src/elevation_mapping_cupy/docs/source/getting_started) by extension 'ignore_ament_install'
[0.192s] Level 1:colcon.colcon_core.package_identification:_identify(src/elevation_mapping_cupy/docs/source/getting_started) by extensions ['colcon_pkg']
[0.192s] Level 1:colcon.colcon_core.package_identification:_identify(src/elevation_mapping_cupy/docs/source/getting_started) by extension 'colcon_pkg'
[0.192s] Level 1:colcon.colcon_core.package_identification:_identify(src/elevation_mapping_cupy/docs/source/getting_started) by extensions ['colcon_meta']
[0.192s] Level 1:colcon.colcon_core.package_identification:_identify(src/elevation_mapping_cupy/docs/source/getting_started) by extension 'colcon_meta'
[0.192s] Level 1:colcon.colcon_core.package_identification:_identify(src/elevation_mapping_cupy/docs/source/getting_started) by extensions ['ros']
[0.192s] Level 1:colcon.colcon_core.package_identification:_identify(src/elevation_mapping_cupy/docs/source/getting_started) by extension 'ros'
[0.192s] Level 1:colcon.colcon_core.package_identification:_identify(src/elevation_mapping_cupy/docs/source/getting_started) by extensions ['cmake', 'python']
[0.192s] Level 1:colcon.colcon_core.package_identification:_identify(src/elevation_mapping_cupy/docs/source/getting_started) by extension 'cmake'
[0.192s] Level 1:colcon.colcon_core.package_identification:_identify(src/elevation_mapping_cupy/docs/source/getting_started) by extension 'python'
[0.192s] Level 1:colcon.colcon_core.package_identification:_identify(src/elevation_mapping_cupy/docs/source/getting_started) by extensions ['python_setup_py']
[0.192s] Level 1:colcon.colcon_core.package_identification:_identify(src/elevation_mapping_cupy/docs/source/getting_started) by extension 'python_setup_py'
[0.192s] Level 1:colcon.colcon_core.package_identification:_identify(src/elevation_mapping_cupy/docs/source/python) by extensions ['ignore', 'ignore_ament_install']
[0.192s] Level 1:colcon.colcon_core.package_identification:_identify(src/elevation_mapping_cupy/docs/source/python) by extension 'ignore'
[0.192s] Level 1:colcon.colcon_core.package_identification:_identify(src/elevation_mapping_cupy/docs/source/python) by extension 'ignore_ament_install'
[0.192s] Level 1:colcon.colcon_core.package_identification:_identify(src/elevation_mapping_cupy/docs/source/python) by extensions ['colcon_pkg']
[0.192s] Level 1:colcon.colcon_core.package_identification:_identify(src/elevation_mapping_cupy/docs/source/python) by extension 'colcon_pkg'
[0.192s] Level 1:colcon.colcon_core.package_identification:_identify(src/elevation_mapping_cupy/docs/source/python) by extensions ['colcon_meta']
[0.192s] Level 1:colcon.colcon_core.package_identification:_identify(src/elevation_mapping_cupy/docs/source/python) by extension 'colcon_meta'
[0.192s] Level 1:colcon.colcon_core.package_identification:_identify(src/elevation_mapping_cupy/docs/source/python) by extensions ['ros']
[0.193s] Level 1:colcon.colcon_core.package_identification:_identify(src/elevation_mapping_cupy/docs/source/python) by extension 'ros'
[0.193s] Level 1:colcon.colcon_core.package_identification:_identify(src/elevation_mapping_cupy/docs/source/python) by extensions ['cmake', 'python']
[0.193s] Level 1:colcon.colcon_core.package_identification:_identify(src/elevation_mapping_cupy/docs/source/python) by extension 'cmake'
[0.193s] Level 1:colcon.colcon_core.package_identification:_identify(src/elevation_mapping_cupy/docs/source/python) by extension 'python'
[0.193s] Level 1:colcon.colcon_core.package_identification:_identify(src/elevation_mapping_cupy/docs/source/python) by extensions ['python_setup_py']
[0.193s] Level 1:colcon.colcon_core.package_identification:_identify(src/elevation_mapping_cupy/docs/source/python) by extension 'python_setup_py'
[0.193s] Level 1:colcon.colcon_core.package_identification:_identify(src/elevation_mapping_cupy/docs/source/release_notes) by extensions ['ignore', 'ignore_ament_install']
[0.193s] Level 1:colcon.colcon_core.package_identification:_identify(src/elevation_mapping_cupy/docs/source/release_notes) by extension 'ignore'
[0.193s] Level 1:colcon.colcon_core.package_identification:_identify(src/elevation_mapping_cupy/docs/source/release_notes) by extension 'ignore_ament_install'
[0.193s] Level 1:colcon.colcon_core.package_identification:_identify(src/elevation_mapping_cupy/docs/source/release_notes) by extensions ['colcon_pkg']
[0.193s] Level 1:colcon.colcon_core.package_identification:_identify(src/elevation_mapping_cupy/docs/source/release_notes) by extension 'colcon_pkg'
[0.193s] Level 1:colcon.colcon_core.package_identification:_identify(src/elevation_mapping_cupy/docs/source/release_notes) by extensions ['colcon_meta']
[0.193s] Level 1:colcon.colcon_core.package_identification:_identify(src/elevation_mapping_cupy/docs/source/release_notes) by extension 'colcon_meta'
[0.193s] Level 1:colcon.colcon_core.package_identification:_identify(src/elevation_mapping_cupy/docs/source/release_notes) by extensions ['ros']
[0.193s] Level 1:colcon.colcon_core.package_identification:_identify(src/elevation_mapping_cupy/docs/source/release_notes) by extension 'ros'
[0.193s] Level 1:colcon.colcon_core.package_identification:_identify(src/elevation_mapping_cupy/docs/source/release_notes) by extensions ['cmake', 'python']
[0.193s] Level 1:colcon.colcon_core.package_identification:_identify(src/elevation_mapping_cupy/docs/source/release_notes) by extension 'cmake'
[0.193s] Level 1:colcon.colcon_core.package_identification:_identify(src/elevation_mapping_cupy/docs/source/release_notes) by extension 'python'
[0.193s] Level 1:colcon.colcon_core.package_identification:_identify(src/elevation_mapping_cupy/docs/source/release_notes) by extensions ['python_setup_py']
[0.194s] Level 1:colcon.colcon_core.package_identification:_identify(src/elevation_mapping_cupy/docs/source/release_notes) by extension 'python_setup_py'
[0.194s] Level 1:colcon.colcon_core.package_identification:_identify(src/elevation_mapping_cupy/docs/source/usage) by extensions ['ignore', 'ignore_ament_install']
[0.194s] Level 1:colcon.colcon_core.package_identification:_identify(src/elevation_mapping_cupy/docs/source/usage) by extension 'ignore'
[0.194s] Level 1:colcon.colcon_core.package_identification:_identify(src/elevation_mapping_cupy/docs/source/usage) by extension 'ignore_ament_install'
[0.194s] Level 1:colcon.colcon_core.package_identification:_identify(src/elevation_mapping_cupy/docs/source/usage) by extensions ['colcon_pkg']
[0.194s] Level 1:colcon.colcon_core.package_identification:_identify(src/elevation_mapping_cupy/docs/source/usage) by extension 'colcon_pkg'
[0.194s] Level 1:colcon.colcon_core.package_identification:_identify(src/elevation_mapping_cupy/docs/source/usage) by extensions ['colcon_meta']
[0.194s] Level 1:colcon.colcon_core.package_identification:_identify(src/elevation_mapping_cupy/docs/source/usage) by extension 'colcon_meta'
[0.194s] Level 1:colcon.colcon_core.package_identification:_identify(src/elevation_mapping_cupy/docs/source/usage) by extensions ['ros']
[0.194s] Level 1:colcon.colcon_core.package_identification:_identify(src/elevation_mapping_cupy/docs/source/usage) by extension 'ros'
[0.194s] Level 1:colcon.colcon_core.package_identification:_identify(src/elevation_mapping_cupy/docs/source/usage) by extensions ['cmake', 'python']
[0.194s] Level 1:colcon.colcon_core.package_identification:_identify(src/elevation_mapping_cupy/docs/source/usage) by extension 'cmake'
[0.194s] Level 1:colcon.colcon_core.package_identification:_identify(src/elevation_mapping_cupy/docs/source/usage) by extension 'python'
[0.194s] Level 1:colcon.colcon_core.package_identification:_identify(src/elevation_mapping_cupy/docs/source/usage) by extensions ['python_setup_py']
[0.194s] Level 1:colcon.colcon_core.package_identification:_identify(src/elevation_mapping_cupy/docs/source/usage) by extension 'python_setup_py'
[0.194s] Level 1:colcon.colcon_core.package_identification:_identify(src/elevation_mapping_cupy/elevation_map_msgs) by extensions ['ignore', 'ignore_ament_install']
[0.194s] Level 1:colcon.colcon_core.package_identification:_identify(src/elevation_mapping_cupy/elevation_map_msgs) by extension 'ignore'
[0.194s] Level 1:colcon.colcon_core.package_identification:_identify(src/elevation_mapping_cupy/elevation_map_msgs) by extension 'ignore_ament_install'
[0.194s] Level 1:colcon.colcon_core.package_identification:_identify(src/elevation_mapping_cupy/elevation_map_msgs) by extensions ['colcon_pkg']
[0.195s] Level 1:colcon.colcon_core.package_identification:_identify(src/elevation_mapping_cupy/elevation_map_msgs) by extension 'colcon_pkg'
[0.195s] Level 1:colcon.colcon_core.package_identification:_identify(src/elevation_mapping_cupy/elevation_map_msgs) by extensions ['colcon_meta']
[0.195s] Level 1:colcon.colcon_core.package_identification:_identify(src/elevation_mapping_cupy/elevation_map_msgs) by extension 'colcon_meta'
[0.195s] Level 1:colcon.colcon_core.package_identification:_identify(src/elevation_mapping_cupy/elevation_map_msgs) by extensions ['ros']
[0.195s] Level 1:colcon.colcon_core.package_identification:_identify(src/elevation_mapping_cupy/elevation_map_msgs) by extension 'ros'
[0.195s] DEBUG:colcon.colcon_core.package_identification:Package 'src/elevation_mapping_cupy/elevation_map_msgs' with type 'ros.ament_cmake' and name 'elevation_map_msgs'
[0.195s] Level 1:colcon.colcon_core.package_identification:_identify(src/elevation_mapping_cupy/elevation_mapping_cupy) by extensions ['ignore', 'ignore_ament_install']
[0.195s] Level 1:colcon.colcon_core.package_identification:_identify(src/elevation_mapping_cupy/elevation_mapping_cupy) by extension 'ignore'
[0.195s] Level 1:colcon.colcon_core.package_identification:_identify(src/elevation_mapping_cupy/elevation_mapping_cupy) by extension 'ignore_ament_install'
[0.196s] Level 1:colcon.colcon_core.package_identification:_identify(src/elevation_mapping_cupy/elevation_mapping_cupy) by extensions ['colcon_pkg']
[0.196s] Level 1:colcon.colcon_core.package_identification:_identify(src/elevation_mapping_cupy/elevation_mapping_cupy) by extension 'colcon_pkg'
[0.196s] Level 1:colcon.colcon_core.package_identification:_identify(src/elevation_mapping_cupy/elevation_mapping_cupy) by extensions ['colcon_meta']
[0.196s] Level 1:colcon.colcon_core.package_identification:_identify(src/elevation_mapping_cupy/elevation_mapping_cupy) by extension 'colcon_meta'
[0.196s] Level 1:colcon.colcon_core.package_identification:_identify(src/elevation_mapping_cupy/elevation_mapping_cupy) by extensions ['ros']
[0.196s] Level 1:colcon.colcon_core.package_identification:_identify(src/elevation_mapping_cupy/elevation_mapping_cupy) by extension 'ros'
[0.197s] DEBUG:colcon.colcon_core.package_identification:Package 'src/elevation_mapping_cupy/elevation_mapping_cupy' with type 'ros.ament_cmake' and name 'elevation_mapping_cupy'
[0.197s] Level 1:colcon.colcon_core.package_identification:_identify(src/elevation_mapping_cupy/plane_segmentation) by extensions ['ignore', 'ignore_ament_install']
[0.198s] Level 1:colcon.colcon_core.package_identification:_identify(src/elevation_mapping_cupy/plane_segmentation) by extension 'ignore'
[0.198s] Level 1:colcon.colcon_core.package_identification:_identify(src/elevation_mapping_cupy/plane_segmentation) ignored
[0.198s] Level 1:colcon.colcon_core.package_identification:_identify(src/elevation_mapping_cupy/scripts) by extensions ['ignore', 'ignore_ament_install']
[0.198s] Level 1:colcon.colcon_core.package_identification:_identify(src/elevation_mapping_cupy/scripts) by extension 'ignore'
[0.198s] Level 1:colcon.colcon_core.package_identification:_identify(src/elevation_mapping_cupy/scripts) by extension 'ignore_ament_install'
[0.198s] Level 1:colcon.colcon_core.package_identification:_identify(src/elevation_mapping_cupy/scripts) by extensions ['colcon_pkg']
[0.198s] Level 1:colcon.colcon_core.package_identification:_identify(src/elevation_mapping_cupy/scripts) by extension 'colcon_pkg'
[0.198s] Level 1:colcon.colcon_core.package_identification:_identify(src/elevation_mapping_cupy/scripts) by extensions ['colcon_meta']
[0.198s] Level 1:colcon.colcon_core.package_identification:_identify(src/elevation_mapping_cupy/scripts) by extension 'colcon_meta'
[0.198s] Level 1:colcon.colcon_core.package_identification:_identify(src/elevation_mapping_cupy/scripts) by extensions ['ros']
[0.198s] Level 1:colcon.colcon_core.package_identification:_identify(src/elevation_mapping_cupy/scripts) by extension 'ros'
[0.198s] Level 1:colcon.colcon_core.package_identification:_identify(src/elevation_mapping_cupy/scripts) by extensions ['cmake', 'python']
[0.198s] Level 1:colcon.colcon_core.package_identification:_identify(src/elevation_mapping_cupy/scripts) by extension 'cmake'
[0.198s] Level 1:colcon.colcon_core.package_identification:_identify(src/elevation_mapping_cupy/scripts) by extension 'python'
[0.198s] Level 1:colcon.colcon_core.package_identification:_identify(src/elevation_mapping_cupy/scripts) by extensions ['python_setup_py']
[0.198s] Level 1:colcon.colcon_core.package_identification:_identify(src/elevation_mapping_cupy/scripts) by extension 'python_setup_py'
[0.199s] Level 1:colcon.colcon_core.package_identification:_identify(src/elevation_mapping_cupy/scripts/ci) by extensions ['ignore', 'ignore_ament_install']
[0.199s] Level 1:colcon.colcon_core.package_identification:_identify(src/elevation_mapping_cupy/scripts/ci) by extension 'ignore'
[0.199s] Level 1:colcon.colcon_core.package_identification:_identify(src/elevation_mapping_cupy/scripts/ci) by extension 'ignore_ament_install'
[0.199s] Level 1:colcon.colcon_core.package_identification:_identify(src/elevation_mapping_cupy/scripts/ci) by extensions ['colcon_pkg']
[0.199s] Level 1:colcon.colcon_core.package_identification:_identify(src/elevation_mapping_cupy/scripts/ci) by extension 'colcon_pkg'
[0.199s] Level 1:colcon.colcon_core.package_identification:_identify(src/elevation_mapping_cupy/scripts/ci) by extensions ['colcon_meta']
[0.199s] Level 1:colcon.colcon_core.package_identification:_identify(src/elevation_mapping_cupy/scripts/ci) by extension 'colcon_meta'
[0.199s] Level 1:colcon.colcon_core.package_identification:_identify(src/elevation_mapping_cupy/scripts/ci) by extensions ['ros']
[0.199s] Level 1:colcon.colcon_core.package_identification:_identify(src/elevation_mapping_cupy/scripts/ci) by extension 'ros'
[0.199s] Level 1:colcon.colcon_core.package_identification:_identify(src/elevation_mapping_cupy/scripts/ci) by extensions ['cmake', 'python']
[0.199s] Level 1:colcon.colcon_core.package_identification:_identify(src/elevation_mapping_cupy/scripts/ci) by extension 'cmake'
[0.199s] Level 1:colcon.colcon_core.package_identification:_identify(src/elevation_mapping_cupy/scripts/ci) by extension 'python'
[0.199s] Level 1:colcon.colcon_core.package_identification:_identify(src/elevation_mapping_cupy/scripts/ci) by extensions ['python_setup_py']
[0.199s] Level 1:colcon.colcon_core.package_identification:_identify(src/elevation_mapping_cupy/scripts/ci) by extension 'python_setup_py'
[0.199s] Level 1:colcon.colcon_core.package_identification:_identify(src/elevation_mapping_cupy/sensor_processing) by extensions ['ignore', 'ignore_ament_install']
[0.199s] Level 1:colcon.colcon_core.package_identification:_identify(src/elevation_mapping_cupy/sensor_processing) by extension 'ignore'
[0.199s] Level 1:colcon.colcon_core.package_identification:_identify(src/elevation_mapping_cupy/sensor_processing) by extension 'ignore_ament_install'
[0.200s] Level 1:colcon.colcon_core.package_identification:_identify(src/elevation_mapping_cupy/sensor_processing) by extensions ['colcon_pkg']
[0.200s] Level 1:colcon.colcon_core.package_identification:_identify(src/elevation_mapping_cupy/sensor_processing) by extension 'colcon_pkg'
[0.200s] Level 1:colcon.colcon_core.package_identification:_identify(src/elevation_mapping_cupy/sensor_processing) by extensions ['colcon_meta']
[0.200s] Level 1:colcon.colcon_core.package_identification:_identify(src/elevation_mapping_cupy/sensor_processing) by extension 'colcon_meta'
[0.200s] Level 1:colcon.colcon_core.package_identification:_identify(src/elevation_mapping_cupy/sensor_processing) by extensions ['ros']
[0.200s] Level 1:colcon.colcon_core.package_identification:_identify(src/elevation_mapping_cupy/sensor_processing) by extension 'ros'
[0.200s] Level 1:colcon.colcon_core.package_identification:_identify(src/elevation_mapping_cupy/sensor_processing) by extensions ['cmake', 'python']
[0.200s] Level 1:colcon.colcon_core.package_identification:_identify(src/elevation_mapping_cupy/sensor_processing) by extension 'cmake'
[0.200s] Level 1:colcon.colcon_core.package_identification:_identify(src/elevation_mapping_cupy/sensor_processing) by extension 'python'
[0.200s] Level 1:colcon.colcon_core.package_identification:_identify(src/elevation_mapping_cupy/sensor_processing) by extensions ['python_setup_py']
[0.200s] Level 1:colcon.colcon_core.package_identification:_identify(src/elevation_mapping_cupy/sensor_processing) by extension 'python_setup_py'
[0.200s] Level 1:colcon.colcon_core.package_identification:_identify(src/elevation_mapping_cupy/sensor_processing/semantic_sensor) by extensions ['ignore', 'ignore_ament_install']
[0.200s] Level 1:colcon.colcon_core.package_identification:_identify(src/elevation_mapping_cupy/sensor_processing/semantic_sensor) by extension 'ignore'
[0.200s] Level 1:colcon.colcon_core.package_identification:_identify(src/elevation_mapping_cupy/sensor_processing/semantic_sensor) by extension 'ignore_ament_install'
[0.200s] Level 1:colcon.colcon_core.package_identification:_identify(src/elevation_mapping_cupy/sensor_processing/semantic_sensor) by extensions ['colcon_pkg']
[0.200s] Level 1:colcon.colcon_core.package_identification:_identify(src/elevation_mapping_cupy/sensor_processing/semantic_sensor) by extension 'colcon_pkg'
[0.200s] Level 1:colcon.colcon_core.package_identification:_identify(src/elevation_mapping_cupy/sensor_processing/semantic_sensor) by extensions ['colcon_meta']
[0.200s] Level 1:colcon.colcon_core.package_identification:_identify(src/elevation_mapping_cupy/sensor_processing/semantic_sensor) by extension 'colcon_meta'
[0.200s] Level 1:colcon.colcon_core.package_identification:_identify(src/elevation_mapping_cupy/sensor_processing/semantic_sensor) by extensions ['ros']
[0.200s] Level 1:colcon.colcon_core.package_identification:_identify(src/elevation_mapping_cupy/sensor_processing/semantic_sensor) by extension 'ros'
[0.202s] DEBUG:colcon.colcon_core.package_identification:Package 'src/elevation_mapping_cupy/sensor_processing/semantic_sensor' with type 'ros.ament_python' and name 'semantic_sensor'
[0.202s] Level 1:colcon.colcon_core.package_identification:_identify(src/nebula2-wildos-main) by extensions ['ignore', 'ignore_ament_install']
[0.202s] Level 1:colcon.colcon_core.package_identification:_identify(src/nebula2-wildos-main) by extension 'ignore'
[0.202s] Level 1:colcon.colcon_core.package_identification:_identify(src/nebula2-wildos-main) by extension 'ignore_ament_install'
[0.202s] Level 1:colcon.colcon_core.package_identification:_identify(src/nebula2-wildos-main) by extensions ['colcon_pkg']
[0.202s] Level 1:colcon.colcon_core.package_identification:_identify(src/nebula2-wildos-main) by extension 'colcon_pkg'
[0.202s] Level 1:colcon.colcon_core.package_identification:_identify(src/nebula2-wildos-main) by extensions ['colcon_meta']
[0.202s] Level 1:colcon.colcon_core.package_identification:_identify(src/nebula2-wildos-main) by extension 'colcon_meta'
[0.202s] Level 1:colcon.colcon_core.package_identification:_identify(src/nebula2-wildos-main) by extensions ['ros']
[0.202s] Level 1:colcon.colcon_core.package_identification:_identify(src/nebula2-wildos-main) by extension 'ros'
[0.202s] Level 1:colcon.colcon_core.package_identification:_identify(src/nebula2-wildos-main) by extensions ['cmake', 'python']
[0.202s] Level 1:colcon.colcon_core.package_identification:_identify(src/nebula2-wildos-main) by extension 'cmake'
[0.202s] Level 1:colcon.colcon_core.package_identification:_identify(src/nebula2-wildos-main) by extension 'python'
[0.202s] Level 1:colcon.colcon_core.package_identification:_identify(src/nebula2-wildos-main) by extensions ['python_setup_py']
[0.202s] Level 1:colcon.colcon_core.package_identification:_identify(src/nebula2-wildos-main) by extension 'python_setup_py'
[0.202s] Level 1:colcon.colcon_core.package_identification:_identify(src/nebula2-wildos-main/assets) by extensions ['ignore', 'ignore_ament_install']
[0.203s] Level 1:colcon.colcon_core.package_identification:_identify(src/nebula2-wildos-main/assets) by extension 'ignore'
[0.203s] Level 1:colcon.colcon_core.package_identification:_identify(src/nebula2-wildos-main/assets) ignored
[0.203s] Level 1:colcon.colcon_core.package_identification:_identify(src/nebula2-wildos-main/ckpts) by extensions ['ignore', 'ignore_ament_install']
[0.203s] Level 1:colcon.colcon_core.package_identification:_identify(src/nebula2-wildos-main/ckpts) by extension 'ignore'
[0.203s] Level 1:colcon.colcon_core.package_identification:_identify(src/nebula2-wildos-main/ckpts) by extension 'ignore_ament_install'
[0.203s] Level 1:colcon.colcon_core.package_identification:_identify(src/nebula2-wildos-main/ckpts) by extensions ['colcon_pkg']
[0.203s] Level 1:colcon.colcon_core.package_identification:_identify(src/nebula2-wildos-main/ckpts) by extension 'colcon_pkg'
[0.203s] Level 1:colcon.colcon_core.package_identification:_identify(src/nebula2-wildos-main/ckpts) by extensions ['colcon_meta']
[0.203s] Level 1:colcon.colcon_core.package_identification:_identify(src/nebula2-wildos-main/ckpts) by extension 'colcon_meta'
[0.203s] Level 1:colcon.colcon_core.package_identification:_identify(src/nebula2-wildos-main/ckpts) by extensions ['ros']
[0.203s] Level 1:colcon.colcon_core.package_identification:_identify(src/nebula2-wildos-main/ckpts) by extension 'ros'
[0.203s] Level 1:colcon.colcon_core.package_identification:_identify(src/nebula2-wildos-main/ckpts) by extensions ['cmake', 'python']
[0.203s] Level 1:colcon.colcon_core.package_identification:_identify(src/nebula2-wildos-main/ckpts) by extension 'cmake'
[0.203s] Level 1:colcon.colcon_core.package_identification:_identify(src/nebula2-wildos-main/ckpts) by extension 'python'
[0.203s] Level 1:colcon.colcon_core.package_identification:_identify(src/nebula2-wildos-main/ckpts) by extensions ['python_setup_py']
[0.203s] Level 1:colcon.colcon_core.package_identification:_identify(src/nebula2-wildos-main/ckpts) by extension 'python_setup_py'
[0.203s] Level 1:colcon.colcon_core.package_identification:_identify(src/nebula2-wildos-main/explorfm) by extensions ['ignore', 'ignore_ament_install']
[0.204s] Level 1:colcon.colcon_core.package_identification:_identify(src/nebula2-wildos-main/explorfm) by extension 'ignore'
[0.204s] Level 1:colcon.colcon_core.package_identification:_identify(src/nebula2-wildos-main/explorfm) ignored
[0.204s] Level 1:colcon.colcon_core.package_identification:_identify(src/nebula2-wildos-main/explorfm_trainer) by extensions ['ignore', 'ignore_ament_install']
[0.204s] Level 1:colcon.colcon_core.package_identification:_identify(src/nebula2-wildos-main/explorfm_trainer) by extension 'ignore'
[0.204s] Level 1:colcon.colcon_core.package_identification:_identify(src/nebula2-wildos-main/explorfm_trainer) ignored
[0.204s] Level 1:colcon.colcon_core.package_identification:_identify(src/nebula2-wildos-main/gps_visualization) by extensions ['ignore', 'ignore_ament_install']
[0.204s] Level 1:colcon.colcon_core.package_identification:_identify(src/nebula2-wildos-main/gps_visualization) by extension 'ignore'
[0.204s] Level 1:colcon.colcon_core.package_identification:_identify(src/nebula2-wildos-main/gps_visualization) by extension 'ignore_ament_install'
[0.204s] Level 1:colcon.colcon_core.package_identification:_identify(src/nebula2-wildos-main/gps_visualization) by extensions ['colcon_pkg']
[0.204s] Level 1:colcon.colcon_core.package_identification:_identify(src/nebula2-wildos-main/gps_visualization) by extension 'colcon_pkg'
[0.204s] Level 1:colcon.colcon_core.package_identification:_identify(src/nebula2-wildos-main/gps_visualization) by extensions ['colcon_meta']
[0.204s] Level 1:colcon.colcon_core.package_identification:_identify(src/nebula2-wildos-main/gps_visualization) by extension 'colcon_meta'
[0.204s] Level 1:colcon.colcon_core.package_identification:_identify(src/nebula2-wildos-main/gps_visualization) by extensions ['ros']
[0.204s] Level 1:colcon.colcon_core.package_identification:_identify(src/nebula2-wildos-main/gps_visualization) by extension 'ros'
[0.205s] DEBUG:colcon.colcon_core.package_identification:Package 'src/nebula2-wildos-main/gps_visualization' with type 'ros.ament_cmake' and name 'gps_visualization'
[0.205s] Level 1:colcon.colcon_core.package_identification:_identify(src/nebula2-wildos-main/graaf_vendor) by extensions ['ignore', 'ignore_ament_install']
[0.205s] Level 1:colcon.colcon_core.package_identification:_identify(src/nebula2-wildos-main/graaf_vendor) by extension 'ignore'
[0.205s] Level 1:colcon.colcon_core.package_identification:_identify(src/nebula2-wildos-main/graaf_vendor) by extension 'ignore_ament_install'
[0.205s] Level 1:colcon.colcon_core.package_identification:_identify(src/nebula2-wildos-main/graaf_vendor) by extensions ['colcon_pkg']
[0.205s] Level 1:colcon.colcon_core.package_identification:_identify(src/nebula2-wildos-main/graaf_vendor) by extension 'colcon_pkg'
[0.205s] Level 1:colcon.colcon_core.package_identification:_identify(src/nebula2-wildos-main/graaf_vendor) by extensions ['colcon_meta']
[0.205s] Level 1:colcon.colcon_core.package_identification:_identify(src/nebula2-wildos-main/graaf_vendor) by extension 'colcon_meta'
[0.205s] Level 1:colcon.colcon_core.package_identification:_identify(src/nebula2-wildos-main/graaf_vendor) by extensions ['ros']
[0.205s] Level 1:colcon.colcon_core.package_identification:_identify(src/nebula2-wildos-main/graaf_vendor) by extension 'ros'
[0.206s] DEBUG:colcon.colcon_core.package_identification:Package 'src/nebula2-wildos-main/graaf_vendor' with type 'ros.ament_cmake' and name 'graaf_vendor'
[0.206s] Level 1:colcon.colcon_core.package_identification:_identify(src/nebula2-wildos-main/graphnav_builder) by extensions ['ignore', 'ignore_ament_install']
[0.206s] Level 1:colcon.colcon_core.package_identification:_identify(src/nebula2-wildos-main/graphnav_builder) by extension 'ignore'
[0.206s] Level 1:colcon.colcon_core.package_identification:_identify(src/nebula2-wildos-main/graphnav_builder) by extension 'ignore_ament_install'
[0.206s] Level 1:colcon.colcon_core.package_identification:_identify(src/nebula2-wildos-main/graphnav_builder) by extensions ['colcon_pkg']
[0.206s] Level 1:colcon.colcon_core.package_identification:_identify(src/nebula2-wildos-main/graphnav_builder) by extension 'colcon_pkg'
[0.206s] Level 1:colcon.colcon_core.package_identification:_identify(src/nebula2-wildos-main/graphnav_builder) by extensions ['colcon_meta']
[0.206s] Level 1:colcon.colcon_core.package_identification:_identify(src/nebula2-wildos-main/graphnav_builder) by extension 'colcon_meta'
[0.206s] Level 1:colcon.colcon_core.package_identification:_identify(src/nebula2-wildos-main/graphnav_builder) by extensions ['ros']
[0.206s] Level 1:colcon.colcon_core.package_identification:_identify(src/nebula2-wildos-main/graphnav_builder) by extension 'ros'
[0.207s] DEBUG:colcon.colcon_core.package_identification:Package 'src/nebula2-wildos-main/graphnav_builder' with type 'ros.ament_python' and name 'graphnav_builder'
[0.207s] Level 1:colcon.colcon_core.package_identification:_identify(src/nebula2-wildos-main/graphnav_msgs) by extensions ['ignore', 'ignore_ament_install']
[0.207s] Level 1:colcon.colcon_core.package_identification:_identify(src/nebula2-wildos-main/graphnav_msgs) by extension 'ignore'
[0.207s] Level 1:colcon.colcon_core.package_identification:_identify(src/nebula2-wildos-main/graphnav_msgs) by extension 'ignore_ament_install'
[0.207s] Level 1:colcon.colcon_core.package_identification:_identify(src/nebula2-wildos-main/graphnav_msgs) by extensions ['colcon_pkg']
[0.207s] Level 1:colcon.colcon_core.package_identification:_identify(src/nebula2-wildos-main/graphnav_msgs) by extension 'colcon_pkg'
[0.207s] Level 1:colcon.colcon_core.package_identification:_identify(src/nebula2-wildos-main/graphnav_msgs) by extensions ['colcon_meta']
[0.207s] Level 1:colcon.colcon_core.package_identification:_identify(src/nebula2-wildos-main/graphnav_msgs) by extension 'colcon_meta'
[0.207s] Level 1:colcon.colcon_core.package_identification:_identify(src/nebula2-wildos-main/graphnav_msgs) by extensions ['ros']
[0.207s] Level 1:colcon.colcon_core.package_identification:_identify(src/nebula2-wildos-main/graphnav_msgs) by extension 'ros'
[0.208s] DEBUG:colcon.colcon_core.package_identification:Package 'src/nebula2-wildos-main/graphnav_msgs' with type 'ros.ament_cmake' and name 'graphnav_msgs'
[0.208s] Level 1:colcon.colcon_core.package_identification:_identify(src/nebula2-wildos-main/graphnav_planner) by extensions ['ignore', 'ignore_ament_install']
[0.208s] Level 1:colcon.colcon_core.package_identification:_identify(src/nebula2-wildos-main/graphnav_planner) by extension 'ignore'
[0.208s] Level 1:colcon.colcon_core.package_identification:_identify(src/nebula2-wildos-main/graphnav_planner) by extension 'ignore_ament_install'
[0.208s] Level 1:colcon.colcon_core.package_identification:_identify(src/nebula2-wildos-main/graphnav_planner) by extensions ['colcon_pkg']
[0.208s] Level 1:colcon.colcon_core.package_identification:_identify(src/nebula2-wildos-main/graphnav_planner) by extension 'colcon_pkg'
[0.208s] Level 1:colcon.colcon_core.package_identification:_identify(src/nebula2-wildos-main/graphnav_planner) by extensions ['colcon_meta']
[0.208s] Level 1:colcon.colcon_core.package_identification:_identify(src/nebula2-wildos-main/graphnav_planner) by extension 'colcon_meta'
[0.208s] Level 1:colcon.colcon_core.package_identification:_identify(src/nebula2-wildos-main/graphnav_planner) by extensions ['ros']
[0.208s] Level 1:colcon.colcon_core.package_identification:_identify(src/nebula2-wildos-main/graphnav_planner) by extension 'ros'
[0.209s] DEBUG:colcon.colcon_core.package_identification:Package 'src/nebula2-wildos-main/graphnav_planner' with type 'ros.ament_cmake' and name 'graphnav_planner'
[0.209s] Level 1:colcon.colcon_core.package_identification:_identify(src/nebula2-wildos-main/nvidia_radio) by extensions ['ignore', 'ignore_ament_install']
[0.209s] Level 1:colcon.colcon_core.package_identification:_identify(src/nebula2-wildos-main/nvidia_radio) by extension 'ignore'
[0.209s] Level 1:colcon.colcon_core.package_identification:_identify(src/nebula2-wildos-main/nvidia_radio) ignored
[0.209s] Level 1:colcon.colcon_core.package_identification:_identify(src/nebula2-wildos-main/object_search_msgs) by extensions ['ignore', 'ignore_ament_install']
[0.210s] Level 1:colcon.colcon_core.package_identification:_identify(src/nebula2-wildos-main/object_search_msgs) by extension 'ignore'
[0.210s] Level 1:colcon.colcon_core.package_identification:_identify(src/nebula2-wildos-main/object_search_msgs) by extension 'ignore_ament_install'
[0.210s] Level 1:colcon.colcon_core.package_identification:_identify(src/nebula2-wildos-main/object_search_msgs) by extensions ['colcon_pkg']
[0.210s] Level 1:colcon.colcon_core.package_identification:_identify(src/nebula2-wildos-main/object_search_msgs) by extension 'colcon_pkg'
[0.210s] Level 1:colcon.colcon_core.package_identification:_identify(src/nebula2-wildos-main/object_search_msgs) by extensions ['colcon_meta']
[0.210s] Level 1:colcon.colcon_core.package_identification:_identify(src/nebula2-wildos-main/object_search_msgs) by extension 'colcon_meta'
[0.210s] Level 1:colcon.colcon_core.package_identification:_identify(src/nebula2-wildos-main/object_search_msgs) by extensions ['ros']
[0.210s] Level 1:colcon.colcon_core.package_identification:_identify(src/nebula2-wildos-main/object_search_msgs) by extension 'ros'
[0.210s] DEBUG:colcon.colcon_core.package_identification:Package 'src/nebula2-wildos-main/object_search_msgs' with type 'ros.ament_cmake' and name 'object_search_msgs'
[0.211s] Level 1:colcon.colcon_core.package_identification:_identify(src/nebula2-wildos-main/triangulation3d) by extensions ['ignore', 'ignore_ament_install']
[0.211s] Level 1:colcon.colcon_core.package_identification:_identify(src/nebula2-wildos-main/triangulation3d) by extension 'ignore'
[0.211s] Level 1:colcon.colcon_core.package_identification:_identify(src/nebula2-wildos-main/triangulation3d) by extension 'ignore_ament_install'
[0.211s] Level 1:colcon.colcon_core.package_identification:_identify(src/nebula2-wildos-main/triangulation3d) by extensions ['colcon_pkg']
[0.211s] Level 1:colcon.colcon_core.package_identification:_identify(src/nebula2-wildos-main/triangulation3d) by extension 'colcon_pkg'
[0.211s] Level 1:colcon.colcon_core.package_identification:_identify(src/nebula2-wildos-main/triangulation3d) by extensions ['colcon_meta']
[0.211s] Level 1:colcon.colcon_core.package_identification:_identify(src/nebula2-wildos-main/triangulation3d) by extension 'colcon_meta'
[0.211s] Level 1:colcon.colcon_core.package_identification:_identify(src/nebula2-wildos-main/triangulation3d) by extensions ['ros']
[0.211s] Level 1:colcon.colcon_core.package_identification:_identify(src/nebula2-wildos-main/triangulation3d) by extension 'ros'
[0.211s] DEBUG:colcon.colcon_core.package_identification:Package 'src/nebula2-wildos-main/triangulation3d' with type 'ros.ament_python' and name 'triangulation3d'
[0.211s] Level 1:colcon.colcon_core.package_identification:_identify(src/nebula2-wildos-main/visual_navigation) by extensions ['ignore', 'ignore_ament_install']
[0.212s] Level 1:colcon.colcon_core.package_identification:_identify(src/nebula2-wildos-main/visual_navigation) by extension 'ignore'
[0.212s] Level 1:colcon.colcon_core.package_identification:_identify(src/nebula2-wildos-main/visual_navigation) by extension 'ignore_ament_install'
[0.212s] Level 1:colcon.colcon_core.package_identification:_identify(src/nebula2-wildos-main/visual_navigation) by extensions ['colcon_pkg']
[0.212s] Level 1:colcon.colcon_core.package_identification:_identify(src/nebula2-wildos-main/visual_navigation) by extension 'colcon_pkg'
[0.212s] Level 1:colcon.colcon_core.package_identification:_identify(src/nebula2-wildos-main/visual_navigation) by extensions ['colcon_meta']
[0.212s] Level 1:colcon.colcon_core.package_identification:_identify(src/nebula2-wildos-main/visual_navigation) by extension 'colcon_meta'
[0.212s] Level 1:colcon.colcon_core.package_identification:_identify(src/nebula2-wildos-main/visual_navigation) by extensions ['ros']
[0.212s] Level 1:colcon.colcon_core.package_identification:_identify(src/nebula2-wildos-main/visual_navigation) by extension 'ros'
[0.212s] DEBUG:colcon.colcon_core.package_identification:Package 'src/nebula2-wildos-main/visual_navigation' with type 'ros.ament_python' and name 'visual_navigation'
[0.212s] Level 1:colcon.colcon_core.package_identification:_identify(src/ros2_numpy) by extensions ['ignore', 'ignore_ament_install']
[0.212s] Level 1:colcon.colcon_core.package_identification:_identify(src/ros2_numpy) by extension 'ignore'
[0.213s] Level 1:colcon.colcon_core.package_identification:_identify(src/ros2_numpy) by extension 'ignore_ament_install'
[0.213s] Level 1:colcon.colcon_core.package_identification:_identify(src/ros2_numpy) by extensions ['colcon_pkg']
[0.213s] Level 1:colcon.colcon_core.package_identification:_identify(src/ros2_numpy) by extension 'colcon_pkg'
[0.213s] Level 1:colcon.colcon_core.package_identification:_identify(src/ros2_numpy) by extensions ['colcon_meta']
[0.213s] Level 1:colcon.colcon_core.package_identification:_identify(src/ros2_numpy) by extension 'colcon_meta'
[0.213s] Level 1:colcon.colcon_core.package_identification:_identify(src/ros2_numpy) by extensions ['ros']
[0.213s] Level 1:colcon.colcon_core.package_identification:_identify(src/ros2_numpy) by extension 'ros'
[0.213s] DEBUG:colcon.colcon_core.package_identification:Package 'src/ros2_numpy' with type 'ros.ament_cmake' and name 'ros2_numpy'
[0.213s] Level 1:colcon.colcon_core.package_discovery:discover_packages(recursive) using defaults
[0.214s] Level 1:colcon.colcon_core.package_discovery:discover_packages(ignore) discover
[0.214s] Level 1:colcon.colcon_core.package_discovery:discover_packages(ignore) using defaults
[0.214s] Level 1:colcon.colcon_core.package_discovery:discover_packages(path) discover
[0.214s] Level 1:colcon.colcon_core.package_discovery:discover_packages(path) using defaults
[0.232s] INFO:colcon.colcon_core.package_selection:Skipping not selected package 'elevation_map_msgs' in 'src/elevation_mapping_cupy/elevation_map_msgs'
[0.233s] INFO:colcon.colcon_core.package_selection:Skipping not selected package 'gps_visualization' in 'src/nebula2-wildos-main/gps_visualization'
[0.233s] INFO:colcon.colcon_core.package_selection:Skipping not selected package 'graaf_vendor' in 'src/nebula2-wildos-main/graaf_vendor'
[0.233s] INFO:colcon.colcon_core.package_selection:Skipping not selected package 'graphnav_msgs' in 'src/nebula2-wildos-main/graphnav_msgs'
[0.233s] INFO:colcon.colcon_core.package_selection:Skipping not selected package 'object_search_msgs' in 'src/nebula2-wildos-main/object_search_msgs'
[0.233s] INFO:colcon.colcon_core.package_selection:Skipping not selected package 'ros2_numpy' in 'src/ros2_numpy'
[0.233s] INFO:colcon.colcon_core.package_selection:Skipping not selected package 'triangulation3d' in 'src/nebula2-wildos-main/triangulation3d'
[0.233s] INFO:colcon.colcon_core.package_selection:Skipping not selected package 'graphnav_builder' in 'src/nebula2-wildos-main/graphnav_builder'
[0.233s] INFO:colcon.colcon_core.package_selection:Skipping not selected package 'graphnav_planner' in 'src/nebula2-wildos-main/graphnav_planner'
[0.233s] INFO:colcon.colcon_core.package_selection:Skipping not selected package 'semantic_sensor' in 'src/elevation_mapping_cupy/sensor_processing/semantic_sensor'
[0.233s] INFO:colcon.colcon_core.package_selection:Skipping not selected package 'visual_navigation' in 'src/nebula2-wildos-main/visual_navigation'
[0.233s] INFO:colcon.colcon_core.package_selection:Skipping not selected package 'elevation_mapping_cupy' in 'src/elevation_mapping_cupy/elevation_mapping_cupy'
[0.233s] Level 5:colcon.colcon_core.verb:set package 'direct_lidar_inertial_odometry' build argument 'cmake_args' from command line to 'None'
[0.233s] Level 5:colcon.colcon_core.verb:set package 'direct_lidar_inertial_odometry' build argument 'cmake_target' from command line to 'None'
[0.233s] Level 5:colcon.colcon_core.verb:set package 'direct_lidar_inertial_odometry' build argument 'cmake_target_skip_unavailable' from command line to 'False'
[0.233s] Level 5:colcon.colcon_core.verb:set package 'direct_lidar_inertial_odometry' build argument 'cmake_clean_cache' from command line to 'False'
[0.233s] Level 5:colcon.colcon_core.verb:set package 'direct_lidar_inertial_odometry' build argument 'cmake_clean_first' from command line to 'False'
[0.233s] Level 5:colcon.colcon_core.verb:set package 'direct_lidar_inertial_odometry' build argument 'cmake_force_configure' from command line to 'False'
[0.233s] Level 5:colcon.colcon_core.verb:set package 'direct_lidar_inertial_odometry' build argument 'ament_cmake_args' from command line to 'None'
[0.233s] Level 5:colcon.colcon_core.verb:set package 'direct_lidar_inertial_odometry' build argument 'catkin_cmake_args' from command line to 'None'
[0.233s] Level 5:colcon.colcon_core.verb:set package 'direct_lidar_inertial_odometry' build argument 'catkin_skip_building_tests' from command line to 'False'
[0.233s] DEBUG:colcon.colcon_core.verb:Building package 'direct_lidar_inertial_odometry' with the following arguments: {'ament_cmake_args': None, 'build_base': '/root/ros2_ws/build/direct_lidar_inertial_odometry', 'catkin_cmake_args': None, 'catkin_skip_building_tests': False, 'cmake_args': None, 'cmake_clean_cache': False, 'cmake_clean_first': False, 'cmake_force_configure': False, 'cmake_target': None, 'cmake_target_skip_unavailable': False, 'install_base': '/root/ros2_ws/install/direct_lidar_inertial_odometry', 'merge_install': False, 'path': '/root/ros2_ws/src/direct_lidar_inertial_odometry-feature-ros2', 'symlink_install': True, 'test_result_base': None}
[0.234s] Level 5:colcon.colcon_core.verb:set package 'dlio_gazebo_sim' build argument 'cmake_args' from command line to 'None'
[0.234s] Level 5:colcon.colcon_core.verb:set package 'dlio_gazebo_sim' build argument 'cmake_target' from command line to 'None'
[0.234s] Level 5:colcon.colcon_core.verb:set package 'dlio_gazebo_sim' build argument 'cmake_target_skip_unavailable' from command line to 'False'
[0.234s] Level 5:colcon.colcon_core.verb:set package 'dlio_gazebo_sim' build argument 'cmake_clean_cache' from command line to 'False'
[0.234s] Level 5:colcon.colcon_core.verb:set package 'dlio_gazebo_sim' build argument 'cmake_clean_first' from command line to 'False'
[0.234s] Level 5:colcon.colcon_core.verb:set package 'dlio_gazebo_sim' build argument 'cmake_force_configure' from command line to 'False'
[0.234s] Level 5:colcon.colcon_core.verb:set package 'dlio_gazebo_sim' build argument 'ament_cmake_args' from command line to 'None'
[0.234s] Level 5:colcon.colcon_core.verb:set package 'dlio_gazebo_sim' build argument 'catkin_cmake_args' from command line to 'None'
[0.234s] Level 5:colcon.colcon_core.verb:set package 'dlio_gazebo_sim' build argument 'catkin_skip_building_tests' from command line to 'False'
[0.234s] DEBUG:colcon.colcon_core.verb:Building package 'dlio_gazebo_sim' with the following arguments: {'ament_cmake_args': None, 'build_base': '/root/ros2_ws/build/dlio_gazebo_sim', 'catkin_cmake_args': None, 'catkin_skip_building_tests': False, 'cmake_args': None, 'cmake_clean_cache': False, 'cmake_clean_first': False, 'cmake_force_configure': False, 'cmake_target': None, 'cmake_target_skip_unavailable': False, 'install_base': '/root/ros2_ws/install/dlio_gazebo_sim', 'merge_install': False, 'path': '/root/ros2_ws/src/dlio_gazebo_sim', 'symlink_install': True, 'test_result_base': None}
[0.234s] INFO:colcon.colcon_core.executor:Executing jobs using 'parallel' executor
[0.235s] DEBUG:colcon.colcon_parallel_executor.executor.parallel:run_until_complete
[0.235s] INFO:colcon.colcon_ros.task.ament_cmake.build:Building ROS package in '/root/ros2_ws/src/direct_lidar_inertial_odometry-feature-ros2' with build type 'ament_cmake'
[0.235s] INFO:colcon.colcon_cmake.task.cmake.build:Building CMake package in '/root/ros2_ws/src/direct_lidar_inertial_odometry-feature-ros2'
[0.237s] INFO:colcon.colcon_core.plugin_system:Skipping extension 'colcon_core.shell.bat': Not used on non-Windows systems
[0.237s] INFO:colcon.colcon_core.shell:Skip shell extension 'powershell' for command environment: Not usable outside of PowerShell
[0.237s] DEBUG:colcon.colcon_core.shell:Skip shell extension 'dsv' for command environment
[0.248s] DEBUG:colcon.colcon_core.event_handler.log_command:Invoking command in '/root/ros2_ws/build/direct_lidar_inertial_odometry': CMAKE_PREFIX_PATH=${CMAKE_PREFIX_PATH}:/opt/ros/jazzy /usr/bin/cmake --build /root/ros2_ws/build/direct_lidar_inertial_odometry -- -j8 -l8
[0.736s] DEBUG:colcon.colcon_core.event_handler.log_command:Invoked command in '/root/ros2_ws/build/direct_lidar_inertial_odometry' returned '0': CMAKE_PREFIX_PATH=${CMAKE_PREFIX_PATH}:/opt/ros/jazzy /usr/bin/cmake --build /root/ros2_ws/build/direct_lidar_inertial_odometry -- -j8 -l8
[0.754s] DEBUG:colcon.colcon_core.event_handler.log_command:Invoking command in '/root/ros2_ws/build/direct_lidar_inertial_odometry': CMAKE_PREFIX_PATH=${CMAKE_PREFIX_PATH}:/opt/ros/jazzy /usr/bin/cmake --install /root/ros2_ws/build/direct_lidar_inertial_odometry
[0.842s] Level 1:colcon.colcon_core.environment:create_environment_scripts_only(direct_lidar_inertial_odometry)
[0.842s] DEBUG:colcon.colcon_core.event_handler.log_command:Invoked command in '/root/ros2_ws/build/direct_lidar_inertial_odometry' returned '0': CMAKE_PREFIX_PATH=${CMAKE_PREFIX_PATH}:/opt/ros/jazzy /usr/bin/cmake --install /root/ros2_ws/build/direct_lidar_inertial_odometry
[0.844s] Level 1:colcon.colcon_core.environment:checking '/root/ros2_ws/install/direct_lidar_inertial_odometry' for CMake module files
[0.844s] Level 1:colcon.colcon_core.environment:checking '/root/ros2_ws/install/direct_lidar_inertial_odometry' for CMake config files
[0.845s] Level 1:colcon.colcon_core.shell:create_environment_hook('direct_lidar_inertial_odometry', 'cmake_prefix_path')
[0.845s] INFO:colcon.colcon_core.shell:Creating environment hook '/root/ros2_ws/install/direct_lidar_inertial_odometry/share/direct_lidar_inertial_odometry/hook/cmake_prefix_path.ps1'
[0.845s] INFO:colcon.colcon_core.shell:Creating environment descriptor '/root/ros2_ws/install/direct_lidar_inertial_odometry/share/direct_lidar_inertial_odometry/hook/cmake_prefix_path.dsv'
[0.846s] INFO:colcon.colcon_core.shell:Creating environment hook '/root/ros2_ws/install/direct_lidar_inertial_odometry/share/direct_lidar_inertial_odometry/hook/cmake_prefix_path.sh'
[0.846s] Level 1:colcon.colcon_core.environment:checking '/root/ros2_ws/install/direct_lidar_inertial_odometry/lib'
[0.847s] Level 1:colcon.colcon_core.shell:create_environment_hook('direct_lidar_inertial_odometry', 'ld_library_path_lib')
[0.847s] INFO:colcon.colcon_core.shell:Creating environment hook '/root/ros2_ws/install/direct_lidar_inertial_odometry/share/direct_lidar_inertial_odometry/hook/ld_library_path_lib.ps1'
[0.847s] INFO:colcon.colcon_core.shell:Creating environment descriptor '/root/ros2_ws/install/direct_lidar_inertial_odometry/share/direct_lidar_inertial_odometry/hook/ld_library_path_lib.dsv'
[0.848s] INFO:colcon.colcon_core.shell:Creating environment hook '/root/ros2_ws/install/direct_lidar_inertial_odometry/share/direct_lidar_inertial_odometry/hook/ld_library_path_lib.sh'
[0.848s] Level 1:colcon.colcon_core.environment:checking '/root/ros2_ws/install/direct_lidar_inertial_odometry/bin'
[0.848s] Level 1:colcon.colcon_core.environment:checking '/root/ros2_ws/install/direct_lidar_inertial_odometry/lib/pkgconfig/direct_lidar_inertial_odometry.pc'
[0.850s] Level 1:colcon.colcon_core.environment:checking '/root/ros2_ws/install/direct_lidar_inertial_odometry/lib/python3.12/site-packages'
[0.850s] Level 1:colcon.colcon_core.shell:create_environment_hook('direct_lidar_inertial_odometry', 'pythonpath')
[0.850s] INFO:colcon.colcon_core.shell:Creating environment hook '/root/ros2_ws/install/direct_lidar_inertial_odometry/share/direct_lidar_inertial_odometry/hook/pythonpath.ps1'
[0.851s] INFO:colcon.colcon_core.shell:Creating environment descriptor '/root/ros2_ws/install/direct_lidar_inertial_odometry/share/direct_lidar_inertial_odometry/hook/pythonpath.dsv'
[0.851s] INFO:colcon.colcon_core.shell:Creating environment hook '/root/ros2_ws/install/direct_lidar_inertial_odometry/share/direct_lidar_inertial_odometry/hook/pythonpath.sh'
[0.852s] Level 1:colcon.colcon_core.environment:checking '/root/ros2_ws/install/direct_lidar_inertial_odometry/bin'
[0.853s] INFO:colcon.colcon_core.shell:Creating package script '/root/ros2_ws/install/direct_lidar_inertial_odometry/share/direct_lidar_inertial_odometry/package.ps1'
[0.854s] INFO:colcon.colcon_core.shell:Creating package descriptor '/root/ros2_ws/install/direct_lidar_inertial_odometry/share/direct_lidar_inertial_odometry/package.dsv'
[0.854s] INFO:colcon.colcon_core.shell:Creating package script '/root/ros2_ws/install/direct_lidar_inertial_odometry/share/direct_lidar_inertial_odometry/package.sh'
[0.855s] INFO:colcon.colcon_core.shell:Creating package script '/root/ros2_ws/install/direct_lidar_inertial_odometry/share/direct_lidar_inertial_odometry/package.bash'
[0.856s] INFO:colcon.colcon_core.shell:Creating package script '/root/ros2_ws/install/direct_lidar_inertial_odometry/share/direct_lidar_inertial_odometry/package.zsh'
[0.856s] Level 1:colcon.colcon_core.environment:create_file_with_runtime_dependencies(/root/ros2_ws/install/direct_lidar_inertial_odometry/share/colcon-core/packages/direct_lidar_inertial_odometry)
[0.857s] Level 1:colcon.colcon_core.environment:create_environment_scripts_only(direct_lidar_inertial_odometry)
[0.857s] Level 1:colcon.colcon_core.environment:checking '/root/ros2_ws/install/direct_lidar_inertial_odometry' for CMake module files
[0.858s] Level 1:colcon.colcon_core.environment:checking '/root/ros2_ws/install/direct_lidar_inertial_odometry' for CMake config files
[0.858s] Level 1:colcon.colcon_core.shell:create_environment_hook('direct_lidar_inertial_odometry', 'cmake_prefix_path')
[0.859s] INFO:colcon.colcon_core.shell:Creating environment hook '/root/ros2_ws/install/direct_lidar_inertial_odometry/share/direct_lidar_inertial_odometry/hook/cmake_prefix_path.ps1'
[0.859s] INFO:colcon.colcon_core.shell:Creating environment descriptor '/root/ros2_ws/install/direct_lidar_inertial_odometry/share/direct_lidar_inertial_odometry/hook/cmake_prefix_path.dsv'
[0.859s] INFO:colcon.colcon_core.shell:Creating environment hook '/root/ros2_ws/install/direct_lidar_inertial_odometry/share/direct_lidar_inertial_odometry/hook/cmake_prefix_path.sh'
[0.860s] Level 1:colcon.colcon_core.environment:checking '/root/ros2_ws/install/direct_lidar_inertial_odometry/lib'
[0.860s] Level 1:colcon.colcon_core.shell:create_environment_hook('direct_lidar_inertial_odometry', 'ld_library_path_lib')
[0.860s] INFO:colcon.colcon_core.shell:Creating environment hook '/root/ros2_ws/install/direct_lidar_inertial_odometry/share/direct_lidar_inertial_odometry/hook/ld_library_path_lib.ps1'
[0.861s] INFO:colcon.colcon_core.shell:Creating environment descriptor '/root/ros2_ws/install/direct_lidar_inertial_odometry/share/direct_lidar_inertial_odometry/hook/ld_library_path_lib.dsv'
[0.861s] INFO:colcon.colcon_core.shell:Creating environment hook '/root/ros2_ws/install/direct_lidar_inertial_odometry/share/direct_lidar_inertial_odometry/hook/ld_library_path_lib.sh'
[0.861s] Level 1:colcon.colcon_core.environment:checking '/root/ros2_ws/install/direct_lidar_inertial_odometry/bin'
[0.862s] Level 1:colcon.colcon_core.environment:checking '/root/ros2_ws/install/direct_lidar_inertial_odometry/lib/pkgconfig/direct_lidar_inertial_odometry.pc'
[0.862s] Level 1:colcon.colcon_core.environment:checking '/root/ros2_ws/install/direct_lidar_inertial_odometry/lib/python3.12/site-packages'
[0.862s] Level 1:colcon.colcon_core.shell:create_environment_hook('direct_lidar_inertial_odometry', 'pythonpath')
[0.862s] INFO:colcon.colcon_core.shell:Creating environment hook '/root/ros2_ws/install/direct_lidar_inertial_odometry/share/direct_lidar_inertial_odometry/hook/pythonpath.ps1'
[0.862s] INFO:colcon.colcon_core.shell:Creating environment descriptor '/root/ros2_ws/install/direct_lidar_inertial_odometry/share/direct_lidar_inertial_odometry/hook/pythonpath.dsv'
[0.863s] INFO:colcon.colcon_core.shell:Creating environment hook '/root/ros2_ws/install/direct_lidar_inertial_odometry/share/direct_lidar_inertial_odometry/hook/pythonpath.sh'
[0.863s] Level 1:colcon.colcon_core.environment:checking '/root/ros2_ws/install/direct_lidar_inertial_odometry/bin'
[0.864s] INFO:colcon.colcon_core.shell:Creating package script '/root/ros2_ws/install/direct_lidar_inertial_odometry/share/direct_lidar_inertial_odometry/package.ps1'
[0.864s] INFO:colcon.colcon_core.shell:Creating package descriptor '/root/ros2_ws/install/direct_lidar_inertial_odometry/share/direct_lidar_inertial_odometry/package.dsv'
[0.865s] INFO:colcon.colcon_core.shell:Creating package script '/root/ros2_ws/install/direct_lidar_inertial_odometry/share/direct_lidar_inertial_odometry/package.sh'
[0.865s] INFO:colcon.colcon_core.shell:Creating package script '/root/ros2_ws/install/direct_lidar_inertial_odometry/share/direct_lidar_inertial_odometry/package.bash'
[0.866s] INFO:colcon.colcon_core.shell:Creating package script '/root/ros2_ws/install/direct_lidar_inertial_odometry/share/direct_lidar_inertial_odometry/package.zsh'
[0.866s] Level 1:colcon.colcon_core.environment:create_file_with_runtime_dependencies(/root/ros2_ws/install/direct_lidar_inertial_odometry/share/colcon-core/packages/direct_lidar_inertial_odometry)
[0.867s] INFO:colcon.colcon_ros.task.ament_python.build:Building ROS package in '/root/ros2_ws/src/dlio_gazebo_sim' with build type 'ament_python'
[0.867s] Level 1:colcon.colcon_core.shell:create_environment_hook('dlio_gazebo_sim', 'ament_prefix_path')
[0.867s] INFO:colcon.colcon_core.shell:Creating environment hook '/root/ros2_ws/install/dlio_gazebo_sim/share/dlio_gazebo_sim/hook/ament_prefix_path.ps1'
[0.868s] INFO:colcon.colcon_core.shell:Creating environment descriptor '/root/ros2_ws/install/dlio_gazebo_sim/share/dlio_gazebo_sim/hook/ament_prefix_path.dsv'
[0.868s] INFO:colcon.colcon_core.shell:Creating environment hook '/root/ros2_ws/install/dlio_gazebo_sim/share/dlio_gazebo_sim/hook/ament_prefix_path.sh'
[0.869s] INFO:colcon.colcon_core.shell:Skip shell extension 'powershell' for command environment: Not usable outside of PowerShell
[0.869s] DEBUG:colcon.colcon_core.shell:Skip shell extension 'dsv' for command environment
[1.119s] INFO:colcon.colcon_core.task.python.build:Building Python package in '/root/ros2_ws/src/dlio_gazebo_sim'
[1.119s] INFO:colcon.colcon_core.shell:Skip shell extension 'powershell' for command environment: Not usable outside of PowerShell
[1.120s] DEBUG:colcon.colcon_core.shell:Skip shell extension 'dsv' for command environment
[1.743s] DEBUG:colcon.colcon_core.event_handler.log_command:Invoking command in '/root/ros2_ws/build/dlio_gazebo_sim': AMENT_PREFIX_PATH=/root/ros2_ws/install/elevation_mapping_cupy:/root/ros2_ws/install/semantic_sensor:/root/ros2_ws/install/graphnav_builder:/root/ros2_ws/install/ros2_numpy:/root/ros2_ws/install/graphnav_msgs:/root/ros2_ws/install/elevation_map_msgs:/root/ros2_ws/install/direct_lidar_inertial_odometry:${AMENT_PREFIX_PATH} CMAKE_PREFIX_PATH=/root/ros2_ws/install/elevation_mapping_cupy:/root/ros2_ws/install/ros2_numpy:/root/ros2_ws/install/graphnav_msgs:/root/ros2_ws/install/elevation_map_msgs:/root/ros2_ws/install/direct_lidar_inertial_odometry:${CMAKE_PREFIX_PATH} LD_LIBRARY_PATH=/root/ros2_ws/install/graphnav_msgs/lib:/root/ros2_ws/install/elevation_map_msgs/lib:/root/ros2_ws/install/direct_lidar_inertial_odometry/lib:${LD_LIBRARY_PATH} PATH=/root/ros2_ws/install/graphnav_builder/bin:${PATH} PYTHONPATH=/root/ros2_ws/build/dlio_gazebo_sim/prefix_override:/usr/lib/python3/dist-packages/colcon_core/task/python/colcon_distutils_commands:/root/ros2_ws/install/dlio_gazebo_sim/lib/python3.12/site-packages:/root/ros2_ws/install/elevation_mapping_cupy/lib/python3.12/site-packages:/root/ros2_ws/build/semantic_sensor:/root/ros2_ws/install/semantic_sensor/lib/python3.12/site-packages:/root/ros2_ws/build/graphnav_builder:/root/ros2_ws/install/graphnav_builder/lib/python3.12/site-packages:/root/ros2_ws/install/ros2_numpy/lib/python3.12/site-packages:/root/ros2_ws/install/graphnav_msgs/lib/python3.12/site-packages:/root/ros2_ws/install/elevation_map_msgs/lib/python3.12/site-packages:/root/ros2_ws/install/direct_lidar_inertial_odometry/lib/python3.12/site-packages:${PYTHONPATH} /usr/bin/python3 -W ignore:setup.py install is deprecated -W ignore:easy_install command is deprecated setup.py develop --editable --build-directory /root/ros2_ws/build/dlio_gazebo_sim/build --no-deps symlink_data
[2.363s] Level 1:colcon.colcon_core.shell:create_environment_hook('dlio_gazebo_sim', 'pythonpath_develop')
[2.364s] INFO:colcon.colcon_core.shell:Creating environment hook '/root/ros2_ws/build/dlio_gazebo_sim/share/dlio_gazebo_sim/hook/pythonpath_develop.ps1'
[2.364s] DEBUG:colcon.colcon_core.event_handler.log_command:Invoked command in '/root/ros2_ws/build/dlio_gazebo_sim' returned '0': AMENT_PREFIX_PATH=/root/ros2_ws/install/elevation_mapping_cupy:/root/ros2_ws/install/semantic_sensor:/root/ros2_ws/install/graphnav_builder:/root/ros2_ws/install/ros2_numpy:/root/ros2_ws/install/graphnav_msgs:/root/ros2_ws/install/elevation_map_msgs:/root/ros2_ws/install/direct_lidar_inertial_odometry:${AMENT_PREFIX_PATH} CMAKE_PREFIX_PATH=/root/ros2_ws/install/elevation_mapping_cupy:/root/ros2_ws/install/ros2_numpy:/root/ros2_ws/install/graphnav_msgs:/root/ros2_ws/install/elevation_map_msgs:/root/ros2_ws/install/direct_lidar_inertial_odometry:${CMAKE_PREFIX_PATH} LD_LIBRARY_PATH=/root/ros2_ws/install/graphnav_msgs/lib:/root/ros2_ws/install/elevation_map_msgs/lib:/root/ros2_ws/install/direct_lidar_inertial_odometry/lib:${LD_LIBRARY_PATH} PATH=/root/ros2_ws/install/graphnav_builder/bin:${PATH} PYTHONPATH=/root/ros2_ws/build/dlio_gazebo_sim/prefix_override:/usr/lib/python3/dist-packages/colcon_core/task/python/colcon_distutils_commands:/root/ros2_ws/install/dlio_gazebo_sim/lib/python3.12/site-packages:/root/ros2_ws/install/elevation_mapping_cupy/lib/python3.12/site-packages:/root/ros2_ws/build/semantic_sensor:/root/ros2_ws/install/semantic_sensor/lib/python3.12/site-packages:/root/ros2_ws/build/graphnav_builder:/root/ros2_ws/install/graphnav_builder/lib/python3.12/site-packages:/root/ros2_ws/install/ros2_numpy/lib/python3.12/site-packages:/root/ros2_ws/install/graphnav_msgs/lib/python3.12/site-packages:/root/ros2_ws/install/elevation_map_msgs/lib/python3.12/site-packages:/root/ros2_ws/install/direct_lidar_inertial_odometry/lib/python3.12/site-packages:${PYTHONPATH} /usr/bin/python3 -W ignore:setup.py install is deprecated -W ignore:easy_install command is deprecated setup.py develop --editable --build-directory /root/ros2_ws/build/dlio_gazebo_sim/build --no-deps symlink_data
[2.364s] INFO:colcon.colcon_core.shell:Creating environment descriptor '/root/ros2_ws/build/dlio_gazebo_sim/share/dlio_gazebo_sim/hook/pythonpath_develop.dsv'
[2.365s] INFO:colcon.colcon_core.shell:Creating environment hook '/root/ros2_ws/build/dlio_gazebo_sim/share/dlio_gazebo_sim/hook/pythonpath_develop.sh'
[2.365s] Level 1:colcon.colcon_core.environment:checking '/root/ros2_ws/install/dlio_gazebo_sim' for CMake module files
[2.365s] Level 1:colcon.colcon_core.environment:checking '/root/ros2_ws/install/dlio_gazebo_sim' for CMake config files
[2.366s] Level 1:colcon.colcon_core.environment:checking '/root/ros2_ws/install/dlio_gazebo_sim/lib'
[2.366s] Level 1:colcon.colcon_core.environment:checking '/root/ros2_ws/install/dlio_gazebo_sim/bin'
[2.366s] Level 1:colcon.colcon_core.environment:checking '/root/ros2_ws/install/dlio_gazebo_sim/lib/pkgconfig/dlio_gazebo_sim.pc'
[2.366s] Level 1:colcon.colcon_core.environment:checking '/root/ros2_ws/install/dlio_gazebo_sim/lib/python3.12/site-packages'
[2.366s] Level 1:colcon.colcon_core.shell:create_environment_hook('dlio_gazebo_sim', 'pythonpath')
[2.366s] INFO:colcon.colcon_core.shell:Creating environment hook '/root/ros2_ws/install/dlio_gazebo_sim/share/dlio_gazebo_sim/hook/pythonpath.ps1'
[2.367s] INFO:colcon.colcon_core.shell:Creating environment descriptor '/root/ros2_ws/install/dlio_gazebo_sim/share/dlio_gazebo_sim/hook/pythonpath.dsv'
[2.367s] INFO:colcon.colcon_core.shell:Creating environment hook '/root/ros2_ws/install/dlio_gazebo_sim/share/dlio_gazebo_sim/hook/pythonpath.sh'
[2.368s] Level 1:colcon.colcon_core.environment:checking '/root/ros2_ws/install/dlio_gazebo_sim/bin'
[2.368s] Level 1:colcon.colcon_core.environment:create_environment_scripts_only(dlio_gazebo_sim)
[2.368s] INFO:colcon.colcon_core.shell:Creating package script '/root/ros2_ws/install/dlio_gazebo_sim/share/dlio_gazebo_sim/package.ps1'
[2.368s] INFO:colcon.colcon_core.shell:Creating package descriptor '/root/ros2_ws/install/dlio_gazebo_sim/share/dlio_gazebo_sim/package.dsv'
[2.369s] INFO:colcon.colcon_core.shell:Creating package script '/root/ros2_ws/install/dlio_gazebo_sim/share/dlio_gazebo_sim/package.sh'
[2.369s] INFO:colcon.colcon_core.shell:Creating package script '/root/ros2_ws/install/dlio_gazebo_sim/share/dlio_gazebo_sim/package.bash'
[2.369s] INFO:colcon.colcon_core.shell:Creating package script '/root/ros2_ws/install/dlio_gazebo_sim/share/dlio_gazebo_sim/package.zsh'
[2.370s] Level 1:colcon.colcon_core.environment:create_file_with_runtime_dependencies(/root/ros2_ws/install/dlio_gazebo_sim/share/colcon-core/packages/dlio_gazebo_sim)
[2.370s] DEBUG:colcon.colcon_parallel_executor.executor.parallel:closing loop
[2.370s] DEBUG:colcon.colcon_parallel_executor.executor.parallel:loop closed
[2.370s] DEBUG:colcon.colcon_parallel_executor.executor.parallel:run_until_complete finished with '0'
[2.370s] DEBUG:colcon.colcon_core.event_reactor:joining thread
[2.376s] INFO:colcon.colcon_core.plugin_system:Skipping extension 'colcon_notification.desktop_notification.notify_send': Could not find 'notify-send'
[2.376s] INFO:colcon.colcon_core.plugin_system:Skipping extension 'colcon_notification.desktop_notification.terminal_notifier': Not used on non-Darwin systems
[2.376s] INFO:colcon.colcon_core.plugin_system:Skipping extension 'colcon_notification.desktop_notification.win32': Not used on non-Windows systems
[2.376s] INFO:colcon.colcon_notification.desktop_notification:Sending desktop notification using 'notify2'
[2.378s] DEBUG:colcon.colcon_notification.desktop_notification.notify2:Failed to initialize notify2: org.freedesktop.DBus.Error.Spawn.ExecFailed: /usr/bin/dbus-launch terminated abnormally without any error message
[2.378s] DEBUG:colcon.colcon_core.event_reactor:joined thread
[2.378s] INFO:colcon.colcon_core.shell:Creating prefix script '/root/ros2_ws/install/local_setup.ps1'
[2.379s] INFO:colcon.colcon_core.shell:Creating prefix util module '/root/ros2_ws/install/_local_setup_util_ps1.py'
[2.380s] INFO:colcon.colcon_core.shell:Creating prefix chain script '/root/ros2_ws/install/setup.ps1'
[2.381s] INFO:colcon.colcon_core.shell:Creating prefix script '/root/ros2_ws/install/local_setup.sh'
[2.381s] INFO:colcon.colcon_core.shell:Creating prefix util module '/root/ros2_ws/install/_local_setup_util_sh.py'
[2.382s] INFO:colcon.colcon_core.shell:Creating prefix chain script '/root/ros2_ws/install/setup.sh'
[2.382s] INFO:colcon.colcon_core.shell:Creating prefix script '/root/ros2_ws/install/local_setup.bash'
[2.383s] INFO:colcon.colcon_core.shell:Creating prefix chain script '/root/ros2_ws/install/setup.bash'
[2.384s] INFO:colcon.colcon_core.shell:Creating prefix script '/root/ros2_ws/install/local_setup.zsh'
[2.384s] INFO:colcon.colcon_core.shell:Creating prefix chain script '/root/ros2_ws/install/setup.zsh'
