running develop
Removing /root/ros2_ws/install/dlio_gazebo_sim/lib/python3.12/site-packages/dlio-gazebo-sim.egg-link (link to .)
running egg_info
writing ../../build/dlio_gazebo_sim/dlio_gazebo_sim.egg-info/PKG-INFO
writing dependency_links to ../../build/dlio_gazebo_sim/dlio_gazebo_sim.egg-info/dependency_links.txt
writing entry points to ../../build/dlio_gazebo_sim/dlio_gazebo_sim.egg-info/entry_points.txt
writing requirements to ../../build/dlio_gazebo_sim/dlio_gazebo_sim.egg-info/requires.txt
writing top-level names to ../../build/dlio_gazebo_sim/dlio_gazebo_sim.egg-info/top_level.txt
reading manifest file '../../build/dlio_gazebo_sim/dlio_gazebo_sim.egg-info/SOURCES.txt'
writing manifest file '../../build/dlio_gazebo_sim/dlio_gazebo_sim.egg-info/SOURCES.txt'
running build
running build_py
creating /root/ros2_ws/build/dlio_gazebo_sim/build
creating /root/ros2_ws/build/dlio_gazebo_sim/build/lib
creating /root/ros2_ws/build/dlio_gazebo_sim/build/lib/dlio_gazebo_sim
copying dlio_gazebo_sim/circle_cmd.py -> /root/ros2_ws/build/dlio_gazebo_sim/build/lib/dlio_gazebo_sim
copying dlio_gazebo_sim/gazebo_cloud_adapter.py -> /root/ros2_ws/build/dlio_gazebo_sim/build/lib/dlio_gazebo_sim
copying dlio_gazebo_sim/grid_threshold_markers.py -> /root/ros2_ws/build/dlio_gazebo_sim/build/lib/dlio_gazebo_sim
copying dlio_gazebo_sim/synthetic_dlio_sensors.py -> /root/ros2_ws/build/dlio_gazebo_sim/build/lib/dlio_gazebo_sim
copying dlio_gazebo_sim/nav_graph_markers.py -> /root/ros2_ws/build/dlio_gazebo_sim/build/lib/dlio_gazebo_sim
copying dlio_gazebo_sim/__init__.py -> /root/ros2_ws/build/dlio_gazebo_sim/build/lib/dlio_gazebo_sim
running install
running install_lib
creating /root/ros2_ws/install/dlio_gazebo_sim/lib/python3.12/site-packages/dlio_gazebo_sim
copying /root/ros2_ws/build/dlio_gazebo_sim/build/lib/dlio_gazebo_sim/circle_cmd.py -> /root/ros2_ws/install/dlio_gazebo_sim/lib/python3.12/site-packages/dlio_gazebo_sim
copying /root/ros2_ws/build/dlio_gazebo_sim/build/lib/dlio_gazebo_sim/gazebo_cloud_adapter.py -> /root/ros2_ws/install/dlio_gazebo_sim/lib/python3.12/site-packages/dlio_gazebo_sim
copying /root/ros2_ws/build/dlio_gazebo_sim/build/lib/dlio_gazebo_sim/grid_threshold_markers.py -> /root/ros2_ws/install/dlio_gazebo_sim/lib/python3.12/site-packages/dlio_gazebo_sim
copying /root/ros2_ws/build/dlio_gazebo_sim/build/lib/dlio_gazebo_sim/synthetic_dlio_sensors.py -> /root/ros2_ws/install/dlio_gazebo_sim/lib/python3.12/site-packages/dlio_gazebo_sim
copying /root/ros2_ws/build/dlio_gazebo_sim/build/lib/dlio_gazebo_sim/nav_graph_markers.py -> /root/ros2_ws/install/dlio_gazebo_sim/lib/python3.12/site-packages/dlio_gazebo_sim
copying /root/ros2_ws/build/dlio_gazebo_sim/build/lib/dlio_gazebo_sim/__init__.py -> /root/ros2_ws/install/dlio_gazebo_sim/lib/python3.12/site-packages/dlio_gazebo_sim
byte-compiling /root/ros2_ws/install/dlio_gazebo_sim/lib/python3.12/site-packages/dlio_gazebo_sim/circle_cmd.py to circle_cmd.cpython-312.pyc
byte-compiling /root/ros2_ws/install/dlio_gazebo_sim/lib/python3.12/site-packages/dlio_gazebo_sim/gazebo_cloud_adapter.py to gazebo_cloud_adapter.cpython-312.pyc
byte-compiling /root/ros2_ws/install/dlio_gazebo_sim/lib/python3.12/site-packages/dlio_gazebo_sim/grid_threshold_markers.py to grid_threshold_markers.cpython-312.pyc
byte-compiling /root/ros2_ws/install/dlio_gazebo_sim/lib/python3.12/site-packages/dlio_gazebo_sim/synthetic_dlio_sensors.py to synthetic_dlio_sensors.cpython-312.pyc
byte-compiling /root/ros2_ws/install/dlio_gazebo_sim/lib/python3.12/site-packages/dlio_gazebo_sim/nav_graph_markers.py to nav_graph_markers.cpython-312.pyc
byte-compiling /root/ros2_ws/install/dlio_gazebo_sim/lib/python3.12/site-packages/dlio_gazebo_sim/__init__.py to __init__.cpython-312.pyc
running install_data
copying resource/dlio_gazebo_sim -> /root/ros2_ws/install/dlio_gazebo_sim/share/ament_index/resource_index/packages
copying package.xml -> /root/ros2_ws/install/dlio_gazebo_sim/share/dlio_gazebo_sim
copying launch/sim_dlio.launch.py -> /root/ros2_ws/install/dlio_gazebo_sim/share/dlio_gazebo_sim/launch
copying models/dlio_car/model.config -> /root/ros2_ws/install/dlio_gazebo_sim/share/dlio_gazebo_sim/models/dlio_car
copying models/dlio_car/model.sdf -> /root/ros2_ws/install/dlio_gazebo_sim/share/dlio_gazebo_sim/models/dlio_car
copying worlds/dlio_room.sdf -> /root/ros2_ws/install/dlio_gazebo_sim/share/dlio_gazebo_sim/worlds
copying worlds/dlio_empty.sdf -> /root/ros2_ws/install/dlio_gazebo_sim/share/dlio_gazebo_sim/worlds
running install_egg_info
Copying ../../build/dlio_gazebo_sim/dlio_gazebo_sim.egg-info to /root/ros2_ws/install/dlio_gazebo_sim/lib/python3.12/site-packages/dlio_gazebo_sim-0.0.1-py3.12.egg-info
running install_scripts
Installing circle_cmd script to /root/ros2_ws/install/dlio_gazebo_sim/lib/dlio_gazebo_sim
Installing gazebo_cloud_adapter script to /root/ros2_ws/install/dlio_gazebo_sim/lib/dlio_gazebo_sim
Installing grid_threshold_markers script to /root/ros2_ws/install/dlio_gazebo_sim/lib/dlio_gazebo_sim
Installing nav_graph_markers script to /root/ros2_ws/install/dlio_gazebo_sim/lib/dlio_gazebo_sim
Installing synthetic_dlio_sensors script to /root/ros2_ws/install/dlio_gazebo_sim/lib/dlio_gazebo_sim
writing list of installed files to '/root/ros2_ws/build/dlio_gazebo_sim/install.log'
