[1.112s] Invoking command in '/root/ros2_ws/build/dlio_gazebo_sim': AMENT_PREFIX_PATH=/root/ros2_ws/install/elevation_mapping_cupy:/root/ros2_ws/install/semantic_sensor:/root/ros2_ws/install/graphnav_builder:/root/ros2_ws/install/ros2_numpy:/root/ros2_ws/install/graphnav_msgs:/root/ros2_ws/install/elevation_map_msgs:/root/ros2_ws/install/direct_lidar_inertial_odometry:${AMENT_PREFIX_PATH} CMAKE_PREFIX_PATH=/root/ros2_ws/install/elevation_mapping_cupy:/root/ros2_ws/install/ros2_numpy:/root/ros2_ws/install/graphnav_msgs:/root/ros2_ws/install/elevation_map_msgs:/root/ros2_ws/install/direct_lidar_inertial_odometry:${CMAKE_PREFIX_PATH} LD_LIBRARY_PATH=/root/ros2_ws/install/graphnav_msgs/lib:/root/ros2_ws/install/elevation_map_msgs/lib:/root/ros2_ws/install/direct_lidar_inertial_odometry/lib:${LD_LIBRARY_PATH} PATH=/root/ros2_ws/install/graphnav_builder/bin:${PATH} PYTHONPATH=/root/ros2_ws/build/dlio_gazebo_sim/prefix_override:/usr/lib/python3/dist-packages/colcon_core/task/python/colcon_distutils_commands:/root/ros2_ws/install/dlio_gazebo_sim/lib/python3.12/site-packages:/root/ros2_ws/install/elevation_mapping_cupy/lib/python3.12/site-packages:/root/ros2_ws/build/semantic_sensor:/root/ros2_ws/install/semantic_sensor/lib/python3.12/site-packages:/root/ros2_ws/build/graphnav_builder:/root/ros2_ws/install/graphnav_builder/lib/python3.12/site-packages:/root/ros2_ws/install/ros2_numpy/lib/python3.12/site-packages:/root/ros2_ws/install/graphnav_msgs/lib/python3.12/site-packages:/root/ros2_ws/install/elevation_map_msgs/lib/python3.12/site-packages:/root/ros2_ws/install/direct_lidar_inertial_odometry/lib/python3.12/site-packages:${PYTHONPATH} /usr/bin/python3 -W ignore:setup.py install is deprecated -W ignore:easy_install command is deprecated setup.py develop --uninstall --editable --build-directory /root/ros2_ws/build/dlio_gazebo_sim/build
[1.423s] running develop
[1.634s] Removing /root/ros2_ws/install/dlio_gazebo_sim/lib/python3.12/site-packages/dlio-gazebo-sim.egg-link (link to .)
[1.661s] Invoked command in '/root/ros2_ws/build/dlio_gazebo_sim' returned '0': AMENT_PREFIX_PATH=/root/ros2_ws/install/elevation_mapping_cupy:/root/ros2_ws/install/semantic_sensor:/root/ros2_ws/install/graphnav_builder:/root/ros2_ws/install/ros2_numpy:/root/ros2_ws/install/graphnav_msgs:/root/ros2_ws/install/elevation_map_msgs:/root/ros2_ws/install/direct_lidar_inertial_odometry:${AMENT_PREFIX_PATH} CMAKE_PREFIX_PATH=/root/ros2_ws/install/elevation_mapping_cupy:/root/ros2_ws/install/ros2_numpy:/root/ros2_ws/install/graphnav_msgs:/root/ros2_ws/install/elevation_map_msgs:/root/ros2_ws/install/direct_lidar_inertial_odometry:${CMAKE_PREFIX_PATH} LD_LIBRARY_PATH=/root/ros2_ws/install/graphnav_msgs/lib:/root/ros2_ws/install/elevation_map_msgs/lib:/root/ros2_ws/install/direct_lidar_inertial_odometry/lib:${LD_LIBRARY_PATH} PATH=/root/ros2_ws/install/graphnav_builder/bin:${PATH} PYTHONPATH=/root/ros2_ws/build/dlio_gazebo_sim/prefix_override:/usr/lib/python3/dist-packages/colcon_core/task/python/colcon_distutils_commands:/root/ros2_ws/install/dlio_gazebo_sim/lib/python3.12/site-packages:/root/ros2_ws/install/elevation_mapping_cupy/lib/python3.12/site-packages:/root/ros2_ws/build/semantic_sensor:/root/ros2_ws/install/semantic_sensor/lib/python3.12/site-packages:/root/ros2_ws/build/graphnav_builder:/root/ros2_ws/install/graphnav_builder/lib/python3.12/site-packages:/root/ros2_ws/install/ros2_numpy/lib/python3.12/site-packages:/root/ros2_ws/install/graphnav_msgs/lib/python3.12/site-packages:/root/ros2_ws/install/elevation_map_msgs/lib/python3.12/site-packages:/root/ros2_ws/install/direct_lidar_inertial_odometry/lib/python3.12/site-packages:${PYTHONPATH} /usr/bin/python3 -W ignore:setup.py install is deprecated -W ignore:easy_install command is deprecated setup.py develop --uninstall --editable --build-directory /root/ros2_ws/build/dlio_gazebo_sim/build
[1.662s] Invoking command in '/root/ros2_ws/src/dlio_gazebo_sim': AMENT_PREFIX_PATH=/root/ros2_ws/install/elevation_mapping_cupy:/root/ros2_ws/install/semantic_sensor:/root/ros2_ws/install/graphnav_builder:/root/ros2_ws/install/ros2_numpy:/root/ros2_ws/install/graphnav_msgs:/root/ros2_ws/install/elevation_map_msgs:/root/ros2_ws/install/direct_lidar_inertial_odometry:${AMENT_PREFIX_PATH} CMAKE_PREFIX_PATH=/root/ros2_ws/install/elevation_mapping_cupy:/root/ros2_ws/install/ros2_numpy:/root/ros2_ws/install/graphnav_msgs:/root/ros2_ws/install/elevation_map_msgs:/root/ros2_ws/install/direct_lidar_inertial_odometry:${CMAKE_PREFIX_PATH} LD_LIBRARY_PATH=/root/ros2_ws/install/graphnav_msgs/lib:/root/ros2_ws/install/elevation_map_msgs/lib:/root/ros2_ws/install/direct_lidar_inertial_odometry/lib:${LD_LIBRARY_PATH} PATH=/root/ros2_ws/install/graphnav_builder/bin:${PATH} PYTHONPATH=/root/ros2_ws/build/dlio_gazebo_sim/prefix_override:/usr/lib/python3/dist-packages/colcon_core/task/python/colcon_distutils_commands:/root/ros2_ws/install/dlio_gazebo_sim/lib/python3.12/site-packages:/root/ros2_ws/install/elevation_mapping_cupy/lib/python3.12/site-packages:/root/ros2_ws/build/semantic_sensor:/root/ros2_ws/install/semantic_sensor/lib/python3.12/site-packages:/root/ros2_ws/build/graphnav_builder:/root/ros2_ws/install/graphnav_builder/lib/python3.12/site-packages:/root/ros2_ws/install/ros2_numpy/lib/python3.12/site-packages:/root/ros2_ws/install/graphnav_msgs/lib/python3.12/site-packages:/root/ros2_ws/install/elevation_map_msgs/lib/python3.12/site-packages:/root/ros2_ws/install/direct_lidar_inertial_odometry/lib/python3.12/site-packages:${PYTHONPATH} /usr/bin/python3 -W ignore:setup.py install is deprecated -W ignore:easy_install command is deprecated setup.py egg_info --egg-base ../../build/dlio_gazebo_sim build --build-base /root/ros2_ws/build/dlio_gazebo_sim/build install --record /root/ros2_ws/build/dlio_gazebo_sim/install.log --single-version-externally-managed install_data --force
[1.941s] running egg_info
[1.964s] writing ../../build/dlio_gazebo_sim/dlio_gazebo_sim.egg-info/PKG-INFO
[1.964s] writing dependency_links to ../../build/dlio_gazebo_sim/dlio_gazebo_sim.egg-info/dependency_links.txt
[1.965s] writing entry points to ../../build/dlio_gazebo_sim/dlio_gazebo_sim.egg-info/entry_points.txt
[1.965s] writing requirements to ../../build/dlio_gazebo_sim/dlio_gazebo_sim.egg-info/requires.txt
[1.965s] writing top-level names to ../../build/dlio_gazebo_sim/dlio_gazebo_sim.egg-info/top_level.txt
[2.015s] reading manifest file '../../build/dlio_gazebo_sim/dlio_gazebo_sim.egg-info/SOURCES.txt'
[2.016s] writing manifest file '../../build/dlio_gazebo_sim/dlio_gazebo_sim.egg-info/SOURCES.txt'
[2.016s] running build
[2.016s] running build_py
[2.016s] creating /root/ros2_ws/build/dlio_gazebo_sim/build
[2.016s] creating /root/ros2_ws/build/dlio_gazebo_sim/build/lib
[2.017s] creating /root/ros2_ws/build/dlio_gazebo_sim/build/lib/dlio_gazebo_sim
[2.017s] copying dlio_gazebo_sim/circle_cmd.py -> /root/ros2_ws/build/dlio_gazebo_sim/build/lib/dlio_gazebo_sim
[2.017s] copying dlio_gazebo_sim/gazebo_cloud_adapter.py -> /root/ros2_ws/build/dlio_gazebo_sim/build/lib/dlio_gazebo_sim
[2.017s] copying dlio_gazebo_sim/grid_threshold_markers.py -> /root/ros2_ws/build/dlio_gazebo_sim/build/lib/dlio_gazebo_sim
[2.017s] copying dlio_gazebo_sim/synthetic_dlio_sensors.py -> /root/ros2_ws/build/dlio_gazebo_sim/build/lib/dlio_gazebo_sim
[2.018s] copying dlio_gazebo_sim/nav_graph_markers.py -> /root/ros2_ws/build/dlio_gazebo_sim/build/lib/dlio_gazebo_sim
[2.018s] copying dlio_gazebo_sim/__init__.py -> /root/ros2_ws/build/dlio_gazebo_sim/build/lib/dlio_gazebo_sim
[2.018s] running install
[2.025s] running install_lib
[2.048s] creating /root/ros2_ws/install/dlio_gazebo_sim/lib/python3.12/site-packages/dlio_gazebo_sim
[2.048s] copying /root/ros2_ws/build/dlio_gazebo_sim/build/lib/dlio_gazebo_sim/circle_cmd.py -> /root/ros2_ws/install/dlio_gazebo_sim/lib/python3.12/site-packages/dlio_gazebo_sim
[2.048s] copying /root/ros2_ws/build/dlio_gazebo_sim/build/lib/dlio_gazebo_sim/gazebo_cloud_adapter.py -> /root/ros2_ws/install/dlio_gazebo_sim/lib/python3.12/site-packages/dlio_gazebo_sim
[2.048s] copying /root/ros2_ws/build/dlio_gazebo_sim/build/lib/dlio_gazebo_sim/grid_threshold_markers.py -> /root/ros2_ws/install/dlio_gazebo_sim/lib/python3.12/site-packages/dlio_gazebo_sim
[2.048s] copying /root/ros2_ws/build/dlio_gazebo_sim/build/lib/dlio_gazebo_sim/synthetic_dlio_sensors.py -> /root/ros2_ws/install/dlio_gazebo_sim/lib/python3.12/site-packages/dlio_gazebo_sim
[2.048s] copying /root/ros2_ws/build/dlio_gazebo_sim/build/lib/dlio_gazebo_sim/nav_graph_markers.py -> /root/ros2_ws/install/dlio_gazebo_sim/lib/python3.12/site-packages/dlio_gazebo_sim
[2.049s] copying /root/ros2_ws/build/dlio_gazebo_sim/build/lib/dlio_gazebo_sim/__init__.py -> /root/ros2_ws/install/dlio_gazebo_sim/lib/python3.12/site-packages/dlio_gazebo_sim
[2.049s] byte-compiling /root/ros2_ws/install/dlio_gazebo_sim/lib/python3.12/site-packages/dlio_gazebo_sim/circle_cmd.py to circle_cmd.cpython-312.pyc
[2.050s] byte-compiling /root/ros2_ws/install/dlio_gazebo_sim/lib/python3.12/site-packages/dlio_gazebo_sim/gazebo_cloud_adapter.py to gazebo_cloud_adapter.cpython-312.pyc
[2.052s] byte-compiling /root/ros2_ws/install/dlio_gazebo_sim/lib/python3.12/site-packages/dlio_gazebo_sim/grid_threshold_markers.py to grid_threshold_markers.cpython-312.pyc
[2.054s] byte-compiling /root/ros2_ws/install/dlio_gazebo_sim/lib/python3.12/site-packages/dlio_gazebo_sim/synthetic_dlio_sensors.py to synthetic_dlio_sensors.cpython-312.pyc
[2.056s] byte-compiling /root/ros2_ws/install/dlio_gazebo_sim/lib/python3.12/site-packages/dlio_gazebo_sim/nav_graph_markers.py to nav_graph_markers.cpython-312.pyc
[2.058s] byte-compiling /root/ros2_ws/install/dlio_gazebo_sim/lib/python3.12/site-packages/dlio_gazebo_sim/__init__.py to __init__.cpython-312.pyc
[2.058s] running install_data
[2.059s] copying resource/dlio_gazebo_sim -> /root/ros2_ws/install/dlio_gazebo_sim/share/ament_index/resource_index/packages
[2.059s] copying package.xml -> /root/ros2_ws/install/dlio_gazebo_sim/share/dlio_gazebo_sim
[2.059s] copying launch/sim_dlio.launch.py -> /root/ros2_ws/install/dlio_gazebo_sim/share/dlio_gazebo_sim/launch
[2.059s] copying models/dlio_car/model.config -> /root/ros2_ws/install/dlio_gazebo_sim/share/dlio_gazebo_sim/models/dlio_car
[2.059s] copying models/dlio_car/model.sdf -> /root/ros2_ws/install/dlio_gazebo_sim/share/dlio_gazebo_sim/models/dlio_car
[2.060s] copying worlds/dlio_room.sdf -> /root/ros2_ws/install/dlio_gazebo_sim/share/dlio_gazebo_sim/worlds
[2.060s] copying worlds/dlio_empty.sdf -> /root/ros2_ws/install/dlio_gazebo_sim/share/dlio_gazebo_sim/worlds
[2.060s] running install_egg_info
[2.084s] Copying ../../build/dlio_gazebo_sim/dlio_gazebo_sim.egg-info to /root/ros2_ws/install/dlio_gazebo_sim/lib/python3.12/site-packages/dlio_gazebo_sim-0.0.1-py3.12.egg-info
[2.088s] running install_scripts
[2.245s] Installing circle_cmd script to /root/ros2_ws/install/dlio_gazebo_sim/lib/dlio_gazebo_sim
[2.245s] Installing gazebo_cloud_adapter script to /root/ros2_ws/install/dlio_gazebo_sim/lib/dlio_gazebo_sim
[2.245s] Installing grid_threshold_markers script to /root/ros2_ws/install/dlio_gazebo_sim/lib/dlio_gazebo_sim
[2.246s] Installing nav_graph_markers script to /root/ros2_ws/install/dlio_gazebo_sim/lib/dlio_gazebo_sim
[2.246s] Installing synthetic_dlio_sensors script to /root/ros2_ws/install/dlio_gazebo_sim/lib/dlio_gazebo_sim
[2.246s] writing list of installed files to '/root/ros2_ws/build/dlio_gazebo_sim/install.log'
[2.303s] Invoked command in '/root/ros2_ws/src/dlio_gazebo_sim' returned '0': AMENT_PREFIX_PATH=/root/ros2_ws/install/elevation_mapping_cupy:/root/ros2_ws/install/semantic_sensor:/root/ros2_ws/install/graphnav_builder:/root/ros2_ws/install/ros2_numpy:/root/ros2_ws/install/graphnav_msgs:/root/ros2_ws/install/elevation_map_msgs:/root/ros2_ws/install/direct_lidar_inertial_odometry:${AMENT_PREFIX_PATH} CMAKE_PREFIX_PATH=/root/ros2_ws/install/elevation_mapping_cupy:/root/ros2_ws/install/ros2_numpy:/root/ros2_ws/install/graphnav_msgs:/root/ros2_ws/install/elevation_map_msgs:/root/ros2_ws/install/direct_lidar_inertial_odometry:${CMAKE_PREFIX_PATH} LD_LIBRARY_PATH=/root/ros2_ws/install/graphnav_msgs/lib:/root/ros2_ws/install/elevation_map_msgs/lib:/root/ros2_ws/install/direct_lidar_inertial_odometry/lib:${LD_LIBRARY_PATH} PATH=/root/ros2_ws/install/graphnav_builder/bin:${PATH} PYTHONPATH=/root/ros2_ws/build/dlio_gazebo_sim/prefix_override:/usr/lib/python3/dist-packages/colcon_core/task/python/colcon_distutils_commands:/root/ros2_ws/install/dlio_gazebo_sim/lib/python3.12/site-packages:/root/ros2_ws/install/elevation_mapping_cupy/lib/python3.12/site-packages:/root/ros2_ws/build/semantic_sensor:/root/ros2_ws/install/semantic_sensor/lib/python3.12/site-packages:/root/ros2_ws/build/graphnav_builder:/root/ros2_ws/install/graphnav_builder/lib/python3.12/site-packages:/root/ros2_ws/install/ros2_numpy/lib/python3.12/site-packages:/root/ros2_ws/install/graphnav_msgs/lib/python3.12/site-packages:/root/ros2_ws/install/elevation_map_msgs/lib/python3.12/site-packages:/root/ros2_ws/install/direct_lidar_inertial_odometry/lib/python3.12/site-packages:${PYTHONPATH} /usr/bin/python3 -W ignore:setup.py install is deprecated -W ignore:easy_install command is deprecated setup.py egg_info --egg-base ../../build/dlio_gazebo_sim build --build-base /root/ros2_ws/build/dlio_gazebo_sim/build install --record /root/ros2_ws/build/dlio_gazebo_sim/install.log --single-version-externally-managed install_data --force
