[0.897s] Invoking command in '/root/ros2_ws/build/semantic_sensor': AMENT_PREFIX_PATH=/root/ros2_ws/install/elevation_map_msgs:${AMENT_PREFIX_PATH} CMAKE_PREFIX_PATH=/root/ros2_ws/install/ros2_numpy:/root/ros2_ws/install/elevation_map_msgs:/root/ros2_ws/install/direct_lidar_inertial_odometry:/opt/ros/jazzy/opt/gz_sim_vendor:/opt/ros/jazzy/opt/gz_sensors_vendor:/opt/ros/jazzy/opt/gz_physics_vendor:/opt/ros/jazzy/opt/sdformat_vendor:/opt/ros/jazzy/opt/gz_gui_vendor:/opt/ros/jazzy/opt/gz_transport_vendor:/opt/ros/jazzy/opt/gz_rendering_vendor:/opt/ros/jazzy/opt/gz_plugin_vendor:/opt/ros/jazzy/opt/gz_fuel_tools_vendor:/opt/ros/jazzy/opt/gz_msgs_vendor:/opt/ros/jazzy/opt/gz_common_vendor:/opt/ros/jazzy/opt/gz_math_vendor:/opt/ros/jazzy/opt/gz_utils_vendor:/opt/ros/jazzy/opt/gz_tools_vendor:/opt/ros/jazzy/opt/gz_ogre_next_vendor:/opt/ros/jazzy/opt/gz_dartsim_vendor:/opt/ros/jazzy/opt/gz_cmake_vendor LD_LIBRARY_PATH=/root/ros2_ws/install/elevation_map_msgs/lib:${LD_LIBRARY_PATH} PYTHONPATH=/root/ros2_ws/build/semantic_sensor/prefix_override:/usr/lib/python3/dist-packages/colcon_core/task/python/colcon_distutils_commands:/root/ros2_ws/install/semantic_sensor/lib/python3.12/site-packages:/root/ros2_ws/install/ros2_numpy/lib/python3.12/site-packages:/root/ros2_ws/install/elevation_map_msgs/lib/python3.12/site-packages:/root/ros2_ws/build/dlio_gazebo_sim:/root/ros2_ws/install/dlio_gazebo_sim/lib/python3.12/site-packages:/root/ros2_ws/install/direct_lidar_inertial_odometry/lib/python3.12/site-packages:/opt/ros/jazzy/lib/python3.12/site-packages /usr/bin/python3 -W ignore:setup.py install is deprecated -W ignore:easy_install command is deprecated setup.py develop --editable --build-directory /root/ros2_ws/build/semantic_sensor/build --no-deps symlink_data
[1.227s] running develop
[1.424s] running egg_info
[1.424s] creating semantic_sensor.egg-info
[1.443s] writing semantic_sensor.egg-info/PKG-INFO
[1.443s] writing dependency_links to semantic_sensor.egg-info/dependency_links.txt
[1.443s] writing entry points to semantic_sensor.egg-info/entry_points.txt
[1.444s] writing requirements to semantic_sensor.egg-info/requires.txt
[1.444s] writing top-level names to semantic_sensor.egg-info/top_level.txt
[1.444s] writing manifest file 'semantic_sensor.egg-info/SOURCES.txt'
[1.486s] reading manifest file 'semantic_sensor.egg-info/SOURCES.txt'
[1.486s] writing manifest file 'semantic_sensor.egg-info/SOURCES.txt'
[1.507s] running build_ext
[1.507s] Creating /root/ros2_ws/install/semantic_sensor/lib/python3.12/site-packages/semantic-sensor.egg-link (link to .)
[1.507s] Installing image_node script to /root/ros2_ws/install/semantic_sensor/lib/semantic_sensor
[1.507s] Installing pointcloud_node script to /root/ros2_ws/install/semantic_sensor/lib/semantic_sensor
[1.508s] 
[1.508s] Installed /root/ros2_ws/build/semantic_sensor
[1.508s] running symlink_data
[1.508s] creating /root/ros2_ws/install/semantic_sensor/share/ament_index
[1.508s] creating /root/ros2_ws/install/semantic_sensor/share/ament_index/resource_index
[1.508s] creating /root/ros2_ws/install/semantic_sensor/share/ament_index/resource_index/packages
[1.508s] symbolically linking /root/ros2_ws/build/semantic_sensor/resource/semantic_sensor -> /root/ros2_ws/install/semantic_sensor/share/ament_index/resource_index/packages
[1.508s] symbolically linking /root/ros2_ws/build/semantic_sensor/package.xml -> /root/ros2_ws/install/semantic_sensor/share/semantic_sensor
[1.508s] creating /root/ros2_ws/install/semantic_sensor/share/semantic_sensor/launch
[1.508s] symbolically linking /root/ros2_ws/build/semantic_sensor/launch/semantic_image.launch.py -> /root/ros2_ws/install/semantic_sensor/share/semantic_sensor/launch
[1.508s] symbolically linking /root/ros2_ws/build/semantic_sensor/launch/semantic_pointcloud.launch.py -> /root/ros2_ws/install/semantic_sensor/share/semantic_sensor/launch
[1.509s] creating /root/ros2_ws/install/semantic_sensor/share/semantic_sensor/config
[1.509s] symbolically linking /root/ros2_ws/build/semantic_sensor/config/sensor_parameter.yaml -> /root/ros2_ws/install/semantic_sensor/share/semantic_sensor/config
[1.534s] Invoked command in '/root/ros2_ws/build/semantic_sensor' returned '0': AMENT_PREFIX_PATH=/root/ros2_ws/install/elevation_map_msgs:${AMENT_PREFIX_PATH} CMAKE_PREFIX_PATH=/root/ros2_ws/install/ros2_numpy:/root/ros2_ws/install/elevation_map_msgs:/root/ros2_ws/install/direct_lidar_inertial_odometry:/opt/ros/jazzy/opt/gz_sim_vendor:/opt/ros/jazzy/opt/gz_sensors_vendor:/opt/ros/jazzy/opt/gz_physics_vendor:/opt/ros/jazzy/opt/sdformat_vendor:/opt/ros/jazzy/opt/gz_gui_vendor:/opt/ros/jazzy/opt/gz_transport_vendor:/opt/ros/jazzy/opt/gz_rendering_vendor:/opt/ros/jazzy/opt/gz_plugin_vendor:/opt/ros/jazzy/opt/gz_fuel_tools_vendor:/opt/ros/jazzy/opt/gz_msgs_vendor:/opt/ros/jazzy/opt/gz_common_vendor:/opt/ros/jazzy/opt/gz_math_vendor:/opt/ros/jazzy/opt/gz_utils_vendor:/opt/ros/jazzy/opt/gz_tools_vendor:/opt/ros/jazzy/opt/gz_ogre_next_vendor:/opt/ros/jazzy/opt/gz_dartsim_vendor:/opt/ros/jazzy/opt/gz_cmake_vendor LD_LIBRARY_PATH=/root/ros2_ws/install/elevation_map_msgs/lib:${LD_LIBRARY_PATH} PYTHONPATH=/root/ros2_ws/build/semantic_sensor/prefix_override:/usr/lib/python3/dist-packages/colcon_core/task/python/colcon_distutils_commands:/root/ros2_ws/install/semantic_sensor/lib/python3.12/site-packages:/root/ros2_ws/install/ros2_numpy/lib/python3.12/site-packages:/root/ros2_ws/install/elevation_map_msgs/lib/python3.12/site-packages:/root/ros2_ws/build/dlio_gazebo_sim:/root/ros2_ws/install/dlio_gazebo_sim/lib/python3.12/site-packages:/root/ros2_ws/install/direct_lidar_inertial_odometry/lib/python3.12/site-packages:/opt/ros/jazzy/lib/python3.12/site-packages /usr/bin/python3 -W ignore:setup.py install is deprecated -W ignore:easy_install command is deprecated setup.py develop --editable --build-directory /root/ros2_ws/build/semantic_sensor/build --no-deps symlink_data
