running develop
running egg_info
writing dlio_gazebo_sim.egg-info/PKG-INFO
writing dependency_links to dlio_gazebo_sim.egg-info/dependency_links.txt
writing entry points to dlio_gazebo_sim.egg-info/entry_points.txt
writing requirements to dlio_gazebo_sim.egg-info/requires.txt
writing top-level names to dlio_gazebo_sim.egg-info/top_level.txt
reading manifest file 'dlio_gazebo_sim.egg-info/SOURCES.txt'
writing manifest file 'dlio_gazebo_sim.egg-info/SOURCES.txt'
running build_ext
Creating /root/ros2_ws/install/dlio_gazebo_sim/lib/python3.12/site-packages/dlio-gazebo-sim.egg-link (link to .)
Installing circle_cmd script to /root/ros2_ws/install/dlio_gazebo_sim/lib/dlio_gazebo_sim
Installing gazebo_cloud_adapter script to /root/ros2_ws/install/dlio_gazebo_sim/lib/dlio_gazebo_sim
Installing gazebo_odom_tf script to /root/ros2_ws/install/dlio_gazebo_sim/lib/dlio_gazebo_sim
Installing grid_threshold_markers script to /root/ros2_ws/install/dlio_gazebo_sim/lib/dlio_gazebo_sim
Installing nav_graph_markers script to /root/ros2_ws/install/dlio_gazebo_sim/lib/dlio_gazebo_sim
Installing odom_cloud_to_lidar_frame script to /root/ros2_ws/install/dlio_gazebo_sim/lib/dlio_gazebo_sim
Installing synthetic_dlio_sensors script to /root/ros2_ws/install/dlio_gazebo_sim/lib/dlio_gazebo_sim

Installed /root/ros2_ws/build/dlio_gazebo_sim
running symlink_data
symbolically linking /root/ros2_ws/build/dlio_gazebo_sim/resource/dlio_gazebo_sim -> /root/ros2_ws/install/dlio_gazebo_sim/share/ament_index/resource_index/packages
symbolically linking /root/ros2_ws/build/dlio_gazebo_sim/package.xml -> /root/ros2_ws/install/dlio_gazebo_sim/share/dlio_gazebo_sim
symbolically linking /root/ros2_ws/build/dlio_gazebo_sim/config/dlio_gazebo_extrinsics.yaml -> /root/ros2_ws/install/dlio_gazebo_sim/share/dlio_gazebo_sim/config
symbolically linking /root/ros2_ws/build/dlio_gazebo_sim/config/dlio_oxford_spires_rosbag.yaml -> /root/ros2_ws/install/dlio_gazebo_sim/share/dlio_gazebo_sim/config
symbolically linking /root/ros2_ws/build/dlio_gazebo_sim/launch/sim_dlio.launch.py -> /root/ros2_ws/install/dlio_gazebo_sim/share/dlio_gazebo_sim/launch
symbolically linking /root/ros2_ws/build/dlio_gazebo_sim/models/dlio_car/model.config -> /root/ros2_ws/install/dlio_gazebo_sim/share/dlio_gazebo_sim/models/dlio_car
symbolically linking /root/ros2_ws/build/dlio_gazebo_sim/models/dlio_car/model.sdf -> /root/ros2_ws/install/dlio_gazebo_sim/share/dlio_gazebo_sim/models/dlio_car
symbolically linking /root/ros2_ws/build/dlio_gazebo_sim/worlds/dlio_room.sdf -> /root/ros2_ws/install/dlio_gazebo_sim/share/dlio_gazebo_sim/worlds
symbolically linking /root/ros2_ws/build/dlio_gazebo_sim/worlds/dlio_empty.sdf -> /root/ros2_ws/install/dlio_gazebo_sim/share/dlio_gazebo_sim/worlds
