[0.178s] DEBUG:colcon:Command line arguments: ['/usr/bin/colcon', 'build', '--symlink-install', '--packages-select', 'dlio_gazebo_sim']
[0.178s] DEBUG:colcon:Parsed command line arguments: Namespace(log_base=None, log_level=None, verb_name='build', build_base='build', install_base='install', merge_install=False, symlink_install=True, test_result_base=None, continue_on_error=False, executor='parallel', parallel_workers=8, event_handlers=None, ignore_user_meta=False, metas=['./colcon.meta'], base_paths=['.'], packages_ignore=None, packages_ignore_regex=None, paths=None, packages_up_to=None, packages_up_to_regex=None, packages_above=None, packages_above_and_dependencies=None, packages_above_depth=None, packages_select_by_dep=None, packages_skip_by_dep=None, packages_skip_up_to=None, packages_select_build_failed=False, packages_skip_build_finished=False, packages_select_test_failures=False, packages_skip_test_passed=False, packages_select=['dlio_gazebo_sim'], packages_skip=None, packages_select_regex=None, packages_skip_regex=None, packages_start=None, packages_end=None, cmake_args=None, cmake_target=None, cmake_target_skip_unavailable=False, cmake_clean_cache=False, cmake_clean_first=False, cmake_force_configure=False, ament_cmake_args=None, catkin_cmake_args=None, catkin_skip_building_tests=False, mixin_files=None, mixin=None, verb_parser=<colcon_mixin.mixin.mixin_argument.MixinArgumentDecorator object at 0x7452fe1c6780>, verb_extension=<colcon_core.verb.build.BuildVerb object at 0x7452fe37e4e0>, main=<bound method BuildVerb.main of <colcon_core.verb.build.BuildVerb object at 0x7452fe37e4e0>>, mixin_verb=('build',))
[0.234s] Level 1:colcon.colcon_core.package_discovery:discover_packages(colcon_meta) check parameters
[0.235s] INFO:colcon.colcon_metadata.package_discovery.colcon_meta:Using configuration from '/root/.colcon/metadata/default/Gazebo.meta'
[0.235s] INFO:colcon.colcon_metadata.package_discovery.colcon_meta:Using configuration from '/root/.colcon/metadata/default/fastdds.meta'
[0.236s] INFO:colcon.colcon_metadata.package_discovery.colcon_meta:Using configuration from '/root/.colcon/metadata/default/fastrtps.meta'
[0.236s] Level 1:colcon.colcon_core.package_discovery:discover_packages(recursive) check parameters
[0.236s] Level 1:colcon.colcon_core.package_discovery:discover_packages(ignore) check parameters
[0.236s] Level 1:colcon.colcon_core.package_discovery:discover_packages(path) check parameters
[0.236s] Level 1:colcon.colcon_core.package_discovery:discover_packages(colcon_meta) discover
[0.236s] Level 1:colcon.colcon_core.package_discovery:discover_packages(recursive) discover
[0.236s] INFO:colcon.colcon_core.package_discovery:Crawling recursively for packages in '/root/ros2_ws'
[0.236s] Level 1:colcon.colcon_core.package_identification:_identify(.) by extensions ['ignore', 'ignore_ament_install']
[0.236s] Level 1:colcon.colcon_core.package_identification:_identify(.) by extension 'ignore'
[0.236s] Level 1:colcon.colcon_core.package_identification:_identify(.) by extension 'ignore_ament_install'
[0.236s] Level 1:colcon.colcon_core.package_identification:_identify(.) by extensions ['colcon_pkg']
[0.236s] Level 1:colcon.colcon_core.package_identification:_identify(.) by extension 'colcon_pkg'
[0.236s] Level 1:colcon.colcon_core.package_identification:_identify(.) by extensions ['colcon_meta']
[0.236s] Level 1:colcon.colcon_core.package_identification:_identify(.) by extension 'colcon_meta'
[0.236s] Level 1:colcon.colcon_core.package_identification:_identify(.) by extensions ['ros']
[0.236s] Level 1:colcon.colcon_core.package_identification:_identify(.) by extension 'ros'
[0.262s] Level 1:colcon.colcon_core.package_identification:_identify(.) by extensions ['cmake', 'python']
[0.262s] Level 1:colcon.colcon_core.package_identification:_identify(.) by extension 'cmake'
[0.262s] Level 1:colcon.colcon_core.package_identification:_identify(.) by extension 'python'
[0.262s] Level 1:colcon.colcon_core.package_identification:_identify(.) by extensions ['python_setup_py']
[0.262s] Level 1:colcon.colcon_core.package_identification:_identify(.) by extension 'python_setup_py'
[0.262s] Level 1:colcon.colcon_core.package_identification:_identify(build) by extensions ['ignore', 'ignore_ament_install']
[0.262s] Level 1:colcon.colcon_core.package_identification:_identify(build) by extension 'ignore'
[0.263s] Level 1:colcon.colcon_core.package_identification:_identify(build) ignored
[0.263s] Level 1:colcon.colcon_core.package_identification:_identify(install) by extensions ['ignore', 'ignore_ament_install']
[0.263s] Level 1:colcon.colcon_core.package_identification:_identify(install) by extension 'ignore'
[0.263s] Level 1:colcon.colcon_core.package_identification:_identify(install) ignored
[0.263s] Level 1:colcon.colcon_core.package_identification:_identify(log) by extensions ['ignore', 'ignore_ament_install']
[0.263s] Level 1:colcon.colcon_core.package_identification:_identify(log) by extension 'ignore'
[0.263s] Level 1:colcon.colcon_core.package_identification:_identify(log) ignored
[0.263s] Level 1:colcon.colcon_core.package_identification:_identify(scripts) by extensions ['ignore', 'ignore_ament_install']
[0.263s] Level 1:colcon.colcon_core.package_identification:_identify(scripts) by extension 'ignore'
[0.263s] Level 1:colcon.colcon_core.package_identification:_identify(scripts) by extension 'ignore_ament_install'
[0.263s] Level 1:colcon.colcon_core.package_identification:_identify(scripts) by extensions ['colcon_pkg']
[0.263s] Level 1:colcon.colcon_core.package_identification:_identify(scripts) by extension 'colcon_pkg'
[0.263s] Level 1:colcon.colcon_core.package_identification:_identify(scripts) by extensions ['colcon_meta']
[0.264s] Level 1:colcon.colcon_core.package_identification:_identify(scripts) by extension 'colcon_meta'
[0.264s] Level 1:colcon.colcon_core.package_identification:_identify(scripts) by extensions ['ros']
[0.264s] Level 1:colcon.colcon_core.package_identification:_identify(scripts) by extension 'ros'
[0.264s] Level 1:colcon.colcon_core.package_identification:_identify(scripts) by extensions ['cmake', 'python']
[0.264s] Level 1:colcon.colcon_core.package_identification:_identify(scripts) by extension 'cmake'
[0.264s] Level 1:colcon.colcon_core.package_identification:_identify(scripts) by extension 'python'
[0.264s] Level 1:colcon.colcon_core.package_identification:_identify(scripts) by extensions ['python_setup_py']
[0.264s] Level 1:colcon.colcon_core.package_identification:_identify(scripts) by extension 'python_setup_py'
[0.264s] Level 1:colcon.colcon_core.package_identification:_identify(scripts/__pycache__) by extensions ['ignore', 'ignore_ament_install']
[0.264s] Level 1:colcon.colcon_core.package_identification:_identify(scripts/__pycache__) by extension 'ignore'
[0.264s] Level 1:colcon.colcon_core.package_identification:_identify(scripts/__pycache__) by extension 'ignore_ament_install'
[0.264s] Level 1:colcon.colcon_core.package_identification:_identify(scripts/__pycache__) by extensions ['colcon_pkg']
[0.264s] Level 1:colcon.colcon_core.package_identification:_identify(scripts/__pycache__) by extension 'colcon_pkg'
[0.264s] Level 1:colcon.colcon_core.package_identification:_identify(scripts/__pycache__) by extensions ['colcon_meta']
[0.264s] Level 1:colcon.colcon_core.package_identification:_identify(scripts/__pycache__) by extension 'colcon_meta'
[0.264s] Level 1:colcon.colcon_core.package_identification:_identify(scripts/__pycache__) by extensions ['ros']
[0.264s] Level 1:colcon.colcon_core.package_identification:_identify(scripts/__pycache__) by extension 'ros'
[0.264s] Level 1:colcon.colcon_core.package_identification:_identify(scripts/__pycache__) by extensions ['cmake', 'python']
[0.265s] Level 1:colcon.colcon_core.package_identification:_identify(scripts/__pycache__) by extension 'cmake'
[0.265s] Level 1:colcon.colcon_core.package_identification:_identify(scripts/__pycache__) by extension 'python'
[0.265s] Level 1:colcon.colcon_core.package_identification:_identify(scripts/__pycache__) by extensions ['python_setup_py']
[0.265s] Level 1:colcon.colcon_core.package_identification:_identify(scripts/__pycache__) by extension 'python_setup_py'
[0.265s] Level 1:colcon.colcon_core.package_identification:_identify(src) by extensions ['ignore', 'ignore_ament_install']
[0.265s] Level 1:colcon.colcon_core.package_identification:_identify(src) by extension 'ignore'
[0.265s] Level 1:colcon.colcon_core.package_identification:_identify(src) by extension 'ignore_ament_install'
[0.265s] Level 1:colcon.colcon_core.package_identification:_identify(src) by extensions ['colcon_pkg']
[0.265s] Level 1:colcon.colcon_core.package_identification:_identify(src) by extension 'colcon_pkg'
[0.265s] Level 1:colcon.colcon_core.package_identification:_identify(src) by extensions ['colcon_meta']
[0.265s] Level 1:colcon.colcon_core.package_identification:_identify(src) by extension 'colcon_meta'
[0.265s] Level 1:colcon.colcon_core.package_identification:_identify(src) by extensions ['ros']
[0.265s] Level 1:colcon.colcon_core.package_identification:_identify(src) by extension 'ros'
[0.265s] Level 1:colcon.colcon_core.package_identification:_identify(src) by extensions ['cmake', 'python']
[0.265s] Level 1:colcon.colcon_core.package_identification:_identify(src) by extension 'cmake'
[0.265s] Level 1:colcon.colcon_core.package_identification:_identify(src) by extension 'python'
[0.265s] Level 1:colcon.colcon_core.package_identification:_identify(src) by extensions ['python_setup_py']
[0.265s] Level 1:colcon.colcon_core.package_identification:_identify(src) by extension 'python_setup_py'
[0.265s] Level 1:colcon.colcon_core.package_identification:_identify(src/direct_lidar_inertial_odometry-feature-ros2) by extensions ['ignore', 'ignore_ament_install']
[0.266s] Level 1:colcon.colcon_core.package_identification:_identify(src/direct_lidar_inertial_odometry-feature-ros2) by extension 'ignore'
[0.266s] Level 1:colcon.colcon_core.package_identification:_identify(src/direct_lidar_inertial_odometry-feature-ros2) by extension 'ignore_ament_install'
[0.266s] Level 1:colcon.colcon_core.package_identification:_identify(src/direct_lidar_inertial_odometry-feature-ros2) by extensions ['colcon_pkg']
[0.266s] Level 1:colcon.colcon_core.package_identification:_identify(src/direct_lidar_inertial_odometry-feature-ros2) by extension 'colcon_pkg'
[0.266s] Level 1:colcon.colcon_core.package_identification:_identify(src/direct_lidar_inertial_odometry-feature-ros2) by extensions ['colcon_meta']
[0.266s] Level 1:colcon.colcon_core.package_identification:_identify(src/direct_lidar_inertial_odometry-feature-ros2) by extension 'colcon_meta'
[0.266s] Level 1:colcon.colcon_core.package_identification:_identify(src/direct_lidar_inertial_odometry-feature-ros2) by extensions ['ros']
[0.266s] Level 1:colcon.colcon_core.package_identification:_identify(src/direct_lidar_inertial_odometry-feature-ros2) by extension 'ros'
[0.268s] DEBUG:colcon.colcon_core.package_identification:Package 'src/direct_lidar_inertial_odometry-feature-ros2' with type 'ros.ament_cmake' and name 'direct_lidar_inertial_odometry'
[0.268s] Level 1:colcon.colcon_core.package_identification:_identify(src/dlio_gazebo_sim) by extensions ['ignore', 'ignore_ament_install']
[0.269s] Level 1:colcon.colcon_core.package_identification:_identify(src/dlio_gazebo_sim) by extension 'ignore'
[0.269s] Level 1:colcon.colcon_core.package_identification:_identify(src/dlio_gazebo_sim) by extension 'ignore_ament_install'
[0.269s] Level 1:colcon.colcon_core.package_identification:_identify(src/dlio_gazebo_sim) by extensions ['colcon_pkg']
[0.269s] Level 1:colcon.colcon_core.package_identification:_identify(src/dlio_gazebo_sim) by extension 'colcon_pkg'
[0.269s] Level 1:colcon.colcon_core.package_identification:_identify(src/dlio_gazebo_sim) by extensions ['colcon_meta']
[0.269s] Level 1:colcon.colcon_core.package_identification:_identify(src/dlio_gazebo_sim) by extension 'colcon_meta'
[0.269s] Level 1:colcon.colcon_core.package_identification:_identify(src/dlio_gazebo_sim) by extensions ['ros']
[0.269s] Level 1:colcon.colcon_core.package_identification:_identify(src/dlio_gazebo_sim) by extension 'ros'
[0.269s] DEBUG:colcon.colcon_core.package_identification:Package 'src/dlio_gazebo_sim' with type 'ros.ament_python' and name 'dlio_gazebo_sim'
[0.270s] Level 1:colcon.colcon_core.package_identification:_identify(src/elevation_mapping_cupy) by extensions ['ignore', 'ignore_ament_install']
[0.270s] Level 1:colcon.colcon_core.package_identification:_identify(src/elevation_mapping_cupy) by extension 'ignore'
[0.270s] Level 1:colcon.colcon_core.package_identification:_identify(src/elevation_mapping_cupy) by extension 'ignore_ament_install'
[0.270s] Level 1:colcon.colcon_core.package_identification:_identify(src/elevation_mapping_cupy) by extensions ['colcon_pkg']
[0.270s] Level 1:colcon.colcon_core.package_identification:_identify(src/elevation_mapping_cupy) by extension 'colcon_pkg'
[0.270s] Level 1:colcon.colcon_core.package_identification:_identify(src/elevation_mapping_cupy) by extensions ['colcon_meta']
[0.270s] Level 1:colcon.colcon_core.package_identification:_identify(src/elevation_mapping_cupy) by extension 'colcon_meta'
[0.270s] Level 1:colcon.colcon_core.package_identification:_identify(src/elevation_mapping_cupy) by extensions ['ros']
[0.270s] Level 1:colcon.colcon_core.package_identification:_identify(src/elevation_mapping_cupy) by extension 'ros'
[0.270s] Level 1:colcon.colcon_core.package_identification:_identify(src/elevation_mapping_cupy) by extensions ['cmake', 'python']
[0.270s] Level 1:colcon.colcon_core.package_identification:_identify(src/elevation_mapping_cupy) by extension 'cmake'
[0.270s] Level 1:colcon.colcon_core.package_identification:_identify(src/elevation_mapping_cupy) by extension 'python'
[0.270s] Level 1:colcon.colcon_core.package_identification:_identify(src/elevation_mapping_cupy) by extensions ['python_setup_py']
[0.270s] Level 1:colcon.colcon_core.package_identification:_identify(src/elevation_mapping_cupy) by extension 'python_setup_py'
[0.270s] Level 1:colcon.colcon_core.package_identification:_identify(src/elevation_mapping_cupy/docker) by extensions ['ignore', 'ignore_ament_install']
[0.270s] Level 1:colcon.colcon_core.package_identification:_identify(src/elevation_mapping_cupy/docker) by extension 'ignore'
[0.271s] Level 1:colcon.colcon_core.package_identification:_identify(src/elevation_mapping_cupy/docker) by extension 'ignore_ament_install'
[0.271s] Level 1:colcon.colcon_core.package_identification:_identify(src/elevation_mapping_cupy/docker) by extensions ['colcon_pkg']
[0.271s] Level 1:colcon.colcon_core.package_identification:_identify(src/elevation_mapping_cupy/docker) by extension 'colcon_pkg'
[0.271s] Level 1:colcon.colcon_core.package_identification:_identify(src/elevation_mapping_cupy/docker) by extensions ['colcon_meta']
[0.271s] Level 1:colcon.colcon_core.package_identification:_identify(src/elevation_mapping_cupy/docker) by extension 'colcon_meta'
[0.271s] Level 1:colcon.colcon_core.package_identification:_identify(src/elevation_mapping_cupy/docker) by extensions ['ros']
[0.271s] Level 1:colcon.colcon_core.package_identification:_identify(src/elevation_mapping_cupy/docker) by extension 'ros'
[0.271s] Level 1:colcon.colcon_core.package_identification:_identify(src/elevation_mapping_cupy/docker) by extensions ['cmake', 'python']
[0.271s] Level 1:colcon.colcon_core.package_identification:_identify(src/elevation_mapping_cupy/docker) by extension 'cmake'
[0.271s] Level 1:colcon.colcon_core.package_identification:_identify(src/elevation_mapping_cupy/docker) by extension 'python'
[0.271s] Level 1:colcon.colcon_core.package_identification:_identify(src/elevation_mapping_cupy/docker) by extensions ['python_setup_py']
[0.271s] Level 1:colcon.colcon_core.package_identification:_identify(src/elevation_mapping_cupy/docker) by extension 'python_setup_py'
[0.271s] Level 1:colcon.colcon_core.package_identification:_identify(src/elevation_mapping_cupy/docs) by extensions ['ignore', 'ignore_ament_install']
[0.271s] Level 1:colcon.colcon_core.package_identification:_identify(src/elevation_mapping_cupy/docs) by extension 'ignore'
[0.271s] Level 1:colcon.colcon_core.package_identification:_identify(src/elevation_mapping_cupy/docs) by extension 'ignore_ament_install'
[0.271s] Level 1:colcon.colcon_core.package_identification:_identify(src/elevation_mapping_cupy/docs) by extensions ['colcon_pkg']
[0.271s] Level 1:colcon.colcon_core.package_identification:_identify(src/elevation_mapping_cupy/docs) by extension 'colcon_pkg'
[0.272s] Level 1:colcon.colcon_core.package_identification:_identify(src/elevation_mapping_cupy/docs) by extensions ['colcon_meta']
[0.272s] Level 1:colcon.colcon_core.package_identification:_identify(src/elevation_mapping_cupy/docs) by extension 'colcon_meta'
[0.272s] Level 1:colcon.colcon_core.package_identification:_identify(src/elevation_mapping_cupy/docs) by extensions ['ros']
[0.272s] Level 1:colcon.colcon_core.package_identification:_identify(src/elevation_mapping_cupy/docs) by extension 'ros'
[0.272s] Level 1:colcon.colcon_core.package_identification:_identify(src/elevation_mapping_cupy/docs) by extensions ['cmake', 'python']
[0.272s] Level 1:colcon.colcon_core.package_identification:_identify(src/elevation_mapping_cupy/docs) by extension 'cmake'
[0.272s] Level 1:colcon.colcon_core.package_identification:_identify(src/elevation_mapping_cupy/docs) by extension 'python'
[0.272s] Level 1:colcon.colcon_core.package_identification:_identify(src/elevation_mapping_cupy/docs) by extensions ['python_setup_py']
[0.272s] Level 1:colcon.colcon_core.package_identification:_identify(src/elevation_mapping_cupy/docs) by extension 'python_setup_py'
[0.272s] Level 1:colcon.colcon_core.package_identification:_identify(src/elevation_mapping_cupy/docs/media) by extensions ['ignore', 'ignore_ament_install']
[0.272s] Level 1:colcon.colcon_core.package_identification:_identify(src/elevation_mapping_cupy/docs/media) by extension 'ignore'
[0.272s] Level 1:colcon.colcon_core.package_identification:_identify(src/elevation_mapping_cupy/docs/media) by extension 'ignore_ament_install'
[0.272s] Level 1:colcon.colcon_core.package_identification:_identify(src/elevation_mapping_cupy/docs/media) by extensions ['colcon_pkg']
[0.272s] Level 1:colcon.colcon_core.package_identification:_identify(src/elevation_mapping_cupy/docs/media) by extension 'colcon_pkg'
[0.273s] Level 1:colcon.colcon_core.package_identification:_identify(src/elevation_mapping_cupy/docs/media) by extensions ['colcon_meta']
[0.273s] Level 1:colcon.colcon_core.package_identification:_identify(src/elevation_mapping_cupy/docs/media) by extension 'colcon_meta'
[0.273s] Level 1:colcon.colcon_core.package_identification:_identify(src/elevation_mapping_cupy/docs/media) by extensions ['ros']
[0.273s] Level 1:colcon.colcon_core.package_identification:_identify(src/elevation_mapping_cupy/docs/media) by extension 'ros'
[0.273s] Level 1:colcon.colcon_core.package_identification:_identify(src/elevation_mapping_cupy/docs/media) by extensions ['cmake', 'python']
[0.273s] Level 1:colcon.colcon_core.package_identification:_identify(src/elevation_mapping_cupy/docs/media) by extension 'cmake'
[0.273s] Level 1:colcon.colcon_core.package_identification:_identify(src/elevation_mapping_cupy/docs/media) by extension 'python'
[0.273s] Level 1:colcon.colcon_core.package_identification:_identify(src/elevation_mapping_cupy/docs/media) by extensions ['python_setup_py']
[0.273s] Level 1:colcon.colcon_core.package_identification:_identify(src/elevation_mapping_cupy/docs/media) by extension 'python_setup_py'
[0.273s] Level 1:colcon.colcon_core.package_identification:_identify(src/elevation_mapping_cupy/docs/reviews) by extensions ['ignore', 'ignore_ament_install']
[0.273s] Level 1:colcon.colcon_core.package_identification:_identify(src/elevation_mapping_cupy/docs/reviews) by extension 'ignore'
[0.273s] Level 1:colcon.colcon_core.package_identification:_identify(src/elevation_mapping_cupy/docs/reviews) by extension 'ignore_ament_install'
[0.273s] Level 1:colcon.colcon_core.package_identification:_identify(src/elevation_mapping_cupy/docs/reviews) by extensions ['colcon_pkg']
[0.273s] Level 1:colcon.colcon_core.package_identification:_identify(src/elevation_mapping_cupy/docs/reviews) by extension 'colcon_pkg'
[0.273s] Level 1:colcon.colcon_core.package_identification:_identify(src/elevation_mapping_cupy/docs/reviews) by extensions ['colcon_meta']
[0.273s] Level 1:colcon.colcon_core.package_identification:_identify(src/elevation_mapping_cupy/docs/reviews) by extension 'colcon_meta'
[0.273s] Level 1:colcon.colcon_core.package_identification:_identify(src/elevation_mapping_cupy/docs/reviews) by extensions ['ros']
[0.273s] Level 1:colcon.colcon_core.package_identification:_identify(src/elevation_mapping_cupy/docs/reviews) by extension 'ros'
[0.274s] Level 1:colcon.colcon_core.package_identification:_identify(src/elevation_mapping_cupy/docs/reviews) by extensions ['cmake', 'python']
[0.274s] Level 1:colcon.colcon_core.package_identification:_identify(src/elevation_mapping_cupy/docs/reviews) by extension 'cmake'
[0.274s] Level 1:colcon.colcon_core.package_identification:_identify(src/elevation_mapping_cupy/docs/reviews) by extension 'python'
[0.274s] Level 1:colcon.colcon_core.package_identification:_identify(src/elevation_mapping_cupy/docs/reviews) by extensions ['python_setup_py']
[0.274s] Level 1:colcon.colcon_core.package_identification:_identify(src/elevation_mapping_cupy/docs/reviews) by extension 'python_setup_py'
[0.274s] Level 1:colcon.colcon_core.package_identification:_identify(src/elevation_mapping_cupy/docs/source) by extensions ['ignore', 'ignore_ament_install']
[0.274s] Level 1:colcon.colcon_core.package_identification:_identify(src/elevation_mapping_cupy/docs/source) by extension 'ignore'
[0.274s] Level 1:colcon.colcon_core.package_identification:_identify(src/elevation_mapping_cupy/docs/source) by extension 'ignore_ament_install'
[0.274s] Level 1:colcon.colcon_core.package_identification:_identify(src/elevation_mapping_cupy/docs/source) by extensions ['colcon_pkg']
[0.274s] Level 1:colcon.colcon_core.package_identification:_identify(src/elevation_mapping_cupy/docs/source) by extension 'colcon_pkg'
[0.274s] Level 1:colcon.colcon_core.package_identification:_identify(src/elevation_mapping_cupy/docs/source) by extensions ['colcon_meta']
[0.274s] Level 1:colcon.colcon_core.package_identification:_identify(src/elevation_mapping_cupy/docs/source) by extension 'colcon_meta'
[0.274s] Level 1:colcon.colcon_core.package_identification:_identify(src/elevation_mapping_cupy/docs/source) by extensions ['ros']
[0.274s] Level 1:colcon.colcon_core.package_identification:_identify(src/elevation_mapping_cupy/docs/source) by extension 'ros'
[0.274s] Level 1:colcon.colcon_core.package_identification:_identify(src/elevation_mapping_cupy/docs/source) by extensions ['cmake', 'python']
[0.274s] Level 1:colcon.colcon_core.package_identification:_identify(src/elevation_mapping_cupy/docs/source) by extension 'cmake'
[0.274s] Level 1:colcon.colcon_core.package_identification:_identify(src/elevation_mapping_cupy/docs/source) by extension 'python'
[0.274s] Level 1:colcon.colcon_core.package_identification:_identify(src/elevation_mapping_cupy/docs/source) by extensions ['python_setup_py']
[0.274s] Level 1:colcon.colcon_core.package_identification:_identify(src/elevation_mapping_cupy/docs/source) by extension 'python_setup_py'
[0.274s] Level 1:colcon.colcon_core.package_identification:_identify(src/elevation_mapping_cupy/docs/source/getting_started) by extensions ['ignore', 'ignore_ament_install']
[0.275s] Level 1:colcon.colcon_core.package_identification:_identify(src/elevation_mapping_cupy/docs/source/getting_started) by extension 'ignore'
[0.275s] Level 1:colcon.colcon_core.package_identification:_identify(src/elevation_mapping_cupy/docs/source/getting_started) by extension 'ignore_ament_install'
[0.275s] Level 1:colcon.colcon_core.package_identification:_identify(src/elevation_mapping_cupy/docs/source/getting_started) by extensions ['colcon_pkg']
[0.275s] Level 1:colcon.colcon_core.package_identification:_identify(src/elevation_mapping_cupy/docs/source/getting_started) by extension 'colcon_pkg'
[0.275s] Level 1:colcon.colcon_core.package_identification:_identify(src/elevation_mapping_cupy/docs/source/getting_started) by extensions ['colcon_meta']
[0.275s] Level 1:colcon.colcon_core.package_identification:_identify(src/elevation_mapping_cupy/docs/source/getting_started) by extension 'colcon_meta'
[0.275s] Level 1:colcon.colcon_core.package_identification:_identify(src/elevation_mapping_cupy/docs/source/getting_started) by extensions ['ros']
[0.275s] Level 1:colcon.colcon_core.package_identification:_identify(src/elevation_mapping_cupy/docs/source/getting_started) by extension 'ros'
[0.275s] Level 1:colcon.colcon_core.package_identification:_identify(src/elevation_mapping_cupy/docs/source/getting_started) by extensions ['cmake', 'python']
[0.275s] Level 1:colcon.colcon_core.package_identification:_identify(src/elevation_mapping_cupy/docs/source/getting_started) by extension 'cmake'
[0.275s] Level 1:colcon.colcon_core.package_identification:_identify(src/elevation_mapping_cupy/docs/source/getting_started) by extension 'python'
[0.275s] Level 1:colcon.colcon_core.package_identification:_identify(src/elevation_mapping_cupy/docs/source/getting_started) by extensions ['python_setup_py']
[0.275s] Level 1:colcon.colcon_core.package_identification:_identify(src/elevation_mapping_cupy/docs/source/getting_started) by extension 'python_setup_py'
[0.275s] Level 1:colcon.colcon_core.package_identification:_identify(src/elevation_mapping_cupy/docs/source/python) by extensions ['ignore', 'ignore_ament_install']
[0.275s] Level 1:colcon.colcon_core.package_identification:_identify(src/elevation_mapping_cupy/docs/source/python) by extension 'ignore'
[0.275s] Level 1:colcon.colcon_core.package_identification:_identify(src/elevation_mapping_cupy/docs/source/python) by extension 'ignore_ament_install'
[0.275s] Level 1:colcon.colcon_core.package_identification:_identify(src/elevation_mapping_cupy/docs/source/python) by extensions ['colcon_pkg']
[0.275s] Level 1:colcon.colcon_core.package_identification:_identify(src/elevation_mapping_cupy/docs/source/python) by extension 'colcon_pkg'
[0.275s] Level 1:colcon.colcon_core.package_identification:_identify(src/elevation_mapping_cupy/docs/source/python) by extensions ['colcon_meta']
[0.275s] Level 1:colcon.colcon_core.package_identification:_identify(src/elevation_mapping_cupy/docs/source/python) by extension 'colcon_meta'
[0.276s] Level 1:colcon.colcon_core.package_identification:_identify(src/elevation_mapping_cupy/docs/source/python) by extensions ['ros']
[0.276s] Level 1:colcon.colcon_core.package_identification:_identify(src/elevation_mapping_cupy/docs/source/python) by extension 'ros'
[0.276s] Level 1:colcon.colcon_core.package_identification:_identify(src/elevation_mapping_cupy/docs/source/python) by extensions ['cmake', 'python']
[0.276s] Level 1:colcon.colcon_core.package_identification:_identify(src/elevation_mapping_cupy/docs/source/python) by extension 'cmake'
[0.276s] Level 1:colcon.colcon_core.package_identification:_identify(src/elevation_mapping_cupy/docs/source/python) by extension 'python'
[0.276s] Level 1:colcon.colcon_core.package_identification:_identify(src/elevation_mapping_cupy/docs/source/python) by extensions ['python_setup_py']
[0.276s] Level 1:colcon.colcon_core.package_identification:_identify(src/elevation_mapping_cupy/docs/source/python) by extension 'python_setup_py'
[0.276s] Level 1:colcon.colcon_core.package_identification:_identify(src/elevation_mapping_cupy/docs/source/release_notes) by extensions ['ignore', 'ignore_ament_install']
[0.276s] Level 1:colcon.colcon_core.package_identification:_identify(src/elevation_mapping_cupy/docs/source/release_notes) by extension 'ignore'
[0.276s] Level 1:colcon.colcon_core.package_identification:_identify(src/elevation_mapping_cupy/docs/source/release_notes) by extension 'ignore_ament_install'
[0.276s] Level 1:colcon.colcon_core.package_identification:_identify(src/elevation_mapping_cupy/docs/source/release_notes) by extensions ['colcon_pkg']
[0.276s] Level 1:colcon.colcon_core.package_identification:_identify(src/elevation_mapping_cupy/docs/source/release_notes) by extension 'colcon_pkg'
[0.276s] Level 1:colcon.colcon_core.package_identification:_identify(src/elevation_mapping_cupy/docs/source/release_notes) by extensions ['colcon_meta']
[0.276s] Level 1:colcon.colcon_core.package_identification:_identify(src/elevation_mapping_cupy/docs/source/release_notes) by extension 'colcon_meta'
[0.276s] Level 1:colcon.colcon_core.package_identification:_identify(src/elevation_mapping_cupy/docs/source/release_notes) by extensions ['ros']
[0.276s] Level 1:colcon.colcon_core.package_identification:_identify(src/elevation_mapping_cupy/docs/source/release_notes) by extension 'ros'
[0.276s] Level 1:colcon.colcon_core.package_identification:_identify(src/elevation_mapping_cupy/docs/source/release_notes) by extensions ['cmake', 'python']
[0.276s] Level 1:colcon.colcon_core.package_identification:_identify(src/elevation_mapping_cupy/docs/source/release_notes) by extension 'cmake'
[0.276s] Level 1:colcon.colcon_core.package_identification:_identify(src/elevation_mapping_cupy/docs/source/release_notes) by extension 'python'
[0.276s] Level 1:colcon.colcon_core.package_identification:_identify(src/elevation_mapping_cupy/docs/source/release_notes) by extensions ['python_setup_py']
[0.277s] Level 1:colcon.colcon_core.package_identification:_identify(src/elevation_mapping_cupy/docs/source/release_notes) by extension 'python_setup_py'
[0.277s] Level 1:colcon.colcon_core.package_identification:_identify(src/elevation_mapping_cupy/docs/source/usage) by extensions ['ignore', 'ignore_ament_install']
[0.277s] Level 1:colcon.colcon_core.package_identification:_identify(src/elevation_mapping_cupy/docs/source/usage) by extension 'ignore'
[0.277s] Level 1:colcon.colcon_core.package_identification:_identify(src/elevation_mapping_cupy/docs/source/usage) by extension 'ignore_ament_install'
[0.277s] Level 1:colcon.colcon_core.package_identification:_identify(src/elevation_mapping_cupy/docs/source/usage) by extensions ['colcon_pkg']
[0.277s] Level 1:colcon.colcon_core.package_identification:_identify(src/elevation_mapping_cupy/docs/source/usage) by extension 'colcon_pkg'
[0.277s] Level 1:colcon.colcon_core.package_identification:_identify(src/elevation_mapping_cupy/docs/source/usage) by extensions ['colcon_meta']
[0.277s] Level 1:colcon.colcon_core.package_identification:_identify(src/elevation_mapping_cupy/docs/source/usage) by extension 'colcon_meta'
[0.277s] Level 1:colcon.colcon_core.package_identification:_identify(src/elevation_mapping_cupy/docs/source/usage) by extensions ['ros']
[0.277s] Level 1:colcon.colcon_core.package_identification:_identify(src/elevation_mapping_cupy/docs/source/usage) by extension 'ros'
[0.277s] Level 1:colcon.colcon_core.package_identification:_identify(src/elevation_mapping_cupy/docs/source/usage) by extensions ['cmake', 'python']
[0.277s] Level 1:colcon.colcon_core.package_identification:_identify(src/elevation_mapping_cupy/docs/source/usage) by extension 'cmake'
[0.277s] Level 1:colcon.colcon_core.package_identification:_identify(src/elevation_mapping_cupy/docs/source/usage) by extension 'python'
[0.277s] Level 1:colcon.colcon_core.package_identification:_identify(src/elevation_mapping_cupy/docs/source/usage) by extensions ['python_setup_py']
[0.277s] Level 1:colcon.colcon_core.package_identification:_identify(src/elevation_mapping_cupy/docs/source/usage) by extension 'python_setup_py'
[0.277s] Level 1:colcon.colcon_core.package_identification:_identify(src/elevation_mapping_cupy/elevation_map_msgs) by extensions ['ignore', 'ignore_ament_install']
[0.277s] Level 1:colcon.colcon_core.package_identification:_identify(src/elevation_mapping_cupy/elevation_map_msgs) by extension 'ignore'
[0.278s] Level 1:colcon.colcon_core.package_identification:_identify(src/elevation_mapping_cupy/elevation_map_msgs) by extension 'ignore_ament_install'
[0.278s] Level 1:colcon.colcon_core.package_identification:_identify(src/elevation_mapping_cupy/elevation_map_msgs) by extensions ['colcon_pkg']
[0.278s] Level 1:colcon.colcon_core.package_identification:_identify(src/elevation_mapping_cupy/elevation_map_msgs) by extension 'colcon_pkg'
[0.278s] Level 1:colcon.colcon_core.package_identification:_identify(src/elevation_mapping_cupy/elevation_map_msgs) by extensions ['colcon_meta']
[0.278s] Level 1:colcon.colcon_core.package_identification:_identify(src/elevation_mapping_cupy/elevation_map_msgs) by extension 'colcon_meta'
[0.278s] Level 1:colcon.colcon_core.package_identification:_identify(src/elevation_mapping_cupy/elevation_map_msgs) by extensions ['ros']
[0.278s] Level 1:colcon.colcon_core.package_identification:_identify(src/elevation_mapping_cupy/elevation_map_msgs) by extension 'ros'
[0.279s] DEBUG:colcon.colcon_core.package_identification:Package 'src/elevation_mapping_cupy/elevation_map_msgs' with type 'ros.ament_cmake' and name 'elevation_map_msgs'
[0.279s] Level 1:colcon.colcon_core.package_identification:_identify(src/elevation_mapping_cupy/elevation_mapping_cupy) by extensions ['ignore', 'ignore_ament_install']
[0.279s] Level 1:colcon.colcon_core.package_identification:_identify(src/elevation_mapping_cupy/elevation_mapping_cupy) by extension 'ignore'
[0.279s] Level 1:colcon.colcon_core.package_identification:_identify(src/elevation_mapping_cupy/elevation_mapping_cupy) by extension 'ignore_ament_install'
[0.279s] Level 1:colcon.colcon_core.package_identification:_identify(src/elevation_mapping_cupy/elevation_mapping_cupy) by extensions ['colcon_pkg']
[0.279s] Level 1:colcon.colcon_core.package_identification:_identify(src/elevation_mapping_cupy/elevation_mapping_cupy) by extension 'colcon_pkg'
[0.279s] Level 1:colcon.colcon_core.package_identification:_identify(src/elevation_mapping_cupy/elevation_mapping_cupy) by extensions ['colcon_meta']
[0.279s] Level 1:colcon.colcon_core.package_identification:_identify(src/elevation_mapping_cupy/elevation_mapping_cupy) by extension 'colcon_meta'
[0.279s] Level 1:colcon.colcon_core.package_identification:_identify(src/elevation_mapping_cupy/elevation_mapping_cupy) by extensions ['ros']
[0.279s] Level 1:colcon.colcon_core.package_identification:_identify(src/elevation_mapping_cupy/elevation_mapping_cupy) by extension 'ros'
[0.281s] DEBUG:colcon.colcon_core.package_identification:Package 'src/elevation_mapping_cupy/elevation_mapping_cupy' with type 'ros.ament_cmake' and name 'elevation_mapping_cupy'
[0.281s] Level 1:colcon.colcon_core.package_identification:_identify(src/elevation_mapping_cupy/plane_segmentation) by extensions ['ignore', 'ignore_ament_install']
[0.281s] Level 1:colcon.colcon_core.package_identification:_identify(src/elevation_mapping_cupy/plane_segmentation) by extension 'ignore'
[0.281s] Level 1:colcon.colcon_core.package_identification:_identify(src/elevation_mapping_cupy/plane_segmentation) ignored
[0.281s] Level 1:colcon.colcon_core.package_identification:_identify(src/elevation_mapping_cupy/scripts) by extensions ['ignore', 'ignore_ament_install']
[0.281s] Level 1:colcon.colcon_core.package_identification:_identify(src/elevation_mapping_cupy/scripts) by extension 'ignore'
[0.281s] Level 1:colcon.colcon_core.package_identification:_identify(src/elevation_mapping_cupy/scripts) by extension 'ignore_ament_install'
[0.281s] Level 1:colcon.colcon_core.package_identification:_identify(src/elevation_mapping_cupy/scripts) by extensions ['colcon_pkg']
[0.281s] Level 1:colcon.colcon_core.package_identification:_identify(src/elevation_mapping_cupy/scripts) by extension 'colcon_pkg'
[0.281s] Level 1:colcon.colcon_core.package_identification:_identify(src/elevation_mapping_cupy/scripts) by extensions ['colcon_meta']
[0.281s] Level 1:colcon.colcon_core.package_identification:_identify(src/elevation_mapping_cupy/scripts) by extension 'colcon_meta'
[0.281s] Level 1:colcon.colcon_core.package_identification:_identify(src/elevation_mapping_cupy/scripts) by extensions ['ros']
[0.281s] Level 1:colcon.colcon_core.package_identification:_identify(src/elevation_mapping_cupy/scripts) by extension 'ros'
[0.282s] Level 1:colcon.colcon_core.package_identification:_identify(src/elevation_mapping_cupy/scripts) by extensions ['cmake', 'python']
[0.282s] Level 1:colcon.colcon_core.package_identification:_identify(src/elevation_mapping_cupy/scripts) by extension 'cmake'
[0.282s] Level 1:colcon.colcon_core.package_identification:_identify(src/elevation_mapping_cupy/scripts) by extension 'python'
[0.282s] Level 1:colcon.colcon_core.package_identification:_identify(src/elevation_mapping_cupy/scripts) by extensions ['python_setup_py']
[0.282s] Level 1:colcon.colcon_core.package_identification:_identify(src/elevation_mapping_cupy/scripts) by extension 'python_setup_py'
[0.282s] Level 1:colcon.colcon_core.package_identification:_identify(src/elevation_mapping_cupy/scripts/ci) by extensions ['ignore', 'ignore_ament_install']
[0.282s] Level 1:colcon.colcon_core.package_identification:_identify(src/elevation_mapping_cupy/scripts/ci) by extension 'ignore'
[0.282s] Level 1:colcon.colcon_core.package_identification:_identify(src/elevation_mapping_cupy/scripts/ci) by extension 'ignore_ament_install'
[0.282s] Level 1:colcon.colcon_core.package_identification:_identify(src/elevation_mapping_cupy/scripts/ci) by extensions ['colcon_pkg']
[0.282s] Level 1:colcon.colcon_core.package_identification:_identify(src/elevation_mapping_cupy/scripts/ci) by extension 'colcon_pkg'
[0.282s] Level 1:colcon.colcon_core.package_identification:_identify(src/elevation_mapping_cupy/scripts/ci) by extensions ['colcon_meta']
[0.282s] Level 1:colcon.colcon_core.package_identification:_identify(src/elevation_mapping_cupy/scripts/ci) by extension 'colcon_meta'
[0.282s] Level 1:colcon.colcon_core.package_identification:_identify(src/elevation_mapping_cupy/scripts/ci) by extensions ['ros']
[0.282s] Level 1:colcon.colcon_core.package_identification:_identify(src/elevation_mapping_cupy/scripts/ci) by extension 'ros'
[0.282s] Level 1:colcon.colcon_core.package_identification:_identify(src/elevation_mapping_cupy/scripts/ci) by extensions ['cmake', 'python']
[0.282s] Level 1:colcon.colcon_core.package_identification:_identify(src/elevation_mapping_cupy/scripts/ci) by extension 'cmake'
[0.282s] Level 1:colcon.colcon_core.package_identification:_identify(src/elevation_mapping_cupy/scripts/ci) by extension 'python'
[0.282s] Level 1:colcon.colcon_core.package_identification:_identify(src/elevation_mapping_cupy/scripts/ci) by extensions ['python_setup_py']
[0.282s] Level 1:colcon.colcon_core.package_identification:_identify(src/elevation_mapping_cupy/scripts/ci) by extension 'python_setup_py'
[0.283s] Level 1:colcon.colcon_core.package_identification:_identify(src/elevation_mapping_cupy/sensor_processing) by extensions ['ignore', 'ignore_ament_install']
[0.283s] Level 1:colcon.colcon_core.package_identification:_identify(src/elevation_mapping_cupy/sensor_processing) by extension 'ignore'
[0.283s] Level 1:colcon.colcon_core.package_identification:_identify(src/elevation_mapping_cupy/sensor_processing) by extension 'ignore_ament_install'
[0.283s] Level 1:colcon.colcon_core.package_identification:_identify(src/elevation_mapping_cupy/sensor_processing) by extensions ['colcon_pkg']
[0.283s] Level 1:colcon.colcon_core.package_identification:_identify(src/elevation_mapping_cupy/sensor_processing) by extension 'colcon_pkg'
[0.283s] Level 1:colcon.colcon_core.package_identification:_identify(src/elevation_mapping_cupy/sensor_processing) by extensions ['colcon_meta']
[0.283s] Level 1:colcon.colcon_core.package_identification:_identify(src/elevation_mapping_cupy/sensor_processing) by extension 'colcon_meta'
[0.283s] Level 1:colcon.colcon_core.package_identification:_identify(src/elevation_mapping_cupy/sensor_processing) by extensions ['ros']
[0.283s] Level 1:colcon.colcon_core.package_identification:_identify(src/elevation_mapping_cupy/sensor_processing) by extension 'ros'
[0.283s] Level 1:colcon.colcon_core.package_identification:_identify(src/elevation_mapping_cupy/sensor_processing) by extensions ['cmake', 'python']
[0.283s] Level 1:colcon.colcon_core.package_identification:_identify(src/elevation_mapping_cupy/sensor_processing) by extension 'cmake'
[0.283s] Level 1:colcon.colcon_core.package_identification:_identify(src/elevation_mapping_cupy/sensor_processing) by extension 'python'
[0.283s] Level 1:colcon.colcon_core.package_identification:_identify(src/elevation_mapping_cupy/sensor_processing) by extensions ['python_setup_py']
[0.283s] Level 1:colcon.colcon_core.package_identification:_identify(src/elevation_mapping_cupy/sensor_processing) by extension 'python_setup_py'
[0.284s] Level 1:colcon.colcon_core.package_identification:_identify(src/elevation_mapping_cupy/sensor_processing/semantic_sensor) by extensions ['ignore', 'ignore_ament_install']
[0.284s] Level 1:colcon.colcon_core.package_identification:_identify(src/elevation_mapping_cupy/sensor_processing/semantic_sensor) by extension 'ignore'
[0.284s] Level 1:colcon.colcon_core.package_identification:_identify(src/elevation_mapping_cupy/sensor_processing/semantic_sensor) by extension 'ignore_ament_install'
[0.284s] Level 1:colcon.colcon_core.package_identification:_identify(src/elevation_mapping_cupy/sensor_processing/semantic_sensor) by extensions ['colcon_pkg']
[0.284s] Level 1:colcon.colcon_core.package_identification:_identify(src/elevation_mapping_cupy/sensor_processing/semantic_sensor) by extension 'colcon_pkg'
[0.284s] Level 1:colcon.colcon_core.package_identification:_identify(src/elevation_mapping_cupy/sensor_processing/semantic_sensor) by extensions ['colcon_meta']
[0.284s] Level 1:colcon.colcon_core.package_identification:_identify(src/elevation_mapping_cupy/sensor_processing/semantic_sensor) by extension 'colcon_meta'
[0.284s] Level 1:colcon.colcon_core.package_identification:_identify(src/elevation_mapping_cupy/sensor_processing/semantic_sensor) by extensions ['ros']
[0.284s] Level 1:colcon.colcon_core.package_identification:_identify(src/elevation_mapping_cupy/sensor_processing/semantic_sensor) by extension 'ros'
[0.286s] DEBUG:colcon.colcon_core.package_identification:Package 'src/elevation_mapping_cupy/sensor_processing/semantic_sensor' with type 'ros.ament_python' and name 'semantic_sensor'
[0.286s] Level 1:colcon.colcon_core.package_identification:_identify(src/nebula2-wildos-main) by extensions ['ignore', 'ignore_ament_install']
[0.286s] Level 1:colcon.colcon_core.package_identification:_identify(src/nebula2-wildos-main) by extension 'ignore'
[0.286s] Level 1:colcon.colcon_core.package_identification:_identify(src/nebula2-wildos-main) by extension 'ignore_ament_install'
[0.286s] Level 1:colcon.colcon_core.package_identification:_identify(src/nebula2-wildos-main) by extensions ['colcon_pkg']
[0.286s] Level 1:colcon.colcon_core.package_identification:_identify(src/nebula2-wildos-main) by extension 'colcon_pkg'
[0.286s] Level 1:colcon.colcon_core.package_identification:_identify(src/nebula2-wildos-main) by extensions ['colcon_meta']
[0.286s] Level 1:colcon.colcon_core.package_identification:_identify(src/nebula2-wildos-main) by extension 'colcon_meta'
[0.286s] Level 1:colcon.colcon_core.package_identification:_identify(src/nebula2-wildos-main) by extensions ['ros']
[0.286s] Level 1:colcon.colcon_core.package_identification:_identify(src/nebula2-wildos-main) by extension 'ros'
[0.286s] Level 1:colcon.colcon_core.package_identification:_identify(src/nebula2-wildos-main) by extensions ['cmake', 'python']
[0.286s] Level 1:colcon.colcon_core.package_identification:_identify(src/nebula2-wildos-main) by extension 'cmake'
[0.286s] Level 1:colcon.colcon_core.package_identification:_identify(src/nebula2-wildos-main) by extension 'python'
[0.286s] Level 1:colcon.colcon_core.package_identification:_identify(src/nebula2-wildos-main) by extensions ['python_setup_py']
[0.286s] Level 1:colcon.colcon_core.package_identification:_identify(src/nebula2-wildos-main) by extension 'python_setup_py'
[0.287s] Level 1:colcon.colcon_core.package_identification:_identify(src/nebula2-wildos-main/assets) by extensions ['ignore', 'ignore_ament_install']
[0.287s] Level 1:colcon.colcon_core.package_identification:_identify(src/nebula2-wildos-main/assets) by extension 'ignore'
[0.287s] Level 1:colcon.colcon_core.package_identification:_identify(src/nebula2-wildos-main/assets) ignored
[0.287s] Level 1:colcon.colcon_core.package_identification:_identify(src/nebula2-wildos-main/ckpts) by extensions ['ignore', 'ignore_ament_install']
[0.287s] Level 1:colcon.colcon_core.package_identification:_identify(src/nebula2-wildos-main/ckpts) by extension 'ignore'
[0.287s] Level 1:colcon.colcon_core.package_identification:_identify(src/nebula2-wildos-main/ckpts) by extension 'ignore_ament_install'
[0.287s] Level 1:colcon.colcon_core.package_identification:_identify(src/nebula2-wildos-main/ckpts) by extensions ['colcon_pkg']
[0.287s] Level 1:colcon.colcon_core.package_identification:_identify(src/nebula2-wildos-main/ckpts) by extension 'colcon_pkg'
[0.287s] Level 1:colcon.colcon_core.package_identification:_identify(src/nebula2-wildos-main/ckpts) by extensions ['colcon_meta']
[0.287s] Level 1:colcon.colcon_core.package_identification:_identify(src/nebula2-wildos-main/ckpts) by extension 'colcon_meta'
[0.287s] Level 1:colcon.colcon_core.package_identification:_identify(src/nebula2-wildos-main/ckpts) by extensions ['ros']
[0.287s] Level 1:colcon.colcon_core.package_identification:_identify(src/nebula2-wildos-main/ckpts) by extension 'ros'
[0.287s] Level 1:colcon.colcon_core.package_identification:_identify(src/nebula2-wildos-main/ckpts) by extensions ['cmake', 'python']
[0.288s] Level 1:colcon.colcon_core.package_identification:_identify(src/nebula2-wildos-main/ckpts) by extension 'cmake'
[0.288s] Level 1:colcon.colcon_core.package_identification:_identify(src/nebula2-wildos-main/ckpts) by extension 'python'
[0.288s] Level 1:colcon.colcon_core.package_identification:_identify(src/nebula2-wildos-main/ckpts) by extensions ['python_setup_py']
[0.288s] Level 1:colcon.colcon_core.package_identification:_identify(src/nebula2-wildos-main/ckpts) by extension 'python_setup_py'
[0.288s] Level 1:colcon.colcon_core.package_identification:_identify(src/nebula2-wildos-main/explorfm) by extensions ['ignore', 'ignore_ament_install']
[0.288s] Level 1:colcon.colcon_core.package_identification:_identify(src/nebula2-wildos-main/explorfm) by extension 'ignore'
[0.288s] Level 1:colcon.colcon_core.package_identification:_identify(src/nebula2-wildos-main/explorfm) ignored
[0.288s] Level 1:colcon.colcon_core.package_identification:_identify(src/nebula2-wildos-main/explorfm_trainer) by extensions ['ignore', 'ignore_ament_install']
[0.288s] Level 1:colcon.colcon_core.package_identification:_identify(src/nebula2-wildos-main/explorfm_trainer) by extension 'ignore'
[0.288s] Level 1:colcon.colcon_core.package_identification:_identify(src/nebula2-wildos-main/explorfm_trainer) ignored
[0.288s] Level 1:colcon.colcon_core.package_identification:_identify(src/nebula2-wildos-main/gps_visualization) by extensions ['ignore', 'ignore_ament_install']
[0.288s] Level 1:colcon.colcon_core.package_identification:_identify(src/nebula2-wildos-main/gps_visualization) by extension 'ignore'
[0.288s] Level 1:colcon.colcon_core.package_identification:_identify(src/nebula2-wildos-main/gps_visualization) by extension 'ignore_ament_install'
[0.288s] Level 1:colcon.colcon_core.package_identification:_identify(src/nebula2-wildos-main/gps_visualization) by extensions ['colcon_pkg']
[0.288s] Level 1:colcon.colcon_core.package_identification:_identify(src/nebula2-wildos-main/gps_visualization) by extension 'colcon_pkg'
[0.288s] Level 1:colcon.colcon_core.package_identification:_identify(src/nebula2-wildos-main/gps_visualization) by extensions ['colcon_meta']
[0.289s] Level 1:colcon.colcon_core.package_identification:_identify(src/nebula2-wildos-main/gps_visualization) by extension 'colcon_meta'
[0.289s] Level 1:colcon.colcon_core.package_identification:_identify(src/nebula2-wildos-main/gps_visualization) by extensions ['ros']
[0.289s] Level 1:colcon.colcon_core.package_identification:_identify(src/nebula2-wildos-main/gps_visualization) by extension 'ros'
[0.289s] DEBUG:colcon.colcon_core.package_identification:Package 'src/nebula2-wildos-main/gps_visualization' with type 'ros.ament_cmake' and name 'gps_visualization'
[0.289s] Level 1:colcon.colcon_core.package_identification:_identify(src/nebula2-wildos-main/graaf_vendor) by extensions ['ignore', 'ignore_ament_install']
[0.289s] Level 1:colcon.colcon_core.package_identification:_identify(src/nebula2-wildos-main/graaf_vendor) by extension 'ignore'
[0.289s] Level 1:colcon.colcon_core.package_identification:_identify(src/nebula2-wildos-main/graaf_vendor) by extension 'ignore_ament_install'
[0.289s] Level 1:colcon.colcon_core.package_identification:_identify(src/nebula2-wildos-main/graaf_vendor) by extensions ['colcon_pkg']
[0.289s] Level 1:colcon.colcon_core.package_identification:_identify(src/nebula2-wildos-main/graaf_vendor) by extension 'colcon_pkg'
[0.289s] Level 1:colcon.colcon_core.package_identification:_identify(src/nebula2-wildos-main/graaf_vendor) by extensions ['colcon_meta']
[0.290s] Level 1:colcon.colcon_core.package_identification:_identify(src/nebula2-wildos-main/graaf_vendor) by extension 'colcon_meta'
[0.290s] Level 1:colcon.colcon_core.package_identification:_identify(src/nebula2-wildos-main/graaf_vendor) by extensions ['ros']
[0.290s] Level 1:colcon.colcon_core.package_identification:_identify(src/nebula2-wildos-main/graaf_vendor) by extension 'ros'
[0.293s] DEBUG:colcon.colcon_core.package_identification:Package 'src/nebula2-wildos-main/graaf_vendor' with type 'ros.ament_cmake' and name 'graaf_vendor'
[0.293s] Level 1:colcon.colcon_core.package_identification:_identify(src/nebula2-wildos-main/graphnav_builder) by extensions ['ignore', 'ignore_ament_install']
[0.293s] Level 1:colcon.colcon_core.package_identification:_identify(src/nebula2-wildos-main/graphnav_builder) by extension 'ignore'
[0.293s] Level 1:colcon.colcon_core.package_identification:_identify(src/nebula2-wildos-main/graphnav_builder) by extension 'ignore_ament_install'
[0.293s] Level 1:colcon.colcon_core.package_identification:_identify(src/nebula2-wildos-main/graphnav_builder) by extensions ['colcon_pkg']
[0.293s] Level 1:colcon.colcon_core.package_identification:_identify(src/nebula2-wildos-main/graphnav_builder) by extension 'colcon_pkg'
[0.293s] Level 1:colcon.colcon_core.package_identification:_identify(src/nebula2-wildos-main/graphnav_builder) by extensions ['colcon_meta']
[0.293s] Level 1:colcon.colcon_core.package_identification:_identify(src/nebula2-wildos-main/graphnav_builder) by extension 'colcon_meta'
[0.293s] Level 1:colcon.colcon_core.package_identification:_identify(src/nebula2-wildos-main/graphnav_builder) by extensions ['ros']
[0.293s] Level 1:colcon.colcon_core.package_identification:_identify(src/nebula2-wildos-main/graphnav_builder) by extension 'ros'
[0.294s] DEBUG:colcon.colcon_core.package_identification:Package 'src/nebula2-wildos-main/graphnav_builder' with type 'ros.ament_python' and name 'graphnav_builder'
[0.294s] Level 1:colcon.colcon_core.package_identification:_identify(src/nebula2-wildos-main/graphnav_msgs) by extensions ['ignore', 'ignore_ament_install']
[0.294s] Level 1:colcon.colcon_core.package_identification:_identify(src/nebula2-wildos-main/graphnav_msgs) by extension 'ignore'
[0.294s] Level 1:colcon.colcon_core.package_identification:_identify(src/nebula2-wildos-main/graphnav_msgs) by extension 'ignore_ament_install'
[0.294s] Level 1:colcon.colcon_core.package_identification:_identify(src/nebula2-wildos-main/graphnav_msgs) by extensions ['colcon_pkg']
[0.294s] Level 1:colcon.colcon_core.package_identification:_identify(src/nebula2-wildos-main/graphnav_msgs) by extension 'colcon_pkg'
[0.294s] Level 1:colcon.colcon_core.package_identification:_identify(src/nebula2-wildos-main/graphnav_msgs) by extensions ['colcon_meta']
[0.294s] Level 1:colcon.colcon_core.package_identification:_identify(src/nebula2-wildos-main/graphnav_msgs) by extension 'colcon_meta'
[0.294s] Level 1:colcon.colcon_core.package_identification:_identify(src/nebula2-wildos-main/graphnav_msgs) by extensions ['ros']
[0.294s] Level 1:colcon.colcon_core.package_identification:_identify(src/nebula2-wildos-main/graphnav_msgs) by extension 'ros'
[0.295s] DEBUG:colcon.colcon_core.package_identification:Package 'src/nebula2-wildos-main/graphnav_msgs' with type 'ros.ament_cmake' and name 'graphnav_msgs'
[0.295s] Level 1:colcon.colcon_core.package_identification:_identify(src/nebula2-wildos-main/graphnav_planner) by extensions ['ignore', 'ignore_ament_install']
[0.295s] Level 1:colcon.colcon_core.package_identification:_identify(src/nebula2-wildos-main/graphnav_planner) by extension 'ignore'
[0.295s] Level 1:colcon.colcon_core.package_identification:_identify(src/nebula2-wildos-main/graphnav_planner) by extension 'ignore_ament_install'
[0.295s] Level 1:colcon.colcon_core.package_identification:_identify(src/nebula2-wildos-main/graphnav_planner) by extensions ['colcon_pkg']
[0.295s] Level 1:colcon.colcon_core.package_identification:_identify(src/nebula2-wildos-main/graphnav_planner) by extension 'colcon_pkg'
[0.295s] Level 1:colcon.colcon_core.package_identification:_identify(src/nebula2-wildos-main/graphnav_planner) by extensions ['colcon_meta']
[0.295s] Level 1:colcon.colcon_core.package_identification:_identify(src/nebula2-wildos-main/graphnav_planner) by extension 'colcon_meta'
[0.295s] Level 1:colcon.colcon_core.package_identification:_identify(src/nebula2-wildos-main/graphnav_planner) by extensions ['ros']
[0.295s] Level 1:colcon.colcon_core.package_identification:_identify(src/nebula2-wildos-main/graphnav_planner) by extension 'ros'
[0.296s] DEBUG:colcon.colcon_core.package_identification:Package 'src/nebula2-wildos-main/graphnav_planner' with type 'ros.ament_cmake' and name 'graphnav_planner'
[0.296s] Level 1:colcon.colcon_core.package_identification:_identify(src/nebula2-wildos-main/nvidia_radio) by extensions ['ignore', 'ignore_ament_install']
[0.296s] Level 1:colcon.colcon_core.package_identification:_identify(src/nebula2-wildos-main/nvidia_radio) by extension 'ignore'
[0.297s] Level 1:colcon.colcon_core.package_identification:_identify(src/nebula2-wildos-main/nvidia_radio) ignored
[0.297s] Level 1:colcon.colcon_core.package_identification:_identify(src/nebula2-wildos-main/object_search_msgs) by extensions ['ignore', 'ignore_ament_install']
[0.297s] Level 1:colcon.colcon_core.package_identification:_identify(src/nebula2-wildos-main/object_search_msgs) by extension 'ignore'
[0.297s] Level 1:colcon.colcon_core.package_identification:_identify(src/nebula2-wildos-main/object_search_msgs) by extension 'ignore_ament_install'
[0.297s] Level 1:colcon.colcon_core.package_identification:_identify(src/nebula2-wildos-main/object_search_msgs) by extensions ['colcon_pkg']
[0.297s] Level 1:colcon.colcon_core.package_identification:_identify(src/nebula2-wildos-main/object_search_msgs) by extension 'colcon_pkg'
[0.297s] Level 1:colcon.colcon_core.package_identification:_identify(src/nebula2-wildos-main/object_search_msgs) by extensions ['colcon_meta']
[0.297s] Level 1:colcon.colcon_core.package_identification:_identify(src/nebula2-wildos-main/object_search_msgs) by extension 'colcon_meta'
[0.297s] Level 1:colcon.colcon_core.package_identification:_identify(src/nebula2-wildos-main/object_search_msgs) by extensions ['ros']
[0.297s] Level 1:colcon.colcon_core.package_identification:_identify(src/nebula2-wildos-main/object_search_msgs) by extension 'ros'
[0.298s] DEBUG:colcon.colcon_core.package_identification:Package 'src/nebula2-wildos-main/object_search_msgs' with type 'ros.ament_cmake' and name 'object_search_msgs'
[0.298s] Level 1:colcon.colcon_core.package_identification:_identify(src/nebula2-wildos-main/triangulation3d) by extensions ['ignore', 'ignore_ament_install']
[0.298s] Level 1:colcon.colcon_core.package_identification:_identify(src/nebula2-wildos-main/triangulation3d) by extension 'ignore'
[0.298s] Level 1:colcon.colcon_core.package_identification:_identify(src/nebula2-wildos-main/triangulation3d) by extension 'ignore_ament_install'
[0.298s] Level 1:colcon.colcon_core.package_identification:_identify(src/nebula2-wildos-main/triangulation3d) by extensions ['colcon_pkg']
[0.298s] Level 1:colcon.colcon_core.package_identification:_identify(src/nebula2-wildos-main/triangulation3d) by extension 'colcon_pkg'
[0.298s] Level 1:colcon.colcon_core.package_identification:_identify(src/nebula2-wildos-main/triangulation3d) by extensions ['colcon_meta']
[0.298s] Level 1:colcon.colcon_core.package_identification:_identify(src/nebula2-wildos-main/triangulation3d) by extension 'colcon_meta'
[0.298s] Level 1:colcon.colcon_core.package_identification:_identify(src/nebula2-wildos-main/triangulation3d) by extensions ['ros']
[0.298s] Level 1:colcon.colcon_core.package_identification:_identify(src/nebula2-wildos-main/triangulation3d) by extension 'ros'
[0.298s] DEBUG:colcon.colcon_core.package_identification:Package 'src/nebula2-wildos-main/triangulation3d' with type 'ros.ament_python' and name 'triangulation3d'
[0.299s] Level 1:colcon.colcon_core.package_identification:_identify(src/nebula2-wildos-main/visual_navigation) by extensions ['ignore', 'ignore_ament_install']
[0.299s] Level 1:colcon.colcon_core.package_identification:_identify(src/nebula2-wildos-main/visual_navigation) by extension 'ignore'
[0.299s] Level 1:colcon.colcon_core.package_identification:_identify(src/nebula2-wildos-main/visual_navigation) by extension 'ignore_ament_install'
[0.299s] Level 1:colcon.colcon_core.package_identification:_identify(src/nebula2-wildos-main/visual_navigation) by extensions ['colcon_pkg']
[0.299s] Level 1:colcon.colcon_core.package_identification:_identify(src/nebula2-wildos-main/visual_navigation) by extension 'colcon_pkg'
[0.299s] Level 1:colcon.colcon_core.package_identification:_identify(src/nebula2-wildos-main/visual_navigation) by extensions ['colcon_meta']
[0.299s] Level 1:colcon.colcon_core.package_identification:_identify(src/nebula2-wildos-main/visual_navigation) by extension 'colcon_meta'
[0.299s] Level 1:colcon.colcon_core.package_identification:_identify(src/nebula2-wildos-main/visual_navigation) by extensions ['ros']
[0.299s] Level 1:colcon.colcon_core.package_identification:_identify(src/nebula2-wildos-main/visual_navigation) by extension 'ros'
[0.300s] DEBUG:colcon.colcon_core.package_identification:Package 'src/nebula2-wildos-main/visual_navigation' with type 'ros.ament_python' and name 'visual_navigation'
[0.300s] Level 1:colcon.colcon_core.package_identification:_identify(src/ros2_numpy) by extensions ['ignore', 'ignore_ament_install']
[0.300s] Level 1:colcon.colcon_core.package_identification:_identify(src/ros2_numpy) by extension 'ignore'
[0.300s] Level 1:colcon.colcon_core.package_identification:_identify(src/ros2_numpy) by extension 'ignore_ament_install'
[0.300s] Level 1:colcon.colcon_core.package_identification:_identify(src/ros2_numpy) by extensions ['colcon_pkg']
[0.300s] Level 1:colcon.colcon_core.package_identification:_identify(src/ros2_numpy) by extension 'colcon_pkg'
[0.300s] Level 1:colcon.colcon_core.package_identification:_identify(src/ros2_numpy) by extensions ['colcon_meta']
[0.300s] Level 1:colcon.colcon_core.package_identification:_identify(src/ros2_numpy) by extension 'colcon_meta'
[0.300s] Level 1:colcon.colcon_core.package_identification:_identify(src/ros2_numpy) by extensions ['ros']
[0.300s] Level 1:colcon.colcon_core.package_identification:_identify(src/ros2_numpy) by extension 'ros'
[0.301s] DEBUG:colcon.colcon_core.package_identification:Package 'src/ros2_numpy' with type 'ros.ament_cmake' and name 'ros2_numpy'
[0.301s] Level 1:colcon.colcon_core.package_discovery:discover_packages(recursive) using defaults
[0.301s] Level 1:colcon.colcon_core.package_discovery:discover_packages(ignore) discover
[0.301s] Level 1:colcon.colcon_core.package_discovery:discover_packages(ignore) using defaults
[0.301s] Level 1:colcon.colcon_core.package_discovery:discover_packages(path) discover
[0.301s] Level 1:colcon.colcon_core.package_discovery:discover_packages(path) using defaults
[0.326s] INFO:colcon.colcon_core.package_selection:Skipping not selected package 'direct_lidar_inertial_odometry' in 'src/direct_lidar_inertial_odometry-feature-ros2'
[0.326s] INFO:colcon.colcon_core.package_selection:Skipping not selected package 'elevation_map_msgs' in 'src/elevation_mapping_cupy/elevation_map_msgs'
[0.326s] INFO:colcon.colcon_core.package_selection:Skipping not selected package 'gps_visualization' in 'src/nebula2-wildos-main/gps_visualization'
[0.326s] INFO:colcon.colcon_core.package_selection:Skipping not selected package 'graaf_vendor' in 'src/nebula2-wildos-main/graaf_vendor'
[0.326s] INFO:colcon.colcon_core.package_selection:Skipping not selected package 'graphnav_msgs' in 'src/nebula2-wildos-main/graphnav_msgs'
[0.326s] INFO:colcon.colcon_core.package_selection:Skipping not selected package 'object_search_msgs' in 'src/nebula2-wildos-main/object_search_msgs'
[0.326s] INFO:colcon.colcon_core.package_selection:Skipping not selected package 'ros2_numpy' in 'src/ros2_numpy'
[0.326s] INFO:colcon.colcon_core.package_selection:Skipping not selected package 'triangulation3d' in 'src/nebula2-wildos-main/triangulation3d'
[0.326s] INFO:colcon.colcon_core.package_selection:Skipping not selected package 'graphnav_builder' in 'src/nebula2-wildos-main/graphnav_builder'
[0.326s] INFO:colcon.colcon_core.package_selection:Skipping not selected package 'graphnav_planner' in 'src/nebula2-wildos-main/graphnav_planner'
[0.326s] INFO:colcon.colcon_core.package_selection:Skipping not selected package 'semantic_sensor' in 'src/elevation_mapping_cupy/sensor_processing/semantic_sensor'
[0.326s] INFO:colcon.colcon_core.package_selection:Skipping not selected package 'visual_navigation' in 'src/nebula2-wildos-main/visual_navigation'
[0.326s] INFO:colcon.colcon_core.package_selection:Skipping not selected package 'elevation_mapping_cupy' in 'src/elevation_mapping_cupy/elevation_mapping_cupy'
[0.326s] Level 5:colcon.colcon_core.verb:set package 'dlio_gazebo_sim' build argument 'cmake_args' from command line to 'None'
[0.326s] Level 5:colcon.colcon_core.verb:set package 'dlio_gazebo_sim' build argument 'cmake_target' from command line to 'None'
[0.326s] Level 5:colcon.colcon_core.verb:set package 'dlio_gazebo_sim' build argument 'cmake_target_skip_unavailable' from command line to 'False'
[0.326s] Level 5:colcon.colcon_core.verb:set package 'dlio_gazebo_sim' build argument 'cmake_clean_cache' from command line to 'False'
[0.326s] Level 5:colcon.colcon_core.verb:set package 'dlio_gazebo_sim' build argument 'cmake_clean_first' from command line to 'False'
[0.326s] Level 5:colcon.colcon_core.verb:set package 'dlio_gazebo_sim' build argument 'cmake_force_configure' from command line to 'False'
[0.326s] Level 5:colcon.colcon_core.verb:set package 'dlio_gazebo_sim' build argument 'ament_cmake_args' from command line to 'None'
[0.327s] Level 5:colcon.colcon_core.verb:set package 'dlio_gazebo_sim' build argument 'catkin_cmake_args' from command line to 'None'
[0.327s] Level 5:colcon.colcon_core.verb:set package 'dlio_gazebo_sim' build argument 'catkin_skip_building_tests' from command line to 'False'
[0.327s] DEBUG:colcon.colcon_core.verb:Building package 'dlio_gazebo_sim' with the following arguments: {'ament_cmake_args': None, 'build_base': '/root/ros2_ws/build/dlio_gazebo_sim', 'catkin_cmake_args': None, 'catkin_skip_building_tests': False, 'cmake_args': None, 'cmake_clean_cache': False, 'cmake_clean_first': False, 'cmake_force_configure': False, 'cmake_target': None, 'cmake_target_skip_unavailable': False, 'install_base': '/root/ros2_ws/install/dlio_gazebo_sim', 'merge_install': False, 'path': '/root/ros2_ws/src/dlio_gazebo_sim', 'symlink_install': True, 'test_result_base': None}
[0.327s] INFO:colcon.colcon_core.executor:Executing jobs using 'parallel' executor
[0.327s] DEBUG:colcon.colcon_parallel_executor.executor.parallel:run_until_complete
[0.328s] INFO:colcon.colcon_ros.task.ament_python.build:Building ROS package in '/root/ros2_ws/src/dlio_gazebo_sim' with build type 'ament_python'
[0.328s] Level 1:colcon.colcon_core.shell:create_environment_hook('dlio_gazebo_sim', 'ament_prefix_path')
[0.331s] INFO:colcon.colcon_core.plugin_system:Skipping extension 'colcon_core.shell.bat': Not used on non-Windows systems
[0.331s] INFO:colcon.colcon_core.shell:Creating environment hook '/root/ros2_ws/install/dlio_gazebo_sim/share/dlio_gazebo_sim/hook/ament_prefix_path.ps1'
[0.332s] INFO:colcon.colcon_core.shell:Creating environment descriptor '/root/ros2_ws/install/dlio_gazebo_sim/share/dlio_gazebo_sim/hook/ament_prefix_path.dsv'
[0.333s] INFO:colcon.colcon_core.shell:Creating environment hook '/root/ros2_ws/install/dlio_gazebo_sim/share/dlio_gazebo_sim/hook/ament_prefix_path.sh'
[0.333s] INFO:colcon.colcon_core.shell:Skip shell extension 'powershell' for command environment: Not usable outside of PowerShell
[0.334s] DEBUG:colcon.colcon_core.shell:Skip shell extension 'dsv' for command environment
[0.591s] INFO:colcon.colcon_core.task.python.build:Building Python package in '/root/ros2_ws/src/dlio_gazebo_sim'
[0.591s] INFO:colcon.colcon_core.shell:Skip shell extension 'powershell' for command environment: Not usable outside of PowerShell
[0.591s] DEBUG:colcon.colcon_core.shell:Skip shell extension 'dsv' for command environment
[1.289s] DEBUG:colcon.colcon_core.event_handler.log_command:Invoking command in '/root/ros2_ws/build/dlio_gazebo_sim': AMENT_PREFIX_PATH=/root/ros2_ws/install/elevation_mapping_cupy:/root/ros2_ws/install/semantic_sensor:/root/ros2_ws/install/graphnav_builder:/root/ros2_ws/install/ros2_numpy:/root/ros2_ws/install/graphnav_msgs:/root/ros2_ws/install/elevation_map_msgs:/root/ros2_ws/install/direct_lidar_inertial_odometry:${AMENT_PREFIX_PATH} CMAKE_PREFIX_PATH=/root/ros2_ws/install/elevation_mapping_cupy:/root/ros2_ws/install/ros2_numpy:/root/ros2_ws/install/graphnav_msgs:/root/ros2_ws/install/elevation_map_msgs:/root/ros2_ws/install/direct_lidar_inertial_odometry:${CMAKE_PREFIX_PATH} LD_LIBRARY_PATH=/root/ros2_ws/install/graphnav_msgs/lib:/root/ros2_ws/install/elevation_map_msgs/lib:/root/ros2_ws/install/direct_lidar_inertial_odometry/lib:${LD_LIBRARY_PATH} PATH=/root/ros2_ws/install/graphnav_builder/bin:${PATH} PYTHONPATH=/root/ros2_ws/build/dlio_gazebo_sim/prefix_override:/usr/lib/python3/dist-packages/colcon_core/task/python/colcon_distutils_commands:/root/ros2_ws/install/dlio_gazebo_sim/lib/python3.12/site-packages:/root/ros2_ws/install/elevation_mapping_cupy/lib/python3.12/site-packages:/root/ros2_ws/build/semantic_sensor:/root/ros2_ws/install/semantic_sensor/lib/python3.12/site-packages:/root/ros2_ws/build/graphnav_builder:/root/ros2_ws/install/graphnav_builder/lib/python3.12/site-packages:/root/ros2_ws/install/ros2_numpy/lib/python3.12/site-packages:/root/ros2_ws/install/graphnav_msgs/lib/python3.12/site-packages:/root/ros2_ws/install/elevation_map_msgs/lib/python3.12/site-packages:/root/ros2_ws/install/direct_lidar_inertial_odometry/lib/python3.12/site-packages:${PYTHONPATH} /usr/bin/python3 -W ignore:setup.py install is deprecated -W ignore:easy_install command is deprecated setup.py develop --editable --build-directory /root/ros2_ws/build/dlio_gazebo_sim/build --no-deps symlink_data
[1.918s] Level 1:colcon.colcon_core.shell:create_environment_hook('dlio_gazebo_sim', 'pythonpath_develop')
[1.918s] INFO:colcon.colcon_core.shell:Creating environment hook '/root/ros2_ws/build/dlio_gazebo_sim/share/dlio_gazebo_sim/hook/pythonpath_develop.ps1'
[1.919s] DEBUG:colcon.colcon_core.event_handler.log_command:Invoked command in '/root/ros2_ws/build/dlio_gazebo_sim' returned '0': AMENT_PREFIX_PATH=/root/ros2_ws/install/elevation_mapping_cupy:/root/ros2_ws/install/semantic_sensor:/root/ros2_ws/install/graphnav_builder:/root/ros2_ws/install/ros2_numpy:/root/ros2_ws/install/graphnav_msgs:/root/ros2_ws/install/elevation_map_msgs:/root/ros2_ws/install/direct_lidar_inertial_odometry:${AMENT_PREFIX_PATH} CMAKE_PREFIX_PATH=/root/ros2_ws/install/elevation_mapping_cupy:/root/ros2_ws/install/ros2_numpy:/root/ros2_ws/install/graphnav_msgs:/root/ros2_ws/install/elevation_map_msgs:/root/ros2_ws/install/direct_lidar_inertial_odometry:${CMAKE_PREFIX_PATH} LD_LIBRARY_PATH=/root/ros2_ws/install/graphnav_msgs/lib:/root/ros2_ws/install/elevation_map_msgs/lib:/root/ros2_ws/install/direct_lidar_inertial_odometry/lib:${LD_LIBRARY_PATH} PATH=/root/ros2_ws/install/graphnav_builder/bin:${PATH} PYTHONPATH=/root/ros2_ws/build/dlio_gazebo_sim/prefix_override:/usr/lib/python3/dist-packages/colcon_core/task/python/colcon_distutils_commands:/root/ros2_ws/install/dlio_gazebo_sim/lib/python3.12/site-packages:/root/ros2_ws/install/elevation_mapping_cupy/lib/python3.12/site-packages:/root/ros2_ws/build/semantic_sensor:/root/ros2_ws/install/semantic_sensor/lib/python3.12/site-packages:/root/ros2_ws/build/graphnav_builder:/root/ros2_ws/install/graphnav_builder/lib/python3.12/site-packages:/root/ros2_ws/install/ros2_numpy/lib/python3.12/site-packages:/root/ros2_ws/install/graphnav_msgs/lib/python3.12/site-packages:/root/ros2_ws/install/elevation_map_msgs/lib/python3.12/site-packages:/root/ros2_ws/install/direct_lidar_inertial_odometry/lib/python3.12/site-packages:${PYTHONPATH} /usr/bin/python3 -W ignore:setup.py install is deprecated -W ignore:easy_install command is deprecated setup.py develop --editable --build-directory /root/ros2_ws/build/dlio_gazebo_sim/build --no-deps symlink_data
[1.919s] INFO:colcon.colcon_core.shell:Creating environment descriptor '/root/ros2_ws/build/dlio_gazebo_sim/share/dlio_gazebo_sim/hook/pythonpath_develop.dsv'
[1.919s] INFO:colcon.colcon_core.shell:Creating environment hook '/root/ros2_ws/build/dlio_gazebo_sim/share/dlio_gazebo_sim/hook/pythonpath_develop.sh'
[1.923s] Level 1:colcon.colcon_core.environment:checking '/root/ros2_ws/install/dlio_gazebo_sim' for CMake module files
[1.924s] Level 1:colcon.colcon_core.environment:checking '/root/ros2_ws/install/dlio_gazebo_sim' for CMake config files
[1.924s] Level 1:colcon.colcon_core.environment:checking '/root/ros2_ws/install/dlio_gazebo_sim/lib'
[1.924s] Level 1:colcon.colcon_core.environment:checking '/root/ros2_ws/install/dlio_gazebo_sim/bin'
[1.924s] Level 1:colcon.colcon_core.environment:checking '/root/ros2_ws/install/dlio_gazebo_sim/lib/pkgconfig/dlio_gazebo_sim.pc'
[1.925s] Level 1:colcon.colcon_core.environment:checking '/root/ros2_ws/install/dlio_gazebo_sim/lib/python3.12/site-packages'
[1.925s] Level 1:colcon.colcon_core.shell:create_environment_hook('dlio_gazebo_sim', 'pythonpath')
[1.925s] INFO:colcon.colcon_core.shell:Creating environment hook '/root/ros2_ws/install/dlio_gazebo_sim/share/dlio_gazebo_sim/hook/pythonpath.ps1'
[1.925s] INFO:colcon.colcon_core.shell:Creating environment descriptor '/root/ros2_ws/install/dlio_gazebo_sim/share/dlio_gazebo_sim/hook/pythonpath.dsv'
[1.926s] INFO:colcon.colcon_core.shell:Creating environment hook '/root/ros2_ws/install/dlio_gazebo_sim/share/dlio_gazebo_sim/hook/pythonpath.sh'
[1.926s] Level 1:colcon.colcon_core.environment:checking '/root/ros2_ws/install/dlio_gazebo_sim/bin'
[1.926s] Level 1:colcon.colcon_core.environment:create_environment_scripts_only(dlio_gazebo_sim)
[1.926s] INFO:colcon.colcon_core.shell:Creating package script '/root/ros2_ws/install/dlio_gazebo_sim/share/dlio_gazebo_sim/package.ps1'
[1.928s] INFO:colcon.colcon_core.shell:Creating package descriptor '/root/ros2_ws/install/dlio_gazebo_sim/share/dlio_gazebo_sim/package.dsv'
[1.928s] INFO:colcon.colcon_core.shell:Creating package script '/root/ros2_ws/install/dlio_gazebo_sim/share/dlio_gazebo_sim/package.sh'
[1.929s] INFO:colcon.colcon_core.shell:Creating package script '/root/ros2_ws/install/dlio_gazebo_sim/share/dlio_gazebo_sim/package.bash'
[1.930s] INFO:colcon.colcon_core.shell:Creating package script '/root/ros2_ws/install/dlio_gazebo_sim/share/dlio_gazebo_sim/package.zsh'
[1.930s] Level 1:colcon.colcon_core.environment:create_file_with_runtime_dependencies(/root/ros2_ws/install/dlio_gazebo_sim/share/colcon-core/packages/dlio_gazebo_sim)
[1.931s] DEBUG:colcon.colcon_parallel_executor.executor.parallel:closing loop
[1.931s] DEBUG:colcon.colcon_parallel_executor.executor.parallel:loop closed
[1.931s] DEBUG:colcon.colcon_parallel_executor.executor.parallel:run_until_complete finished with '0'
[1.931s] DEBUG:colcon.colcon_core.event_reactor:joining thread
[1.938s] INFO:colcon.colcon_core.plugin_system:Skipping extension 'colcon_notification.desktop_notification.notify_send': Could not find 'notify-send'
[1.938s] INFO:colcon.colcon_core.plugin_system:Skipping extension 'colcon_notification.desktop_notification.terminal_notifier': Not used on non-Darwin systems
[1.938s] INFO:colcon.colcon_core.plugin_system:Skipping extension 'colcon_notification.desktop_notification.win32': Not used on non-Windows systems
[1.938s] INFO:colcon.colcon_notification.desktop_notification:Sending desktop notification using 'notify2'
[1.940s] DEBUG:colcon.colcon_notification.desktop_notification.notify2:Failed to initialize notify2: org.freedesktop.DBus.Error.Spawn.ExecFailed: /usr/bin/dbus-launch terminated abnormally without any error message
[1.940s] DEBUG:colcon.colcon_core.event_reactor:joined thread
[1.941s] INFO:colcon.colcon_core.shell:Creating prefix script '/root/ros2_ws/install/local_setup.ps1'
[1.942s] INFO:colcon.colcon_core.shell:Creating prefix util module '/root/ros2_ws/install/_local_setup_util_ps1.py'
[1.943s] INFO:colcon.colcon_core.shell:Creating prefix chain script '/root/ros2_ws/install/setup.ps1'
[1.944s] INFO:colcon.colcon_core.shell:Creating prefix script '/root/ros2_ws/install/local_setup.sh'
[1.944s] INFO:colcon.colcon_core.shell:Creating prefix util module '/root/ros2_ws/install/_local_setup_util_sh.py'
[1.945s] INFO:colcon.colcon_core.shell:Creating prefix chain script '/root/ros2_ws/install/setup.sh'
[1.946s] INFO:colcon.colcon_core.shell:Creating prefix script '/root/ros2_ws/install/local_setup.bash'
[1.946s] INFO:colcon.colcon_core.shell:Creating prefix chain script '/root/ros2_ws/install/setup.bash'
[1.947s] INFO:colcon.colcon_core.shell:Creating prefix script '/root/ros2_ws/install/local_setup.zsh'
[1.948s] INFO:colcon.colcon_core.shell:Creating prefix chain script '/root/ros2_ws/install/setup.zsh'
