/root/ros2_ws/install/triangulation3d/lib/python3.12/site-packages/triangulation3d/teleop_twist_keyboard.py
/root/ros2_ws/install/triangulation3d/lib/python3.12/site-packages/triangulation3d/triangulator.py
/root/ros2_ws/install/triangulation3d/lib/python3.12/site-packages/triangulation3d/particle_generator.py
/root/ros2_ws/install/triangulation3d/lib/python3.12/site-packages/triangulation3d/bbox_generator.py
/root/ros2_ws/install/triangulation3d/lib/python3.12/site-packages/triangulation3d/quantitative_metrics.py
/root/ros2_ws/install/triangulation3d/lib/python3.12/site-packages/triangulation3d/teleop_triangulation.py
/root/ros2_ws/install/triangulation3d/lib/python3.12/site-packages/triangulation3d/random_cam_initializer.py
/root/ros2_ws/install/triangulation3d/lib/python3.12/site-packages/triangulation3d/camera_data.py
/root/ros2_ws/install/triangulation3d/lib/python3.12/site-packages/triangulation3d/__init__.py
/root/ros2_ws/install/triangulation3d/lib/python3.12/site-packages/triangulation3d/multicam_visualizer.py
/root/ros2_ws/install/triangulation3d/lib/python3.12/site-packages/triangulation3d/pcl_utils.py
/root/ros2_ws/install/triangulation3d/lib/python3.12/site-packages/triangulation3d/__pycache__/teleop_twist_keyboard.cpython-312.pyc
/root/ros2_ws/install/triangulation3d/lib/python3.12/site-packages/triangulation3d/__pycache__/triangulator.cpython-312.pyc
/root/ros2_ws/install/triangulation3d/lib/python3.12/site-packages/triangulation3d/__pycache__/particle_generator.cpython-312.pyc
/root/ros2_ws/install/triangulation3d/lib/python3.12/site-packages/triangulation3d/__pycache__/bbox_generator.cpython-312.pyc
/root/ros2_ws/install/triangulation3d/lib/python3.12/site-packages/triangulation3d/__pycache__/quantitative_metrics.cpython-312.pyc
/root/ros2_ws/install/triangulation3d/lib/python3.12/site-packages/triangulation3d/__pycache__/teleop_triangulation.cpython-312.pyc
/root/ros2_ws/install/triangulation3d/lib/python3.12/site-packages/triangulation3d/__pycache__/random_cam_initializer.cpython-312.pyc
/root/ros2_ws/install/triangulation3d/lib/python3.12/site-packages/triangulation3d/__pycache__/camera_data.cpython-312.pyc
/root/ros2_ws/install/triangulation3d/lib/python3.12/site-packages/triangulation3d/__pycache__/__init__.cpython-312.pyc
/root/ros2_ws/install/triangulation3d/lib/python3.12/site-packages/triangulation3d/__pycache__/multicam_visualizer.cpython-312.pyc
/root/ros2_ws/install/triangulation3d/lib/python3.12/site-packages/triangulation3d/__pycache__/pcl_utils.cpython-312.pyc
/root/ros2_ws/install/triangulation3d/share/ament_index/resource_index/packages/triangulation3d
/root/ros2_ws/install/triangulation3d/share/triangulation3d/package.xml
/root/ros2_ws/install/triangulation3d/lib/python3.12/site-packages/triangulation3d-0.0.0-py3.12.egg-info/entry_points.txt
/root/ros2_ws/install/triangulation3d/lib/python3.12/site-packages/triangulation3d-0.0.0-py3.12.egg-info/PKG-INFO
/root/ros2_ws/install/triangulation3d/lib/python3.12/site-packages/triangulation3d-0.0.0-py3.12.egg-info/dependency_links.txt
/root/ros2_ws/install/triangulation3d/lib/python3.12/site-packages/triangulation3d-0.0.0-py3.12.egg-info/SOURCES.txt
/root/ros2_ws/install/triangulation3d/lib/python3.12/site-packages/triangulation3d-0.0.0-py3.12.egg-info/requires.txt
/root/ros2_ws/install/triangulation3d/lib/python3.12/site-packages/triangulation3d-0.0.0-py3.12.egg-info/top_level.txt
/root/ros2_ws/install/triangulation3d/lib/python3.12/site-packages/triangulation3d-0.0.0-py3.12.egg-info/zip-safe
/root/ros2_ws/install/triangulation3d/lib/triangulation3d/teleop_triangulation
/root/ros2_ws/install/triangulation3d/lib/triangulation3d/teleop_twist_keyboard
/root/ros2_ws/install/triangulation3d/lib/triangulation3d/triangulation_visualizer
