[33mCMake Warning (dev) at /usr/lib/x86_64-linux-gnu/cmake/pcl/Modules/FindFLANN.cmake:45 (find_package):
  Policy CMP0144 is not set: find_package uses upper-case <PACKAGENAME>_ROOT
  variables.  Run "cmake --help-policy CMP0144" for policy details.  Use the
  cmake_policy command to set the policy and suppress this warning.

  CMake variable FLANN_ROOT is set to:

    /usr

  For compatibility, find_package is ignoring the variable, but code in a
  .cmake module might still use it.
Call Stack (most recent call first):
  /usr/lib/x86_64-linux-gnu/cmake/pcl/PCLConfig.cmake:261 (find_package)
  /usr/lib/x86_64-linux-gnu/cmake/pcl/PCLConfig.cmake:306 (find_flann)
  /usr/lib/x86_64-linux-gnu/cmake/pcl/PCLConfig.cmake:570 (find_external_library)
  /opt/ros/jazzy/share/pcl_conversions/cmake/ament_cmake_export_dependencies-extras.cmake:21 (find_package)
  /opt/ros/jazzy/share/pcl_conversions/cmake/pcl_conversionsConfig.cmake:41 (include)
  /opt/ros/jazzy/share/pcl_ros/cmake/ament_cmake_export_dependencies-extras.cmake:21 (find_package)
  /opt/ros/jazzy/share/pcl_ros/cmake/pcl_rosConfig.cmake:41 (include)
  CMakeLists.txt:22 (find_package)
This warning is for project developers.  Use -Wno-dev to suppress it.
[0m
[01m[K/root/ros2_ws/src/direct_lidar_inertial_odometry-feature-ros2/src/dlio/map.cc:[m[K In constructor ‘[01m[Kdlio::MapNode::[01;32m[KMapNode[m[K()[m[K’:
[01m[K/root/ros2_ws/src/direct_lidar_inertial_odometry-feature-ros2/src/dlio/map.cc:29:90:[m[K [01;35m[Kwarning: [m[K‘[01m[Ktypename rclcpp::Service<ServiceT>::SharedPtr rclcpp::Node::[01;32m[Kcreate_service[m[K(const std::string&, CallbackT&&, const rmw_qos_profile_t&, rclcpp::CallbackGroup::SharedPtr) [35m[K[with ServiceT = direct_lidar_inertial_odometry::srv::SavePCD; CallbackT = std::_Bind<void (dlio::MapNode::*(dlio::MapNode*, std::_Placeholder<1>, std::_Placeholder<2>))(std::shared_ptr<direct_lidar_inertial_odometry::srv::SavePCD_Request_<std::allocator<void> > >, std::shared_ptr<direct_lidar_inertial_odometry::srv::SavePCD_Response_<std::allocator<void> > >)>; typename rclcpp::Service<ServiceT>::SharedPtr = std::shared_ptr<rclcpp::Service<direct_lidar_inertial_odometry::srv::SavePCD> >; std::string = std::__cxx11::basic_string<char>; rmw_qos_profile_t = rmw_qos_profile_s; rclcpp::CallbackGroup::SharedPtr = std::shared_ptr<rclcpp::CallbackGroup>][m[K[m[K’ is deprecated: use rclcpp::QoS instead of rmw_qos_profile_t [[01;35m[K]8;;https://gcc.gnu.org/onlinedocs/gcc/Warning-Options.html#index-Wdeprecated-declarations-Wdeprecated-declarations]8;;[m[K]
   29 |   this->save_pcd_srv = [01;35m[Kthis->create_service<direct_lidar_inertial_odometry::srv::SavePCD>("save_pcd",[m[K
      |                        [01;35m[K~~~~~~~~~~~~~~~~~~~~~~~~~~~~~~~~~~~~~~~~~~~~~~~~~~~~~~~~~~~~~~~~~~^~~~~~~~~~~~[m[K
   30 | [01;35m[K      std::bind(&dlio::MapNode::savePCD, this, std::placeholders::_1, std::placeholders::_2), rmw_qos_profile_services_default, this->save_pcd_cb_group)[m[K;
      |       [01;35m[K~~~~~~~~~~~~~~~~~~~~~~~~~~~~~~~~~~~~~~~~~~~~~~~~~~~~~~~~~~~~~~~~~~~~~~~~~~~~~~~~~~~~~~~~~~~~~~~~~~~~~~~~~~~~~~~~~~~~~~~~~~~~~~~~~~~~~~~~~~~~~~~~~~[m[K
In file included from [01m[K/opt/ros/jazzy/include/rclcpp/rclcpp/node.hpp:1663[m[K,
                 from [01m[K/opt/ros/jazzy/include/rclcpp/rclcpp/executors/single_threaded_executor.hpp:28[m[K,
                 from [01m[K/opt/ros/jazzy/include/rclcpp/rclcpp/executors.hpp:22[m[K,
                 from [01m[K/opt/ros/jazzy/include/rclcpp/rclcpp/rclcpp.hpp:172[m[K,
                 from [01m[K/root/ros2_ws/src/direct_lidar_inertial_odometry-feature-ros2/include/dlio/map.h:16[m[K,
                 from [01m[K/root/ros2_ws/src/direct_lidar_inertial_odometry-feature-ros2/src/dlio/map.cc:13[m[K:
[01m[K/opt/ros/jazzy/include/rclcpp/rclcpp/node_impl.hpp:192:1:[m[K [01;36m[Knote: [m[Kdeclared here
  192 | [01;36m[KNode[m[K::create_service(
      | [01;36m[K^~~~[m[K
