[0.010s] Invoking command in '/root/ros2_ws/build/direct_lidar_inertial_odometry': CMAKE_PREFIX_PATH=${CMAKE_PREFIX_PATH}:/opt/ros/jazzy /usr/bin/cmake /root/ros2_ws/src/direct_lidar_inertial_odometry-feature-ros2 -DAMENT_CMAKE_SYMLINK_INSTALL=1 -DCMAKE_INSTALL_PREFIX=/root/ros2_ws/install/direct_lidar_inertial_odometry
[0.025s] -- Found rosidl_default_generators: 1.6.0 (/opt/ros/jazzy/share/rosidl_default_generators/cmake)
[0.202s] -- Override CMake install command with custom implementation using symlinks instead of copying resources
[0.205s] -- Using all available rosidl_typesupport_c: rosidl_typesupport_fastrtps_c;rosidl_typesupport_introspection_c
[0.248s] -- Using all available rosidl_typesupport_cpp: rosidl_typesupport_fastrtps_cpp;rosidl_typesupport_introspection_cpp
[0.280s] -- Found rosidl_adapter: 4.6.7 (/opt/ros/jazzy/share/rosidl_adapter/cmake)
[0.282s] -- Found rclcpp: 28.1.18 (/opt/ros/jazzy/share/rclcpp/cmake)
[0.347s] -- Found rmw_implementation_cmake: 7.3.3 (/opt/ros/jazzy/share/rmw_implementation_cmake/cmake)
[0.348s] -- Found rmw_fastrtps_cpp: 8.4.3 (/opt/ros/jazzy/share/rmw_fastrtps_cpp/cmake)
[0.410s] -- Using RMW implementation 'rmw_fastrtps_cpp' as default
[0.474s] -- Found std_msgs: 5.3.7 (/opt/ros/jazzy/share/std_msgs/cmake)
[0.488s] -- Found sensor_msgs: 5.3.7 (/opt/ros/jazzy/share/sensor_msgs/cmake)
[0.528s] -- Found nav_msgs: 5.3.7 (/opt/ros/jazzy/share/nav_msgs/cmake)
[0.558s] -- Found pcl_ros: 2.6.4 (/opt/ros/jazzy/share/pcl_ros/cmake)
[0.681s] [33mCMake Warning (dev) at /usr/lib/x86_64-linux-gnu/cmake/pcl/Modules/FindFLANN.cmake:45 (find_package):
[0.681s]   Policy CMP0144 is not set: find_package uses upper-case <PACKAGENAME>_ROOT
[0.681s]   variables.  Run "cmake --help-policy CMP0144" for policy details.  Use the
[0.682s]   cmake_policy command to set the policy and suppress this warning.
[0.682s] 
[0.682s]   CMake variable FLANN_ROOT is set to:
[0.682s] 
[0.682s]     /usr
[0.683s] 
[0.683s]   For compatibility, find_package is ignoring the variable, but code in a
[0.683s]   .cmake module might still use it.
[0.683s] Call Stack (most recent call first):
[0.683s]   /usr/lib/x86_64-linux-gnu/cmake/pcl/PCLConfig.cmake:261 (find_package)
[0.684s]   /usr/lib/x86_64-linux-gnu/cmake/pcl/PCLConfig.cmake:306 (find_flann)
[0.684s]   /usr/lib/x86_64-linux-gnu/cmake/pcl/PCLConfig.cmake:570 (find_external_library)
[0.684s]   /opt/ros/jazzy/share/pcl_conversions/cmake/ament_cmake_export_dependencies-extras.cmake:21 (find_package)
[0.684s]   /opt/ros/jazzy/share/pcl_conversions/cmake/pcl_conversionsConfig.cmake:41 (include)
[0.684s]   /opt/ros/jazzy/share/pcl_ros/cmake/ament_cmake_export_dependencies-extras.cmake:21 (find_package)
[0.684s]   /opt/ros/jazzy/share/pcl_ros/cmake/pcl_rosConfig.cmake:41 (include)
[0.685s]   CMakeLists.txt:22 (find_package)
[0.685s] This warning is for project developers.  Use -Wno-dev to suppress it.
[0.685s] [0m
[0.686s] -- Found flann version 1.9.2
[0.959s] -- Found OpenMP_CXX: -fopenmp (found version "4.5") 
[0.959s] -- Found OpenMP: TRUE (found version "4.5") found components: CXX 
[2.071s] -- Checking for module 'libusb-1.0'
[2.083s] --   Found libusb-1.0, version 1.0.27
[2.112s] -- Found libusb: /usr/lib/x86_64-linux-gnu/libusb-1.0.so  
[2.116s] -- OpenNI found (version: 1.5.4.0, include: /usr/include/ni, lib: /usr/lib/libOpenNI.so;libusb::libusb)
[2.164s] -- OpenNI2 found (version: 2.2.0.33, include: /usr/include/openni2, lib: /usr/lib/x86_64-linux-gnu/libOpenNI2.so;libusb::libusb)
[2.167s] -- Could NOT find Pcap (missing: PCAP_LIBRARIES PCAP_INCLUDE_DIRS) 
[2.178s] -- Found ZLIB: /usr/lib/x86_64-linux-gnu/libz.so (found version "1.3")  
[2.192s] -- Found PNG: /usr/lib/x86_64-linux-gnu/libpng.so (found version "1.6.43") 
[2.564s] -- OpenNI found (version: 1.5.4.0, include: /usr/include/ni, lib: /usr/lib/libOpenNI.so;libusb::libusb)
[2.569s] -- OpenNI2 found (version: 2.2.0.33, include: /usr/include/openni2, lib: /usr/lib/x86_64-linux-gnu/libOpenNI2.so;libusb::libusb)
[2.927s] -- Found Qhull version 8.0.2
[3.292s] -- OpenNI found (version: 1.5.4.0, include: /usr/include/ni, lib: /usr/lib/libOpenNI.so;libusb::libusb)
[3.650s] -- Found PCL_COMMON: /usr/lib/x86_64-linux-gnu/libpcl_common.so  
[3.651s] -- Found PCL_KDTREE: /usr/lib/x86_64-linux-gnu/libpcl_kdtree.so  
[3.652s] -- Found PCL_OCTREE: /usr/lib/x86_64-linux-gnu/libpcl_octree.so  
[3.653s] -- Found PCL_SEARCH: /usr/lib/x86_64-linux-gnu/libpcl_search.so  
[3.654s] -- Found PCL_SAMPLE_CONSENSUS: /usr/lib/x86_64-linux-gnu/libpcl_sample_consensus.so  
[3.655s] -- Found PCL_FILTERS: /usr/lib/x86_64-linux-gnu/libpcl_filters.so  
[3.655s] -- Found PCL_2D: /usr/include/pcl-1.14  
[3.656s] -- Found PCL_GEOMETRY: /usr/include/pcl-1.14  
[3.657s] -- Found PCL_IO: /usr/lib/x86_64-linux-gnu/libpcl_io.so  
[3.658s] -- Found PCL_FEATURES: /usr/lib/x86_64-linux-gnu/libpcl_features.so  
[3.659s] -- Found PCL_ML: /usr/lib/x86_64-linux-gnu/libpcl_ml.so  
[3.660s] -- Found PCL_SEGMENTATION: /usr/lib/x86_64-linux-gnu/libpcl_segmentation.so  
[3.661s] -- Found PCL_VISUALIZATION: /usr/lib/x86_64-linux-gnu/libpcl_visualization.so  
[3.662s] -- Found PCL_SURFACE: /usr/lib/x86_64-linux-gnu/libpcl_surface.so  
[3.663s] -- Found PCL_REGISTRATION: /usr/lib/x86_64-linux-gnu/libpcl_registration.so  
[3.664s] -- Found PCL_KEYPOINTS: /usr/lib/x86_64-linux-gnu/libpcl_keypoints.so  
[3.665s] -- Found PCL_TRACKING: /usr/lib/x86_64-linux-gnu/libpcl_tracking.so  
[3.666s] -- Found PCL_RECOGNITION: /usr/lib/x86_64-linux-gnu/libpcl_recognition.so  
[3.667s] -- Found PCL_STEREO: /usr/lib/x86_64-linux-gnu/libpcl_stereo.so  
[3.668s] -- Found PCL_APPS: /usr/lib/x86_64-linux-gnu/libpcl_apps.so  
[3.669s] -- Found PCL_IN_HAND_SCANNER: /usr/include/pcl-1.14  
[3.669s] -- Found PCL_MODELER: /usr/include/pcl-1.14  
[3.670s] -- Found PCL_POINT_CLOUD_EDITOR: /usr/include/pcl-1.14  
[3.671s] -- Found PCL_OUTOFCORE: /usr/lib/x86_64-linux-gnu/libpcl_outofcore.so  
[3.672s] -- Found PCL_PEOPLE: /usr/lib/x86_64-linux-gnu/libpcl_people.so  
[3.885s] -- Found eigen3_cmake_module: 0.3.0 (/opt/ros/jazzy/share/eigen3_cmake_module/cmake)
[3.886s] -- Found Eigen3: TRUE (found version "3.4.0") 
[3.886s] -- Ensuring Eigen3 include directory is part of orocos-kdl CMake target
[3.899s] -- Found Threads: TRUE  
[4.454s] -- Found ament_cmake_ros: 0.12.0 (/opt/ros/jazzy/share/ament_cmake_ros/cmake)
[4.844s] -- Using all available rosidl_typesupport_c: rosidl_typesupport_fastrtps_c;rosidl_typesupport_introspection_c
[5.341s] -- Using all available rosidl_typesupport_cpp: rosidl_typesupport_fastrtps_cpp;rosidl_typesupport_introspection_cpp
[5.349s] -- Found python_cmake_module: 0.11.1 (/opt/ros/jazzy/share/python_cmake_module/cmake)
[5.467s] -- Found PythonExtra: /usr/bin/python3  
[5.897s] -- Found Python3: /usr/bin/python3 (found version "3.12.3") found components: Interpreter Development NumPy Development.Module Development.Embed 
[5.979s] -- Found Python3: /usr/bin/python3 (found version "3.12.3") found components: Interpreter 
[6.151s] -- Found OpenMP_C: -fopenmp (found version "4.5") 
[6.151s] -- Found OpenMP: TRUE (found version "4.5")  
[6.241s] -- Configuring done (6.2s)
[6.442s] -- Generating done (0.2s)
[6.475s] -- Build files have been written to: /root/ros2_ws/build/direct_lidar_inertial_odometry
[6.504s] Invoked command in '/root/ros2_ws/build/direct_lidar_inertial_odometry' returned '0': CMAKE_PREFIX_PATH=${CMAKE_PREFIX_PATH}:/opt/ros/jazzy /usr/bin/cmake /root/ros2_ws/src/direct_lidar_inertial_odometry-feature-ros2 -DAMENT_CMAKE_SYMLINK_INSTALL=1 -DCMAKE_INSTALL_PREFIX=/root/ros2_ws/install/direct_lidar_inertial_odometry
[6.506s] Invoking command in '/root/ros2_ws/build/direct_lidar_inertial_odometry': CMAKE_PREFIX_PATH=${CMAKE_PREFIX_PATH}:/opt/ros/jazzy /usr/bin/cmake --build /root/ros2_ws/build/direct_lidar_inertial_odometry -- -j8 -l8
[6.573s] [  4%] [32mBuilding CXX object CMakeFiles/nanoflann.dir/src/nano_gicp/nanoflann.cc.o[0m
[6.573s] [  4%] [34m[1mGenerating type hashes for ROS interfaces[0m
[6.574s] [  6%] [34m[1mGenerating Rust code for ROS interfaces[0m
[6.583s] [  6%] Built target ament_cmake_python_symlink_direct_lidar_inertial_odometry
[6.922s] [  6%] Built target direct_lidar_inertial_odometry__rosidl_generator_type_description
[6.952s] running egg_info
[6.957s] creating direct_lidar_inertial_odometry.egg-info
[6.957s] [  8%] [34m[1mGenerating C code for ROS interfaces[0m
[6.970s] [ 10%] [34m[1mGenerating C++ code for ROS interfaces[0m
[6.978s] [ 10%] Built target direct_lidar_inertial_odometry__rs
[6.994s] writing direct_lidar_inertial_odometry.egg-info/PKG-INFO
[6.995s] writing dependency_links to direct_lidar_inertial_odometry.egg-info/dependency_links.txt
[6.995s] writing top-level names to direct_lidar_inertial_odometry.egg-info/top_level.txt
[6.995s] writing manifest file 'direct_lidar_inertial_odometry.egg-info/SOURCES.txt'
[7.065s] reading manifest file 'direct_lidar_inertial_odometry.egg-info/SOURCES.txt'
[7.066s] writing manifest file 'direct_lidar_inertial_odometry.egg-info/SOURCES.txt'
[7.091s] [ 10%] Built target ament_cmake_python_build_direct_lidar_inertial_odometry_egg
[7.244s] [ 10%] Built target direct_lidar_inertial_odometry__cpp
[7.264s] [ 15%] [32mBuilding C object CMakeFiles/direct_lidar_inertial_odometry__rosidl_generator_c.dir/rosidl_generator_c/direct_lidar_inertial_odometry/srv/detail/save_pcd__description.c.o[0m
[7.264s] [ 15%] [32mBuilding C object CMakeFiles/direct_lidar_inertial_odometry__rosidl_generator_c.dir/rosidl_generator_c/direct_lidar_inertial_odometry/srv/detail/save_pcd__functions.c.o[0m
[7.265s] [ 17%] [32mBuilding C object CMakeFiles/direct_lidar_inertial_odometry__rosidl_generator_c.dir/rosidl_generator_c/direct_lidar_inertial_odometry/srv/detail/save_pcd__type_support.c.o[0m
[7.503s] [ 19%] [32m[1mLinking C shared library libdirect_lidar_inertial_odometry__rosidl_generator_c.so[0m
[7.535s] [ 19%] Built target direct_lidar_inertial_odometry__rosidl_generator_c
[7.549s] [ 21%] [34m[1mGenerating C++ type support dispatch for ROS interfaces[0m
[7.549s] [ 28%] [34m[1mGenerating C introspection for ROS interfaces[0m
[7.549s] [ 28%] [34m[1mGenerating C type support dispatch for ROS interfaces[0m
[7.549s] [ 28%] [34m[1mGenerating C++ introspection for ROS interfaces[0m
[7.549s] [ 30%] [34m[1mGenerating C++ type support for eProsima Fast-RTPS[0m
[7.549s] [ 32%] [34m[1mGenerating C type support for eProsima Fast-RTPS[0m
[7.898s] [ 34%] [32mBuilding CXX object CMakeFiles/direct_lidar_inertial_odometry__rosidl_typesupport_cpp.dir/rosidl_typesupport_cpp/direct_lidar_inertial_odometry/srv/save_pcd__type_support.cpp.o[0m
[7.919s] [ 36%] [32mBuilding CXX object CMakeFiles/direct_lidar_inertial_odometry__rosidl_typesupport_c.dir/rosidl_typesupport_c/direct_lidar_inertial_odometry/srv/save_pcd__type_support.cpp.o[0m
[7.933s] [ 39%] [32mBuilding CXX object CMakeFiles/direct_lidar_inertial_odometry__rosidl_typesupport_introspection_cpp.dir/rosidl_typesupport_introspection_cpp/direct_lidar_inertial_odometry/srv/detail/save_pcd__type_support.cpp.o[0m
[7.972s] [ 41%] [32mBuilding C object CMakeFiles/direct_lidar_inertial_odometry__rosidl_typesupport_introspection_c.dir/rosidl_typesupport_introspection_c/direct_lidar_inertial_odometry/srv/detail/save_pcd__type_support.c.o[0m
[7.980s] [ 43%] [32mBuilding CXX object CMakeFiles/direct_lidar_inertial_odometry__rosidl_typesupport_fastrtps_cpp.dir/rosidl_typesupport_fastrtps_cpp/direct_lidar_inertial_odometry/srv/detail/dds_fastrtps/save_pcd__type_support.cpp.o[0m
[8.008s] [ 45%] [32m[1mLinking CXX shared library libdirect_lidar_inertial_odometry__rosidl_typesupport_c.so[0m
[8.029s] [ 47%] [32mBuilding CXX object CMakeFiles/direct_lidar_inertial_odometry__rosidl_typesupport_fastrtps_c.dir/rosidl_typesupport_fastrtps_c/direct_lidar_inertial_odometry/srv/detail/save_pcd__type_support_c.cpp.o[0m
[8.069s] [ 50%] [32m[1mLinking C shared library libdirect_lidar_inertial_odometry__rosidl_typesupport_introspection_c.so[0m
[8.073s] [ 50%] Built target direct_lidar_inertial_odometry__rosidl_typesupport_c
[8.104s] [ 50%] Built target direct_lidar_inertial_odometry__rosidl_typesupport_introspection_c
[8.508s] [ 52%] [32m[1mLinking CXX shared library libdirect_lidar_inertial_odometry__rosidl_typesupport_cpp.so[0m
[8.594s] [ 52%] Built target direct_lidar_inertial_odometry__rosidl_typesupport_cpp
[8.616s] [ 54%] [32mBuilding CXX object CMakeFiles/dlio_map_node.dir/src/dlio/map.cc.o[0m
[8.618s] [ 56%] [32mBuilding CXX object CMakeFiles/dlio_map_node.dir/src/dlio/map_node.cc.o[0m
[8.755s] [ 58%] [32m[1mLinking CXX shared library libdirect_lidar_inertial_odometry__rosidl_typesupport_introspection_cpp.so[0m
[8.865s] [ 60%] [32m[1mLinking CXX shared library libdirect_lidar_inertial_odometry__rosidl_typesupport_fastrtps_c.so[0m
[8.877s] [ 60%] Built target direct_lidar_inertial_odometry__rosidl_typesupport_introspection_cpp
[8.945s] [ 60%] Built target direct_lidar_inertial_odometry__rosidl_typesupport_fastrtps_c
[8.949s] [ 63%] [32m[1mLinking CXX shared library libdirect_lidar_inertial_odometry__rosidl_typesupport_fastrtps_cpp.so[0m
[9.034s] [ 63%] Built target direct_lidar_inertial_odometry__rosidl_typesupport_fastrtps_cpp
[9.053s] [ 63%] Built target direct_lidar_inertial_odometry
[9.075s] [ 65%] [34m[1mGenerating Python code for ROS interfaces[0m
[9.412s] [ 65%] Built target direct_lidar_inertial_odometry__py
[9.430s] [ 67%] [32mBuilding C object CMakeFiles/direct_lidar_inertial_odometry__rosidl_generator_py.dir/rosidl_generator_py/direct_lidar_inertial_odometry/srv/_save_pcd_s.c.o[0m
[9.665s] [ 69%] [32m[1mLinking C shared library libdirect_lidar_inertial_odometry__rosidl_generator_py.so[0m
[9.704s] [ 69%] Built target direct_lidar_inertial_odometry__rosidl_generator_py
[9.730s] [ 76%] [32mBuilding C object CMakeFiles/direct_lidar_inertial_odometry_s__rosidl_typesupport_c.dir/rosidl_generator_py/direct_lidar_inertial_odometry/_direct_lidar_inertial_odometry_s.ep.rosidl_typesupport_c.c.o[0m
[9.730s] [ 76%] [32mBuilding C object CMakeFiles/direct_lidar_inertial_odometry_s__rosidl_typesupport_introspection_c.dir/rosidl_generator_py/direct_lidar_inertial_odometry/_direct_lidar_inertial_odometry_s.ep.rosidl_typesupport_introspection_c.c.o[0m
[9.731s] [ 76%] [32mBuilding C object CMakeFiles/direct_lidar_inertial_odometry_s__rosidl_typesupport_fastrtps_c.dir/rosidl_generator_py/direct_lidar_inertial_odometry/_direct_lidar_inertial_odometry_s.ep.rosidl_typesupport_fastrtps_c.c.o[0m
[9.879s] [ 78%] [32m[1mLinking C shared module rosidl_generator_py/direct_lidar_inertial_odometry/direct_lidar_inertial_odometry_s__rosidl_typesupport_c.so[0m
[9.909s] [ 78%] Built target direct_lidar_inertial_odometry_s__rosidl_typesupport_c
[9.956s] [ 80%] [32m[1mLinking C shared module rosidl_generator_py/direct_lidar_inertial_odometry/direct_lidar_inertial_odometry_s__rosidl_typesupport_introspection_c.so[0m
[9.965s] [ 82%] [32m[1mLinking C shared module rosidl_generator_py/direct_lidar_inertial_odometry/direct_lidar_inertial_odometry_s__rosidl_typesupport_fastrtps_c.so[0m
[9.997s] [ 82%] Built target direct_lidar_inertial_odometry_s__rosidl_typesupport_fastrtps_c
[9.998s] [ 82%] Built target direct_lidar_inertial_odometry_s__rosidl_typesupport_introspection_c
[12.136s] [ 84%] [32m[1mLinking CXX static library libnanoflann.a[0m
[12.167s] [ 84%] Built target nanoflann
[12.187s] [ 89%] [32mBuilding CXX object CMakeFiles/nano_gicp.dir/src/nano_gicp/nano_gicp.cc.o[0m
[12.187s] [ 89%] [32mBuilding CXX object CMakeFiles/nano_gicp.dir/src/nano_gicp/lsq_registration.cc.o[0m
[14.908s] [01m[K/root/ros2_ws/src/direct_lidar_inertial_odometry-feature-ros2/src/dlio/map.cc:[m[K In constructor ‘[01m[Kdlio::MapNode::[01;32m[KMapNode[m[K()[m[K’:
[14.908s] [01m[K/root/ros2_ws/src/direct_lidar_inertial_odometry-feature-ros2/src/dlio/map.cc:29:90:[m[K [01;35m[Kwarning: [m[K‘[01m[Ktypename rclcpp::Service<ServiceT>::SharedPtr rclcpp::Node::[01;32m[Kcreate_service[m[K(const std::string&, CallbackT&&, const rmw_qos_profile_t&, rclcpp::CallbackGroup::SharedPtr) [35m[K[with ServiceT = direct_lidar_inertial_odometry::srv::SavePCD; CallbackT = std::_Bind<void (dlio::MapNode::*(dlio::MapNode*, std::_Placeholder<1>, std::_Placeholder<2>))(std::shared_ptr<direct_lidar_inertial_odometry::srv::SavePCD_Request_<std::allocator<void> > >, std::shared_ptr<direct_lidar_inertial_odometry::srv::SavePCD_Response_<std::allocator<void> > >)>; typename rclcpp::Service<ServiceT>::SharedPtr = std::shared_ptr<rclcpp::Service<direct_lidar_inertial_odometry::srv::SavePCD> >; std::string = std::__cxx11::basic_string<char>; rmw_qos_profile_t = rmw_qos_profile_s; rclcpp::CallbackGroup::SharedPtr = std::shared_ptr<rclcpp::CallbackGroup>][m[K[m[K’ is deprecated: use rclcpp::QoS instead of rmw_qos_profile_t [[01;35m[K]8;;https://gcc.gnu.org/onlinedocs/gcc/Warning-Options.html#index-Wdeprecated-declarations-Wdeprecated-declarations]8;;[m[K]
[14.908s]    29 |   this->save_pcd_srv = [01;35m[Kthis->create_service<direct_lidar_inertial_odometry::srv::SavePCD>("save_pcd",[m[K
[14.908s]       |                        [01;35m[K~~~~~~~~~~~~~~~~~~~~~~~~~~~~~~~~~~~~~~~~~~~~~~~~~~~~~~~~~~~~~~~~~~^~~~~~~~~~~~[m[K
[14.909s]    30 | [01;35m[K      std::bind(&dlio::MapNode::savePCD, this, std::placeholders::_1, std::placeholders::_2), rmw_qos_profile_services_default, this->save_pcd_cb_group)[m[K;
[14.909s]       |       [01;35m[K~~~~~~~~~~~~~~~~~~~~~~~~~~~~~~~~~~~~~~~~~~~~~~~~~~~~~~~~~~~~~~~~~~~~~~~~~~~~~~~~~~~~~~~~~~~~~~~~~~~~~~~~~~~~~~~~~~~~~~~~~~~~~~~~~~~~~~~~~~~~~~~~~~[m[K
[14.909s] In file included from [01m[K/opt/ros/jazzy/include/rclcpp/rclcpp/node.hpp:1663[m[K,
[14.909s]                  from [01m[K/opt/ros/jazzy/include/rclcpp/rclcpp/executors/single_threaded_executor.hpp:28[m[K,
[14.909s]                  from [01m[K/opt/ros/jazzy/include/rclcpp/rclcpp/executors.hpp:22[m[K,
[14.910s]                  from [01m[K/opt/ros/jazzy/include/rclcpp/rclcpp/rclcpp.hpp:172[m[K,
[14.910s]                  from [01m[K/root/ros2_ws/src/direct_lidar_inertial_odometry-feature-ros2/include/dlio/map.h:16[m[K,
[14.910s]                  from [01m[K/root/ros2_ws/src/direct_lidar_inertial_odometry-feature-ros2/src/dlio/map.cc:13[m[K:
[14.910s] [01m[K/opt/ros/jazzy/include/rclcpp/rclcpp/node_impl.hpp:192:1:[m[K [01;36m[Knote: [m[Kdeclared here
[14.910s]   192 | [01;36m[KNode[m[K::create_service(
[14.910s]       | [01;36m[K^~~~[m[K
[27.510s] [ 91%] [32m[1mLinking CXX executable dlio_map_node[0m
[28.202s] [ 91%] Built target dlio_map_node
[28.358s] [ 93%] [32m[1mLinking CXX static library libnano_gicp.a[0m
[28.395s] [ 93%] Built target nano_gicp
[28.414s] [ 95%] [32mBuilding CXX object CMakeFiles/dlio_odom_node.dir/src/dlio/odom_node.cc.o[0m
[28.414s] [ 97%] [32mBuilding CXX object CMakeFiles/dlio_odom_node.dir/src/dlio/odom.cc.o[0m
[78.777s] [100%] [32m[1mLinking CXX executable dlio_odom_node[0m
[79.409s] [100%] Built target dlio_odom_node
[79.419s] Invoked command in '/root/ros2_ws/build/direct_lidar_inertial_odometry' returned '0': CMAKE_PREFIX_PATH=${CMAKE_PREFIX_PATH}:/opt/ros/jazzy /usr/bin/cmake --build /root/ros2_ws/build/direct_lidar_inertial_odometry -- -j8 -l8
[79.428s] Invoking command in '/root/ros2_ws/build/direct_lidar_inertial_odometry': CMAKE_PREFIX_PATH=${CMAKE_PREFIX_PATH}:/opt/ros/jazzy /usr/bin/cmake --install /root/ros2_ws/build/direct_lidar_inertial_odometry
[79.435s] -- Install configuration: "Release"
[79.436s] -- Execute custom install script
[79.436s] -- Symlinking: /root/ros2_ws/install/direct_lidar_inertial_odometry/share/ament_index/resource_index/rosidl_interfaces/direct_lidar_inertial_odometry
[79.444s] -- Symlinking: /root/ros2_ws/install/direct_lidar_inertial_odometry/share/direct_lidar_inertial_odometry/srv/SavePCD.json
[79.453s] -- Symlinking: /root/ros2_ws/install/direct_lidar_inertial_odometry/include/direct_lidar_inertial_odometry/direct_lidar_inertial_odometry/msg/rosidl_generator_c__visibility_control.h
[79.463s] -- Symlinking: /root/ros2_ws/install/direct_lidar_inertial_odometry/include/direct_lidar_inertial_odometry/direct_lidar_inertial_odometry/srv/detail/save_pcd__functions.h
[79.471s] -- Symlinking: /root/ros2_ws/install/direct_lidar_inertial_odometry/include/direct_lidar_inertial_odometry/direct_lidar_inertial_odometry/srv/detail/save_pcd__struct.h
[79.478s] -- Symlinking: /root/ros2_ws/install/direct_lidar_inertial_odometry/include/direct_lidar_inertial_odometry/direct_lidar_inertial_odometry/srv/detail/save_pcd__type_support.h
[79.486s] -- Symlinking: /root/ros2_ws/install/direct_lidar_inertial_odometry/include/direct_lidar_inertial_odometry/direct_lidar_inertial_odometry/srv/save_pcd.h
[79.493s] -- Symlinking: /root/ros2_ws/install/direct_lidar_inertial_odometry/share/direct_lidar_inertial_odometry/environment/library_path.sh
[79.501s] -- Symlinking: /root/ros2_ws/install/direct_lidar_inertial_odometry/share/direct_lidar_inertial_odometry/environment/library_path.dsv
[79.509s] -- Symlinking: /root/ros2_ws/install/direct_lidar_inertial_odometry/include/direct_lidar_inertial_odometry/direct_lidar_inertial_odometry/msg/rosidl_typesupport_fastrtps_c__visibility_control.h
[79.516s] -- Symlinking: /root/ros2_ws/install/direct_lidar_inertial_odometry/include/direct_lidar_inertial_odometry/direct_lidar_inertial_odometry/srv/detail/save_pcd__rosidl_typesupport_fastrtps_c.h
[79.524s] -- Symlinking: /root/ros2_ws/install/direct_lidar_inertial_odometry/include/direct_lidar_inertial_odometry/direct_lidar_inertial_odometry/msg/rosidl_typesupport_introspection_c__visibility_control.h
[79.531s] -- Symlinking: /root/ros2_ws/install/direct_lidar_inertial_odometry/include/direct_lidar_inertial_odometry/direct_lidar_inertial_odometry/srv/detail/save_pcd__rosidl_typesupport_introspection_c.h
[79.539s] -- Symlinking: /root/ros2_ws/install/direct_lidar_inertial_odometry/include/direct_lidar_inertial_odometry/direct_lidar_inertial_odometry/msg/rosidl_generator_cpp__visibility_control.hpp
[79.546s] -- Symlinking: /root/ros2_ws/install/direct_lidar_inertial_odometry/include/direct_lidar_inertial_odometry/direct_lidar_inertial_odometry/srv/detail/save_pcd__builder.hpp
[79.555s] -- Symlinking: /root/ros2_ws/install/direct_lidar_inertial_odometry/include/direct_lidar_inertial_odometry/direct_lidar_inertial_odometry/srv/detail/save_pcd__struct.hpp
[79.564s] -- Symlinking: /root/ros2_ws/install/direct_lidar_inertial_odometry/include/direct_lidar_inertial_odometry/direct_lidar_inertial_odometry/srv/detail/save_pcd__traits.hpp
[79.571s] -- Symlinking: /root/ros2_ws/install/direct_lidar_inertial_odometry/include/direct_lidar_inertial_odometry/direct_lidar_inertial_odometry/srv/detail/save_pcd__type_support.hpp
[79.579s] -- Symlinking: /root/ros2_ws/install/direct_lidar_inertial_odometry/include/direct_lidar_inertial_odometry/direct_lidar_inertial_odometry/srv/save_pcd.hpp
[79.587s] -- Symlinking: /root/ros2_ws/install/direct_lidar_inertial_odometry/include/direct_lidar_inertial_odometry/direct_lidar_inertial_odometry/msg/rosidl_typesupport_fastrtps_cpp__visibility_control.h
[79.594s] -- Symlinking: /root/ros2_ws/install/direct_lidar_inertial_odometry/include/direct_lidar_inertial_odometry/direct_lidar_inertial_odometry/srv/detail/save_pcd__rosidl_typesupport_fastrtps_cpp.hpp
[79.602s] -- Symlinking: /root/ros2_ws/install/direct_lidar_inertial_odometry/include/direct_lidar_inertial_odometry/direct_lidar_inertial_odometry/srv/detail/save_pcd__rosidl_typesupport_introspection_cpp.hpp
[79.609s] -- Symlinking: /root/ros2_ws/install/direct_lidar_inertial_odometry/share/direct_lidar_inertial_odometry/environment/pythonpath.sh
[79.617s] -- Symlinking: /root/ros2_ws/install/direct_lidar_inertial_odometry/share/direct_lidar_inertial_odometry/environment/pythonpath.dsv
[79.625s] -- Symlinking: /root/ros2_ws/install/direct_lidar_inertial_odometry/lib/python3.12/site-packages/direct_lidar_inertial_odometry-1.1.1-py3.12.egg-info/PKG-INFO
[79.632s] -- Symlinking: /root/ros2_ws/install/direct_lidar_inertial_odometry/lib/python3.12/site-packages/direct_lidar_inertial_odometry-1.1.1-py3.12.egg-info/SOURCES.txt
[79.640s] -- Symlinking: /root/ros2_ws/install/direct_lidar_inertial_odometry/lib/python3.12/site-packages/direct_lidar_inertial_odometry-1.1.1-py3.12.egg-info/dependency_links.txt
[79.647s] -- Symlinking: /root/ros2_ws/install/direct_lidar_inertial_odometry/lib/python3.12/site-packages/direct_lidar_inertial_odometry-1.1.1-py3.12.egg-info/top_level.txt
[79.657s] -- Symlinking: /root/ros2_ws/install/direct_lidar_inertial_odometry/lib/python3.12/site-packages/direct_lidar_inertial_odometry/__init__.py
[79.666s] -- Symlinking: /root/ros2_ws/install/direct_lidar_inertial_odometry/lib/python3.12/site-packages/direct_lidar_inertial_odometry/_direct_lidar_inertial_odometry_s.ep.rosidl_typesupport_c.c
[79.674s] -- Symlinking: /root/ros2_ws/install/direct_lidar_inertial_odometry/lib/python3.12/site-packages/direct_lidar_inertial_odometry/_direct_lidar_inertial_odometry_s.ep.rosidl_typesupport_fastrtps_c.c
[79.681s] -- Symlinking: /root/ros2_ws/install/direct_lidar_inertial_odometry/lib/python3.12/site-packages/direct_lidar_inertial_odometry/_direct_lidar_inertial_odometry_s.ep.rosidl_typesupport_introspection_c.c
[79.689s] -- Symlinking: /root/ros2_ws/install/direct_lidar_inertial_odometry/lib/python3.12/site-packages/direct_lidar_inertial_odometry/direct_lidar_inertial_odometry_s__rosidl_typesupport_c.so
[79.696s] -- Symlinking: /root/ros2_ws/install/direct_lidar_inertial_odometry/lib/python3.12/site-packages/direct_lidar_inertial_odometry/direct_lidar_inertial_odometry_s__rosidl_typesupport_fastrtps_c.so
[79.704s] -- Symlinking: /root/ros2_ws/install/direct_lidar_inertial_odometry/lib/python3.12/site-packages/direct_lidar_inertial_odometry/direct_lidar_inertial_odometry_s__rosidl_typesupport_introspection_c.so
[79.711s] -- Symlinking: /root/ros2_ws/install/direct_lidar_inertial_odometry/lib/python3.12/site-packages/direct_lidar_inertial_odometry/srv/__init__.py
[79.719s] -- Symlinking: /root/ros2_ws/install/direct_lidar_inertial_odometry/lib/python3.12/site-packages/direct_lidar_inertial_odometry/srv/_save_pcd.py
[79.726s] -- Symlinking: /root/ros2_ws/install/direct_lidar_inertial_odometry/lib/python3.12/site-packages/direct_lidar_inertial_odometry/srv/_save_pcd_s.c
[79.734s] -- Up-to-date symlink: /root/ros2_ws/install/direct_lidar_inertial_odometry/lib/python3.12/site-packages/direct_lidar_inertial_odometry/direct_lidar_inertial_odometry_s__rosidl_typesupport_fastrtps_c.so
[79.734s] -- Up-to-date symlink: /root/ros2_ws/install/direct_lidar_inertial_odometry/lib/python3.12/site-packages/direct_lidar_inertial_odometry/direct_lidar_inertial_odometry_s__rosidl_typesupport_introspection_c.so
[79.734s] -- Up-to-date symlink: /root/ros2_ws/install/direct_lidar_inertial_odometry/lib/python3.12/site-packages/direct_lidar_inertial_odometry/direct_lidar_inertial_odometry_s__rosidl_typesupport_c.so
[79.734s] -- Symlinking: /root/ros2_ws/install/direct_lidar_inertial_odometry/share/ament_index/resource_index/rust_packages/direct_lidar_inertial_odometry
[79.742s] -- Symlinking: /root/ros2_ws/install/direct_lidar_inertial_odometry/share/direct_lidar_inertial_odometry/rust/Cargo.toml
[79.750s] -- Symlinking: /root/ros2_ws/install/direct_lidar_inertial_odometry/share/direct_lidar_inertial_odometry/rust/build.rs
[79.760s] -- Symlinking: /root/ros2_ws/install/direct_lidar_inertial_odometry/share/direct_lidar_inertial_odometry/rust/src/lib.rs
[79.768s] -- Symlinking: /root/ros2_ws/install/direct_lidar_inertial_odometry/share/direct_lidar_inertial_odometry/rust/src/srv.rs
[79.775s] -- Symlinking: /root/ros2_ws/install/direct_lidar_inertial_odometry/share/direct_lidar_inertial_odometry/rust/src/srv/rmw.rs
[79.783s] -- Symlinking: /root/ros2_ws/install/direct_lidar_inertial_odometry/share/direct_lidar_inertial_odometry/srv/SavePCD.idl
[79.790s] -- Symlinking: /root/ros2_ws/install/direct_lidar_inertial_odometry/share/direct_lidar_inertial_odometry/srv/SavePCD.srv
[79.799s] -- Symlinking: /root/ros2_ws/install/direct_lidar_inertial_odometry/share/ament_index/resource_index/package_run_dependencies/direct_lidar_inertial_odometry
[79.806s] -- Symlinking: /root/ros2_ws/install/direct_lidar_inertial_odometry/share/ament_index/resource_index/parent_prefix_path/direct_lidar_inertial_odometry
[79.814s] -- Symlinking: /root/ros2_ws/install/direct_lidar_inertial_odometry/share/direct_lidar_inertial_odometry/environment/ament_prefix_path.sh
[79.821s] -- Symlinking: /root/ros2_ws/install/direct_lidar_inertial_odometry/share/direct_lidar_inertial_odometry/environment/ament_prefix_path.dsv
[79.829s] -- Symlinking: /root/ros2_ws/install/direct_lidar_inertial_odometry/share/direct_lidar_inertial_odometry/environment/path.sh
[79.836s] -- Symlinking: /root/ros2_ws/install/direct_lidar_inertial_odometry/share/direct_lidar_inertial_odometry/environment/path.dsv
[79.844s] -- Symlinking: /root/ros2_ws/install/direct_lidar_inertial_odometry/share/direct_lidar_inertial_odometry/local_setup.bash
[79.853s] -- Symlinking: /root/ros2_ws/install/direct_lidar_inertial_odometry/share/direct_lidar_inertial_odometry/local_setup.sh
[79.862s] -- Symlinking: /root/ros2_ws/install/direct_lidar_inertial_odometry/share/direct_lidar_inertial_odometry/local_setup.zsh
[79.871s] -- Symlinking: /root/ros2_ws/install/direct_lidar_inertial_odometry/share/direct_lidar_inertial_odometry/local_setup.dsv
[79.879s] -- Symlinking: /root/ros2_ws/install/direct_lidar_inertial_odometry/share/direct_lidar_inertial_odometry/package.dsv
[79.887s] -- Symlinking: /root/ros2_ws/install/direct_lidar_inertial_odometry/share/ament_index/resource_index/packages/direct_lidar_inertial_odometry
[79.894s] -- Symlinking: /root/ros2_ws/install/direct_lidar_inertial_odometry/share/direct_lidar_inertial_odometry/cmake/rosidl_cmake-extras.cmake
[79.902s] -- Symlinking: /root/ros2_ws/install/direct_lidar_inertial_odometry/share/direct_lidar_inertial_odometry/cmake/ament_cmake_export_dependencies-extras.cmake
[79.910s] -- Symlinking: /root/ros2_ws/install/direct_lidar_inertial_odometry/share/direct_lidar_inertial_odometry/cmake/ament_cmake_export_include_directories-extras.cmake
[79.917s] -- Symlinking: /root/ros2_ws/install/direct_lidar_inertial_odometry/share/direct_lidar_inertial_odometry/cmake/ament_cmake_export_libraries-extras.cmake
[79.925s] -- Symlinking: /root/ros2_ws/install/direct_lidar_inertial_odometry/share/direct_lidar_inertial_odometry/cmake/ament_cmake_export_targets-extras.cmake
[79.933s] -- Symlinking: /root/ros2_ws/install/direct_lidar_inertial_odometry/share/direct_lidar_inertial_odometry/cmake/rosidl_cmake_export_typesupport_targets-extras.cmake
[79.941s] -- Symlinking: /root/ros2_ws/install/direct_lidar_inertial_odometry/share/direct_lidar_inertial_odometry/cmake/rosidl_cmake_export_typesupport_libraries-extras.cmake
[79.949s] -- Symlinking: /root/ros2_ws/install/direct_lidar_inertial_odometry/share/direct_lidar_inertial_odometry/cmake/direct_lidar_inertial_odometryConfig.cmake
[79.958s] -- Symlinking: /root/ros2_ws/install/direct_lidar_inertial_odometry/share/direct_lidar_inertial_odometry/cmake/direct_lidar_inertial_odometryConfig-version.cmake
[79.967s] -- Symlinking: /root/ros2_ws/install/direct_lidar_inertial_odometry/share/direct_lidar_inertial_odometry/package.xml
[79.975s] -- Symlinking: /root/ros2_ws/install/direct_lidar_inertial_odometry/lib/direct_lidar_inertial_odometry/dlio_odom_node
[79.982s] -- Symlinking: /root/ros2_ws/install/direct_lidar_inertial_odometry/lib/direct_lidar_inertial_odometry/dlio_map_node
[79.990s] -- Symlinking: /root/ros2_ws/install/direct_lidar_inertial_odometry/share/direct_lidar_inertial_odometry/cfg/dlio.yaml
[79.997s] -- Symlinking: /root/ros2_ws/install/direct_lidar_inertial_odometry/share/direct_lidar_inertial_odometry/cfg/params.yaml
[80.005s] -- Symlinking: /root/ros2_ws/install/direct_lidar_inertial_odometry/share/direct_lidar_inertial_odometry/launch/dlio.launch.py
[80.013s] -- Symlinking: /root/ros2_ws/install/direct_lidar_inertial_odometry/share/direct_lidar_inertial_odometry/launch/dlio.rviz
[80.020s] -- Installing: /root/ros2_ws/install/direct_lidar_inertial_odometry/lib/libdirect_lidar_inertial_odometry__rosidl_generator_c.so
[80.020s] -- Set non-toolchain portion of runtime path of "/root/ros2_ws/install/direct_lidar_inertial_odometry/lib/libdirect_lidar_inertial_odometry__rosidl_generator_c.so" to ""
[80.020s] -- Installing: /root/ros2_ws/install/direct_lidar_inertial_odometry/lib/libdirect_lidar_inertial_odometry__rosidl_typesupport_fastrtps_c.so
[80.021s] -- Set non-toolchain portion of runtime path of "/root/ros2_ws/install/direct_lidar_inertial_odometry/lib/libdirect_lidar_inertial_odometry__rosidl_typesupport_fastrtps_c.so" to ""
[80.021s] -- Installing: /root/ros2_ws/install/direct_lidar_inertial_odometry/lib/libdirect_lidar_inertial_odometry__rosidl_typesupport_introspection_c.so
[80.021s] -- Set non-toolchain portion of runtime path of "/root/ros2_ws/install/direct_lidar_inertial_odometry/lib/libdirect_lidar_inertial_odometry__rosidl_typesupport_introspection_c.so" to ""
[80.021s] -- Installing: /root/ros2_ws/install/direct_lidar_inertial_odometry/lib/libdirect_lidar_inertial_odometry__rosidl_typesupport_c.so
[80.021s] -- Set non-toolchain portion of runtime path of "/root/ros2_ws/install/direct_lidar_inertial_odometry/lib/libdirect_lidar_inertial_odometry__rosidl_typesupport_c.so" to ""
[80.021s] -- Installing: /root/ros2_ws/install/direct_lidar_inertial_odometry/lib/libdirect_lidar_inertial_odometry__rosidl_typesupport_fastrtps_cpp.so
[80.022s] -- Set non-toolchain portion of runtime path of "/root/ros2_ws/install/direct_lidar_inertial_odometry/lib/libdirect_lidar_inertial_odometry__rosidl_typesupport_fastrtps_cpp.so" to ""
[80.022s] -- Installing: /root/ros2_ws/install/direct_lidar_inertial_odometry/lib/libdirect_lidar_inertial_odometry__rosidl_typesupport_introspection_cpp.so
[80.022s] -- Set non-toolchain portion of runtime path of "/root/ros2_ws/install/direct_lidar_inertial_odometry/lib/libdirect_lidar_inertial_odometry__rosidl_typesupport_introspection_cpp.so" to ""
[80.022s] -- Installing: /root/ros2_ws/install/direct_lidar_inertial_odometry/lib/libdirect_lidar_inertial_odometry__rosidl_typesupport_cpp.so
[80.022s] -- Set non-toolchain portion of runtime path of "/root/ros2_ws/install/direct_lidar_inertial_odometry/lib/libdirect_lidar_inertial_odometry__rosidl_typesupport_cpp.so" to ""
[80.062s] Listing '/root/ros2_ws/install/direct_lidar_inertial_odometry/lib/python3.12/site-packages/direct_lidar_inertial_odometry'...
[80.062s] Compiling '/root/ros2_ws/install/direct_lidar_inertial_odometry/lib/python3.12/site-packages/direct_lidar_inertial_odometry/__init__.py'...
[80.062s] Listing '/root/ros2_ws/install/direct_lidar_inertial_odometry/lib/python3.12/site-packages/direct_lidar_inertial_odometry/srv'...
[80.062s] Compiling '/root/ros2_ws/install/direct_lidar_inertial_odometry/lib/python3.12/site-packages/direct_lidar_inertial_odometry/srv/__init__.py'...
[80.062s] Compiling '/root/ros2_ws/install/direct_lidar_inertial_odometry/lib/python3.12/site-packages/direct_lidar_inertial_odometry/srv/_save_pcd.py'...
[80.067s] -- Installing: /root/ros2_ws/install/direct_lidar_inertial_odometry/lib/libdirect_lidar_inertial_odometry__rosidl_generator_py.so
[80.068s] -- Set non-toolchain portion of runtime path of "/root/ros2_ws/install/direct_lidar_inertial_odometry/lib/libdirect_lidar_inertial_odometry__rosidl_generator_py.so" to ""
[80.068s] -- Installing: /root/ros2_ws/install/direct_lidar_inertial_odometry/share/direct_lidar_inertial_odometry/cmake/export_direct_lidar_inertial_odometry__rosidl_generator_cExport.cmake
[80.068s] -- Installing: /root/ros2_ws/install/direct_lidar_inertial_odometry/share/direct_lidar_inertial_odometry/cmake/export_direct_lidar_inertial_odometry__rosidl_generator_cExport-release.cmake
[80.068s] -- Installing: /root/ros2_ws/install/direct_lidar_inertial_odometry/share/direct_lidar_inertial_odometry/cmake/export_direct_lidar_inertial_odometry__rosidl_typesupport_fastrtps_cExport.cmake
[80.068s] -- Installing: /root/ros2_ws/install/direct_lidar_inertial_odometry/share/direct_lidar_inertial_odometry/cmake/export_direct_lidar_inertial_odometry__rosidl_typesupport_fastrtps_cExport-release.cmake
[80.068s] -- Installing: /root/ros2_ws/install/direct_lidar_inertial_odometry/share/direct_lidar_inertial_odometry/cmake/direct_lidar_inertial_odometry__rosidl_typesupport_introspection_cExport.cmake
[80.069s] -- Installing: /root/ros2_ws/install/direct_lidar_inertial_odometry/share/direct_lidar_inertial_odometry/cmake/direct_lidar_inertial_odometry__rosidl_typesupport_introspection_cExport-release.cmake
[80.069s] -- Installing: /root/ros2_ws/install/direct_lidar_inertial_odometry/share/direct_lidar_inertial_odometry/cmake/direct_lidar_inertial_odometry__rosidl_typesupport_cExport.cmake
[80.069s] -- Installing: /root/ros2_ws/install/direct_lidar_inertial_odometry/share/direct_lidar_inertial_odometry/cmake/direct_lidar_inertial_odometry__rosidl_typesupport_cExport-release.cmake
[80.069s] -- Installing: /root/ros2_ws/install/direct_lidar_inertial_odometry/share/direct_lidar_inertial_odometry/cmake/export_direct_lidar_inertial_odometry__rosidl_generator_cppExport.cmake
[80.069s] -- Installing: /root/ros2_ws/install/direct_lidar_inertial_odometry/share/direct_lidar_inertial_odometry/cmake/export_direct_lidar_inertial_odometry__rosidl_typesupport_fastrtps_cppExport.cmake
[80.069s] -- Installing: /root/ros2_ws/install/direct_lidar_inertial_odometry/share/direct_lidar_inertial_odometry/cmake/export_direct_lidar_inertial_odometry__rosidl_typesupport_fastrtps_cppExport-release.cmake
[80.069s] -- Installing: /root/ros2_ws/install/direct_lidar_inertial_odometry/share/direct_lidar_inertial_odometry/cmake/direct_lidar_inertial_odometry__rosidl_typesupport_introspection_cppExport.cmake
[80.069s] -- Installing: /root/ros2_ws/install/direct_lidar_inertial_odometry/share/direct_lidar_inertial_odometry/cmake/direct_lidar_inertial_odometry__rosidl_typesupport_introspection_cppExport-release.cmake
[80.069s] -- Installing: /root/ros2_ws/install/direct_lidar_inertial_odometry/share/direct_lidar_inertial_odometry/cmake/direct_lidar_inertial_odometry__rosidl_typesupport_cppExport.cmake
[80.070s] -- Installing: /root/ros2_ws/install/direct_lidar_inertial_odometry/share/direct_lidar_inertial_odometry/cmake/direct_lidar_inertial_odometry__rosidl_typesupport_cppExport-release.cmake
[80.070s] -- Installing: /root/ros2_ws/install/direct_lidar_inertial_odometry/share/direct_lidar_inertial_odometry/cmake/export_direct_lidar_inertial_odometry__rosidl_generator_pyExport.cmake
[80.070s] -- Installing: /root/ros2_ws/install/direct_lidar_inertial_odometry/share/direct_lidar_inertial_odometry/cmake/export_direct_lidar_inertial_odometry__rosidl_generator_pyExport-release.cmake
[80.072s] Invoked command in '/root/ros2_ws/build/direct_lidar_inertial_odometry' returned '0': CMAKE_PREFIX_PATH=${CMAKE_PREFIX_PATH}:/opt/ros/jazzy /usr/bin/cmake --install /root/ros2_ws/build/direct_lidar_inertial_odometry
