[0.016s] Invoking command in '/root/ros2_ws/build/ros2_numpy': CMAKE_PREFIX_PATH=${CMAKE_PREFIX_PATH}:/opt/ros/jazzy /usr/bin/cmake /root/ros2_ws/src/ros2_numpy -DAMENT_CMAKE_SYMLINK_INSTALL=1 -DCMAKE_INSTALL_PREFIX=/root/ros2_ws/install/ros2_numpy
[0.127s] -- The C compiler identification is GNU 13.3.0
[0.216s] -- The CXX compiler identification is GNU 13.3.0
[0.238s] -- Detecting C compiler ABI info
[0.325s] -- Detecting C compiler ABI info - done
[0.335s] -- Check for working C compiler: /usr/bin/cc - skipped
[0.338s] -- Detecting C compile features
[0.338s] -- Detecting C compile features - done
[0.347s] -- Detecting CXX compiler ABI info
[0.448s] -- Detecting CXX compiler ABI info - done
[0.460s] -- Check for working CXX compiler: /usr/bin/c++ - skipped
[0.460s] -- Detecting CXX compile features
[0.461s] -- Detecting CXX compile features - done
[0.476s] -- Found ament_cmake: 2.5.6 (/opt/ros/jazzy/share/ament_cmake/cmake)
[0.627s] -- Found Python3: /usr/bin/python3 (found version "3.12.3") found components: Interpreter 
[0.701s] -- Override CMake install command with custom implementation using symlinks instead of copying resources
[0.778s] -- Found sensor_msgs: 5.3.7 (/opt/ros/jazzy/share/sensor_msgs/cmake)
[0.839s] -- Found rosidl_generator_c: 4.6.7 (/opt/ros/jazzy/share/rosidl_generator_c/cmake)
[0.859s] -- Found rosidl_generator_cpp: 4.6.7 (/opt/ros/jazzy/share/rosidl_generator_cpp/cmake)
[0.884s] -- Using all available rosidl_typesupport_c: rosidl_typesupport_fastrtps_c;rosidl_typesupport_introspection_c
[0.909s] -- Using all available rosidl_typesupport_cpp: rosidl_typesupport_fastrtps_cpp;rosidl_typesupport_introspection_cpp
[1.016s] -- Found nav_msgs: 5.3.7 (/opt/ros/jazzy/share/nav_msgs/cmake)
[1.148s] -- Found rclpy: 7.1.11 (/opt/ros/jazzy/share/rclpy/cmake)
[1.152s] -- Found ament_cmake_pytest: 2.5.6 (/opt/ros/jazzy/share/ament_cmake_pytest/cmake)
[3.107s] -- Configuring done (3.1s)
[3.112s] -- Generating done (0.0s)
[3.114s] -- Build files have been written to: /root/ros2_ws/build/ros2_numpy
[3.119s] Invoked command in '/root/ros2_ws/build/ros2_numpy' returned '0': CMAKE_PREFIX_PATH=${CMAKE_PREFIX_PATH}:/opt/ros/jazzy /usr/bin/cmake /root/ros2_ws/src/ros2_numpy -DAMENT_CMAKE_SYMLINK_INSTALL=1 -DCMAKE_INSTALL_PREFIX=/root/ros2_ws/install/ros2_numpy
[3.120s] Invoking command in '/root/ros2_ws/build/ros2_numpy': CMAKE_PREFIX_PATH=${CMAKE_PREFIX_PATH}:/opt/ros/jazzy /usr/bin/cmake --build /root/ros2_ws/build/ros2_numpy -- -j8 -l8
[3.168s] Built target ament_cmake_python_symlink_ros2_numpy
[3.380s] running egg_info
[3.381s] creating ros2_numpy.egg-info
[3.401s] writing ros2_numpy.egg-info/PKG-INFO
[3.402s] writing dependency_links to ros2_numpy.egg-info/dependency_links.txt
[3.402s] writing top-level names to ros2_numpy.egg-info/top_level.txt
[3.402s] writing manifest file 'ros2_numpy.egg-info/SOURCES.txt'
[3.461s] reading manifest file 'ros2_numpy.egg-info/SOURCES.txt'
[3.461s] writing manifest file 'ros2_numpy.egg-info/SOURCES.txt'
[3.489s] Built target ament_cmake_python_build_ros2_numpy_egg
[3.498s] Invoked command in '/root/ros2_ws/build/ros2_numpy' returned '0': CMAKE_PREFIX_PATH=${CMAKE_PREFIX_PATH}:/opt/ros/jazzy /usr/bin/cmake --build /root/ros2_ws/build/ros2_numpy -- -j8 -l8
[3.509s] Invoking command in '/root/ros2_ws/build/ros2_numpy': CMAKE_PREFIX_PATH=${CMAKE_PREFIX_PATH}:/opt/ros/jazzy /usr/bin/cmake --install /root/ros2_ws/build/ros2_numpy
[3.519s] -- Install configuration: ""
[3.519s] -- Execute custom install script
[3.519s] -- Symlinking: /root/ros2_ws/install/ros2_numpy/share/ros2_numpy/environment/pythonpath.sh
[3.528s] -- Symlinking: /root/ros2_ws/install/ros2_numpy/share/ros2_numpy/environment/pythonpath.dsv
[3.536s] -- Symlinking: /root/ros2_ws/install/ros2_numpy/lib/python3.12/site-packages/ros2_numpy-2.0.12-py3.12.egg-info/PKG-INFO
[3.544s] -- Symlinking: /root/ros2_ws/install/ros2_numpy/lib/python3.12/site-packages/ros2_numpy-2.0.12-py3.12.egg-info/SOURCES.txt
[3.554s] -- Symlinking: /root/ros2_ws/install/ros2_numpy/lib/python3.12/site-packages/ros2_numpy-2.0.12-py3.12.egg-info/dependency_links.txt
[3.562s] -- Symlinking: /root/ros2_ws/install/ros2_numpy/lib/python3.12/site-packages/ros2_numpy-2.0.12-py3.12.egg-info/top_level.txt
[3.570s] -- Symlinking: /root/ros2_ws/install/ros2_numpy/lib/python3.12/site-packages/ros2_numpy/__init__.py
[3.578s] -- Symlinking: /root/ros2_ws/install/ros2_numpy/lib/python3.12/site-packages/ros2_numpy/geometry.py
[3.585s] -- Symlinking: /root/ros2_ws/install/ros2_numpy/lib/python3.12/site-packages/ros2_numpy/image.py
[3.594s] -- Symlinking: /root/ros2_ws/install/ros2_numpy/lib/python3.12/site-packages/ros2_numpy/laser_scan.py
[3.602s] -- Symlinking: /root/ros2_ws/install/ros2_numpy/lib/python3.12/site-packages/ros2_numpy/occupancy_grid.py
[3.609s] -- Symlinking: /root/ros2_ws/install/ros2_numpy/lib/python3.12/site-packages/ros2_numpy/point_cloud2.py
[3.616s] -- Symlinking: /root/ros2_ws/install/ros2_numpy/lib/python3.12/site-packages/ros2_numpy/registry.py
[3.624s] -- Symlinking: /root/ros2_ws/install/ros2_numpy/share/ament_index/resource_index/package_run_dependencies/ros2_numpy
[3.632s] -- Symlinking: /root/ros2_ws/install/ros2_numpy/share/ament_index/resource_index/parent_prefix_path/ros2_numpy
[3.640s] -- Symlinking: /root/ros2_ws/install/ros2_numpy/share/ros2_numpy/environment/ament_prefix_path.sh
[3.647s] -- Symlinking: /root/ros2_ws/install/ros2_numpy/share/ros2_numpy/environment/ament_prefix_path.dsv
[3.657s] -- Symlinking: /root/ros2_ws/install/ros2_numpy/share/ros2_numpy/environment/path.sh
[3.665s] -- Symlinking: /root/ros2_ws/install/ros2_numpy/share/ros2_numpy/environment/path.dsv
[3.674s] -- Symlinking: /root/ros2_ws/install/ros2_numpy/share/ros2_numpy/local_setup.bash
[3.682s] -- Symlinking: /root/ros2_ws/install/ros2_numpy/share/ros2_numpy/local_setup.sh
[3.690s] -- Symlinking: /root/ros2_ws/install/ros2_numpy/share/ros2_numpy/local_setup.zsh
[3.702s] -- Symlinking: /root/ros2_ws/install/ros2_numpy/share/ros2_numpy/local_setup.dsv
[3.710s] -- Symlinking: /root/ros2_ws/install/ros2_numpy/share/ros2_numpy/package.dsv
[3.719s] -- Symlinking: /root/ros2_ws/install/ros2_numpy/share/ament_index/resource_index/packages/ros2_numpy
[3.727s] -- Symlinking: /root/ros2_ws/install/ros2_numpy/share/ros2_numpy/cmake/ament_cmake_export_dependencies-extras.cmake
[3.741s] -- Symlinking: /root/ros2_ws/install/ros2_numpy/share/ros2_numpy/cmake/ros2_numpyConfig.cmake
[3.748s] -- Symlinking: /root/ros2_ws/install/ros2_numpy/share/ros2_numpy/cmake/ros2_numpyConfig-version.cmake
[3.757s] -- Symlinking: /root/ros2_ws/install/ros2_numpy/share/ros2_numpy/package.xml
[3.810s] Listing '/root/ros2_ws/install/ros2_numpy/lib/python3.12/site-packages/ros2_numpy'...
[3.810s] Compiling '/root/ros2_ws/install/ros2_numpy/lib/python3.12/site-packages/ros2_numpy/__init__.py'...
[3.810s] Compiling '/root/ros2_ws/install/ros2_numpy/lib/python3.12/site-packages/ros2_numpy/geometry.py'...
[3.811s] Compiling '/root/ros2_ws/install/ros2_numpy/lib/python3.12/site-packages/ros2_numpy/image.py'...
[3.811s] Compiling '/root/ros2_ws/install/ros2_numpy/lib/python3.12/site-packages/ros2_numpy/laser_scan.py'...
[3.811s] Compiling '/root/ros2_ws/install/ros2_numpy/lib/python3.12/site-packages/ros2_numpy/occupancy_grid.py'...
[3.811s] Compiling '/root/ros2_ws/install/ros2_numpy/lib/python3.12/site-packages/ros2_numpy/point_cloud2.py'...
[3.811s] Compiling '/root/ros2_ws/install/ros2_numpy/lib/python3.12/site-packages/ros2_numpy/registry.py'...
[3.819s] Invoked command in '/root/ros2_ws/build/ros2_numpy' returned '0': CMAKE_PREFIX_PATH=${CMAKE_PREFIX_PATH}:/opt/ros/jazzy /usr/bin/cmake --install /root/ros2_ws/build/ros2_numpy
