[  3%] Built target elevation_map_msgs__rs
[  3%] Built target elevation_map_msgs__rosidl_generator_type_description
[  3%] Built target ament_cmake_python_symlink_elevation_map_msgs
[  4%] Built target elevation_map_msgs__cpp
[ 26%] Built target elevation_map_msgs__rosidl_generator_c
[ 35%] Built target elevation_map_msgs__rosidl_typesupport_c
[ 44%] Built target elevation_map_msgs__rosidl_typesupport_introspection_c
[ 53%] Built target elevation_map_msgs__rosidl_typesupport_introspection_cpp
[ 63%] Built target elevation_map_msgs__rosidl_typesupport_fastrtps_c
[ 72%] Built target elevation_map_msgs__rosidl_typesupport_fastrtps_cpp
[ 81%] Built target elevation_map_msgs__rosidl_typesupport_cpp
[ 81%] Built target elevation_map_msgs
[ 83%] Built target elevation_map_msgs__py
[ 90%] Built target elevation_map_msgs__rosidl_generator_py
[ 93%] Built target elevation_map_msgs_s__rosidl_typesupport_c
[ 96%] Built target elevation_map_msgs_s__rosidl_typesupport_fastrtps_c
[100%] Built target elevation_map_msgs_s__rosidl_typesupport_introspection_c
running egg_info
writing elevation_map_msgs.egg-info/PKG-INFO
writing dependency_links to elevation_map_msgs.egg-info/dependency_links.txt
writing top-level names to elevation_map_msgs.egg-info/top_level.txt
reading manifest file 'elevation_map_msgs.egg-info/SOURCES.txt'
writing manifest file 'elevation_map_msgs.egg-info/SOURCES.txt'
[100%] Built target ament_cmake_python_build_elevation_map_msgs_egg
-- Install configuration: ""
-- Execute custom install script
-- Up-to-date symlink: /root/ros2_ws/install/elevation_map_msgs/share/ament_index/resource_index/rosidl_interfaces/elevation_map_msgs
-- Up-to-date symlink: /root/ros2_ws/install/elevation_map_msgs/share/elevation_map_msgs/msg/Statistics.json
-- Up-to-date symlink: /root/ros2_ws/install/elevation_map_msgs/share/elevation_map_msgs/msg/ChannelInfo.json
-- Up-to-date symlink: /root/ros2_ws/install/elevation_map_msgs/share/elevation_map_msgs/srv/CheckSafety.json
-- Up-to-date symlink: /root/ros2_ws/install/elevation_map_msgs/share/elevation_map_msgs/srv/Initialize.json
-- Up-to-date symlink: /root/ros2_ws/install/elevation_map_msgs/include/elevation_map_msgs/elevation_map_msgs/msg/channel_info.h
-- Up-to-date symlink: /root/ros2_ws/install/elevation_map_msgs/include/elevation_map_msgs/elevation_map_msgs/msg/detail/channel_info__functions.h
-- Up-to-date symlink: /root/ros2_ws/install/elevation_map_msgs/include/elevation_map_msgs/elevation_map_msgs/msg/detail/channel_info__struct.h
-- Up-to-date symlink: /root/ros2_ws/install/elevation_map_msgs/include/elevation_map_msgs/elevation_map_msgs/msg/detail/channel_info__type_support.h
-- Up-to-date symlink: /root/ros2_ws/install/elevation_map_msgs/include/elevation_map_msgs/elevation_map_msgs/msg/detail/statistics__functions.h
-- Up-to-date symlink: /root/ros2_ws/install/elevation_map_msgs/include/elevation_map_msgs/elevation_map_msgs/msg/detail/statistics__struct.h
-- Up-to-date symlink: /root/ros2_ws/install/elevation_map_msgs/include/elevation_map_msgs/elevation_map_msgs/msg/detail/statistics__type_support.h
-- Up-to-date symlink: /root/ros2_ws/install/elevation_map_msgs/include/elevation_map_msgs/elevation_map_msgs/msg/rosidl_generator_c__visibility_control.h
-- Up-to-date symlink: /root/ros2_ws/install/elevation_map_msgs/include/elevation_map_msgs/elevation_map_msgs/msg/statistics.h
-- Up-to-date symlink: /root/ros2_ws/install/elevation_map_msgs/include/elevation_map_msgs/elevation_map_msgs/srv/check_safety.h
-- Up-to-date symlink: /root/ros2_ws/install/elevation_map_msgs/include/elevation_map_msgs/elevation_map_msgs/srv/detail/check_safety__functions.h
-- Up-to-date symlink: /root/ros2_ws/install/elevation_map_msgs/include/elevation_map_msgs/elevation_map_msgs/srv/detail/check_safety__struct.h
-- Up-to-date symlink: /root/ros2_ws/install/elevation_map_msgs/include/elevation_map_msgs/elevation_map_msgs/srv/detail/check_safety__type_support.h
-- Up-to-date symlink: /root/ros2_ws/install/elevation_map_msgs/include/elevation_map_msgs/elevation_map_msgs/srv/detail/initialize__functions.h
-- Up-to-date symlink: /root/ros2_ws/install/elevation_map_msgs/include/elevation_map_msgs/elevation_map_msgs/srv/detail/initialize__struct.h
-- Up-to-date symlink: /root/ros2_ws/install/elevation_map_msgs/include/elevation_map_msgs/elevation_map_msgs/srv/detail/initialize__type_support.h
-- Up-to-date symlink: /root/ros2_ws/install/elevation_map_msgs/include/elevation_map_msgs/elevation_map_msgs/srv/initialize.h
-- Up-to-date symlink: /root/ros2_ws/install/elevation_map_msgs/share/elevation_map_msgs/environment/library_path.sh
-- Up-to-date symlink: /root/ros2_ws/install/elevation_map_msgs/share/elevation_map_msgs/environment/library_path.dsv
-- Up-to-date symlink: /root/ros2_ws/install/elevation_map_msgs/include/elevation_map_msgs/elevation_map_msgs/msg/detail/channel_info__rosidl_typesupport_fastrtps_c.h
-- Up-to-date symlink: /root/ros2_ws/install/elevation_map_msgs/include/elevation_map_msgs/elevation_map_msgs/msg/detail/statistics__rosidl_typesupport_fastrtps_c.h
-- Up-to-date symlink: /root/ros2_ws/install/elevation_map_msgs/include/elevation_map_msgs/elevation_map_msgs/msg/rosidl_typesupport_fastrtps_c__visibility_control.h
-- Up-to-date symlink: /root/ros2_ws/install/elevation_map_msgs/include/elevation_map_msgs/elevation_map_msgs/srv/detail/check_safety__rosidl_typesupport_fastrtps_c.h
-- Up-to-date symlink: /root/ros2_ws/install/elevation_map_msgs/include/elevation_map_msgs/elevation_map_msgs/srv/detail/initialize__rosidl_typesupport_fastrtps_c.h
-- Up-to-date symlink: /root/ros2_ws/install/elevation_map_msgs/include/elevation_map_msgs/elevation_map_msgs/msg/channel_info.hpp
-- Up-to-date symlink: /root/ros2_ws/install/elevation_map_msgs/include/elevation_map_msgs/elevation_map_msgs/msg/detail/channel_info__builder.hpp
-- Up-to-date symlink: /root/ros2_ws/install/elevation_map_msgs/include/elevation_map_msgs/elevation_map_msgs/msg/detail/channel_info__struct.hpp
-- Up-to-date symlink: /root/ros2_ws/install/elevation_map_msgs/include/elevation_map_msgs/elevation_map_msgs/msg/detail/channel_info__traits.hpp
-- Up-to-date symlink: /root/ros2_ws/install/elevation_map_msgs/include/elevation_map_msgs/elevation_map_msgs/msg/detail/channel_info__type_support.hpp
-- Up-to-date symlink: /root/ros2_ws/install/elevation_map_msgs/include/elevation_map_msgs/elevation_map_msgs/msg/detail/statistics__builder.hpp
-- Up-to-date symlink: /root/ros2_ws/install/elevation_map_msgs/include/elevation_map_msgs/elevation_map_msgs/msg/detail/statistics__struct.hpp
-- Up-to-date symlink: /root/ros2_ws/install/elevation_map_msgs/include/elevation_map_msgs/elevation_map_msgs/msg/detail/statistics__traits.hpp
-- Up-to-date symlink: /root/ros2_ws/install/elevation_map_msgs/include/elevation_map_msgs/elevation_map_msgs/msg/detail/statistics__type_support.hpp
-- Up-to-date symlink: /root/ros2_ws/install/elevation_map_msgs/include/elevation_map_msgs/elevation_map_msgs/msg/rosidl_generator_cpp__visibility_control.hpp
-- Up-to-date symlink: /root/ros2_ws/install/elevation_map_msgs/include/elevation_map_msgs/elevation_map_msgs/msg/statistics.hpp
-- Up-to-date symlink: /root/ros2_ws/install/elevation_map_msgs/include/elevation_map_msgs/elevation_map_msgs/srv/check_safety.hpp
-- Up-to-date symlink: /root/ros2_ws/install/elevation_map_msgs/include/elevation_map_msgs/elevation_map_msgs/srv/detail/check_safety__builder.hpp
-- Up-to-date symlink: /root/ros2_ws/install/elevation_map_msgs/include/elevation_map_msgs/elevation_map_msgs/srv/detail/check_safety__struct.hpp
-- Up-to-date symlink: /root/ros2_ws/install/elevation_map_msgs/include/elevation_map_msgs/elevation_map_msgs/srv/detail/check_safety__traits.hpp
-- Up-to-date symlink: /root/ros2_ws/install/elevation_map_msgs/include/elevation_map_msgs/elevation_map_msgs/srv/detail/check_safety__type_support.hpp
-- Up-to-date symlink: /root/ros2_ws/install/elevation_map_msgs/include/elevation_map_msgs/elevation_map_msgs/srv/detail/initialize__builder.hpp
-- Up-to-date symlink: /root/ros2_ws/install/elevation_map_msgs/include/elevation_map_msgs/elevation_map_msgs/srv/detail/initialize__struct.hpp
-- Up-to-date symlink: /root/ros2_ws/install/elevation_map_msgs/include/elevation_map_msgs/elevation_map_msgs/srv/detail/initialize__traits.hpp
-- Up-to-date symlink: /root/ros2_ws/install/elevation_map_msgs/include/elevation_map_msgs/elevation_map_msgs/srv/detail/initialize__type_support.hpp
-- Up-to-date symlink: /root/ros2_ws/install/elevation_map_msgs/include/elevation_map_msgs/elevation_map_msgs/srv/initialize.hpp
-- Up-to-date symlink: /root/ros2_ws/install/elevation_map_msgs/include/elevation_map_msgs/elevation_map_msgs/msg/detail/channel_info__rosidl_typesupport_fastrtps_cpp.hpp
-- Up-to-date symlink: /root/ros2_ws/install/elevation_map_msgs/include/elevation_map_msgs/elevation_map_msgs/msg/detail/statistics__rosidl_typesupport_fastrtps_cpp.hpp
-- Up-to-date symlink: /root/ros2_ws/install/elevation_map_msgs/include/elevation_map_msgs/elevation_map_msgs/msg/rosidl_typesupport_fastrtps_cpp__visibility_control.h
-- Up-to-date symlink: /root/ros2_ws/install/elevation_map_msgs/include/elevation_map_msgs/elevation_map_msgs/srv/detail/check_safety__rosidl_typesupport_fastrtps_cpp.hpp
-- Up-to-date symlink: /root/ros2_ws/install/elevation_map_msgs/include/elevation_map_msgs/elevation_map_msgs/srv/detail/initialize__rosidl_typesupport_fastrtps_cpp.hpp
-- Up-to-date symlink: /root/ros2_ws/install/elevation_map_msgs/include/elevation_map_msgs/elevation_map_msgs/msg/detail/channel_info__rosidl_typesupport_introspection_c.h
-- Up-to-date symlink: /root/ros2_ws/install/elevation_map_msgs/include/elevation_map_msgs/elevation_map_msgs/msg/detail/statistics__rosidl_typesupport_introspection_c.h
-- Up-to-date symlink: /root/ros2_ws/install/elevation_map_msgs/include/elevation_map_msgs/elevation_map_msgs/msg/rosidl_typesupport_introspection_c__visibility_control.h
-- Up-to-date symlink: /root/ros2_ws/install/elevation_map_msgs/include/elevation_map_msgs/elevation_map_msgs/srv/detail/check_safety__rosidl_typesupport_introspection_c.h
-- Up-to-date symlink: /root/ros2_ws/install/elevation_map_msgs/include/elevation_map_msgs/elevation_map_msgs/srv/detail/initialize__rosidl_typesupport_introspection_c.h
-- Up-to-date symlink: /root/ros2_ws/install/elevation_map_msgs/include/elevation_map_msgs/elevation_map_msgs/msg/detail/channel_info__rosidl_typesupport_introspection_cpp.hpp
-- Up-to-date symlink: /root/ros2_ws/install/elevation_map_msgs/include/elevation_map_msgs/elevation_map_msgs/msg/detail/statistics__rosidl_typesupport_introspection_cpp.hpp
-- Up-to-date symlink: /root/ros2_ws/install/elevation_map_msgs/include/elevation_map_msgs/elevation_map_msgs/srv/detail/check_safety__rosidl_typesupport_introspection_cpp.hpp
-- Up-to-date symlink: /root/ros2_ws/install/elevation_map_msgs/include/elevation_map_msgs/elevation_map_msgs/srv/detail/initialize__rosidl_typesupport_introspection_cpp.hpp
-- Up-to-date symlink: /root/ros2_ws/install/elevation_map_msgs/share/elevation_map_msgs/environment/pythonpath.sh
-- Up-to-date symlink: /root/ros2_ws/install/elevation_map_msgs/share/elevation_map_msgs/environment/pythonpath.dsv
-- Up-to-date symlink: /root/ros2_ws/install/elevation_map_msgs/lib/python3.12/site-packages/elevation_map_msgs-2.1.0-py3.12.egg-info/PKG-INFO
-- Up-to-date symlink: /root/ros2_ws/install/elevation_map_msgs/lib/python3.12/site-packages/elevation_map_msgs-2.1.0-py3.12.egg-info/SOURCES.txt
-- Up-to-date symlink: /root/ros2_ws/install/elevation_map_msgs/lib/python3.12/site-packages/elevation_map_msgs-2.1.0-py3.12.egg-info/dependency_links.txt
-- Up-to-date symlink: /root/ros2_ws/install/elevation_map_msgs/lib/python3.12/site-packages/elevation_map_msgs-2.1.0-py3.12.egg-info/top_level.txt
-- Up-to-date symlink: /root/ros2_ws/install/elevation_map_msgs/lib/python3.12/site-packages/elevation_map_msgs/__init__.py
-- Up-to-date symlink: /root/ros2_ws/install/elevation_map_msgs/lib/python3.12/site-packages/elevation_map_msgs/_elevation_map_msgs_s.ep.rosidl_typesupport_c.c
-- Up-to-date symlink: /root/ros2_ws/install/elevation_map_msgs/lib/python3.12/site-packages/elevation_map_msgs/_elevation_map_msgs_s.ep.rosidl_typesupport_fastrtps_c.c
-- Up-to-date symlink: /root/ros2_ws/install/elevation_map_msgs/lib/python3.12/site-packages/elevation_map_msgs/_elevation_map_msgs_s.ep.rosidl_typesupport_introspection_c.c
-- Up-to-date symlink: /root/ros2_ws/install/elevation_map_msgs/lib/python3.12/site-packages/elevation_map_msgs/elevation_map_msgs_s__rosidl_typesupport_c.so
-- Up-to-date symlink: /root/ros2_ws/install/elevation_map_msgs/lib/python3.12/site-packages/elevation_map_msgs/elevation_map_msgs_s__rosidl_typesupport_fastrtps_c.so
-- Up-to-date symlink: /root/ros2_ws/install/elevation_map_msgs/lib/python3.12/site-packages/elevation_map_msgs/elevation_map_msgs_s__rosidl_typesupport_introspection_c.so
-- Up-to-date symlink: /root/ros2_ws/install/elevation_map_msgs/lib/python3.12/site-packages/elevation_map_msgs/msg/__init__.py
-- Up-to-date symlink: /root/ros2_ws/install/elevation_map_msgs/lib/python3.12/site-packages/elevation_map_msgs/msg/_channel_info.py
-- Up-to-date symlink: /root/ros2_ws/install/elevation_map_msgs/lib/python3.12/site-packages/elevation_map_msgs/msg/_channel_info_s.c
-- Up-to-date symlink: /root/ros2_ws/install/elevation_map_msgs/lib/python3.12/site-packages/elevation_map_msgs/msg/_statistics.py
-- Up-to-date symlink: /root/ros2_ws/install/elevation_map_msgs/lib/python3.12/site-packages/elevation_map_msgs/msg/_statistics_s.c
-- Up-to-date symlink: /root/ros2_ws/install/elevation_map_msgs/lib/python3.12/site-packages/elevation_map_msgs/srv/__init__.py
-- Up-to-date symlink: /root/ros2_ws/install/elevation_map_msgs/lib/python3.12/site-packages/elevation_map_msgs/srv/_check_safety.py
-- Up-to-date symlink: /root/ros2_ws/install/elevation_map_msgs/lib/python3.12/site-packages/elevation_map_msgs/srv/_check_safety_s.c
-- Up-to-date symlink: /root/ros2_ws/install/elevation_map_msgs/lib/python3.12/site-packages/elevation_map_msgs/srv/_initialize.py
-- Up-to-date symlink: /root/ros2_ws/install/elevation_map_msgs/lib/python3.12/site-packages/elevation_map_msgs/srv/_initialize_s.c
-- Up-to-date symlink: /root/ros2_ws/install/elevation_map_msgs/lib/python3.12/site-packages/elevation_map_msgs/elevation_map_msgs_s__rosidl_typesupport_fastrtps_c.so
-- Up-to-date symlink: /root/ros2_ws/install/elevation_map_msgs/lib/python3.12/site-packages/elevation_map_msgs/elevation_map_msgs_s__rosidl_typesupport_introspection_c.so
-- Up-to-date symlink: /root/ros2_ws/install/elevation_map_msgs/lib/python3.12/site-packages/elevation_map_msgs/elevation_map_msgs_s__rosidl_typesupport_c.so
-- Up-to-date symlink: /root/ros2_ws/install/elevation_map_msgs/share/ament_index/resource_index/rust_packages/elevation_map_msgs
-- Up-to-date symlink: /root/ros2_ws/install/elevation_map_msgs/share/elevation_map_msgs/rust/Cargo.toml
-- Up-to-date symlink: /root/ros2_ws/install/elevation_map_msgs/share/elevation_map_msgs/rust/build.rs
-- Up-to-date symlink: /root/ros2_ws/install/elevation_map_msgs/share/elevation_map_msgs/rust/src/lib.rs
-- Up-to-date symlink: /root/ros2_ws/install/elevation_map_msgs/share/elevation_map_msgs/rust/src/msg.rs
-- Up-to-date symlink: /root/ros2_ws/install/elevation_map_msgs/share/elevation_map_msgs/rust/src/msg/rmw.rs
-- Up-to-date symlink: /root/ros2_ws/install/elevation_map_msgs/share/elevation_map_msgs/rust/src/srv.rs
-- Up-to-date symlink: /root/ros2_ws/install/elevation_map_msgs/share/elevation_map_msgs/rust/src/srv/rmw.rs
-- Up-to-date symlink: /root/ros2_ws/install/elevation_map_msgs/share/elevation_map_msgs/msg/Statistics.idl
-- Up-to-date symlink: /root/ros2_ws/install/elevation_map_msgs/share/elevation_map_msgs/msg/ChannelInfo.idl
-- Up-to-date symlink: /root/ros2_ws/install/elevation_map_msgs/share/elevation_map_msgs/srv/CheckSafety.idl
-- Up-to-date symlink: /root/ros2_ws/install/elevation_map_msgs/share/elevation_map_msgs/srv/Initialize.idl
-- Up-to-date symlink: /root/ros2_ws/install/elevation_map_msgs/share/elevation_map_msgs/msg/Statistics.msg
-- Up-to-date symlink: /root/ros2_ws/install/elevation_map_msgs/share/elevation_map_msgs/msg/ChannelInfo.msg
-- Up-to-date symlink: /root/ros2_ws/install/elevation_map_msgs/share/elevation_map_msgs/srv/CheckSafety.srv
-- Up-to-date symlink: /root/ros2_ws/install/elevation_map_msgs/share/elevation_map_msgs/srv/Initialize.srv
-- Up-to-date symlink: /root/ros2_ws/install/elevation_map_msgs/share/ament_index/resource_index/package_run_dependencies/elevation_map_msgs
-- Up-to-date symlink: /root/ros2_ws/install/elevation_map_msgs/share/ament_index/resource_index/parent_prefix_path/elevation_map_msgs
-- Up-to-date symlink: /root/ros2_ws/install/elevation_map_msgs/share/elevation_map_msgs/environment/ament_prefix_path.sh
-- Up-to-date symlink: /root/ros2_ws/install/elevation_map_msgs/share/elevation_map_msgs/environment/ament_prefix_path.dsv
-- Up-to-date symlink: /root/ros2_ws/install/elevation_map_msgs/share/elevation_map_msgs/environment/path.sh
-- Up-to-date symlink: /root/ros2_ws/install/elevation_map_msgs/share/elevation_map_msgs/environment/path.dsv
-- Up-to-date symlink: /root/ros2_ws/install/elevation_map_msgs/share/elevation_map_msgs/local_setup.bash
-- Up-to-date symlink: /root/ros2_ws/install/elevation_map_msgs/share/elevation_map_msgs/local_setup.sh
-- Up-to-date symlink: /root/ros2_ws/install/elevation_map_msgs/share/elevation_map_msgs/local_setup.zsh
-- Up-to-date symlink: /root/ros2_ws/install/elevation_map_msgs/share/elevation_map_msgs/local_setup.dsv
-- Symlinking: /root/ros2_ws/install/elevation_map_msgs/share/elevation_map_msgs/package.dsv
-- Up-to-date symlink: /root/ros2_ws/install/elevation_map_msgs/share/ament_index/resource_index/packages/elevation_map_msgs
-- Up-to-date symlink: /root/ros2_ws/install/elevation_map_msgs/share/elevation_map_msgs/cmake/rosidl_cmake-extras.cmake
-- Up-to-date symlink: /root/ros2_ws/install/elevation_map_msgs/share/elevation_map_msgs/cmake/ament_cmake_export_dependencies-extras.cmake
-- Up-to-date symlink: /root/ros2_ws/install/elevation_map_msgs/share/elevation_map_msgs/cmake/ament_cmake_export_include_directories-extras.cmake
-- Up-to-date symlink: /root/ros2_ws/install/elevation_map_msgs/share/elevation_map_msgs/cmake/ament_cmake_export_libraries-extras.cmake
-- Up-to-date symlink: /root/ros2_ws/install/elevation_map_msgs/share/elevation_map_msgs/cmake/ament_cmake_export_targets-extras.cmake
-- Up-to-date symlink: /root/ros2_ws/install/elevation_map_msgs/share/elevation_map_msgs/cmake/rosidl_cmake_export_typesupport_targets-extras.cmake
-- Up-to-date symlink: /root/ros2_ws/install/elevation_map_msgs/share/elevation_map_msgs/cmake/rosidl_cmake_export_typesupport_libraries-extras.cmake
-- Up-to-date symlink: /root/ros2_ws/install/elevation_map_msgs/share/elevation_map_msgs/cmake/elevation_map_msgsConfig.cmake
-- Up-to-date symlink: /root/ros2_ws/install/elevation_map_msgs/share/elevation_map_msgs/cmake/elevation_map_msgsConfig-version.cmake
-- Up-to-date symlink: /root/ros2_ws/install/elevation_map_msgs/share/elevation_map_msgs/package.xml
-- Up-to-date: /root/ros2_ws/install/elevation_map_msgs/lib/libelevation_map_msgs__rosidl_generator_c.so
-- Up-to-date: /root/ros2_ws/install/elevation_map_msgs/lib/libelevation_map_msgs__rosidl_typesupport_fastrtps_c.so
-- Up-to-date: /root/ros2_ws/install/elevation_map_msgs/lib/libelevation_map_msgs__rosidl_typesupport_fastrtps_cpp.so
-- Up-to-date: /root/ros2_ws/install/elevation_map_msgs/lib/libelevation_map_msgs__rosidl_typesupport_introspection_c.so
-- Up-to-date: /root/ros2_ws/install/elevation_map_msgs/lib/libelevation_map_msgs__rosidl_typesupport_c.so
-- Up-to-date: /root/ros2_ws/install/elevation_map_msgs/lib/libelevation_map_msgs__rosidl_typesupport_introspection_cpp.so
-- Up-to-date: /root/ros2_ws/install/elevation_map_msgs/lib/libelevation_map_msgs__rosidl_typesupport_cpp.so
Listing '/root/ros2_ws/install/elevation_map_msgs/lib/python3.12/site-packages/elevation_map_msgs'...
Listing '/root/ros2_ws/install/elevation_map_msgs/lib/python3.12/site-packages/elevation_map_msgs/msg'...
Listing '/root/ros2_ws/install/elevation_map_msgs/lib/python3.12/site-packages/elevation_map_msgs/srv'...
-- Up-to-date: /root/ros2_ws/install/elevation_map_msgs/lib/libelevation_map_msgs__rosidl_generator_py.so
-- Up-to-date: /root/ros2_ws/install/elevation_map_msgs/share/elevation_map_msgs/cmake/export_elevation_map_msgs__rosidl_generator_cExport.cmake
-- Up-to-date: /root/ros2_ws/install/elevation_map_msgs/share/elevation_map_msgs/cmake/export_elevation_map_msgs__rosidl_generator_cExport-noconfig.cmake
-- Up-to-date: /root/ros2_ws/install/elevation_map_msgs/share/elevation_map_msgs/cmake/export_elevation_map_msgs__rosidl_typesupport_fastrtps_cExport.cmake
-- Up-to-date: /root/ros2_ws/install/elevation_map_msgs/share/elevation_map_msgs/cmake/export_elevation_map_msgs__rosidl_typesupport_fastrtps_cExport-noconfig.cmake
-- Up-to-date: /root/ros2_ws/install/elevation_map_msgs/share/elevation_map_msgs/cmake/export_elevation_map_msgs__rosidl_generator_cppExport.cmake
-- Up-to-date: /root/ros2_ws/install/elevation_map_msgs/share/elevation_map_msgs/cmake/export_elevation_map_msgs__rosidl_typesupport_fastrtps_cppExport.cmake
-- Up-to-date: /root/ros2_ws/install/elevation_map_msgs/share/elevation_map_msgs/cmake/export_elevation_map_msgs__rosidl_typesupport_fastrtps_cppExport-noconfig.cmake
-- Up-to-date: /root/ros2_ws/install/elevation_map_msgs/share/elevation_map_msgs/cmake/elevation_map_msgs__rosidl_typesupport_introspection_cExport.cmake
-- Up-to-date: /root/ros2_ws/install/elevation_map_msgs/share/elevation_map_msgs/cmake/elevation_map_msgs__rosidl_typesupport_introspection_cExport-noconfig.cmake
-- Up-to-date: /root/ros2_ws/install/elevation_map_msgs/share/elevation_map_msgs/cmake/elevation_map_msgs__rosidl_typesupport_cExport.cmake
-- Up-to-date: /root/ros2_ws/install/elevation_map_msgs/share/elevation_map_msgs/cmake/elevation_map_msgs__rosidl_typesupport_cExport-noconfig.cmake
-- Up-to-date: /root/ros2_ws/install/elevation_map_msgs/share/elevation_map_msgs/cmake/elevation_map_msgs__rosidl_typesupport_introspection_cppExport.cmake
-- Up-to-date: /root/ros2_ws/install/elevation_map_msgs/share/elevation_map_msgs/cmake/elevation_map_msgs__rosidl_typesupport_introspection_cppExport-noconfig.cmake
-- Up-to-date: /root/ros2_ws/install/elevation_map_msgs/share/elevation_map_msgs/cmake/elevation_map_msgs__rosidl_typesupport_cppExport.cmake
-- Up-to-date: /root/ros2_ws/install/elevation_map_msgs/share/elevation_map_msgs/cmake/elevation_map_msgs__rosidl_typesupport_cppExport-noconfig.cmake
-- Up-to-date: /root/ros2_ws/install/elevation_map_msgs/share/elevation_map_msgs/cmake/export_elevation_map_msgs__rosidl_generator_pyExport.cmake
-- Up-to-date: /root/ros2_ws/install/elevation_map_msgs/share/elevation_map_msgs/cmake/export_elevation_map_msgs__rosidl_generator_pyExport-noconfig.cmake
