[0.448s] DEBUG:colcon:Command line arguments: ['/usr/bin/colcon', 'build', '--symlink-install', '--packages-select', 'visual_navigation']
[0.448s] DEBUG:colcon:Parsed command line arguments: Namespace(log_base=None, log_level=None, verb_name='build', build_base='build', install_base='install', merge_install=False, symlink_install=True, test_result_base=None, continue_on_error=False, executor='parallel', parallel_workers=8, event_handlers=None, ignore_user_meta=False, metas=['./colcon.meta'], base_paths=['.'], packages_ignore=None, packages_ignore_regex=None, paths=None, packages_up_to=None, packages_up_to_regex=None, packages_above=None, packages_above_and_dependencies=None, packages_above_depth=None, packages_select_by_dep=None, packages_skip_by_dep=None, packages_skip_up_to=None, packages_select_build_failed=False, packages_skip_build_finished=False, packages_select_test_failures=False, packages_skip_test_passed=False, packages_select=['visual_navigation'], packages_skip=None, packages_select_regex=None, packages_skip_regex=None, packages_start=None, packages_end=None, cmake_args=None, cmake_target=None, cmake_target_skip_unavailable=False, cmake_clean_cache=False, cmake_clean_first=False, cmake_force_configure=False, ament_cmake_args=None, catkin_cmake_args=None, catkin_skip_building_tests=False, mixin_files=None, mixin=None, verb_parser=<colcon_mixin.mixin.mixin_argument.MixinArgumentDecorator object at 0x705dd95ca720>, verb_extension=<colcon_core.verb.build.BuildVerb object at 0x705dd97064e0>, main=<bound method BuildVerb.main of <colcon_core.verb.build.BuildVerb object at 0x705dd97064e0>>, mixin_verb=('build',))
[0.561s] Level 1:colcon.colcon_core.package_discovery:discover_packages(colcon_meta) check parameters
[0.563s] INFO:colcon.colcon_metadata.package_discovery.colcon_meta:Using configuration from '/root/.colcon/metadata/default/Gazebo.meta'
[0.564s] INFO:colcon.colcon_metadata.package_discovery.colcon_meta:Using configuration from '/root/.colcon/metadata/default/fastdds.meta'
[0.565s] INFO:colcon.colcon_metadata.package_discovery.colcon_meta:Using configuration from '/root/.colcon/metadata/default/fastrtps.meta'
[0.565s] Level 1:colcon.colcon_core.package_discovery:discover_packages(recursive) check parameters
[0.565s] Level 1:colcon.colcon_core.package_discovery:discover_packages(ignore) check parameters
[0.565s] Level 1:colcon.colcon_core.package_discovery:discover_packages(path) check parameters
[0.565s] Level 1:colcon.colcon_core.package_discovery:discover_packages(colcon_meta) discover
[0.565s] Level 1:colcon.colcon_core.package_discovery:discover_packages(recursive) discover
[0.565s] INFO:colcon.colcon_core.package_discovery:Crawling recursively for packages in '/root/ros2_ws'
[0.566s] Level 1:colcon.colcon_core.package_identification:_identify(.) by extensions ['ignore', 'ignore_ament_install']
[0.566s] Level 1:colcon.colcon_core.package_identification:_identify(.) by extension 'ignore'
[0.566s] Level 1:colcon.colcon_core.package_identification:_identify(.) by extension 'ignore_ament_install'
[0.566s] Level 1:colcon.colcon_core.package_identification:_identify(.) by extensions ['colcon_pkg']
[0.566s] Level 1:colcon.colcon_core.package_identification:_identify(.) by extension 'colcon_pkg'
[0.566s] Level 1:colcon.colcon_core.package_identification:_identify(.) by extensions ['colcon_meta']
[0.566s] Level 1:colcon.colcon_core.package_identification:_identify(.) by extension 'colcon_meta'
[0.566s] Level 1:colcon.colcon_core.package_identification:_identify(.) by extensions ['ros']
[0.566s] Level 1:colcon.colcon_core.package_identification:_identify(.) by extension 'ros'
[0.646s] Level 1:colcon.colcon_core.package_identification:_identify(.) by extensions ['cmake', 'python']
[0.646s] Level 1:colcon.colcon_core.package_identification:_identify(.) by extension 'cmake'
[0.646s] Level 1:colcon.colcon_core.package_identification:_identify(.) by extension 'python'
[0.646s] Level 1:colcon.colcon_core.package_identification:_identify(.) by extensions ['python_setup_py']
[0.646s] Level 1:colcon.colcon_core.package_identification:_identify(.) by extension 'python_setup_py'
[0.647s] Level 1:colcon.colcon_core.package_identification:_identify(build) by extensions ['ignore', 'ignore_ament_install']
[0.647s] Level 1:colcon.colcon_core.package_identification:_identify(build) by extension 'ignore'
[0.648s] Level 1:colcon.colcon_core.package_identification:_identify(build) ignored
[0.648s] Level 1:colcon.colcon_core.package_identification:_identify(install) by extensions ['ignore', 'ignore_ament_install']
[0.648s] Level 1:colcon.colcon_core.package_identification:_identify(install) by extension 'ignore'
[0.648s] Level 1:colcon.colcon_core.package_identification:_identify(install) ignored
[0.649s] Level 1:colcon.colcon_core.package_identification:_identify(log) by extensions ['ignore', 'ignore_ament_install']
[0.650s] Level 1:colcon.colcon_core.package_identification:_identify(log) by extension 'ignore'
[0.650s] Level 1:colcon.colcon_core.package_identification:_identify(log) ignored
[0.650s] Level 1:colcon.colcon_core.package_identification:_identify(scripts) by extensions ['ignore', 'ignore_ament_install']
[0.651s] Level 1:colcon.colcon_core.package_identification:_identify(scripts) by extension 'ignore'
[0.651s] Level 1:colcon.colcon_core.package_identification:_identify(scripts) by extension 'ignore_ament_install'
[0.652s] Level 1:colcon.colcon_core.package_identification:_identify(scripts) by extensions ['colcon_pkg']
[0.652s] Level 1:colcon.colcon_core.package_identification:_identify(scripts) by extension 'colcon_pkg'
[0.652s] Level 1:colcon.colcon_core.package_identification:_identify(scripts) by extensions ['colcon_meta']
[0.652s] Level 1:colcon.colcon_core.package_identification:_identify(scripts) by extension 'colcon_meta'
[0.652s] Level 1:colcon.colcon_core.package_identification:_identify(scripts) by extensions ['ros']
[0.652s] Level 1:colcon.colcon_core.package_identification:_identify(scripts) by extension 'ros'
[0.652s] Level 1:colcon.colcon_core.package_identification:_identify(scripts) by extensions ['cmake', 'python']
[0.652s] Level 1:colcon.colcon_core.package_identification:_identify(scripts) by extension 'cmake'
[0.652s] Level 1:colcon.colcon_core.package_identification:_identify(scripts) by extension 'python'
[0.655s] Level 1:colcon.colcon_core.package_identification:_identify(scripts) by extensions ['python_setup_py']
[0.658s] Level 1:colcon.colcon_core.package_identification:_identify(scripts) by extension 'python_setup_py'
[0.659s] Level 1:colcon.colcon_core.package_identification:_identify(scripts/__pycache__) by extensions ['ignore', 'ignore_ament_install']
[0.659s] Level 1:colcon.colcon_core.package_identification:_identify(scripts/__pycache__) by extension 'ignore'
[0.659s] Level 1:colcon.colcon_core.package_identification:_identify(scripts/__pycache__) by extension 'ignore_ament_install'
[0.659s] Level 1:colcon.colcon_core.package_identification:_identify(scripts/__pycache__) by extensions ['colcon_pkg']
[0.659s] Level 1:colcon.colcon_core.package_identification:_identify(scripts/__pycache__) by extension 'colcon_pkg'
[0.661s] Level 1:colcon.colcon_core.package_identification:_identify(scripts/__pycache__) by extensions ['colcon_meta']
[0.661s] Level 1:colcon.colcon_core.package_identification:_identify(scripts/__pycache__) by extension 'colcon_meta'
[0.661s] Level 1:colcon.colcon_core.package_identification:_identify(scripts/__pycache__) by extensions ['ros']
[0.661s] Level 1:colcon.colcon_core.package_identification:_identify(scripts/__pycache__) by extension 'ros'
[0.663s] Level 1:colcon.colcon_core.package_identification:_identify(scripts/__pycache__) by extensions ['cmake', 'python']
[0.664s] Level 1:colcon.colcon_core.package_identification:_identify(scripts/__pycache__) by extension 'cmake'
[0.664s] Level 1:colcon.colcon_core.package_identification:_identify(scripts/__pycache__) by extension 'python'
[0.664s] Level 1:colcon.colcon_core.package_identification:_identify(scripts/__pycache__) by extensions ['python_setup_py']
[0.664s] Level 1:colcon.colcon_core.package_identification:_identify(scripts/__pycache__) by extension 'python_setup_py'
[0.664s] Level 1:colcon.colcon_core.package_identification:_identify(src) by extensions ['ignore', 'ignore_ament_install']
[0.665s] Level 1:colcon.colcon_core.package_identification:_identify(src) by extension 'ignore'
[0.665s] Level 1:colcon.colcon_core.package_identification:_identify(src) by extension 'ignore_ament_install'
[0.665s] Level 1:colcon.colcon_core.package_identification:_identify(src) by extensions ['colcon_pkg']
[0.665s] Level 1:colcon.colcon_core.package_identification:_identify(src) by extension 'colcon_pkg'
[0.665s] Level 1:colcon.colcon_core.package_identification:_identify(src) by extensions ['colcon_meta']
[0.665s] Level 1:colcon.colcon_core.package_identification:_identify(src) by extension 'colcon_meta'
[0.665s] Level 1:colcon.colcon_core.package_identification:_identify(src) by extensions ['ros']
[0.665s] Level 1:colcon.colcon_core.package_identification:_identify(src) by extension 'ros'
[0.665s] Level 1:colcon.colcon_core.package_identification:_identify(src) by extensions ['cmake', 'python']
[0.665s] Level 1:colcon.colcon_core.package_identification:_identify(src) by extension 'cmake'
[0.665s] Level 1:colcon.colcon_core.package_identification:_identify(src) by extension 'python'
[0.665s] Level 1:colcon.colcon_core.package_identification:_identify(src) by extensions ['python_setup_py']
[0.665s] Level 1:colcon.colcon_core.package_identification:_identify(src) by extension 'python_setup_py'
[0.666s] Level 1:colcon.colcon_core.package_identification:_identify(src/direct_lidar_inertial_odometry-feature-ros2) by extensions ['ignore', 'ignore_ament_install']
[0.666s] Level 1:colcon.colcon_core.package_identification:_identify(src/direct_lidar_inertial_odometry-feature-ros2) by extension 'ignore'
[0.666s] Level 1:colcon.colcon_core.package_identification:_identify(src/direct_lidar_inertial_odometry-feature-ros2) by extension 'ignore_ament_install'
[0.666s] Level 1:colcon.colcon_core.package_identification:_identify(src/direct_lidar_inertial_odometry-feature-ros2) by extensions ['colcon_pkg']
[0.666s] Level 1:colcon.colcon_core.package_identification:_identify(src/direct_lidar_inertial_odometry-feature-ros2) by extension 'colcon_pkg'
[0.666s] Level 1:colcon.colcon_core.package_identification:_identify(src/direct_lidar_inertial_odometry-feature-ros2) by extensions ['colcon_meta']
[0.666s] Level 1:colcon.colcon_core.package_identification:_identify(src/direct_lidar_inertial_odometry-feature-ros2) by extension 'colcon_meta'
[0.666s] Level 1:colcon.colcon_core.package_identification:_identify(src/direct_lidar_inertial_odometry-feature-ros2) by extensions ['ros']
[0.666s] Level 1:colcon.colcon_core.package_identification:_identify(src/direct_lidar_inertial_odometry-feature-ros2) by extension 'ros'
[0.674s] DEBUG:colcon.colcon_core.package_identification:Package 'src/direct_lidar_inertial_odometry-feature-ros2' with type 'ros.ament_cmake' and name 'direct_lidar_inertial_odometry'
[0.674s] Level 1:colcon.colcon_core.package_identification:_identify(src/dlio_gazebo_sim) by extensions ['ignore', 'ignore_ament_install']
[0.674s] Level 1:colcon.colcon_core.package_identification:_identify(src/dlio_gazebo_sim) by extension 'ignore'
[0.674s] Level 1:colcon.colcon_core.package_identification:_identify(src/dlio_gazebo_sim) by extension 'ignore_ament_install'
[0.674s] Level 1:colcon.colcon_core.package_identification:_identify(src/dlio_gazebo_sim) by extensions ['colcon_pkg']
[0.674s] Level 1:colcon.colcon_core.package_identification:_identify(src/dlio_gazebo_sim) by extension 'colcon_pkg'
[0.675s] Level 1:colcon.colcon_core.package_identification:_identify(src/dlio_gazebo_sim) by extensions ['colcon_meta']
[0.675s] Level 1:colcon.colcon_core.package_identification:_identify(src/dlio_gazebo_sim) by extension 'colcon_meta'
[0.675s] Level 1:colcon.colcon_core.package_identification:_identify(src/dlio_gazebo_sim) by extensions ['ros']
[0.675s] Level 1:colcon.colcon_core.package_identification:_identify(src/dlio_gazebo_sim) by extension 'ros'
[0.676s] DEBUG:colcon.colcon_core.package_identification:Package 'src/dlio_gazebo_sim' with type 'ros.ament_python' and name 'dlio_gazebo_sim'
[0.677s] Level 1:colcon.colcon_core.package_identification:_identify(src/elevation_mapping_cupy) by extensions ['ignore', 'ignore_ament_install']
[0.677s] Level 1:colcon.colcon_core.package_identification:_identify(src/elevation_mapping_cupy) by extension 'ignore'
[0.678s] Level 1:colcon.colcon_core.package_identification:_identify(src/elevation_mapping_cupy) by extension 'ignore_ament_install'
[0.678s] Level 1:colcon.colcon_core.package_identification:_identify(src/elevation_mapping_cupy) by extensions ['colcon_pkg']
[0.679s] Level 1:colcon.colcon_core.package_identification:_identify(src/elevation_mapping_cupy) by extension 'colcon_pkg'
[0.679s] Level 1:colcon.colcon_core.package_identification:_identify(src/elevation_mapping_cupy) by extensions ['colcon_meta']
[0.679s] Level 1:colcon.colcon_core.package_identification:_identify(src/elevation_mapping_cupy) by extension 'colcon_meta'
[0.679s] Level 1:colcon.colcon_core.package_identification:_identify(src/elevation_mapping_cupy) by extensions ['ros']
[0.680s] Level 1:colcon.colcon_core.package_identification:_identify(src/elevation_mapping_cupy) by extension 'ros'
[0.680s] Level 1:colcon.colcon_core.package_identification:_identify(src/elevation_mapping_cupy) by extensions ['cmake', 'python']
[0.680s] Level 1:colcon.colcon_core.package_identification:_identify(src/elevation_mapping_cupy) by extension 'cmake'
[0.680s] Level 1:colcon.colcon_core.package_identification:_identify(src/elevation_mapping_cupy) by extension 'python'
[0.681s] Level 1:colcon.colcon_core.package_identification:_identify(src/elevation_mapping_cupy) by extensions ['python_setup_py']
[0.681s] Level 1:colcon.colcon_core.package_identification:_identify(src/elevation_mapping_cupy) by extension 'python_setup_py'
[0.681s] Level 1:colcon.colcon_core.package_identification:_identify(src/elevation_mapping_cupy/docker) by extensions ['ignore', 'ignore_ament_install']
[0.682s] Level 1:colcon.colcon_core.package_identification:_identify(src/elevation_mapping_cupy/docker) by extension 'ignore'
[0.682s] Level 1:colcon.colcon_core.package_identification:_identify(src/elevation_mapping_cupy/docker) by extension 'ignore_ament_install'
[0.682s] Level 1:colcon.colcon_core.package_identification:_identify(src/elevation_mapping_cupy/docker) by extensions ['colcon_pkg']
[0.682s] Level 1:colcon.colcon_core.package_identification:_identify(src/elevation_mapping_cupy/docker) by extension 'colcon_pkg'
[0.682s] Level 1:colcon.colcon_core.package_identification:_identify(src/elevation_mapping_cupy/docker) by extensions ['colcon_meta']
[0.682s] Level 1:colcon.colcon_core.package_identification:_identify(src/elevation_mapping_cupy/docker) by extension 'colcon_meta'
[0.682s] Level 1:colcon.colcon_core.package_identification:_identify(src/elevation_mapping_cupy/docker) by extensions ['ros']
[0.682s] Level 1:colcon.colcon_core.package_identification:_identify(src/elevation_mapping_cupy/docker) by extension 'ros'
[0.682s] Level 1:colcon.colcon_core.package_identification:_identify(src/elevation_mapping_cupy/docker) by extensions ['cmake', 'python']
[0.682s] Level 1:colcon.colcon_core.package_identification:_identify(src/elevation_mapping_cupy/docker) by extension 'cmake'
[0.682s] Level 1:colcon.colcon_core.package_identification:_identify(src/elevation_mapping_cupy/docker) by extension 'python'
[0.682s] Level 1:colcon.colcon_core.package_identification:_identify(src/elevation_mapping_cupy/docker) by extensions ['python_setup_py']
[0.683s] Level 1:colcon.colcon_core.package_identification:_identify(src/elevation_mapping_cupy/docker) by extension 'python_setup_py'
[0.683s] Level 1:colcon.colcon_core.package_identification:_identify(src/elevation_mapping_cupy/docs) by extensions ['ignore', 'ignore_ament_install']
[0.684s] Level 1:colcon.colcon_core.package_identification:_identify(src/elevation_mapping_cupy/docs) by extension 'ignore'
[0.684s] Level 1:colcon.colcon_core.package_identification:_identify(src/elevation_mapping_cupy/docs) by extension 'ignore_ament_install'
[0.684s] Level 1:colcon.colcon_core.package_identification:_identify(src/elevation_mapping_cupy/docs) by extensions ['colcon_pkg']
[0.685s] Level 1:colcon.colcon_core.package_identification:_identify(src/elevation_mapping_cupy/docs) by extension 'colcon_pkg'
[0.685s] Level 1:colcon.colcon_core.package_identification:_identify(src/elevation_mapping_cupy/docs) by extensions ['colcon_meta']
[0.685s] Level 1:colcon.colcon_core.package_identification:_identify(src/elevation_mapping_cupy/docs) by extension 'colcon_meta'
[0.685s] Level 1:colcon.colcon_core.package_identification:_identify(src/elevation_mapping_cupy/docs) by extensions ['ros']
[0.685s] Level 1:colcon.colcon_core.package_identification:_identify(src/elevation_mapping_cupy/docs) by extension 'ros'
[0.685s] Level 1:colcon.colcon_core.package_identification:_identify(src/elevation_mapping_cupy/docs) by extensions ['cmake', 'python']
[0.685s] Level 1:colcon.colcon_core.package_identification:_identify(src/elevation_mapping_cupy/docs) by extension 'cmake'
[0.686s] Level 1:colcon.colcon_core.package_identification:_identify(src/elevation_mapping_cupy/docs) by extension 'python'
[0.686s] Level 1:colcon.colcon_core.package_identification:_identify(src/elevation_mapping_cupy/docs) by extensions ['python_setup_py']
[0.686s] Level 1:colcon.colcon_core.package_identification:_identify(src/elevation_mapping_cupy/docs) by extension 'python_setup_py'
[0.687s] Level 1:colcon.colcon_core.package_identification:_identify(src/elevation_mapping_cupy/docs/media) by extensions ['ignore', 'ignore_ament_install']
[0.687s] Level 1:colcon.colcon_core.package_identification:_identify(src/elevation_mapping_cupy/docs/media) by extension 'ignore'
[0.687s] Level 1:colcon.colcon_core.package_identification:_identify(src/elevation_mapping_cupy/docs/media) by extension 'ignore_ament_install'
[0.688s] Level 1:colcon.colcon_core.package_identification:_identify(src/elevation_mapping_cupy/docs/media) by extensions ['colcon_pkg']
[0.688s] Level 1:colcon.colcon_core.package_identification:_identify(src/elevation_mapping_cupy/docs/media) by extension 'colcon_pkg'
[0.688s] Level 1:colcon.colcon_core.package_identification:_identify(src/elevation_mapping_cupy/docs/media) by extensions ['colcon_meta']
[0.689s] Level 1:colcon.colcon_core.package_identification:_identify(src/elevation_mapping_cupy/docs/media) by extension 'colcon_meta'
[0.689s] Level 1:colcon.colcon_core.package_identification:_identify(src/elevation_mapping_cupy/docs/media) by extensions ['ros']
[0.689s] Level 1:colcon.colcon_core.package_identification:_identify(src/elevation_mapping_cupy/docs/media) by extension 'ros'
[0.689s] Level 1:colcon.colcon_core.package_identification:_identify(src/elevation_mapping_cupy/docs/media) by extensions ['cmake', 'python']
[0.689s] Level 1:colcon.colcon_core.package_identification:_identify(src/elevation_mapping_cupy/docs/media) by extension 'cmake'
[0.689s] Level 1:colcon.colcon_core.package_identification:_identify(src/elevation_mapping_cupy/docs/media) by extension 'python'
[0.689s] Level 1:colcon.colcon_core.package_identification:_identify(src/elevation_mapping_cupy/docs/media) by extensions ['python_setup_py']
[0.689s] Level 1:colcon.colcon_core.package_identification:_identify(src/elevation_mapping_cupy/docs/media) by extension 'python_setup_py'
[0.690s] Level 1:colcon.colcon_core.package_identification:_identify(src/elevation_mapping_cupy/docs/reviews) by extensions ['ignore', 'ignore_ament_install']
[0.690s] Level 1:colcon.colcon_core.package_identification:_identify(src/elevation_mapping_cupy/docs/reviews) by extension 'ignore'
[0.690s] Level 1:colcon.colcon_core.package_identification:_identify(src/elevation_mapping_cupy/docs/reviews) by extension 'ignore_ament_install'
[0.695s] Level 1:colcon.colcon_core.package_identification:_identify(src/elevation_mapping_cupy/docs/reviews) by extensions ['colcon_pkg']
[0.696s] Level 1:colcon.colcon_core.package_identification:_identify(src/elevation_mapping_cupy/docs/reviews) by extension 'colcon_pkg'
[0.696s] Level 1:colcon.colcon_core.package_identification:_identify(src/elevation_mapping_cupy/docs/reviews) by extensions ['colcon_meta']
[0.696s] Level 1:colcon.colcon_core.package_identification:_identify(src/elevation_mapping_cupy/docs/reviews) by extension 'colcon_meta'
[0.696s] Level 1:colcon.colcon_core.package_identification:_identify(src/elevation_mapping_cupy/docs/reviews) by extensions ['ros']
[0.696s] Level 1:colcon.colcon_core.package_identification:_identify(src/elevation_mapping_cupy/docs/reviews) by extension 'ros'
[0.696s] Level 1:colcon.colcon_core.package_identification:_identify(src/elevation_mapping_cupy/docs/reviews) by extensions ['cmake', 'python']
[0.696s] Level 1:colcon.colcon_core.package_identification:_identify(src/elevation_mapping_cupy/docs/reviews) by extension 'cmake'
[0.696s] Level 1:colcon.colcon_core.package_identification:_identify(src/elevation_mapping_cupy/docs/reviews) by extension 'python'
[0.696s] Level 1:colcon.colcon_core.package_identification:_identify(src/elevation_mapping_cupy/docs/reviews) by extensions ['python_setup_py']
[0.697s] Level 1:colcon.colcon_core.package_identification:_identify(src/elevation_mapping_cupy/docs/reviews) by extension 'python_setup_py'
[0.697s] Level 1:colcon.colcon_core.package_identification:_identify(src/elevation_mapping_cupy/docs/source) by extensions ['ignore', 'ignore_ament_install']
[0.698s] Level 1:colcon.colcon_core.package_identification:_identify(src/elevation_mapping_cupy/docs/source) by extension 'ignore'
[0.698s] Level 1:colcon.colcon_core.package_identification:_identify(src/elevation_mapping_cupy/docs/source) by extension 'ignore_ament_install'
[0.698s] Level 1:colcon.colcon_core.package_identification:_identify(src/elevation_mapping_cupy/docs/source) by extensions ['colcon_pkg']
[0.698s] Level 1:colcon.colcon_core.package_identification:_identify(src/elevation_mapping_cupy/docs/source) by extension 'colcon_pkg'
[0.698s] Level 1:colcon.colcon_core.package_identification:_identify(src/elevation_mapping_cupy/docs/source) by extensions ['colcon_meta']
[0.698s] Level 1:colcon.colcon_core.package_identification:_identify(src/elevation_mapping_cupy/docs/source) by extension 'colcon_meta'
[0.698s] Level 1:colcon.colcon_core.package_identification:_identify(src/elevation_mapping_cupy/docs/source) by extensions ['ros']
[0.698s] Level 1:colcon.colcon_core.package_identification:_identify(src/elevation_mapping_cupy/docs/source) by extension 'ros'
[0.698s] Level 1:colcon.colcon_core.package_identification:_identify(src/elevation_mapping_cupy/docs/source) by extensions ['cmake', 'python']
[0.698s] Level 1:colcon.colcon_core.package_identification:_identify(src/elevation_mapping_cupy/docs/source) by extension 'cmake'
[0.698s] Level 1:colcon.colcon_core.package_identification:_identify(src/elevation_mapping_cupy/docs/source) by extension 'python'
[0.698s] Level 1:colcon.colcon_core.package_identification:_identify(src/elevation_mapping_cupy/docs/source) by extensions ['python_setup_py']
[0.698s] Level 1:colcon.colcon_core.package_identification:_identify(src/elevation_mapping_cupy/docs/source) by extension 'python_setup_py'
[0.698s] Level 1:colcon.colcon_core.package_identification:_identify(src/elevation_mapping_cupy/docs/source/getting_started) by extensions ['ignore', 'ignore_ament_install']
[0.698s] Level 1:colcon.colcon_core.package_identification:_identify(src/elevation_mapping_cupy/docs/source/getting_started) by extension 'ignore'
[0.699s] Level 1:colcon.colcon_core.package_identification:_identify(src/elevation_mapping_cupy/docs/source/getting_started) by extension 'ignore_ament_install'
[0.699s] Level 1:colcon.colcon_core.package_identification:_identify(src/elevation_mapping_cupy/docs/source/getting_started) by extensions ['colcon_pkg']
[0.699s] Level 1:colcon.colcon_core.package_identification:_identify(src/elevation_mapping_cupy/docs/source/getting_started) by extension 'colcon_pkg'
[0.699s] Level 1:colcon.colcon_core.package_identification:_identify(src/elevation_mapping_cupy/docs/source/getting_started) by extensions ['colcon_meta']
[0.699s] Level 1:colcon.colcon_core.package_identification:_identify(src/elevation_mapping_cupy/docs/source/getting_started) by extension 'colcon_meta'
[0.699s] Level 1:colcon.colcon_core.package_identification:_identify(src/elevation_mapping_cupy/docs/source/getting_started) by extensions ['ros']
[0.699s] Level 1:colcon.colcon_core.package_identification:_identify(src/elevation_mapping_cupy/docs/source/getting_started) by extension 'ros'
[0.699s] Level 1:colcon.colcon_core.package_identification:_identify(src/elevation_mapping_cupy/docs/source/getting_started) by extensions ['cmake', 'python']
[0.699s] Level 1:colcon.colcon_core.package_identification:_identify(src/elevation_mapping_cupy/docs/source/getting_started) by extension 'cmake'
[0.699s] Level 1:colcon.colcon_core.package_identification:_identify(src/elevation_mapping_cupy/docs/source/getting_started) by extension 'python'
[0.699s] Level 1:colcon.colcon_core.package_identification:_identify(src/elevation_mapping_cupy/docs/source/getting_started) by extensions ['python_setup_py']
[0.699s] Level 1:colcon.colcon_core.package_identification:_identify(src/elevation_mapping_cupy/docs/source/getting_started) by extension 'python_setup_py'
[0.699s] Level 1:colcon.colcon_core.package_identification:_identify(src/elevation_mapping_cupy/docs/source/python) by extensions ['ignore', 'ignore_ament_install']
[0.699s] Level 1:colcon.colcon_core.package_identification:_identify(src/elevation_mapping_cupy/docs/source/python) by extension 'ignore'
[0.700s] Level 1:colcon.colcon_core.package_identification:_identify(src/elevation_mapping_cupy/docs/source/python) by extension 'ignore_ament_install'
[0.700s] Level 1:colcon.colcon_core.package_identification:_identify(src/elevation_mapping_cupy/docs/source/python) by extensions ['colcon_pkg']
[0.700s] Level 1:colcon.colcon_core.package_identification:_identify(src/elevation_mapping_cupy/docs/source/python) by extension 'colcon_pkg'
[0.700s] Level 1:colcon.colcon_core.package_identification:_identify(src/elevation_mapping_cupy/docs/source/python) by extensions ['colcon_meta']
[0.700s] Level 1:colcon.colcon_core.package_identification:_identify(src/elevation_mapping_cupy/docs/source/python) by extension 'colcon_meta'
[0.700s] Level 1:colcon.colcon_core.package_identification:_identify(src/elevation_mapping_cupy/docs/source/python) by extensions ['ros']
[0.700s] Level 1:colcon.colcon_core.package_identification:_identify(src/elevation_mapping_cupy/docs/source/python) by extension 'ros'
[0.700s] Level 1:colcon.colcon_core.package_identification:_identify(src/elevation_mapping_cupy/docs/source/python) by extensions ['cmake', 'python']
[0.700s] Level 1:colcon.colcon_core.package_identification:_identify(src/elevation_mapping_cupy/docs/source/python) by extension 'cmake'
[0.700s] Level 1:colcon.colcon_core.package_identification:_identify(src/elevation_mapping_cupy/docs/source/python) by extension 'python'
[0.700s] Level 1:colcon.colcon_core.package_identification:_identify(src/elevation_mapping_cupy/docs/source/python) by extensions ['python_setup_py']
[0.700s] Level 1:colcon.colcon_core.package_identification:_identify(src/elevation_mapping_cupy/docs/source/python) by extension 'python_setup_py'
[0.700s] Level 1:colcon.colcon_core.package_identification:_identify(src/elevation_mapping_cupy/docs/source/release_notes) by extensions ['ignore', 'ignore_ament_install']
[0.701s] Level 1:colcon.colcon_core.package_identification:_identify(src/elevation_mapping_cupy/docs/source/release_notes) by extension 'ignore'
[0.701s] Level 1:colcon.colcon_core.package_identification:_identify(src/elevation_mapping_cupy/docs/source/release_notes) by extension 'ignore_ament_install'
[0.701s] Level 1:colcon.colcon_core.package_identification:_identify(src/elevation_mapping_cupy/docs/source/release_notes) by extensions ['colcon_pkg']
[0.701s] Level 1:colcon.colcon_core.package_identification:_identify(src/elevation_mapping_cupy/docs/source/release_notes) by extension 'colcon_pkg'
[0.701s] Level 1:colcon.colcon_core.package_identification:_identify(src/elevation_mapping_cupy/docs/source/release_notes) by extensions ['colcon_meta']
[0.701s] Level 1:colcon.colcon_core.package_identification:_identify(src/elevation_mapping_cupy/docs/source/release_notes) by extension 'colcon_meta'
[0.702s] Level 1:colcon.colcon_core.package_identification:_identify(src/elevation_mapping_cupy/docs/source/release_notes) by extensions ['ros']
[0.702s] Level 1:colcon.colcon_core.package_identification:_identify(src/elevation_mapping_cupy/docs/source/release_notes) by extension 'ros'
[0.702s] Level 1:colcon.colcon_core.package_identification:_identify(src/elevation_mapping_cupy/docs/source/release_notes) by extensions ['cmake', 'python']
[0.702s] Level 1:colcon.colcon_core.package_identification:_identify(src/elevation_mapping_cupy/docs/source/release_notes) by extension 'cmake'
[0.702s] Level 1:colcon.colcon_core.package_identification:_identify(src/elevation_mapping_cupy/docs/source/release_notes) by extension 'python'
[0.702s] Level 1:colcon.colcon_core.package_identification:_identify(src/elevation_mapping_cupy/docs/source/release_notes) by extensions ['python_setup_py']
[0.702s] Level 1:colcon.colcon_core.package_identification:_identify(src/elevation_mapping_cupy/docs/source/release_notes) by extension 'python_setup_py'
[0.702s] Level 1:colcon.colcon_core.package_identification:_identify(src/elevation_mapping_cupy/docs/source/usage) by extensions ['ignore', 'ignore_ament_install']
[0.702s] Level 1:colcon.colcon_core.package_identification:_identify(src/elevation_mapping_cupy/docs/source/usage) by extension 'ignore'
[0.702s] Level 1:colcon.colcon_core.package_identification:_identify(src/elevation_mapping_cupy/docs/source/usage) by extension 'ignore_ament_install'
[0.703s] Level 1:colcon.colcon_core.package_identification:_identify(src/elevation_mapping_cupy/docs/source/usage) by extensions ['colcon_pkg']
[0.703s] Level 1:colcon.colcon_core.package_identification:_identify(src/elevation_mapping_cupy/docs/source/usage) by extension 'colcon_pkg'
[0.703s] Level 1:colcon.colcon_core.package_identification:_identify(src/elevation_mapping_cupy/docs/source/usage) by extensions ['colcon_meta']
[0.703s] Level 1:colcon.colcon_core.package_identification:_identify(src/elevation_mapping_cupy/docs/source/usage) by extension 'colcon_meta'
[0.703s] Level 1:colcon.colcon_core.package_identification:_identify(src/elevation_mapping_cupy/docs/source/usage) by extensions ['ros']
[0.704s] Level 1:colcon.colcon_core.package_identification:_identify(src/elevation_mapping_cupy/docs/source/usage) by extension 'ros'
[0.705s] Level 1:colcon.colcon_core.package_identification:_identify(src/elevation_mapping_cupy/docs/source/usage) by extensions ['cmake', 'python']
[0.705s] Level 1:colcon.colcon_core.package_identification:_identify(src/elevation_mapping_cupy/docs/source/usage) by extension 'cmake'
[0.705s] Level 1:colcon.colcon_core.package_identification:_identify(src/elevation_mapping_cupy/docs/source/usage) by extension 'python'
[0.705s] Level 1:colcon.colcon_core.package_identification:_identify(src/elevation_mapping_cupy/docs/source/usage) by extensions ['python_setup_py']
[0.705s] Level 1:colcon.colcon_core.package_identification:_identify(src/elevation_mapping_cupy/docs/source/usage) by extension 'python_setup_py'
[0.705s] Level 1:colcon.colcon_core.package_identification:_identify(src/elevation_mapping_cupy/elevation_map_msgs) by extensions ['ignore', 'ignore_ament_install']
[0.705s] Level 1:colcon.colcon_core.package_identification:_identify(src/elevation_mapping_cupy/elevation_map_msgs) by extension 'ignore'
[0.705s] Level 1:colcon.colcon_core.package_identification:_identify(src/elevation_mapping_cupy/elevation_map_msgs) by extension 'ignore_ament_install'
[0.705s] Level 1:colcon.colcon_core.package_identification:_identify(src/elevation_mapping_cupy/elevation_map_msgs) by extensions ['colcon_pkg']
[0.705s] Level 1:colcon.colcon_core.package_identification:_identify(src/elevation_mapping_cupy/elevation_map_msgs) by extension 'colcon_pkg'
[0.706s] Level 1:colcon.colcon_core.package_identification:_identify(src/elevation_mapping_cupy/elevation_map_msgs) by extensions ['colcon_meta']
[0.706s] Level 1:colcon.colcon_core.package_identification:_identify(src/elevation_mapping_cupy/elevation_map_msgs) by extension 'colcon_meta'
[0.706s] Level 1:colcon.colcon_core.package_identification:_identify(src/elevation_mapping_cupy/elevation_map_msgs) by extensions ['ros']
[0.706s] Level 1:colcon.colcon_core.package_identification:_identify(src/elevation_mapping_cupy/elevation_map_msgs) by extension 'ros'
[0.710s] DEBUG:colcon.colcon_core.package_identification:Package 'src/elevation_mapping_cupy/elevation_map_msgs' with type 'ros.ament_cmake' and name 'elevation_map_msgs'
[0.710s] Level 1:colcon.colcon_core.package_identification:_identify(src/elevation_mapping_cupy/elevation_mapping_cupy) by extensions ['ignore', 'ignore_ament_install']
[0.711s] Level 1:colcon.colcon_core.package_identification:_identify(src/elevation_mapping_cupy/elevation_mapping_cupy) by extension 'ignore'
[0.711s] Level 1:colcon.colcon_core.package_identification:_identify(src/elevation_mapping_cupy/elevation_mapping_cupy) by extension 'ignore_ament_install'
[0.711s] Level 1:colcon.colcon_core.package_identification:_identify(src/elevation_mapping_cupy/elevation_mapping_cupy) by extensions ['colcon_pkg']
[0.711s] Level 1:colcon.colcon_core.package_identification:_identify(src/elevation_mapping_cupy/elevation_mapping_cupy) by extension 'colcon_pkg'
[0.711s] Level 1:colcon.colcon_core.package_identification:_identify(src/elevation_mapping_cupy/elevation_mapping_cupy) by extensions ['colcon_meta']
[0.711s] Level 1:colcon.colcon_core.package_identification:_identify(src/elevation_mapping_cupy/elevation_mapping_cupy) by extension 'colcon_meta'
[0.711s] Level 1:colcon.colcon_core.package_identification:_identify(src/elevation_mapping_cupy/elevation_mapping_cupy) by extensions ['ros']
[0.711s] Level 1:colcon.colcon_core.package_identification:_identify(src/elevation_mapping_cupy/elevation_mapping_cupy) by extension 'ros'
[0.719s] DEBUG:colcon.colcon_core.package_identification:Package 'src/elevation_mapping_cupy/elevation_mapping_cupy' with type 'ros.ament_cmake' and name 'elevation_mapping_cupy'
[0.721s] Level 1:colcon.colcon_core.package_identification:_identify(src/elevation_mapping_cupy/plane_segmentation) by extensions ['ignore', 'ignore_ament_install']
[0.722s] Level 1:colcon.colcon_core.package_identification:_identify(src/elevation_mapping_cupy/plane_segmentation) by extension 'ignore'
[0.722s] Level 1:colcon.colcon_core.package_identification:_identify(src/elevation_mapping_cupy/plane_segmentation) ignored
[0.722s] Level 1:colcon.colcon_core.package_identification:_identify(src/elevation_mapping_cupy/scripts) by extensions ['ignore', 'ignore_ament_install']
[0.722s] Level 1:colcon.colcon_core.package_identification:_identify(src/elevation_mapping_cupy/scripts) by extension 'ignore'
[0.722s] Level 1:colcon.colcon_core.package_identification:_identify(src/elevation_mapping_cupy/scripts) by extension 'ignore_ament_install'
[0.723s] Level 1:colcon.colcon_core.package_identification:_identify(src/elevation_mapping_cupy/scripts) by extensions ['colcon_pkg']
[0.723s] Level 1:colcon.colcon_core.package_identification:_identify(src/elevation_mapping_cupy/scripts) by extension 'colcon_pkg'
[0.723s] Level 1:colcon.colcon_core.package_identification:_identify(src/elevation_mapping_cupy/scripts) by extensions ['colcon_meta']
[0.723s] Level 1:colcon.colcon_core.package_identification:_identify(src/elevation_mapping_cupy/scripts) by extension 'colcon_meta'
[0.723s] Level 1:colcon.colcon_core.package_identification:_identify(src/elevation_mapping_cupy/scripts) by extensions ['ros']
[0.723s] Level 1:colcon.colcon_core.package_identification:_identify(src/elevation_mapping_cupy/scripts) by extension 'ros'
[0.723s] Level 1:colcon.colcon_core.package_identification:_identify(src/elevation_mapping_cupy/scripts) by extensions ['cmake', 'python']
[0.723s] Level 1:colcon.colcon_core.package_identification:_identify(src/elevation_mapping_cupy/scripts) by extension 'cmake'
[0.723s] Level 1:colcon.colcon_core.package_identification:_identify(src/elevation_mapping_cupy/scripts) by extension 'python'
[0.723s] Level 1:colcon.colcon_core.package_identification:_identify(src/elevation_mapping_cupy/scripts) by extensions ['python_setup_py']
[0.723s] Level 1:colcon.colcon_core.package_identification:_identify(src/elevation_mapping_cupy/scripts) by extension 'python_setup_py'
[0.723s] Level 1:colcon.colcon_core.package_identification:_identify(src/elevation_mapping_cupy/scripts/ci) by extensions ['ignore', 'ignore_ament_install']
[0.723s] Level 1:colcon.colcon_core.package_identification:_identify(src/elevation_mapping_cupy/scripts/ci) by extension 'ignore'
[0.724s] Level 1:colcon.colcon_core.package_identification:_identify(src/elevation_mapping_cupy/scripts/ci) by extension 'ignore_ament_install'
[0.724s] Level 1:colcon.colcon_core.package_identification:_identify(src/elevation_mapping_cupy/scripts/ci) by extensions ['colcon_pkg']
[0.724s] Level 1:colcon.colcon_core.package_identification:_identify(src/elevation_mapping_cupy/scripts/ci) by extension 'colcon_pkg'
[0.724s] Level 1:colcon.colcon_core.package_identification:_identify(src/elevation_mapping_cupy/scripts/ci) by extensions ['colcon_meta']
[0.724s] Level 1:colcon.colcon_core.package_identification:_identify(src/elevation_mapping_cupy/scripts/ci) by extension 'colcon_meta'
[0.725s] Level 1:colcon.colcon_core.package_identification:_identify(src/elevation_mapping_cupy/scripts/ci) by extensions ['ros']
[0.726s] Level 1:colcon.colcon_core.package_identification:_identify(src/elevation_mapping_cupy/scripts/ci) by extension 'ros'
[0.726s] Level 1:colcon.colcon_core.package_identification:_identify(src/elevation_mapping_cupy/scripts/ci) by extensions ['cmake', 'python']
[0.727s] Level 1:colcon.colcon_core.package_identification:_identify(src/elevation_mapping_cupy/scripts/ci) by extension 'cmake'
[0.727s] Level 1:colcon.colcon_core.package_identification:_identify(src/elevation_mapping_cupy/scripts/ci) by extension 'python'
[0.727s] Level 1:colcon.colcon_core.package_identification:_identify(src/elevation_mapping_cupy/scripts/ci) by extensions ['python_setup_py']
[0.727s] Level 1:colcon.colcon_core.package_identification:_identify(src/elevation_mapping_cupy/scripts/ci) by extension 'python_setup_py'
[0.729s] Level 1:colcon.colcon_core.package_identification:_identify(src/elevation_mapping_cupy/sensor_processing) by extensions ['ignore', 'ignore_ament_install']
[0.730s] Level 1:colcon.colcon_core.package_identification:_identify(src/elevation_mapping_cupy/sensor_processing) by extension 'ignore'
[0.731s] Level 1:colcon.colcon_core.package_identification:_identify(src/elevation_mapping_cupy/sensor_processing) by extension 'ignore_ament_install'
[0.732s] Level 1:colcon.colcon_core.package_identification:_identify(src/elevation_mapping_cupy/sensor_processing) by extensions ['colcon_pkg']
[0.732s] Level 1:colcon.colcon_core.package_identification:_identify(src/elevation_mapping_cupy/sensor_processing) by extension 'colcon_pkg'
[0.732s] Level 1:colcon.colcon_core.package_identification:_identify(src/elevation_mapping_cupy/sensor_processing) by extensions ['colcon_meta']
[0.732s] Level 1:colcon.colcon_core.package_identification:_identify(src/elevation_mapping_cupy/sensor_processing) by extension 'colcon_meta'
[0.732s] Level 1:colcon.colcon_core.package_identification:_identify(src/elevation_mapping_cupy/sensor_processing) by extensions ['ros']
[0.732s] Level 1:colcon.colcon_core.package_identification:_identify(src/elevation_mapping_cupy/sensor_processing) by extension 'ros'
[0.733s] Level 1:colcon.colcon_core.package_identification:_identify(src/elevation_mapping_cupy/sensor_processing) by extensions ['cmake', 'python']
[0.733s] Level 1:colcon.colcon_core.package_identification:_identify(src/elevation_mapping_cupy/sensor_processing) by extension 'cmake'
[0.733s] Level 1:colcon.colcon_core.package_identification:_identify(src/elevation_mapping_cupy/sensor_processing) by extension 'python'
[0.733s] Level 1:colcon.colcon_core.package_identification:_identify(src/elevation_mapping_cupy/sensor_processing) by extensions ['python_setup_py']
[0.733s] Level 1:colcon.colcon_core.package_identification:_identify(src/elevation_mapping_cupy/sensor_processing) by extension 'python_setup_py'
[0.733s] Level 1:colcon.colcon_core.package_identification:_identify(src/elevation_mapping_cupy/sensor_processing/semantic_sensor) by extensions ['ignore', 'ignore_ament_install']
[0.733s] Level 1:colcon.colcon_core.package_identification:_identify(src/elevation_mapping_cupy/sensor_processing/semantic_sensor) by extension 'ignore'
[0.734s] Level 1:colcon.colcon_core.package_identification:_identify(src/elevation_mapping_cupy/sensor_processing/semantic_sensor) by extension 'ignore_ament_install'
[0.734s] Level 1:colcon.colcon_core.package_identification:_identify(src/elevation_mapping_cupy/sensor_processing/semantic_sensor) by extensions ['colcon_pkg']
[0.734s] Level 1:colcon.colcon_core.package_identification:_identify(src/elevation_mapping_cupy/sensor_processing/semantic_sensor) by extension 'colcon_pkg'
[0.734s] Level 1:colcon.colcon_core.package_identification:_identify(src/elevation_mapping_cupy/sensor_processing/semantic_sensor) by extensions ['colcon_meta']
[0.734s] Level 1:colcon.colcon_core.package_identification:_identify(src/elevation_mapping_cupy/sensor_processing/semantic_sensor) by extension 'colcon_meta'
[0.734s] Level 1:colcon.colcon_core.package_identification:_identify(src/elevation_mapping_cupy/sensor_processing/semantic_sensor) by extensions ['ros']
[0.734s] Level 1:colcon.colcon_core.package_identification:_identify(src/elevation_mapping_cupy/sensor_processing/semantic_sensor) by extension 'ros'
[0.736s] DEBUG:colcon.colcon_core.package_identification:Package 'src/elevation_mapping_cupy/sensor_processing/semantic_sensor' with type 'ros.ament_python' and name 'semantic_sensor'
[0.737s] Level 1:colcon.colcon_core.package_identification:_identify(src/nebula2-wildos-main) by extensions ['ignore', 'ignore_ament_install']
[0.737s] Level 1:colcon.colcon_core.package_identification:_identify(src/nebula2-wildos-main) by extension 'ignore'
[0.737s] Level 1:colcon.colcon_core.package_identification:_identify(src/nebula2-wildos-main) by extension 'ignore_ament_install'
[0.737s] Level 1:colcon.colcon_core.package_identification:_identify(src/nebula2-wildos-main) by extensions ['colcon_pkg']
[0.737s] Level 1:colcon.colcon_core.package_identification:_identify(src/nebula2-wildos-main) by extension 'colcon_pkg'
[0.737s] Level 1:colcon.colcon_core.package_identification:_identify(src/nebula2-wildos-main) by extensions ['colcon_meta']
[0.737s] Level 1:colcon.colcon_core.package_identification:_identify(src/nebula2-wildos-main) by extension 'colcon_meta'
[0.737s] Level 1:colcon.colcon_core.package_identification:_identify(src/nebula2-wildos-main) by extensions ['ros']
[0.737s] Level 1:colcon.colcon_core.package_identification:_identify(src/nebula2-wildos-main) by extension 'ros'
[0.737s] Level 1:colcon.colcon_core.package_identification:_identify(src/nebula2-wildos-main) by extensions ['cmake', 'python']
[0.738s] Level 1:colcon.colcon_core.package_identification:_identify(src/nebula2-wildos-main) by extension 'cmake'
[0.738s] Level 1:colcon.colcon_core.package_identification:_identify(src/nebula2-wildos-main) by extension 'python'
[0.738s] Level 1:colcon.colcon_core.package_identification:_identify(src/nebula2-wildos-main) by extensions ['python_setup_py']
[0.738s] Level 1:colcon.colcon_core.package_identification:_identify(src/nebula2-wildos-main) by extension 'python_setup_py'
[0.739s] Level 1:colcon.colcon_core.package_identification:_identify(src/nebula2-wildos-main/assets) by extensions ['ignore', 'ignore_ament_install']
[0.739s] Level 1:colcon.colcon_core.package_identification:_identify(src/nebula2-wildos-main/assets) by extension 'ignore'
[0.739s] Level 1:colcon.colcon_core.package_identification:_identify(src/nebula2-wildos-main/assets) ignored
[0.739s] Level 1:colcon.colcon_core.package_identification:_identify(src/nebula2-wildos-main/ckpts) by extensions ['ignore', 'ignore_ament_install']
[0.739s] Level 1:colcon.colcon_core.package_identification:_identify(src/nebula2-wildos-main/ckpts) by extension 'ignore'
[0.740s] Level 1:colcon.colcon_core.package_identification:_identify(src/nebula2-wildos-main/ckpts) by extension 'ignore_ament_install'
[0.740s] Level 1:colcon.colcon_core.package_identification:_identify(src/nebula2-wildos-main/ckpts) by extensions ['colcon_pkg']
[0.740s] Level 1:colcon.colcon_core.package_identification:_identify(src/nebula2-wildos-main/ckpts) by extension 'colcon_pkg'
[0.740s] Level 1:colcon.colcon_core.package_identification:_identify(src/nebula2-wildos-main/ckpts) by extensions ['colcon_meta']
[0.740s] Level 1:colcon.colcon_core.package_identification:_identify(src/nebula2-wildos-main/ckpts) by extension 'colcon_meta'
[0.740s] Level 1:colcon.colcon_core.package_identification:_identify(src/nebula2-wildos-main/ckpts) by extensions ['ros']
[0.740s] Level 1:colcon.colcon_core.package_identification:_identify(src/nebula2-wildos-main/ckpts) by extension 'ros'
[0.740s] Level 1:colcon.colcon_core.package_identification:_identify(src/nebula2-wildos-main/ckpts) by extensions ['cmake', 'python']
[0.740s] Level 1:colcon.colcon_core.package_identification:_identify(src/nebula2-wildos-main/ckpts) by extension 'cmake'
[0.740s] Level 1:colcon.colcon_core.package_identification:_identify(src/nebula2-wildos-main/ckpts) by extension 'python'
[0.740s] Level 1:colcon.colcon_core.package_identification:_identify(src/nebula2-wildos-main/ckpts) by extensions ['python_setup_py']
[0.740s] Level 1:colcon.colcon_core.package_identification:_identify(src/nebula2-wildos-main/ckpts) by extension 'python_setup_py'
[0.741s] Level 1:colcon.colcon_core.package_identification:_identify(src/nebula2-wildos-main/explorfm) by extensions ['ignore', 'ignore_ament_install']
[0.741s] Level 1:colcon.colcon_core.package_identification:_identify(src/nebula2-wildos-main/explorfm) by extension 'ignore'
[0.741s] Level 1:colcon.colcon_core.package_identification:_identify(src/nebula2-wildos-main/explorfm) ignored
[0.741s] Level 1:colcon.colcon_core.package_identification:_identify(src/nebula2-wildos-main/explorfm_trainer) by extensions ['ignore', 'ignore_ament_install']
[0.741s] Level 1:colcon.colcon_core.package_identification:_identify(src/nebula2-wildos-main/explorfm_trainer) by extension 'ignore'
[0.741s] Level 1:colcon.colcon_core.package_identification:_identify(src/nebula2-wildos-main/explorfm_trainer) ignored
[0.741s] Level 1:colcon.colcon_core.package_identification:_identify(src/nebula2-wildos-main/gps_visualization) by extensions ['ignore', 'ignore_ament_install']
[0.742s] Level 1:colcon.colcon_core.package_identification:_identify(src/nebula2-wildos-main/gps_visualization) by extension 'ignore'
[0.742s] Level 1:colcon.colcon_core.package_identification:_identify(src/nebula2-wildos-main/gps_visualization) by extension 'ignore_ament_install'
[0.742s] Level 1:colcon.colcon_core.package_identification:_identify(src/nebula2-wildos-main/gps_visualization) by extensions ['colcon_pkg']
[0.742s] Level 1:colcon.colcon_core.package_identification:_identify(src/nebula2-wildos-main/gps_visualization) by extension 'colcon_pkg'
[0.742s] Level 1:colcon.colcon_core.package_identification:_identify(src/nebula2-wildos-main/gps_visualization) by extensions ['colcon_meta']
[0.742s] Level 1:colcon.colcon_core.package_identification:_identify(src/nebula2-wildos-main/gps_visualization) by extension 'colcon_meta'
[0.743s] Level 1:colcon.colcon_core.package_identification:_identify(src/nebula2-wildos-main/gps_visualization) by extensions ['ros']
[0.743s] Level 1:colcon.colcon_core.package_identification:_identify(src/nebula2-wildos-main/gps_visualization) by extension 'ros'
[0.745s] DEBUG:colcon.colcon_core.package_identification:Package 'src/nebula2-wildos-main/gps_visualization' with type 'ros.ament_cmake' and name 'gps_visualization'
[0.745s] Level 1:colcon.colcon_core.package_identification:_identify(src/nebula2-wildos-main/graaf_vendor) by extensions ['ignore', 'ignore_ament_install']
[0.745s] Level 1:colcon.colcon_core.package_identification:_identify(src/nebula2-wildos-main/graaf_vendor) by extension 'ignore'
[0.745s] Level 1:colcon.colcon_core.package_identification:_identify(src/nebula2-wildos-main/graaf_vendor) by extension 'ignore_ament_install'
[0.745s] Level 1:colcon.colcon_core.package_identification:_identify(src/nebula2-wildos-main/graaf_vendor) by extensions ['colcon_pkg']
[0.745s] Level 1:colcon.colcon_core.package_identification:_identify(src/nebula2-wildos-main/graaf_vendor) by extension 'colcon_pkg'
[0.745s] Level 1:colcon.colcon_core.package_identification:_identify(src/nebula2-wildos-main/graaf_vendor) by extensions ['colcon_meta']
[0.745s] Level 1:colcon.colcon_core.package_identification:_identify(src/nebula2-wildos-main/graaf_vendor) by extension 'colcon_meta'
[0.745s] Level 1:colcon.colcon_core.package_identification:_identify(src/nebula2-wildos-main/graaf_vendor) by extensions ['ros']
[0.746s] Level 1:colcon.colcon_core.package_identification:_identify(src/nebula2-wildos-main/graaf_vendor) by extension 'ros'
[0.746s] DEBUG:colcon.colcon_core.package_identification:Package 'src/nebula2-wildos-main/graaf_vendor' with type 'ros.ament_cmake' and name 'graaf_vendor'
[0.747s] Level 1:colcon.colcon_core.package_identification:_identify(src/nebula2-wildos-main/graphnav_builder) by extensions ['ignore', 'ignore_ament_install']
[0.747s] Level 1:colcon.colcon_core.package_identification:_identify(src/nebula2-wildos-main/graphnav_builder) by extension 'ignore'
[0.747s] Level 1:colcon.colcon_core.package_identification:_identify(src/nebula2-wildos-main/graphnav_builder) by extension 'ignore_ament_install'
[0.747s] Level 1:colcon.colcon_core.package_identification:_identify(src/nebula2-wildos-main/graphnav_builder) by extensions ['colcon_pkg']
[0.748s] Level 1:colcon.colcon_core.package_identification:_identify(src/nebula2-wildos-main/graphnav_builder) by extension 'colcon_pkg'
[0.748s] Level 1:colcon.colcon_core.package_identification:_identify(src/nebula2-wildos-main/graphnav_builder) by extensions ['colcon_meta']
[0.748s] Level 1:colcon.colcon_core.package_identification:_identify(src/nebula2-wildos-main/graphnav_builder) by extension 'colcon_meta'
[0.748s] Level 1:colcon.colcon_core.package_identification:_identify(src/nebula2-wildos-main/graphnav_builder) by extensions ['ros']
[0.748s] Level 1:colcon.colcon_core.package_identification:_identify(src/nebula2-wildos-main/graphnav_builder) by extension 'ros'
[0.749s] DEBUG:colcon.colcon_core.package_identification:Package 'src/nebula2-wildos-main/graphnav_builder' with type 'ros.ament_python' and name 'graphnav_builder'
[0.749s] Level 1:colcon.colcon_core.package_identification:_identify(src/nebula2-wildos-main/graphnav_msgs) by extensions ['ignore', 'ignore_ament_install']
[0.750s] Level 1:colcon.colcon_core.package_identification:_identify(src/nebula2-wildos-main/graphnav_msgs) by extension 'ignore'
[0.750s] Level 1:colcon.colcon_core.package_identification:_identify(src/nebula2-wildos-main/graphnav_msgs) by extension 'ignore_ament_install'
[0.750s] Level 1:colcon.colcon_core.package_identification:_identify(src/nebula2-wildos-main/graphnav_msgs) by extensions ['colcon_pkg']
[0.750s] Level 1:colcon.colcon_core.package_identification:_identify(src/nebula2-wildos-main/graphnav_msgs) by extension 'colcon_pkg'
[0.750s] Level 1:colcon.colcon_core.package_identification:_identify(src/nebula2-wildos-main/graphnav_msgs) by extensions ['colcon_meta']
[0.750s] Level 1:colcon.colcon_core.package_identification:_identify(src/nebula2-wildos-main/graphnav_msgs) by extension 'colcon_meta'
[0.750s] Level 1:colcon.colcon_core.package_identification:_identify(src/nebula2-wildos-main/graphnav_msgs) by extensions ['ros']
[0.750s] Level 1:colcon.colcon_core.package_identification:_identify(src/nebula2-wildos-main/graphnav_msgs) by extension 'ros'
[0.752s] DEBUG:colcon.colcon_core.package_identification:Package 'src/nebula2-wildos-main/graphnav_msgs' with type 'ros.ament_cmake' and name 'graphnav_msgs'
[0.752s] Level 1:colcon.colcon_core.package_identification:_identify(src/nebula2-wildos-main/graphnav_planner) by extensions ['ignore', 'ignore_ament_install']
[0.752s] Level 1:colcon.colcon_core.package_identification:_identify(src/nebula2-wildos-main/graphnav_planner) by extension 'ignore'
[0.753s] Level 1:colcon.colcon_core.package_identification:_identify(src/nebula2-wildos-main/graphnav_planner) by extension 'ignore_ament_install'
[0.754s] Level 1:colcon.colcon_core.package_identification:_identify(src/nebula2-wildos-main/graphnav_planner) by extensions ['colcon_pkg']
[0.754s] Level 1:colcon.colcon_core.package_identification:_identify(src/nebula2-wildos-main/graphnav_planner) by extension 'colcon_pkg'
[0.754s] Level 1:colcon.colcon_core.package_identification:_identify(src/nebula2-wildos-main/graphnav_planner) by extensions ['colcon_meta']
[0.754s] Level 1:colcon.colcon_core.package_identification:_identify(src/nebula2-wildos-main/graphnav_planner) by extension 'colcon_meta'
[0.754s] Level 1:colcon.colcon_core.package_identification:_identify(src/nebula2-wildos-main/graphnav_planner) by extensions ['ros']
[0.754s] Level 1:colcon.colcon_core.package_identification:_identify(src/nebula2-wildos-main/graphnav_planner) by extension 'ros'
[0.756s] DEBUG:colcon.colcon_core.package_identification:Package 'src/nebula2-wildos-main/graphnav_planner' with type 'ros.ament_cmake' and name 'graphnav_planner'
[0.757s] Level 1:colcon.colcon_core.package_identification:_identify(src/nebula2-wildos-main/nvidia_radio) by extensions ['ignore', 'ignore_ament_install']
[0.758s] Level 1:colcon.colcon_core.package_identification:_identify(src/nebula2-wildos-main/nvidia_radio) by extension 'ignore'
[0.758s] Level 1:colcon.colcon_core.package_identification:_identify(src/nebula2-wildos-main/nvidia_radio) ignored
[0.759s] Level 1:colcon.colcon_core.package_identification:_identify(src/nebula2-wildos-main/object_search_msgs) by extensions ['ignore', 'ignore_ament_install']
[0.759s] Level 1:colcon.colcon_core.package_identification:_identify(src/nebula2-wildos-main/object_search_msgs) by extension 'ignore'
[0.759s] Level 1:colcon.colcon_core.package_identification:_identify(src/nebula2-wildos-main/object_search_msgs) by extension 'ignore_ament_install'
[0.759s] Level 1:colcon.colcon_core.package_identification:_identify(src/nebula2-wildos-main/object_search_msgs) by extensions ['colcon_pkg']
[0.759s] Level 1:colcon.colcon_core.package_identification:_identify(src/nebula2-wildos-main/object_search_msgs) by extension 'colcon_pkg'
[0.759s] Level 1:colcon.colcon_core.package_identification:_identify(src/nebula2-wildos-main/object_search_msgs) by extensions ['colcon_meta']
[0.759s] Level 1:colcon.colcon_core.package_identification:_identify(src/nebula2-wildos-main/object_search_msgs) by extension 'colcon_meta'
[0.759s] Level 1:colcon.colcon_core.package_identification:_identify(src/nebula2-wildos-main/object_search_msgs) by extensions ['ros']
[0.759s] Level 1:colcon.colcon_core.package_identification:_identify(src/nebula2-wildos-main/object_search_msgs) by extension 'ros'
[0.762s] DEBUG:colcon.colcon_core.package_identification:Package 'src/nebula2-wildos-main/object_search_msgs' with type 'ros.ament_cmake' and name 'object_search_msgs'
[0.762s] Level 1:colcon.colcon_core.package_identification:_identify(src/nebula2-wildos-main/triangulation3d) by extensions ['ignore', 'ignore_ament_install']
[0.762s] Level 1:colcon.colcon_core.package_identification:_identify(src/nebula2-wildos-main/triangulation3d) by extension 'ignore'
[0.763s] Level 1:colcon.colcon_core.package_identification:_identify(src/nebula2-wildos-main/triangulation3d) by extension 'ignore_ament_install'
[0.763s] Level 1:colcon.colcon_core.package_identification:_identify(src/nebula2-wildos-main/triangulation3d) by extensions ['colcon_pkg']
[0.763s] Level 1:colcon.colcon_core.package_identification:_identify(src/nebula2-wildos-main/triangulation3d) by extension 'colcon_pkg'
[0.763s] Level 1:colcon.colcon_core.package_identification:_identify(src/nebula2-wildos-main/triangulation3d) by extensions ['colcon_meta']
[0.763s] Level 1:colcon.colcon_core.package_identification:_identify(src/nebula2-wildos-main/triangulation3d) by extension 'colcon_meta'
[0.763s] Level 1:colcon.colcon_core.package_identification:_identify(src/nebula2-wildos-main/triangulation3d) by extensions ['ros']
[0.764s] Level 1:colcon.colcon_core.package_identification:_identify(src/nebula2-wildos-main/triangulation3d) by extension 'ros'
[0.765s] DEBUG:colcon.colcon_core.package_identification:Package 'src/nebula2-wildos-main/triangulation3d' with type 'ros.ament_python' and name 'triangulation3d'
[0.766s] Level 1:colcon.colcon_core.package_identification:_identify(src/nebula2-wildos-main/visual_navigation) by extensions ['ignore', 'ignore_ament_install']
[0.766s] Level 1:colcon.colcon_core.package_identification:_identify(src/nebula2-wildos-main/visual_navigation) by extension 'ignore'
[0.766s] Level 1:colcon.colcon_core.package_identification:_identify(src/nebula2-wildos-main/visual_navigation) by extension 'ignore_ament_install'
[0.766s] Level 1:colcon.colcon_core.package_identification:_identify(src/nebula2-wildos-main/visual_navigation) by extensions ['colcon_pkg']
[0.766s] Level 1:colcon.colcon_core.package_identification:_identify(src/nebula2-wildos-main/visual_navigation) by extension 'colcon_pkg'
[0.766s] Level 1:colcon.colcon_core.package_identification:_identify(src/nebula2-wildos-main/visual_navigation) by extensions ['colcon_meta']
[0.766s] Level 1:colcon.colcon_core.package_identification:_identify(src/nebula2-wildos-main/visual_navigation) by extension 'colcon_meta'
[0.767s] Level 1:colcon.colcon_core.package_identification:_identify(src/nebula2-wildos-main/visual_navigation) by extensions ['ros']
[0.767s] Level 1:colcon.colcon_core.package_identification:_identify(src/nebula2-wildos-main/visual_navigation) by extension 'ros'
[0.768s] DEBUG:colcon.colcon_core.package_identification:Package 'src/nebula2-wildos-main/visual_navigation' with type 'ros.ament_python' and name 'visual_navigation'
[0.768s] Level 1:colcon.colcon_core.package_identification:_identify(src/ros2_numpy) by extensions ['ignore', 'ignore_ament_install']
[0.769s] Level 1:colcon.colcon_core.package_identification:_identify(src/ros2_numpy) by extension 'ignore'
[0.769s] Level 1:colcon.colcon_core.package_identification:_identify(src/ros2_numpy) by extension 'ignore_ament_install'
[0.769s] Level 1:colcon.colcon_core.package_identification:_identify(src/ros2_numpy) by extensions ['colcon_pkg']
[0.769s] Level 1:colcon.colcon_core.package_identification:_identify(src/ros2_numpy) by extension 'colcon_pkg'
[0.769s] Level 1:colcon.colcon_core.package_identification:_identify(src/ros2_numpy) by extensions ['colcon_meta']
[0.769s] Level 1:colcon.colcon_core.package_identification:_identify(src/ros2_numpy) by extension 'colcon_meta'
[0.769s] Level 1:colcon.colcon_core.package_identification:_identify(src/ros2_numpy) by extensions ['ros']
[0.769s] Level 1:colcon.colcon_core.package_identification:_identify(src/ros2_numpy) by extension 'ros'
[0.772s] DEBUG:colcon.colcon_core.package_identification:Package 'src/ros2_numpy' with type 'ros.ament_cmake' and name 'ros2_numpy'
[0.773s] Level 1:colcon.colcon_core.package_discovery:discover_packages(recursive) using defaults
[0.773s] Level 1:colcon.colcon_core.package_discovery:discover_packages(ignore) discover
[0.773s] Level 1:colcon.colcon_core.package_discovery:discover_packages(ignore) using defaults
[0.773s] Level 1:colcon.colcon_core.package_discovery:discover_packages(path) discover
[0.773s] Level 1:colcon.colcon_core.package_discovery:discover_packages(path) using defaults
[0.826s] INFO:colcon.colcon_core.package_selection:Skipping not selected package 'direct_lidar_inertial_odometry' in 'src/direct_lidar_inertial_odometry-feature-ros2'
[0.826s] INFO:colcon.colcon_core.package_selection:Skipping not selected package 'elevation_map_msgs' in 'src/elevation_mapping_cupy/elevation_map_msgs'
[0.827s] INFO:colcon.colcon_core.package_selection:Skipping not selected package 'gps_visualization' in 'src/nebula2-wildos-main/gps_visualization'
[0.827s] INFO:colcon.colcon_core.package_selection:Skipping not selected package 'graaf_vendor' in 'src/nebula2-wildos-main/graaf_vendor'
[0.827s] INFO:colcon.colcon_core.package_selection:Skipping not selected package 'graphnav_msgs' in 'src/nebula2-wildos-main/graphnav_msgs'
[0.827s] INFO:colcon.colcon_core.package_selection:Skipping not selected package 'object_search_msgs' in 'src/nebula2-wildos-main/object_search_msgs'
[0.827s] INFO:colcon.colcon_core.package_selection:Skipping not selected package 'ros2_numpy' in 'src/ros2_numpy'
[0.827s] INFO:colcon.colcon_core.package_selection:Skipping not selected package 'triangulation3d' in 'src/nebula2-wildos-main/triangulation3d'
[0.827s] INFO:colcon.colcon_core.package_selection:Skipping not selected package 'graphnav_builder' in 'src/nebula2-wildos-main/graphnav_builder'
[0.827s] INFO:colcon.colcon_core.package_selection:Skipping not selected package 'graphnav_planner' in 'src/nebula2-wildos-main/graphnav_planner'
[0.827s] INFO:colcon.colcon_core.package_selection:Skipping not selected package 'semantic_sensor' in 'src/elevation_mapping_cupy/sensor_processing/semantic_sensor'
[0.827s] INFO:colcon.colcon_core.package_selection:Skipping not selected package 'elevation_mapping_cupy' in 'src/elevation_mapping_cupy/elevation_mapping_cupy'
[0.827s] INFO:colcon.colcon_core.package_selection:Skipping not selected package 'dlio_gazebo_sim' in 'src/dlio_gazebo_sim'
[0.828s] Level 5:colcon.colcon_core.verb:set package 'visual_navigation' build argument 'cmake_args' from command line to 'None'
[0.828s] Level 5:colcon.colcon_core.verb:set package 'visual_navigation' build argument 'cmake_target' from command line to 'None'
[0.828s] Level 5:colcon.colcon_core.verb:set package 'visual_navigation' build argument 'cmake_target_skip_unavailable' from command line to 'False'
[0.828s] Level 5:colcon.colcon_core.verb:set package 'visual_navigation' build argument 'cmake_clean_cache' from command line to 'False'
[0.828s] Level 5:colcon.colcon_core.verb:set package 'visual_navigation' build argument 'cmake_clean_first' from command line to 'False'
[0.828s] Level 5:colcon.colcon_core.verb:set package 'visual_navigation' build argument 'cmake_force_configure' from command line to 'False'
[0.828s] Level 5:colcon.colcon_core.verb:set package 'visual_navigation' build argument 'ament_cmake_args' from command line to 'None'
[0.828s] Level 5:colcon.colcon_core.verb:set package 'visual_navigation' build argument 'catkin_cmake_args' from command line to 'None'
[0.828s] Level 5:colcon.colcon_core.verb:set package 'visual_navigation' build argument 'catkin_skip_building_tests' from command line to 'False'
[0.828s] DEBUG:colcon.colcon_core.verb:Building package 'visual_navigation' with the following arguments: {'ament_cmake_args': None, 'build_base': '/root/ros2_ws/build/visual_navigation', 'catkin_cmake_args': None, 'catkin_skip_building_tests': False, 'cmake_args': None, 'cmake_clean_cache': False, 'cmake_clean_first': False, 'cmake_force_configure': False, 'cmake_target': None, 'cmake_target_skip_unavailable': False, 'install_base': '/root/ros2_ws/install/visual_navigation', 'merge_install': False, 'path': '/root/ros2_ws/src/nebula2-wildos-main/visual_navigation', 'symlink_install': True, 'test_result_base': None}
[0.829s] INFO:colcon.colcon_core.executor:Executing jobs using 'parallel' executor
[0.834s] DEBUG:colcon.colcon_parallel_executor.executor.parallel:run_until_complete
[0.834s] INFO:colcon.colcon_ros.task.ament_python.build:Building ROS package in '/root/ros2_ws/src/nebula2-wildos-main/visual_navigation' with build type 'ament_python'
[0.835s] Level 1:colcon.colcon_core.shell:create_environment_hook('visual_navigation', 'ament_prefix_path')
[0.839s] INFO:colcon.colcon_core.plugin_system:Skipping extension 'colcon_core.shell.bat': Not used on non-Windows systems
[0.840s] INFO:colcon.colcon_core.shell:Creating environment hook '/root/ros2_ws/install/visual_navigation/share/visual_navigation/hook/ament_prefix_path.ps1'
[0.841s] INFO:colcon.colcon_core.shell:Creating environment descriptor '/root/ros2_ws/install/visual_navigation/share/visual_navigation/hook/ament_prefix_path.dsv'
[0.842s] INFO:colcon.colcon_core.shell:Creating environment hook '/root/ros2_ws/install/visual_navigation/share/visual_navigation/hook/ament_prefix_path.sh'
[0.843s] INFO:colcon.colcon_core.shell:Skip shell extension 'powershell' for command environment: Not usable outside of PowerShell
[0.843s] DEBUG:colcon.colcon_core.shell:Skip shell extension 'dsv' for command environment
[1.429s] INFO:colcon.colcon_core.task.python.build:Building Python package in '/root/ros2_ws/src/nebula2-wildos-main/visual_navigation'
[1.430s] INFO:colcon.colcon_core.shell:Skip shell extension 'powershell' for command environment: Not usable outside of PowerShell
[1.430s] DEBUG:colcon.colcon_core.shell:Skip shell extension 'dsv' for command environment
[2.963s] DEBUG:colcon.colcon_core.event_handler.log_command:Invoking command in '/root/ros2_ws/build/visual_navigation': AMENT_PREFIX_PATH=/root/ros2_ws/install/triangulation3d:/root/ros2_ws/install/object_search_msgs:/root/ros2_ws/install/graphnav_msgs:/root/ros2_ws/install/gps_visualization:${AMENT_PREFIX_PATH} CMAKE_PREFIX_PATH=/root/ros2_ws/install/object_search_msgs:/root/ros2_ws/install/graphnav_msgs:/root/ros2_ws/install/gps_visualization:${CMAKE_PREFIX_PATH} LD_LIBRARY_PATH=/root/ros2_ws/install/object_search_msgs/lib:/root/ros2_ws/install/graphnav_msgs/lib:/root/ros2_ws/install/gps_visualization/lib:${LD_LIBRARY_PATH} PYTHONPATH=/root/ros2_ws/build/visual_navigation/prefix_override:/usr/lib/python3/dist-packages/colcon_core/task/python/colcon_distutils_commands:/root/ros2_ws/install/visual_navigation/lib/python3.12/site-packages:/root/ros2_ws/build/triangulation3d:/root/ros2_ws/install/triangulation3d/lib/python3.12/site-packages:/root/ros2_ws/install/object_search_msgs/lib/python3.12/site-packages:/root/ros2_ws/install/graphnav_msgs/lib/python3.12/site-packages:/root/ros2_ws/install/gps_visualization/lib/python3.12/site-packages:${PYTHONPATH} /usr/bin/python3 -W ignore:setup.py install is deprecated -W ignore:easy_install command is deprecated setup.py develop --editable --build-directory /root/ros2_ws/build/visual_navigation/build --no-deps symlink_data
[4.357s] Level 1:colcon.colcon_core.shell:create_environment_hook('visual_navigation', 'pythonpath_develop')
[4.357s] INFO:colcon.colcon_core.shell:Creating environment hook '/root/ros2_ws/build/visual_navigation/share/visual_navigation/hook/pythonpath_develop.ps1'
[4.358s] INFO:colcon.colcon_core.shell:Creating environment descriptor '/root/ros2_ws/build/visual_navigation/share/visual_navigation/hook/pythonpath_develop.dsv'
[4.358s] INFO:colcon.colcon_core.shell:Creating environment hook '/root/ros2_ws/build/visual_navigation/share/visual_navigation/hook/pythonpath_develop.sh'
[4.360s] DEBUG:colcon.colcon_core.event_handler.log_command:Invoked command in '/root/ros2_ws/build/visual_navigation' returned '0': AMENT_PREFIX_PATH=/root/ros2_ws/install/triangulation3d:/root/ros2_ws/install/object_search_msgs:/root/ros2_ws/install/graphnav_msgs:/root/ros2_ws/install/gps_visualization:${AMENT_PREFIX_PATH} CMAKE_PREFIX_PATH=/root/ros2_ws/install/object_search_msgs:/root/ros2_ws/install/graphnav_msgs:/root/ros2_ws/install/gps_visualization:${CMAKE_PREFIX_PATH} LD_LIBRARY_PATH=/root/ros2_ws/install/object_search_msgs/lib:/root/ros2_ws/install/graphnav_msgs/lib:/root/ros2_ws/install/gps_visualization/lib:${LD_LIBRARY_PATH} PYTHONPATH=/root/ros2_ws/build/visual_navigation/prefix_override:/usr/lib/python3/dist-packages/colcon_core/task/python/colcon_distutils_commands:/root/ros2_ws/install/visual_navigation/lib/python3.12/site-packages:/root/ros2_ws/build/triangulation3d:/root/ros2_ws/install/triangulation3d/lib/python3.12/site-packages:/root/ros2_ws/install/object_search_msgs/lib/python3.12/site-packages:/root/ros2_ws/install/graphnav_msgs/lib/python3.12/site-packages:/root/ros2_ws/install/gps_visualization/lib/python3.12/site-packages:${PYTHONPATH} /usr/bin/python3 -W ignore:setup.py install is deprecated -W ignore:easy_install command is deprecated setup.py develop --editable --build-directory /root/ros2_ws/build/visual_navigation/build --no-deps symlink_data
[4.366s] Level 1:colcon.colcon_core.environment:checking '/root/ros2_ws/install/visual_navigation' for CMake module files
[4.367s] Level 1:colcon.colcon_core.environment:checking '/root/ros2_ws/install/visual_navigation' for CMake config files
[4.368s] Level 1:colcon.colcon_core.environment:checking '/root/ros2_ws/install/visual_navigation/lib'
[4.368s] Level 1:colcon.colcon_core.environment:checking '/root/ros2_ws/install/visual_navigation/bin'
[4.369s] Level 1:colcon.colcon_core.environment:checking '/root/ros2_ws/install/visual_navigation/lib/pkgconfig/visual_navigation.pc'
[4.369s] Level 1:colcon.colcon_core.environment:checking '/root/ros2_ws/install/visual_navigation/lib/python3.12/site-packages'
[4.369s] Level 1:colcon.colcon_core.shell:create_environment_hook('visual_navigation', 'pythonpath')
[4.369s] INFO:colcon.colcon_core.shell:Creating environment hook '/root/ros2_ws/install/visual_navigation/share/visual_navigation/hook/pythonpath.ps1'
[4.370s] INFO:colcon.colcon_core.shell:Creating environment descriptor '/root/ros2_ws/install/visual_navigation/share/visual_navigation/hook/pythonpath.dsv'
[4.371s] INFO:colcon.colcon_core.shell:Creating environment hook '/root/ros2_ws/install/visual_navigation/share/visual_navigation/hook/pythonpath.sh'
[4.372s] Level 1:colcon.colcon_core.environment:checking '/root/ros2_ws/install/visual_navigation/bin'
[4.372s] Level 1:colcon.colcon_core.environment:create_environment_scripts_only(visual_navigation)
[4.373s] INFO:colcon.colcon_core.shell:Creating package script '/root/ros2_ws/install/visual_navigation/share/visual_navigation/package.ps1'
[4.375s] INFO:colcon.colcon_core.shell:Creating package descriptor '/root/ros2_ws/install/visual_navigation/share/visual_navigation/package.dsv'
[4.376s] INFO:colcon.colcon_core.shell:Creating package script '/root/ros2_ws/install/visual_navigation/share/visual_navigation/package.sh'
[4.377s] INFO:colcon.colcon_core.shell:Creating package script '/root/ros2_ws/install/visual_navigation/share/visual_navigation/package.bash'
[4.378s] INFO:colcon.colcon_core.shell:Creating package script '/root/ros2_ws/install/visual_navigation/share/visual_navigation/package.zsh'
[4.380s] Level 1:colcon.colcon_core.environment:create_file_with_runtime_dependencies(/root/ros2_ws/install/visual_navigation/share/colcon-core/packages/visual_navigation)
[4.380s] DEBUG:colcon.colcon_parallel_executor.executor.parallel:closing loop
[4.381s] DEBUG:colcon.colcon_parallel_executor.executor.parallel:loop closed
[4.381s] DEBUG:colcon.colcon_parallel_executor.executor.parallel:run_until_complete finished with '0'
[4.381s] DEBUG:colcon.colcon_core.event_reactor:joining thread
[4.401s] INFO:colcon.colcon_core.plugin_system:Skipping extension 'colcon_notification.desktop_notification.notify_send': Could not find 'notify-send'
[4.402s] INFO:colcon.colcon_core.plugin_system:Skipping extension 'colcon_notification.desktop_notification.terminal_notifier': Not used on non-Darwin systems
[4.402s] INFO:colcon.colcon_core.plugin_system:Skipping extension 'colcon_notification.desktop_notification.win32': Not used on non-Windows systems
[4.402s] INFO:colcon.colcon_notification.desktop_notification:Sending desktop notification using 'notify2'
[4.405s] DEBUG:colcon.colcon_notification.desktop_notification.notify2:Failed to initialize notify2: org.freedesktop.DBus.Error.Spawn.ExecFailed: /usr/bin/dbus-launch terminated abnormally without any error message
[4.405s] DEBUG:colcon.colcon_core.event_reactor:joined thread
[4.406s] INFO:colcon.colcon_core.shell:Creating prefix script '/root/ros2_ws/install/local_setup.ps1'
[4.407s] INFO:colcon.colcon_core.shell:Creating prefix util module '/root/ros2_ws/install/_local_setup_util_ps1.py'
[4.409s] INFO:colcon.colcon_core.shell:Creating prefix chain script '/root/ros2_ws/install/setup.ps1'
[4.411s] INFO:colcon.colcon_core.shell:Creating prefix script '/root/ros2_ws/install/local_setup.sh'
[4.413s] INFO:colcon.colcon_core.shell:Creating prefix util module '/root/ros2_ws/install/_local_setup_util_sh.py'
[4.414s] INFO:colcon.colcon_core.shell:Creating prefix chain script '/root/ros2_ws/install/setup.sh'
[4.417s] INFO:colcon.colcon_core.shell:Creating prefix script '/root/ros2_ws/install/local_setup.bash'
[4.419s] INFO:colcon.colcon_core.shell:Creating prefix chain script '/root/ros2_ws/install/setup.bash'
[4.424s] INFO:colcon.colcon_core.shell:Creating prefix script '/root/ros2_ws/install/local_setup.zsh'
[4.426s] INFO:colcon.colcon_core.shell:Creating prefix chain script '/root/ros2_ws/install/setup.zsh'
