[1.211s] Invoking command in '/root/ros2_ws/build/visual_navigation': AMENT_PREFIX_PATH=/root/ros2_ws/install/triangulation3d:/root/ros2_ws/install/object_search_msgs:/root/ros2_ws/install/graphnav_msgs:/root/ros2_ws/install/gps_visualization:${AMENT_PREFIX_PATH} CMAKE_PREFIX_PATH=/root/ros2_ws/install/object_search_msgs:/root/ros2_ws/install/graphnav_msgs:/root/ros2_ws/install/gps_visualization:${CMAKE_PREFIX_PATH} LD_LIBRARY_PATH=/root/ros2_ws/install/object_search_msgs/lib:/root/ros2_ws/install/graphnav_msgs/lib:/root/ros2_ws/install/gps_visualization/lib:${LD_LIBRARY_PATH} PYTHONPATH=/root/ros2_ws/build/visual_navigation/prefix_override:/usr/lib/python3/dist-packages/colcon_core/task/python/colcon_distutils_commands:/root/ros2_ws/install/visual_navigation/lib/python3.12/site-packages:/root/ros2_ws/build/triangulation3d:/root/ros2_ws/install/triangulation3d/lib/python3.12/site-packages:/root/ros2_ws/install/object_search_msgs/lib/python3.12/site-packages:/root/ros2_ws/install/graphnav_msgs/lib/python3.12/site-packages:/root/ros2_ws/install/gps_visualization/lib/python3.12/site-packages:${PYTHONPATH} /usr/bin/python3 -W ignore:setup.py install is deprecated -W ignore:easy_install command is deprecated setup.py develop --editable --build-directory /root/ros2_ws/build/visual_navigation/build --no-deps symlink_data
[1.603s] running develop
[1.804s] running egg_info
[1.804s] creating visual_navigation.egg-info
[1.823s] writing visual_navigation.egg-info/PKG-INFO
[1.824s] writing dependency_links to visual_navigation.egg-info/dependency_links.txt
[1.824s] writing entry points to visual_navigation.egg-info/entry_points.txt
[1.824s] writing requirements to visual_navigation.egg-info/requires.txt
[1.824s] writing top-level names to visual_navigation.egg-info/top_level.txt
[1.824s] writing manifest file 'visual_navigation.egg-info/SOURCES.txt'
[1.864s] reading manifest file 'visual_navigation.egg-info/SOURCES.txt'
[1.864s] writing manifest file 'visual_navigation.egg-info/SOURCES.txt'
[1.885s] running build_ext
[1.885s] Creating /root/ros2_ws/install/visual_navigation/lib/python3.12/site-packages/visual-navigation.egg-link (link to .)
[1.886s] Installing explorfm_triangulate script to /root/ros2_ws/install/visual_navigation/lib/visual_navigation
[1.886s] Installing geo_frontier_nav script to /root/ros2_ws/install/visual_navigation/lib/visual_navigation
[1.886s] Installing gps_save script to /root/ros2_ws/install/visual_navigation/lib/visual_navigation
[1.886s] Installing gps_viz script to /root/ros2_ws/install/visual_navigation/lib/visual_navigation
[1.887s] Installing img_frontier_nav script to /root/ros2_ws/install/visual_navigation/lib/visual_navigation
[1.887s] Installing lrn script to /root/ros2_ws/install/visual_navigation/lib/visual_navigation
[1.887s] Installing metrics_save script to /root/ros2_ws/install/visual_navigation/lib/visual_navigation
[1.887s] Installing obj_mask_triangulation script to /root/ros2_ws/install/visual_navigation/lib/visual_navigation
[1.887s] Installing viz_net script to /root/ros2_ws/install/visual_navigation/lib/visual_navigation
[1.888s] Installing wildos script to /root/ros2_ws/install/visual_navigation/lib/visual_navigation
[1.888s] 
[1.888s] Installed /root/ros2_ws/build/visual_navigation
[1.888s] running symlink_data
[1.889s] creating /root/ros2_ws/install/visual_navigation/share/ament_index
[1.889s] creating /root/ros2_ws/install/visual_navigation/share/ament_index/resource_index
[1.889s] creating /root/ros2_ws/install/visual_navigation/share/ament_index/resource_index/packages
[1.889s] symbolically linking /root/ros2_ws/build/visual_navigation/resource/visual_navigation -> /root/ros2_ws/install/visual_navigation/share/ament_index/resource_index/packages
[1.889s] symbolically linking /root/ros2_ws/build/visual_navigation/package.xml -> /root/ros2_ws/install/visual_navigation/share/visual_navigation
[1.890s] creating /root/ros2_ws/install/visual_navigation/share/visual_navigation/configs
[1.890s] symbolically linking /root/ros2_ws/build/visual_navigation/configs/triangulation3d_objsearch_conf.yaml -> /root/ros2_ws/install/visual_navigation/share/visual_navigation/configs
[1.890s] symbolically linking /root/ros2_ws/build/visual_navigation/configs/geofrontier_nav_conf.yaml -> /root/ros2_ws/install/visual_navigation/share/visual_navigation/configs
[1.890s] symbolically linking /root/ros2_ws/build/visual_navigation/configs/explorfm_triangulator_conf.yaml -> /root/ros2_ws/install/visual_navigation/share/visual_navigation/configs
[1.890s] symbolically linking /root/ros2_ws/build/visual_navigation/configs/imgfrontier_nav_conf.yaml -> /root/ros2_ws/install/visual_navigation/share/visual_navigation/configs
[1.890s] symbolically linking /root/ros2_ws/build/visual_navigation/configs/dlio_gazebo_wildos.yaml -> /root/ros2_ws/install/visual_navigation/share/visual_navigation/configs
[1.890s] symbolically linking /root/ros2_ws/build/visual_navigation/configs/wildos_nav_conf.yaml -> /root/ros2_ws/install/visual_navigation/share/visual_navigation/configs
[1.890s] symbolically linking /root/ros2_ws/build/visual_navigation/configs/lrn_nav_conf.yaml -> /root/ros2_ws/install/visual_navigation/share/visual_navigation/configs
[1.891s] creating /root/ros2_ws/install/visual_navigation/share/visual_navigation/rviz
[1.891s] creating /root/ros2_ws/install/visual_navigation/share/visual_navigation/launch
[1.891s] symbolically linking /root/ros2_ws/build/visual_navigation/launch/imgfrontier_nav_launch.py -> /root/ros2_ws/install/visual_navigation/share/visual_navigation/launch
[1.891s] symbolically linking /root/ros2_ws/build/visual_navigation/launch/explorfm_triangulation_launch.py -> /root/ros2_ws/install/visual_navigation/share/visual_navigation/launch
[1.891s] symbolically linking /root/ros2_ws/build/visual_navigation/launch/save_gps_launch.py -> /root/ros2_ws/install/visual_navigation/share/visual_navigation/launch
[1.891s] symbolically linking /root/ros2_ws/build/visual_navigation/launch/lrn_launch.py -> /root/ros2_ws/install/visual_navigation/share/visual_navigation/launch
[1.891s] symbolically linking /root/ros2_ws/build/visual_navigation/launch/wildos_launch.py -> /root/ros2_ws/install/visual_navigation/share/visual_navigation/launch
[1.917s] Invoked command in '/root/ros2_ws/build/visual_navigation' returned '0': AMENT_PREFIX_PATH=/root/ros2_ws/install/triangulation3d:/root/ros2_ws/install/object_search_msgs:/root/ros2_ws/install/graphnav_msgs:/root/ros2_ws/install/gps_visualization:${AMENT_PREFIX_PATH} CMAKE_PREFIX_PATH=/root/ros2_ws/install/object_search_msgs:/root/ros2_ws/install/graphnav_msgs:/root/ros2_ws/install/gps_visualization:${CMAKE_PREFIX_PATH} LD_LIBRARY_PATH=/root/ros2_ws/install/object_search_msgs/lib:/root/ros2_ws/install/graphnav_msgs/lib:/root/ros2_ws/install/gps_visualization/lib:${LD_LIBRARY_PATH} PYTHONPATH=/root/ros2_ws/build/visual_navigation/prefix_override:/usr/lib/python3/dist-packages/colcon_core/task/python/colcon_distutils_commands:/root/ros2_ws/install/visual_navigation/lib/python3.12/site-packages:/root/ros2_ws/build/triangulation3d:/root/ros2_ws/install/triangulation3d/lib/python3.12/site-packages:/root/ros2_ws/install/object_search_msgs/lib/python3.12/site-packages:/root/ros2_ws/install/graphnav_msgs/lib/python3.12/site-packages:/root/ros2_ws/install/gps_visualization/lib/python3.12/site-packages:${PYTHONPATH} /usr/bin/python3 -W ignore:setup.py install is deprecated -W ignore:easy_install command is deprecated setup.py develop --editable --build-directory /root/ros2_ws/build/visual_navigation/build --no-deps symlink_data
