running develop
running egg_info
creating wildos_rosbag_bridge.egg-info
writing wildos_rosbag_bridge.egg-info/PKG-INFO
writing dependency_links to wildos_rosbag_bridge.egg-info/dependency_links.txt
writing entry points to wildos_rosbag_bridge.egg-info/entry_points.txt
writing requirements to wildos_rosbag_bridge.egg-info/requires.txt
writing top-level names to wildos_rosbag_bridge.egg-info/top_level.txt
writing manifest file 'wildos_rosbag_bridge.egg-info/SOURCES.txt'
reading manifest file 'wildos_rosbag_bridge.egg-info/SOURCES.txt'
writing manifest file 'wildos_rosbag_bridge.egg-info/SOURCES.txt'
running build_ext
Creating /root/ros2_ws/install/wildos_rosbag_bridge/lib/python3.12/site-packages/wildos-rosbag-bridge.egg-link (link to .)
Installing alphasense_to_wildos script to /root/ros2_ws/install/wildos_rosbag_bridge/lib/wildos_rosbag_bridge

Installed /root/ros2_ws/build/wildos_rosbag_bridge
running symlink_data
creating /root/ros2_ws/install/wildos_rosbag_bridge/share/ament_index
creating /root/ros2_ws/install/wildos_rosbag_bridge/share/ament_index/resource_index
creating /root/ros2_ws/install/wildos_rosbag_bridge/share/ament_index/resource_index/packages
symbolically linking /root/ros2_ws/build/wildos_rosbag_bridge/resource/wildos_rosbag_bridge -> /root/ros2_ws/install/wildos_rosbag_bridge/share/ament_index/resource_index/packages
symbolically linking /root/ros2_ws/build/wildos_rosbag_bridge/package.xml -> /root/ros2_ws/install/wildos_rosbag_bridge/share/wildos_rosbag_bridge
creating /root/ros2_ws/install/wildos_rosbag_bridge/share/wildos_rosbag_bridge/launch
symbolically linking /root/ros2_ws/build/wildos_rosbag_bridge/launch/alphasense_to_wildos.launch.py -> /root/ros2_ws/install/wildos_rosbag_bridge/share/wildos_rosbag_bridge/launch
