[1.922s] Invoking command in '/root/ros2_ws/build/visual_navigation': AMENT_PREFIX_PATH=/root/ros2_ws/install/triangulation3d:/root/ros2_ws/install/object_search_msgs:/root/ros2_ws/install/graphnav_msgs:/root/ros2_ws/install/gps_visualization:${AMENT_PREFIX_PATH} CMAKE_PREFIX_PATH=/root/ros2_ws/install/object_search_msgs:/root/ros2_ws/install/graphnav_msgs:/root/ros2_ws/install/gps_visualization:${CMAKE_PREFIX_PATH} LD_LIBRARY_PATH=/root/ros2_ws/install/object_search_msgs/lib:/root/ros2_ws/install/graphnav_msgs/lib:/root/ros2_ws/install/gps_visualization/lib:${LD_LIBRARY_PATH} PYTHONPATH=/root/ros2_ws/build/visual_navigation/prefix_override:/usr/lib/python3/dist-packages/colcon_core/task/python/colcon_distutils_commands:/root/ros2_ws/install/visual_navigation/lib/python3.12/site-packages:/root/ros2_ws/build/triangulation3d:/root/ros2_ws/install/triangulation3d/lib/python3.12/site-packages:/root/ros2_ws/install/object_search_msgs/lib/python3.12/site-packages:/root/ros2_ws/install/graphnav_msgs/lib/python3.12/site-packages:/root/ros2_ws/install/gps_visualization/lib/python3.12/site-packages:${PYTHONPATH} /usr/bin/python3 -W ignore:setup.py install is deprecated -W ignore:easy_install command is deprecated setup.py develop --editable --build-directory /root/ros2_ws/build/visual_navigation/build --no-deps symlink_data
[2.593s] running develop
[2.998s] running egg_info
[3.062s] writing visual_navigation.egg-info/PKG-INFO
[3.062s] writing dependency_links to visual_navigation.egg-info/dependency_links.txt
[3.066s] writing entry points to visual_navigation.egg-info/entry_points.txt
[3.066s] writing requirements to visual_navigation.egg-info/requires.txt
[3.067s] writing top-level names to visual_navigation.egg-info/top_level.txt
[3.170s] reading manifest file 'visual_navigation.egg-info/SOURCES.txt'
[3.174s] writing manifest file 'visual_navigation.egg-info/SOURCES.txt'
[3.223s] running build_ext
[3.223s] Creating /root/ros2_ws/install/visual_navigation/lib/python3.12/site-packages/visual-navigation.egg-link (link to .)
[3.226s] Installing explorfm_camera_probe script to /root/ros2_ws/install/visual_navigation/lib/visual_navigation
[3.227s] Installing explorfm_triangulate script to /root/ros2_ws/install/visual_navigation/lib/visual_navigation
[3.228s] Installing geo_frontier_nav script to /root/ros2_ws/install/visual_navigation/lib/visual_navigation
[3.229s] Installing gps_save script to /root/ros2_ws/install/visual_navigation/lib/visual_navigation
[3.229s] Installing gps_viz script to /root/ros2_ws/install/visual_navigation/lib/visual_navigation
[3.229s] Installing img_frontier_nav script to /root/ros2_ws/install/visual_navigation/lib/visual_navigation
[3.230s] Installing lrn script to /root/ros2_ws/install/visual_navigation/lib/visual_navigation
[3.230s] Installing metrics_save script to /root/ros2_ws/install/visual_navigation/lib/visual_navigation
[3.230s] Installing obj_mask_triangulation script to /root/ros2_ws/install/visual_navigation/lib/visual_navigation
[3.230s] Installing viz_net script to /root/ros2_ws/install/visual_navigation/lib/visual_navigation
[3.230s] Installing wildos script to /root/ros2_ws/install/visual_navigation/lib/visual_navigation
[3.231s] 
[3.231s] Installed /root/ros2_ws/build/visual_navigation
[3.231s] running symlink_data
[3.321s] Invoked command in '/root/ros2_ws/build/visual_navigation' returned '0': AMENT_PREFIX_PATH=/root/ros2_ws/install/triangulation3d:/root/ros2_ws/install/object_search_msgs:/root/ros2_ws/install/graphnav_msgs:/root/ros2_ws/install/gps_visualization:${AMENT_PREFIX_PATH} CMAKE_PREFIX_PATH=/root/ros2_ws/install/object_search_msgs:/root/ros2_ws/install/graphnav_msgs:/root/ros2_ws/install/gps_visualization:${CMAKE_PREFIX_PATH} LD_LIBRARY_PATH=/root/ros2_ws/install/object_search_msgs/lib:/root/ros2_ws/install/graphnav_msgs/lib:/root/ros2_ws/install/gps_visualization/lib:${LD_LIBRARY_PATH} PYTHONPATH=/root/ros2_ws/build/visual_navigation/prefix_override:/usr/lib/python3/dist-packages/colcon_core/task/python/colcon_distutils_commands:/root/ros2_ws/install/visual_navigation/lib/python3.12/site-packages:/root/ros2_ws/build/triangulation3d:/root/ros2_ws/install/triangulation3d/lib/python3.12/site-packages:/root/ros2_ws/install/object_search_msgs/lib/python3.12/site-packages:/root/ros2_ws/install/graphnav_msgs/lib/python3.12/site-packages:/root/ros2_ws/install/gps_visualization/lib/python3.12/site-packages:${PYTHONPATH} /usr/bin/python3 -W ignore:setup.py install is deprecated -W ignore:easy_install command is deprecated setup.py develop --editable --build-directory /root/ros2_ws/build/visual_navigation/build --no-deps symlink_data
