[0.018s] Invoking command in '/root/ros2_ws/build/elevation_mapping_cupy': AMENT_PREFIX_PATH=/root/ros2_ws/install/semantic_sensor:/root/ros2_ws/install/ros2_numpy:/root/ros2_ws/install/elevation_map_msgs:${AMENT_PREFIX_PATH} CMAKE_PREFIX_PATH=/root/ros2_ws/install/ros2_numpy:/root/ros2_ws/install/elevation_map_msgs:/opt/ros/jazzy/opt/gz_sim_vendor:/opt/ros/jazzy/opt/gz_sensors_vendor:/opt/ros/jazzy/opt/gz_physics_vendor:/opt/ros/jazzy/opt/sdformat_vendor:/opt/ros/jazzy/opt/gz_gui_vendor:/opt/ros/jazzy/opt/gz_transport_vendor:/opt/ros/jazzy/opt/gz_rendering_vendor:/opt/ros/jazzy/opt/gz_plugin_vendor:/opt/ros/jazzy/opt/gz_fuel_tools_vendor:/opt/ros/jazzy/opt/gz_msgs_vendor:/opt/ros/jazzy/opt/gz_common_vendor:/opt/ros/jazzy/opt/gz_math_vendor:/opt/ros/jazzy/opt/gz_utils_vendor:/opt/ros/jazzy/opt/gz_tools_vendor:/opt/ros/jazzy/opt/gz_ogre_next_vendor:/opt/ros/jazzy/opt/gz_dartsim_vendor:/opt/ros/jazzy/opt/gz_cmake_vendor:/opt/ros/jazzy LD_LIBRARY_PATH=/root/ros2_ws/install/elevation_map_msgs/lib:${LD_LIBRARY_PATH} PYTHONPATH=/root/ros2_ws/build/semantic_sensor:/root/ros2_ws/install/semantic_sensor/lib/python3.12/site-packages:/root/ros2_ws/install/ros2_numpy/lib/python3.12/site-packages:/root/ros2_ws/install/elevation_map_msgs/lib/python3.12/site-packages:${PYTHONPATH} /usr/bin/cmake --build /root/ros2_ws/build/elevation_mapping_cupy -- -j8 -l8
[0.115s] Built target ament_cmake_python_symlink_elevation_mapping_cupy_setup
[0.125s] Built target ament_cmake_python_symlink_elevation_mapping_cupy
[0.534s] running egg_info
[0.577s] writing elevation_mapping_cupy.egg-info/PKG-INFO
[0.578s] writing dependency_links to elevation_mapping_cupy.egg-info/dependency_links.txt
[0.578s] writing top-level names to elevation_mapping_cupy.egg-info/top_level.txt
[0.662s] reading manifest file 'elevation_mapping_cupy.egg-info/SOURCES.txt'
[0.664s] writing manifest file 'elevation_mapping_cupy.egg-info/SOURCES.txt'
[0.725s] Built target ament_cmake_python_build_elevation_mapping_cupy_egg
[0.739s] Invoked command in '/root/ros2_ws/build/elevation_mapping_cupy' returned '0': AMENT_PREFIX_PATH=/root/ros2_ws/install/semantic_sensor:/root/ros2_ws/install/ros2_numpy:/root/ros2_ws/install/elevation_map_msgs:${AMENT_PREFIX_PATH} CMAKE_PREFIX_PATH=/root/ros2_ws/install/ros2_numpy:/root/ros2_ws/install/elevation_map_msgs:/opt/ros/jazzy/opt/gz_sim_vendor:/opt/ros/jazzy/opt/gz_sensors_vendor:/opt/ros/jazzy/opt/gz_physics_vendor:/opt/ros/jazzy/opt/sdformat_vendor:/opt/ros/jazzy/opt/gz_gui_vendor:/opt/ros/jazzy/opt/gz_transport_vendor:/opt/ros/jazzy/opt/gz_rendering_vendor:/opt/ros/jazzy/opt/gz_plugin_vendor:/opt/ros/jazzy/opt/gz_fuel_tools_vendor:/opt/ros/jazzy/opt/gz_msgs_vendor:/opt/ros/jazzy/opt/gz_common_vendor:/opt/ros/jazzy/opt/gz_math_vendor:/opt/ros/jazzy/opt/gz_utils_vendor:/opt/ros/jazzy/opt/gz_tools_vendor:/opt/ros/jazzy/opt/gz_ogre_next_vendor:/opt/ros/jazzy/opt/gz_dartsim_vendor:/opt/ros/jazzy/opt/gz_cmake_vendor:/opt/ros/jazzy LD_LIBRARY_PATH=/root/ros2_ws/install/elevation_map_msgs/lib:${LD_LIBRARY_PATH} PYTHONPATH=/root/ros2_ws/build/semantic_sensor:/root/ros2_ws/install/semantic_sensor/lib/python3.12/site-packages:/root/ros2_ws/install/ros2_numpy/lib/python3.12/site-packages:/root/ros2_ws/install/elevation_map_msgs/lib/python3.12/site-packages:${PYTHONPATH} /usr/bin/cmake --build /root/ros2_ws/build/elevation_mapping_cupy -- -j8 -l8
[0.741s] Invoking command in '/root/ros2_ws/build/elevation_mapping_cupy': AMENT_PREFIX_PATH=/root/ros2_ws/install/semantic_sensor:/root/ros2_ws/install/ros2_numpy:/root/ros2_ws/install/elevation_map_msgs:${AMENT_PREFIX_PATH} CMAKE_PREFIX_PATH=/root/ros2_ws/install/ros2_numpy:/root/ros2_ws/install/elevation_map_msgs:/opt/ros/jazzy/opt/gz_sim_vendor:/opt/ros/jazzy/opt/gz_sensors_vendor:/opt/ros/jazzy/opt/gz_physics_vendor:/opt/ros/jazzy/opt/sdformat_vendor:/opt/ros/jazzy/opt/gz_gui_vendor:/opt/ros/jazzy/opt/gz_transport_vendor:/opt/ros/jazzy/opt/gz_rendering_vendor:/opt/ros/jazzy/opt/gz_plugin_vendor:/opt/ros/jazzy/opt/gz_fuel_tools_vendor:/opt/ros/jazzy/opt/gz_msgs_vendor:/opt/ros/jazzy/opt/gz_common_vendor:/opt/ros/jazzy/opt/gz_math_vendor:/opt/ros/jazzy/opt/gz_utils_vendor:/opt/ros/jazzy/opt/gz_tools_vendor:/opt/ros/jazzy/opt/gz_ogre_next_vendor:/opt/ros/jazzy/opt/gz_dartsim_vendor:/opt/ros/jazzy/opt/gz_cmake_vendor:/opt/ros/jazzy LD_LIBRARY_PATH=/root/ros2_ws/install/elevation_map_msgs/lib:${LD_LIBRARY_PATH} PYTHONPATH=/root/ros2_ws/build/semantic_sensor:/root/ros2_ws/install/semantic_sensor/lib/python3.12/site-packages:/root/ros2_ws/install/ros2_numpy/lib/python3.12/site-packages:/root/ros2_ws/install/elevation_map_msgs/lib/python3.12/site-packages:${PYTHONPATH} /usr/bin/cmake --install /root/ros2_ws/build/elevation_mapping_cupy
[0.752s] -- Install configuration: ""
[0.753s] -- Execute custom install script
[0.754s] -- Up-to-date symlink: /root/ros2_ws/install/elevation_mapping_cupy/share/elevation_mapping_cupy/environment/pythonpath.sh
[0.754s] -- Up-to-date symlink: /root/ros2_ws/install/elevation_mapping_cupy/share/elevation_mapping_cupy/environment/pythonpath.dsv
[0.754s] -- Up-to-date symlink: /root/ros2_ws/install/elevation_mapping_cupy/lib/python3.12/site-packages/elevation_mapping_cupy-2.1.0-py3.12.egg-info/PKG-INFO
[0.755s] -- Up-to-date symlink: /root/ros2_ws/install/elevation_mapping_cupy/lib/python3.12/site-packages/elevation_mapping_cupy-2.1.0-py3.12.egg-info/SOURCES.txt
[0.755s] -- Up-to-date symlink: /root/ros2_ws/install/elevation_mapping_cupy/lib/python3.12/site-packages/elevation_mapping_cupy-2.1.0-py3.12.egg-info/dependency_links.txt
[0.755s] -- Up-to-date symlink: /root/ros2_ws/install/elevation_mapping_cupy/lib/python3.12/site-packages/elevation_mapping_cupy-2.1.0-py3.12.egg-info/top_level.txt
[0.757s] -- Up-to-date symlink: /root/ros2_ws/install/elevation_mapping_cupy/lib/python3.12/site-packages/elevation_mapping_cupy/__init__.py
[0.757s] -- Up-to-date symlink: /root/ros2_ws/install/elevation_mapping_cupy/lib/python3.12/site-packages/elevation_mapping_cupy/elevation_mapping.py
[0.757s] -- Up-to-date symlink: /root/ros2_ws/install/elevation_mapping_cupy/lib/python3.12/site-packages/elevation_mapping_cupy/elevation_mapping_node.py
[0.757s] -- Up-to-date symlink: /root/ros2_ws/install/elevation_mapping_cupy/lib/python3.12/site-packages/elevation_mapping_cupy/gridmap_utils.py
[0.758s] -- Up-to-date symlink: /root/ros2_ws/install/elevation_mapping_cupy/lib/python3.12/site-packages/elevation_mapping_cupy/kernels/__init__.py
[0.758s] -- Up-to-date symlink: /root/ros2_ws/install/elevation_mapping_cupy/lib/python3.12/site-packages/elevation_mapping_cupy/kernels/custom_image_kernels.py
[0.758s] -- Up-to-date symlink: /root/ros2_ws/install/elevation_mapping_cupy/lib/python3.12/site-packages/elevation_mapping_cupy/kernels/custom_kernels.py
[0.758s] -- Up-to-date symlink: /root/ros2_ws/install/elevation_mapping_cupy/lib/python3.12/site-packages/elevation_mapping_cupy/kernels/custom_semantic_kernels.py
[0.758s] -- Up-to-date symlink: /root/ros2_ws/install/elevation_mapping_cupy/lib/python3.12/site-packages/elevation_mapping_cupy/kernels/kk.py
[0.759s] -- Up-to-date symlink: /root/ros2_ws/install/elevation_mapping_cupy/lib/python3.12/site-packages/elevation_mapping_cupy/listener_test.py
[0.759s] -- Up-to-date symlink: /root/ros2_ws/install/elevation_mapping_cupy/lib/python3.12/site-packages/elevation_mapping_cupy/map_initializer.py
[0.759s] -- Up-to-date symlink: /root/ros2_ws/install/elevation_mapping_cupy/lib/python3.12/site-packages/elevation_mapping_cupy/parameter.py
[0.759s] -- Up-to-date symlink: /root/ros2_ws/install/elevation_mapping_cupy/lib/python3.12/site-packages/elevation_mapping_cupy/plugins/__init__.py
[0.759s] -- Up-to-date symlink: /root/ros2_ws/install/elevation_mapping_cupy/lib/python3.12/site-packages/elevation_mapping_cupy/plugins/erosion.py
[0.759s] -- Up-to-date symlink: /root/ros2_ws/install/elevation_mapping_cupy/lib/python3.12/site-packages/elevation_mapping_cupy/plugins/inpainting.py
[0.760s] -- Up-to-date symlink: /root/ros2_ws/install/elevation_mapping_cupy/lib/python3.12/site-packages/elevation_mapping_cupy/plugins/max_filter.py
[0.760s] -- Up-to-date symlink: /root/ros2_ws/install/elevation_mapping_cupy/lib/python3.12/site-packages/elevation_mapping_cupy/plugins/max_layer_filter.py
[0.760s] -- Up-to-date symlink: /root/ros2_ws/install/elevation_mapping_cupy/lib/python3.12/site-packages/elevation_mapping_cupy/plugins/min_filter.py
[0.760s] -- Up-to-date symlink: /root/ros2_ws/install/elevation_mapping_cupy/lib/python3.12/site-packages/elevation_mapping_cupy/plugins/near_base_height_filter.py
[0.760s] -- Up-to-date symlink: /root/ros2_ws/install/elevation_mapping_cupy/lib/python3.12/site-packages/elevation_mapping_cupy/plugins/plugin_manager.py
[0.760s] -- Up-to-date symlink: /root/ros2_ws/install/elevation_mapping_cupy/lib/python3.12/site-packages/elevation_mapping_cupy/plugins/positive_spike_filter.py
[0.760s] -- Up-to-date symlink: /root/ros2_ws/install/elevation_mapping_cupy/lib/python3.12/site-packages/elevation_mapping_cupy/plugins/robot_centric_elevation.py
[0.761s] -- Up-to-date symlink: /root/ros2_ws/install/elevation_mapping_cupy/lib/python3.12/site-packages/elevation_mapping_cupy/plugins/smooth_filter.py
[0.761s] -- Up-to-date symlink: /root/ros2_ws/install/elevation_mapping_cupy/lib/python3.12/site-packages/elevation_mapping_cupy/tests/__init__.py
[0.761s] -- Up-to-date symlink: /root/ros2_ws/install/elevation_mapping_cupy/lib/python3.12/site-packages/elevation_mapping_cupy/tests/data/mole_elevation_snapshot.npz
[0.761s] -- Up-to-date symlink: /root/ros2_ws/install/elevation_mapping_cupy/lib/python3.12/site-packages/elevation_mapping_cupy/tests/test_elevation_mapping.py
[0.761s] -- Up-to-date symlink: /root/ros2_ws/install/elevation_mapping_cupy/lib/python3.12/site-packages/elevation_mapping_cupy/tests/test_gridmap_layout.py
[0.761s] -- Up-to-date symlink: /root/ros2_ws/install/elevation_mapping_cupy/lib/python3.12/site-packages/elevation_mapping_cupy/tests/test_height_gate_translation_invariance.py
[0.762s] -- Up-to-date symlink: /root/ros2_ws/install/elevation_mapping_cupy/lib/python3.12/site-packages/elevation_mapping_cupy/tests/test_indexing_center.py
[0.762s] -- Up-to-date symlink: /root/ros2_ws/install/elevation_mapping_cupy/lib/python3.12/site-packages/elevation_mapping_cupy/tests/test_inpainting_plugin.py
[0.763s] -- Up-to-date symlink: /root/ros2_ws/install/elevation_mapping_cupy/lib/python3.12/site-packages/elevation_mapping_cupy/tests/test_kernel_compile_smoke.py
[0.763s] -- Up-to-date symlink: /root/ros2_ws/install/elevation_mapping_cupy/lib/python3.12/site-packages/elevation_mapping_cupy/tests/test_map_services.py
[0.763s] -- Up-to-date symlink: /root/ros2_ws/install/elevation_mapping_cupy/lib/python3.12/site-packages/elevation_mapping_cupy/tests/test_map_shifting.py
[0.763s] -- Up-to-date symlink: /root/ros2_ws/install/elevation_mapping_cupy/lib/python3.12/site-packages/elevation_mapping_cupy/tests/test_near_base_height_filter.py
[0.764s] -- Up-to-date symlink: /root/ros2_ws/install/elevation_mapping_cupy/lib/python3.12/site-packages/elevation_mapping_cupy/tests/test_parameter.py
[0.764s] -- Up-to-date symlink: /root/ros2_ws/install/elevation_mapping_cupy/lib/python3.12/site-packages/elevation_mapping_cupy/tests/test_positive_spike_filter.py
[0.764s] -- Up-to-date symlink: /root/ros2_ws/install/elevation_mapping_cupy/lib/python3.12/site-packages/elevation_mapping_cupy/tests/test_positive_spike_filter_shovel_snapshot.py
[0.766s] -- Up-to-date symlink: /root/ros2_ws/install/elevation_mapping_cupy/lib/python3.12/site-packages/elevation_mapping_cupy/tests/test_repo_config_sanity.py
[0.766s] -- Up-to-date symlink: /root/ros2_ws/install/elevation_mapping_cupy/lib/python3.12/site-packages/elevation_mapping_cupy/traversability_filter.py
[0.766s] -- Up-to-date symlink: /root/ros2_ws/install/elevation_mapping_cupy/lib/python3.12/site-packages/elevation_mapping_cupy/traversability_polygon.py
[0.766s] -- Up-to-date symlink: /root/ros2_ws/install/elevation_mapping_cupy/lib/elevation_mapping_cupy/elevation_mapping_node.py
[0.767s] -- Up-to-date symlink: /root/ros2_ws/install/elevation_mapping_cupy/lib/elevation_mapping_cupy/synthetic_pointcloud_tf_publisher.py
[0.767s] -- Up-to-date symlink: /root/ros2_ws/install/elevation_mapping_cupy/share/elevation_mapping_cupy/launch/elevation_mapping.launch.py
[0.767s] -- Up-to-date symlink: /root/ros2_ws/install/elevation_mapping_cupy/share/elevation_mapping_cupy/launch/synthetic_depth_demo.launch.py
[0.767s] -- Up-to-date symlink: /root/ros2_ws/install/elevation_mapping_cupy/share/elevation_mapping_cupy/launch/turtlesim_init.launch.py
[0.768s] -- Up-to-date symlink: /root/ros2_ws/install/elevation_mapping_cupy/share/elevation_mapping_cupy/launch/turtlesim_semantic_image_example.launch.py
[0.768s] -- Up-to-date symlink: /root/ros2_ws/install/elevation_mapping_cupy/share/elevation_mapping_cupy/launch/turtlesim_semantic_pointcloud_example.launch.py
[0.768s] -- Up-to-date symlink: /root/ros2_ws/install/elevation_mapping_cupy/share/elevation_mapping_cupy/config/core/core_param.yaml
[0.769s] -- Up-to-date symlink: /root/ros2_ws/install/elevation_mapping_cupy/share/elevation_mapping_cupy/config/core/plugin_config.yaml
[0.769s] -- Up-to-date symlink: /root/ros2_ws/install/elevation_mapping_cupy/share/elevation_mapping_cupy/config/core/weights.dat
[0.769s] -- Up-to-date symlink: /root/ros2_ws/install/elevation_mapping_cupy/share/elevation_mapping_cupy/config/setups/dlio_gazebo/base.yaml
[0.769s] -- Symlinking: /root/ros2_ws/install/elevation_mapping_cupy/share/elevation_mapping_cupy/config/setups/dlio_gazebo/rosbag_deskewed_lidar.yaml
[0.783s] -- Up-to-date symlink: /root/ros2_ws/install/elevation_mapping_cupy/share/elevation_mapping_cupy/config/setups/menzi/base.yaml
[0.783s] -- Up-to-date symlink: /root/ros2_ws/install/elevation_mapping_cupy/share/elevation_mapping_cupy/config/setups/synthetic/synthetic_depth.yaml
[0.783s] -- Up-to-date symlink: /root/ros2_ws/install/elevation_mapping_cupy/share/elevation_mapping_cupy/config/setups/turtle_bot/turtle_bot_semantics_image.yaml
[0.784s] -- Up-to-date symlink: /root/ros2_ws/install/elevation_mapping_cupy/share/elevation_mapping_cupy/config/setups/turtle_bot/turtle_bot_semantics_pointcloud.yaml
[0.784s] -- Up-to-date symlink: /root/ros2_ws/install/elevation_mapping_cupy/share/elevation_mapping_cupy/rviz/synthetic_demo.rviz
[0.784s] -- Up-to-date symlink: /root/ros2_ws/install/elevation_mapping_cupy/share/elevation_mapping_cupy/rviz/turtle_example.rviz
[0.784s] -- Up-to-date symlink: /root/ros2_ws/install/elevation_mapping_cupy/share/elevation_mapping_cupy/rviz/turtle_features_example.rviz
[0.784s] -- Up-to-date symlink: /root/ros2_ws/install/elevation_mapping_cupy/share/elevation_mapping_cupy/rviz/turtle_semantic_example.rviz
[0.784s] -- Up-to-date symlink: /root/ros2_ws/install/elevation_mapping_cupy/share/elevation_mapping_cupy/rviz/turtle_sim_laser.rviz
[0.784s] -- Up-to-date symlink: /root/ros2_ws/install/elevation_mapping_cupy/share/elevation_mapping_cupy/test/config/test_integration.yaml
[0.784s] -- Up-to-date symlink: /root/ros2_ws/install/elevation_mapping_cupy/share/elevation_mapping_cupy/test/test_map_save_load_services.py
[0.785s] -- Up-to-date symlink: /root/ros2_ws/install/elevation_mapping_cupy/share/elevation_mapping_cupy/test/test_semantic_launch_descriptions.py
[0.785s] -- Up-to-date symlink: /root/ros2_ws/install/elevation_mapping_cupy/share/elevation_mapping_cupy/test/test_synthetic_demo_launch.py
[0.785s] -- Up-to-date symlink: /root/ros2_ws/install/elevation_mapping_cupy/share/elevation_mapping_cupy/test/test_tf_gridmap_integration.py
[0.785s] -- Up-to-date symlink: /root/ros2_ws/install/elevation_mapping_cupy/share/ament_index/resource_index/package_run_dependencies/elevation_mapping_cupy
[0.785s] -- Up-to-date symlink: /root/ros2_ws/install/elevation_mapping_cupy/share/ament_index/resource_index/parent_prefix_path/elevation_mapping_cupy
[0.785s] -- Up-to-date symlink: /root/ros2_ws/install/elevation_mapping_cupy/share/elevation_mapping_cupy/environment/ament_prefix_path.sh
[0.785s] -- Up-to-date symlink: /root/ros2_ws/install/elevation_mapping_cupy/share/elevation_mapping_cupy/environment/ament_prefix_path.dsv
[0.786s] -- Up-to-date symlink: /root/ros2_ws/install/elevation_mapping_cupy/share/elevation_mapping_cupy/environment/path.sh
[0.786s] -- Up-to-date symlink: /root/ros2_ws/install/elevation_mapping_cupy/share/elevation_mapping_cupy/environment/path.dsv
[0.786s] -- Up-to-date symlink: /root/ros2_ws/install/elevation_mapping_cupy/share/elevation_mapping_cupy/local_setup.bash
[0.786s] -- Up-to-date symlink: /root/ros2_ws/install/elevation_mapping_cupy/share/elevation_mapping_cupy/local_setup.sh
[0.787s] -- Up-to-date symlink: /root/ros2_ws/install/elevation_mapping_cupy/share/elevation_mapping_cupy/local_setup.zsh
[0.787s] -- Up-to-date symlink: /root/ros2_ws/install/elevation_mapping_cupy/share/elevation_mapping_cupy/local_setup.dsv
[0.787s] -- Symlinking: /root/ros2_ws/install/elevation_mapping_cupy/share/elevation_mapping_cupy/package.dsv
[0.799s] -- Up-to-date symlink: /root/ros2_ws/install/elevation_mapping_cupy/share/ament_index/resource_index/packages/elevation_mapping_cupy
[0.799s] -- Up-to-date symlink: /root/ros2_ws/install/elevation_mapping_cupy/share/elevation_mapping_cupy/cmake/ament_cmake_export_dependencies-extras.cmake
[0.799s] -- Up-to-date symlink: /root/ros2_ws/install/elevation_mapping_cupy/share/elevation_mapping_cupy/cmake/elevation_mapping_cupyConfig.cmake
[0.799s] -- Up-to-date symlink: /root/ros2_ws/install/elevation_mapping_cupy/share/elevation_mapping_cupy/cmake/elevation_mapping_cupyConfig-version.cmake
[0.799s] -- Up-to-date symlink: /root/ros2_ws/install/elevation_mapping_cupy/share/elevation_mapping_cupy/package.xml
[0.855s] Listing '/root/ros2_ws/install/elevation_mapping_cupy/lib/python3.12/site-packages/elevation_mapping_cupy'...
[0.855s] Listing '/root/ros2_ws/install/elevation_mapping_cupy/lib/python3.12/site-packages/elevation_mapping_cupy/kernels'...
[0.855s] Listing '/root/ros2_ws/install/elevation_mapping_cupy/lib/python3.12/site-packages/elevation_mapping_cupy/plugins'...
[0.855s] Listing '/root/ros2_ws/install/elevation_mapping_cupy/lib/python3.12/site-packages/elevation_mapping_cupy/tests'...
[0.855s] Listing '/root/ros2_ws/install/elevation_mapping_cupy/lib/python3.12/site-packages/elevation_mapping_cupy/tests/data'...
[0.865s] Invoked command in '/root/ros2_ws/build/elevation_mapping_cupy' returned '0': AMENT_PREFIX_PATH=/root/ros2_ws/install/semantic_sensor:/root/ros2_ws/install/ros2_numpy:/root/ros2_ws/install/elevation_map_msgs:${AMENT_PREFIX_PATH} CMAKE_PREFIX_PATH=/root/ros2_ws/install/ros2_numpy:/root/ros2_ws/install/elevation_map_msgs:/opt/ros/jazzy/opt/gz_sim_vendor:/opt/ros/jazzy/opt/gz_sensors_vendor:/opt/ros/jazzy/opt/gz_physics_vendor:/opt/ros/jazzy/opt/sdformat_vendor:/opt/ros/jazzy/opt/gz_gui_vendor:/opt/ros/jazzy/opt/gz_transport_vendor:/opt/ros/jazzy/opt/gz_rendering_vendor:/opt/ros/jazzy/opt/gz_plugin_vendor:/opt/ros/jazzy/opt/gz_fuel_tools_vendor:/opt/ros/jazzy/opt/gz_msgs_vendor:/opt/ros/jazzy/opt/gz_common_vendor:/opt/ros/jazzy/opt/gz_math_vendor:/opt/ros/jazzy/opt/gz_utils_vendor:/opt/ros/jazzy/opt/gz_tools_vendor:/opt/ros/jazzy/opt/gz_ogre_next_vendor:/opt/ros/jazzy/opt/gz_dartsim_vendor:/opt/ros/jazzy/opt/gz_cmake_vendor:/opt/ros/jazzy LD_LIBRARY_PATH=/root/ros2_ws/install/elevation_map_msgs/lib:${LD_LIBRARY_PATH} PYTHONPATH=/root/ros2_ws/build/semantic_sensor:/root/ros2_ws/install/semantic_sensor/lib/python3.12/site-packages:/root/ros2_ws/install/ros2_numpy/lib/python3.12/site-packages:/root/ros2_ws/install/elevation_map_msgs/lib/python3.12/site-packages:${PYTHONPATH} /usr/bin/cmake --install /root/ros2_ws/build/elevation_mapping_cupy
