-- The C compiler identification is GNU 13.3.0
-- The CXX compiler identification is GNU 13.3.0
-- Detecting C compiler ABI info
-- Detecting C compiler ABI info - done
-- Check for working C compiler: /usr/bin/cc - skipped
-- Detecting C compile features
-- Detecting C compile features - done
-- Detecting CXX compiler ABI info
-- Detecting CXX compiler ABI info - done
-- Check for working CXX compiler: /usr/bin/c++ - skipped
-- Detecting CXX compile features
-- Detecting CXX compile features - done
-- Found ament_cmake: 2.5.6 (/opt/ros/jazzy/share/ament_cmake/cmake)
-- Found Python3: /usr/bin/python3 (found version "3.12.3") found components: Interpreter 
-- Override CMake install command with custom implementation using symlinks instead of copying resources
-- Found rosidl_default_generators: 1.6.0 (/opt/ros/jazzy/share/rosidl_default_generators/cmake)
-- Using all available rosidl_typesupport_c: rosidl_typesupport_fastrtps_c;rosidl_typesupport_introspection_c
-- Using all available rosidl_typesupport_cpp: rosidl_typesupport_fastrtps_cpp;rosidl_typesupport_introspection_cpp
-- Found rosidl_adapter: 4.6.7 (/opt/ros/jazzy/share/rosidl_adapter/cmake)
-- Found std_msgs: 5.3.7 (/opt/ros/jazzy/share/std_msgs/cmake)
-- Found nav_msgs: 5.3.7 (/opt/ros/jazzy/share/nav_msgs/cmake)
-- Found sensor_msgs: 5.3.7 (/opt/ros/jazzy/share/sensor_msgs/cmake)
-- Found tf2_msgs: 0.36.20 (/opt/ros/jazzy/share/tf2_msgs/cmake)
-- Found ament_cmake_ros: 0.12.0 (/opt/ros/jazzy/share/ament_cmake_ros/cmake)
-- Using all available rosidl_typesupport_c: rosidl_typesupport_fastrtps_c;rosidl_typesupport_introspection_c
-- Using all available rosidl_typesupport_cpp: rosidl_typesupport_fastrtps_cpp;rosidl_typesupport_introspection_cpp
-- Found python_cmake_module: 0.11.1 (/opt/ros/jazzy/share/python_cmake_module/cmake)
-- Found PythonExtra: /usr/bin/python3  
-- Found Python3: /usr/bin/python3 (found version "3.12.3") found components: Interpreter Development NumPy Development.Module Development.Embed 
-- Found Python3: /usr/bin/python3 (found version "3.12.3") found components: Interpreter 
-- Found ament_lint_auto: 0.17.5 (/opt/ros/jazzy/share/ament_lint_auto/cmake)
-- Added test 'lint_cmake' to check CMake code style
-- Added test 'xmllint' to check XML markup files
-- Configuring done (4.1s)
-- Generating done (0.0s)
-- Build files have been written to: /root/ros2_ws/build/object_search_msgs
[  2%] Generating type hashes for ROS interfaces
[  5%] Generating Rust code for ROS interfaces
[  5%] Built target ament_cmake_python_symlink_object_search_msgs
[  5%] Built target object_search_msgs__rosidl_generator_type_description
[  8%] Generating C code for ROS interfaces
[ 11%] Generating C++ code for ROS interfaces
running egg_info
creating object_search_msgs.egg-info
[ 11%] Built target object_search_msgs__rs
writing object_search_msgs.egg-info/PKG-INFO
writing dependency_links to object_search_msgs.egg-info/dependency_links.txt
writing top-level names to object_search_msgs.egg-info/top_level.txt
writing manifest file 'object_search_msgs.egg-info/SOURCES.txt'
reading manifest file 'object_search_msgs.egg-info/SOURCES.txt'
writing manifest file 'object_search_msgs.egg-info/SOURCES.txt'
[ 11%] Built target ament_cmake_python_build_object_search_msgs_egg
[ 11%] Built target object_search_msgs__cpp
[ 14%] Building C object CMakeFiles/object_search_msgs__rosidl_generator_c.dir/rosidl_generator_c/object_search_msgs/msg/detail/object_mask_with_tf__type_support.c.o
[ 17%] Building C object CMakeFiles/object_search_msgs__rosidl_generator_c.dir/rosidl_generator_c/object_search_msgs/msg/detail/object_mask_with_tf__description.c.o
[ 20%] Building C object CMakeFiles/object_search_msgs__rosidl_generator_c.dir/rosidl_generator_c/object_search_msgs/msg/detail/object_mask_with_tf__functions.c.o
[ 22%] Linking C shared library libobject_search_msgs__rosidl_generator_c.so
[ 22%] Built target object_search_msgs__rosidl_generator_c
[ 25%] Generating C type support dispatch for ROS interfaces
[ 31%] Generating C type support for eProsima Fast-RTPS
[ 31%] Generating C++ type support dispatch for ROS interfaces
[ 37%] Generating C++ introspection for ROS interfaces
[ 37%] Generating C++ type support for eProsima Fast-RTPS
[ 40%] Generating C introspection for ROS interfaces
[ 42%] Building CXX object CMakeFiles/object_search_msgs__rosidl_typesupport_cpp.dir/rosidl_typesupport_cpp/object_search_msgs/msg/object_mask_with_tf__type_support.cpp.o
[ 45%] Building CXX object CMakeFiles/object_search_msgs__rosidl_typesupport_fastrtps_c.dir/rosidl_typesupport_fastrtps_c/object_search_msgs/msg/detail/object_mask_with_tf__type_support_c.cpp.o
[ 48%] Building C object CMakeFiles/object_search_msgs__rosidl_typesupport_introspection_c.dir/rosidl_typesupport_introspection_c/object_search_msgs/msg/detail/object_mask_with_tf__type_support.c.o
[ 51%] Building CXX object CMakeFiles/object_search_msgs__rosidl_typesupport_c.dir/rosidl_typesupport_c/object_search_msgs/msg/object_mask_with_tf__type_support.cpp.o
[ 54%] Linking C shared library libobject_search_msgs__rosidl_typesupport_introspection_c.so
[ 57%] Building CXX object CMakeFiles/object_search_msgs__rosidl_typesupport_fastrtps_cpp.dir/rosidl_typesupport_fastrtps_cpp/object_search_msgs/msg/detail/dds_fastrtps/object_mask_with_tf__type_support.cpp.o
[ 60%] Building CXX object CMakeFiles/object_search_msgs__rosidl_typesupport_introspection_cpp.dir/rosidl_typesupport_introspection_cpp/object_search_msgs/msg/detail/object_mask_with_tf__type_support.cpp.o
[ 62%] Linking CXX shared library libobject_search_msgs__rosidl_typesupport_c.so
[ 62%] Built target object_search_msgs__rosidl_typesupport_introspection_c
[ 62%] Built target object_search_msgs__rosidl_typesupport_c
[ 65%] Linking CXX shared library libobject_search_msgs__rosidl_typesupport_cpp.so
[ 65%] Built target object_search_msgs__rosidl_typesupport_cpp
[ 68%] Linking CXX shared library libobject_search_msgs__rosidl_typesupport_fastrtps_c.so
[ 68%] Built target object_search_msgs__rosidl_typesupport_fastrtps_c
[ 71%] Linking CXX shared library libobject_search_msgs__rosidl_typesupport_introspection_cpp.so
[ 74%] Linking CXX shared library libobject_search_msgs__rosidl_typesupport_fastrtps_cpp.so
[ 74%] Built target object_search_msgs__rosidl_typesupport_introspection_cpp
[ 74%] Built target object_search_msgs__rosidl_typesupport_fastrtps_cpp
[ 74%] Built target object_search_msgs
[ 77%] Generating Python code for ROS interfaces
[ 77%] Built target object_search_msgs__py
[ 80%] Building C object CMakeFiles/object_search_msgs__rosidl_generator_py.dir/rosidl_generator_py/object_search_msgs/msg/_object_mask_with_tf_s.c.o
[ 82%] Linking C shared library libobject_search_msgs__rosidl_generator_py.so
[ 82%] Built target object_search_msgs__rosidl_generator_py
[ 85%] Building C object CMakeFiles/object_search_msgs_s__rosidl_typesupport_fastrtps_c.dir/rosidl_generator_py/object_search_msgs/_object_search_msgs_s.ep.rosidl_typesupport_fastrtps_c.c.o
[ 91%] Building C object CMakeFiles/object_search_msgs_s__rosidl_typesupport_c.dir/rosidl_generator_py/object_search_msgs/_object_search_msgs_s.ep.rosidl_typesupport_c.c.o
[ 91%] Building C object CMakeFiles/object_search_msgs_s__rosidl_typesupport_introspection_c.dir/rosidl_generator_py/object_search_msgs/_object_search_msgs_s.ep.rosidl_typesupport_introspection_c.c.o
[ 94%] Linking C shared module rosidl_generator_py/object_search_msgs/object_search_msgs_s__rosidl_typesupport_fastrtps_c.so
[ 97%] Linking C shared module rosidl_generator_py/object_search_msgs/object_search_msgs_s__rosidl_typesupport_c.so
[100%] Linking C shared module rosidl_generator_py/object_search_msgs/object_search_msgs_s__rosidl_typesupport_introspection_c.so
[100%] Built target object_search_msgs_s__rosidl_typesupport_c
[100%] Built target object_search_msgs_s__rosidl_typesupport_introspection_c
[100%] Built target object_search_msgs_s__rosidl_typesupport_fastrtps_c
-- Install configuration: ""
-- Execute custom install script
-- Symlinking: /root/ros2_ws/install/object_search_msgs/share/ament_index/resource_index/rosidl_interfaces/object_search_msgs
-- Symlinking: /root/ros2_ws/install/object_search_msgs/share/object_search_msgs/msg/ObjectMaskWithTf.json
-- Symlinking: /root/ros2_ws/install/object_search_msgs/include/object_search_msgs/object_search_msgs/msg/detail/object_mask_with_tf__functions.h
-- Symlinking: /root/ros2_ws/install/object_search_msgs/include/object_search_msgs/object_search_msgs/msg/detail/object_mask_with_tf__struct.h
-- Symlinking: /root/ros2_ws/install/object_search_msgs/include/object_search_msgs/object_search_msgs/msg/detail/object_mask_with_tf__type_support.h
-- Symlinking: /root/ros2_ws/install/object_search_msgs/include/object_search_msgs/object_search_msgs/msg/object_mask_with_tf.h
-- Symlinking: /root/ros2_ws/install/object_search_msgs/include/object_search_msgs/object_search_msgs/msg/rosidl_generator_c__visibility_control.h
-- Symlinking: /root/ros2_ws/install/object_search_msgs/share/object_search_msgs/environment/library_path.sh
-- Symlinking: /root/ros2_ws/install/object_search_msgs/share/object_search_msgs/environment/library_path.dsv
-- Symlinking: /root/ros2_ws/install/object_search_msgs/include/object_search_msgs/object_search_msgs/msg/detail/object_mask_with_tf__rosidl_typesupport_fastrtps_c.h
-- Symlinking: /root/ros2_ws/install/object_search_msgs/include/object_search_msgs/object_search_msgs/msg/rosidl_typesupport_fastrtps_c__visibility_control.h
-- Symlinking: /root/ros2_ws/install/object_search_msgs/include/object_search_msgs/object_search_msgs/msg/detail/object_mask_with_tf__rosidl_typesupport_introspection_c.h
-- Symlinking: /root/ros2_ws/install/object_search_msgs/include/object_search_msgs/object_search_msgs/msg/rosidl_typesupport_introspection_c__visibility_control.h
-- Symlinking: /root/ros2_ws/install/object_search_msgs/include/object_search_msgs/object_search_msgs/msg/detail/object_mask_with_tf__builder.hpp
-- Symlinking: /root/ros2_ws/install/object_search_msgs/include/object_search_msgs/object_search_msgs/msg/detail/object_mask_with_tf__struct.hpp
-- Symlinking: /root/ros2_ws/install/object_search_msgs/include/object_search_msgs/object_search_msgs/msg/detail/object_mask_with_tf__traits.hpp
-- Symlinking: /root/ros2_ws/install/object_search_msgs/include/object_search_msgs/object_search_msgs/msg/detail/object_mask_with_tf__type_support.hpp
-- Symlinking: /root/ros2_ws/install/object_search_msgs/include/object_search_msgs/object_search_msgs/msg/object_mask_with_tf.hpp
-- Symlinking: /root/ros2_ws/install/object_search_msgs/include/object_search_msgs/object_search_msgs/msg/rosidl_generator_cpp__visibility_control.hpp
-- Symlinking: /root/ros2_ws/install/object_search_msgs/include/object_search_msgs/object_search_msgs/msg/detail/object_mask_with_tf__rosidl_typesupport_fastrtps_cpp.hpp
-- Symlinking: /root/ros2_ws/install/object_search_msgs/include/object_search_msgs/object_search_msgs/msg/rosidl_typesupport_fastrtps_cpp__visibility_control.h
-- Symlinking: /root/ros2_ws/install/object_search_msgs/include/object_search_msgs/object_search_msgs/msg/detail/object_mask_with_tf__rosidl_typesupport_introspection_cpp.hpp
-- Symlinking: /root/ros2_ws/install/object_search_msgs/share/object_search_msgs/environment/pythonpath.sh
-- Symlinking: /root/ros2_ws/install/object_search_msgs/share/object_search_msgs/environment/pythonpath.dsv
-- Symlinking: /root/ros2_ws/install/object_search_msgs/lib/python3.12/site-packages/object_search_msgs-0.0.0-py3.12.egg-info/PKG-INFO
-- Symlinking: /root/ros2_ws/install/object_search_msgs/lib/python3.12/site-packages/object_search_msgs-0.0.0-py3.12.egg-info/SOURCES.txt
-- Symlinking: /root/ros2_ws/install/object_search_msgs/lib/python3.12/site-packages/object_search_msgs-0.0.0-py3.12.egg-info/dependency_links.txt
-- Symlinking: /root/ros2_ws/install/object_search_msgs/lib/python3.12/site-packages/object_search_msgs-0.0.0-py3.12.egg-info/top_level.txt
-- Symlinking: /root/ros2_ws/install/object_search_msgs/lib/python3.12/site-packages/object_search_msgs/__init__.py
-- Symlinking: /root/ros2_ws/install/object_search_msgs/lib/python3.12/site-packages/object_search_msgs/_object_search_msgs_s.ep.rosidl_typesupport_c.c
-- Symlinking: /root/ros2_ws/install/object_search_msgs/lib/python3.12/site-packages/object_search_msgs/_object_search_msgs_s.ep.rosidl_typesupport_fastrtps_c.c
-- Symlinking: /root/ros2_ws/install/object_search_msgs/lib/python3.12/site-packages/object_search_msgs/_object_search_msgs_s.ep.rosidl_typesupport_introspection_c.c
-- Symlinking: /root/ros2_ws/install/object_search_msgs/lib/python3.12/site-packages/object_search_msgs/msg/__init__.py
-- Symlinking: /root/ros2_ws/install/object_search_msgs/lib/python3.12/site-packages/object_search_msgs/msg/_object_mask_with_tf.py
-- Symlinking: /root/ros2_ws/install/object_search_msgs/lib/python3.12/site-packages/object_search_msgs/msg/_object_mask_with_tf_s.c
-- Symlinking: /root/ros2_ws/install/object_search_msgs/lib/python3.12/site-packages/object_search_msgs/object_search_msgs_s__rosidl_typesupport_c.so
-- Symlinking: /root/ros2_ws/install/object_search_msgs/lib/python3.12/site-packages/object_search_msgs/object_search_msgs_s__rosidl_typesupport_fastrtps_c.so
-- Symlinking: /root/ros2_ws/install/object_search_msgs/lib/python3.12/site-packages/object_search_msgs/object_search_msgs_s__rosidl_typesupport_introspection_c.so
-- Up-to-date symlink: /root/ros2_ws/install/object_search_msgs/lib/python3.12/site-packages/object_search_msgs/object_search_msgs_s__rosidl_typesupport_fastrtps_c.so
-- Up-to-date symlink: /root/ros2_ws/install/object_search_msgs/lib/python3.12/site-packages/object_search_msgs/object_search_msgs_s__rosidl_typesupport_introspection_c.so
-- Up-to-date symlink: /root/ros2_ws/install/object_search_msgs/lib/python3.12/site-packages/object_search_msgs/object_search_msgs_s__rosidl_typesupport_c.so
-- Symlinking: /root/ros2_ws/install/object_search_msgs/share/ament_index/resource_index/rust_packages/object_search_msgs
-- Symlinking: /root/ros2_ws/install/object_search_msgs/share/object_search_msgs/rust/Cargo.toml
-- Symlinking: /root/ros2_ws/install/object_search_msgs/share/object_search_msgs/rust/build.rs
-- Symlinking: /root/ros2_ws/install/object_search_msgs/share/object_search_msgs/rust/src/lib.rs
-- Symlinking: /root/ros2_ws/install/object_search_msgs/share/object_search_msgs/rust/src/msg.rs
-- Symlinking: /root/ros2_ws/install/object_search_msgs/share/object_search_msgs/rust/src/msg/rmw.rs
-- Symlinking: /root/ros2_ws/install/object_search_msgs/share/object_search_msgs/msg/ObjectMaskWithTf.idl
-- Symlinking: /root/ros2_ws/install/object_search_msgs/share/object_search_msgs/msg/ObjectMaskWithTf.msg
-- Symlinking: /root/ros2_ws/install/object_search_msgs/share/ament_index/resource_index/package_run_dependencies/object_search_msgs
-- Symlinking: /root/ros2_ws/install/object_search_msgs/share/ament_index/resource_index/parent_prefix_path/object_search_msgs
-- Symlinking: /root/ros2_ws/install/object_search_msgs/share/object_search_msgs/environment/ament_prefix_path.sh
-- Symlinking: /root/ros2_ws/install/object_search_msgs/share/object_search_msgs/environment/ament_prefix_path.dsv
-- Symlinking: /root/ros2_ws/install/object_search_msgs/share/object_search_msgs/environment/path.sh
-- Symlinking: /root/ros2_ws/install/object_search_msgs/share/object_search_msgs/environment/path.dsv
-- Symlinking: /root/ros2_ws/install/object_search_msgs/share/object_search_msgs/local_setup.bash
-- Symlinking: /root/ros2_ws/install/object_search_msgs/share/object_search_msgs/local_setup.sh
-- Symlinking: /root/ros2_ws/install/object_search_msgs/share/object_search_msgs/local_setup.zsh
-- Symlinking: /root/ros2_ws/install/object_search_msgs/share/object_search_msgs/local_setup.dsv
-- Symlinking: /root/ros2_ws/install/object_search_msgs/share/object_search_msgs/package.dsv
-- Symlinking: /root/ros2_ws/install/object_search_msgs/share/ament_index/resource_index/packages/object_search_msgs
-- Symlinking: /root/ros2_ws/install/object_search_msgs/share/object_search_msgs/cmake/rosidl_cmake-extras.cmake
-- Symlinking: /root/ros2_ws/install/object_search_msgs/share/object_search_msgs/cmake/ament_cmake_export_dependencies-extras.cmake
-- Symlinking: /root/ros2_ws/install/object_search_msgs/share/object_search_msgs/cmake/ament_cmake_export_include_directories-extras.cmake
-- Symlinking: /root/ros2_ws/install/object_search_msgs/share/object_search_msgs/cmake/ament_cmake_export_libraries-extras.cmake
-- Symlinking: /root/ros2_ws/install/object_search_msgs/share/object_search_msgs/cmake/ament_cmake_export_targets-extras.cmake
-- Symlinking: /root/ros2_ws/install/object_search_msgs/share/object_search_msgs/cmake/rosidl_cmake_export_typesupport_targets-extras.cmake
-- Symlinking: /root/ros2_ws/install/object_search_msgs/share/object_search_msgs/cmake/rosidl_cmake_export_typesupport_libraries-extras.cmake
-- Symlinking: /root/ros2_ws/install/object_search_msgs/share/object_search_msgs/cmake/object_search_msgsConfig.cmake
-- Symlinking: /root/ros2_ws/install/object_search_msgs/share/object_search_msgs/cmake/object_search_msgsConfig-version.cmake
-- Symlinking: /root/ros2_ws/install/object_search_msgs/share/object_search_msgs/package.xml
-- Installing: /root/ros2_ws/install/object_search_msgs/lib/libobject_search_msgs__rosidl_generator_c.so
-- Set non-toolchain portion of runtime path of "/root/ros2_ws/install/object_search_msgs/lib/libobject_search_msgs__rosidl_generator_c.so" to ""
-- Installing: /root/ros2_ws/install/object_search_msgs/lib/libobject_search_msgs__rosidl_typesupport_fastrtps_c.so
-- Set non-toolchain portion of runtime path of "/root/ros2_ws/install/object_search_msgs/lib/libobject_search_msgs__rosidl_typesupport_fastrtps_c.so" to ""
-- Installing: /root/ros2_ws/install/object_search_msgs/lib/libobject_search_msgs__rosidl_typesupport_introspection_c.so
-- Set non-toolchain portion of runtime path of "/root/ros2_ws/install/object_search_msgs/lib/libobject_search_msgs__rosidl_typesupport_introspection_c.so" to ""
-- Installing: /root/ros2_ws/install/object_search_msgs/lib/libobject_search_msgs__rosidl_typesupport_c.so
-- Set non-toolchain portion of runtime path of "/root/ros2_ws/install/object_search_msgs/lib/libobject_search_msgs__rosidl_typesupport_c.so" to ""
-- Installing: /root/ros2_ws/install/object_search_msgs/lib/libobject_search_msgs__rosidl_typesupport_fastrtps_cpp.so
-- Set non-toolchain portion of runtime path of "/root/ros2_ws/install/object_search_msgs/lib/libobject_search_msgs__rosidl_typesupport_fastrtps_cpp.so" to ""
-- Installing: /root/ros2_ws/install/object_search_msgs/lib/libobject_search_msgs__rosidl_typesupport_introspection_cpp.so
-- Set non-toolchain portion of runtime path of "/root/ros2_ws/install/object_search_msgs/lib/libobject_search_msgs__rosidl_typesupport_introspection_cpp.so" to ""
-- Installing: /root/ros2_ws/install/object_search_msgs/lib/libobject_search_msgs__rosidl_typesupport_cpp.so
-- Set non-toolchain portion of runtime path of "/root/ros2_ws/install/object_search_msgs/lib/libobject_search_msgs__rosidl_typesupport_cpp.so" to ""
Listing '/root/ros2_ws/install/object_search_msgs/lib/python3.12/site-packages/object_search_msgs'...
Compiling '/root/ros2_ws/install/object_search_msgs/lib/python3.12/site-packages/object_search_msgs/__init__.py'...
Listing '/root/ros2_ws/install/object_search_msgs/lib/python3.12/site-packages/object_search_msgs/msg'...
Compiling '/root/ros2_ws/install/object_search_msgs/lib/python3.12/site-packages/object_search_msgs/msg/__init__.py'...
Compiling '/root/ros2_ws/install/object_search_msgs/lib/python3.12/site-packages/object_search_msgs/msg/_object_mask_with_tf.py'...
-- Installing: /root/ros2_ws/install/object_search_msgs/lib/libobject_search_msgs__rosidl_generator_py.so
-- Set non-toolchain portion of runtime path of "/root/ros2_ws/install/object_search_msgs/lib/libobject_search_msgs__rosidl_generator_py.so" to ""
-- Installing: /root/ros2_ws/install/object_search_msgs/share/object_search_msgs/cmake/export_object_search_msgs__rosidl_generator_cExport.cmake
-- Installing: /root/ros2_ws/install/object_search_msgs/share/object_search_msgs/cmake/export_object_search_msgs__rosidl_generator_cExport-noconfig.cmake
-- Installing: /root/ros2_ws/install/object_search_msgs/share/object_search_msgs/cmake/export_object_search_msgs__rosidl_typesupport_fastrtps_cExport.cmake
-- Installing: /root/ros2_ws/install/object_search_msgs/share/object_search_msgs/cmake/export_object_search_msgs__rosidl_typesupport_fastrtps_cExport-noconfig.cmake
-- Installing: /root/ros2_ws/install/object_search_msgs/share/object_search_msgs/cmake/object_search_msgs__rosidl_typesupport_introspection_cExport.cmake
-- Installing: /root/ros2_ws/install/object_search_msgs/share/object_search_msgs/cmake/object_search_msgs__rosidl_typesupport_introspection_cExport-noconfig.cmake
-- Installing: /root/ros2_ws/install/object_search_msgs/share/object_search_msgs/cmake/object_search_msgs__rosidl_typesupport_cExport.cmake
-- Installing: /root/ros2_ws/install/object_search_msgs/share/object_search_msgs/cmake/object_search_msgs__rosidl_typesupport_cExport-noconfig.cmake
-- Installing: /root/ros2_ws/install/object_search_msgs/share/object_search_msgs/cmake/export_object_search_msgs__rosidl_generator_cppExport.cmake
-- Installing: /root/ros2_ws/install/object_search_msgs/share/object_search_msgs/cmake/export_object_search_msgs__rosidl_typesupport_fastrtps_cppExport.cmake
-- Installing: /root/ros2_ws/install/object_search_msgs/share/object_search_msgs/cmake/export_object_search_msgs__rosidl_typesupport_fastrtps_cppExport-noconfig.cmake
-- Installing: /root/ros2_ws/install/object_search_msgs/share/object_search_msgs/cmake/object_search_msgs__rosidl_typesupport_introspection_cppExport.cmake
-- Installing: /root/ros2_ws/install/object_search_msgs/share/object_search_msgs/cmake/object_search_msgs__rosidl_typesupport_introspection_cppExport-noconfig.cmake
-- Installing: /root/ros2_ws/install/object_search_msgs/share/object_search_msgs/cmake/object_search_msgs__rosidl_typesupport_cppExport.cmake
-- Installing: /root/ros2_ws/install/object_search_msgs/share/object_search_msgs/cmake/object_search_msgs__rosidl_typesupport_cppExport-noconfig.cmake
-- Installing: /root/ros2_ws/install/object_search_msgs/share/object_search_msgs/cmake/export_object_search_msgs__rosidl_generator_pyExport.cmake
-- Installing: /root/ros2_ws/install/object_search_msgs/share/object_search_msgs/cmake/export_object_search_msgs__rosidl_generator_pyExport-noconfig.cmake
