/root/ros2_ws/install/dlio_gazebo_sim/lib/python3.12/site-packages/dlio_gazebo_sim/circle_cmd.py
/root/ros2_ws/install/dlio_gazebo_sim/lib/python3.12/site-packages/dlio_gazebo_sim/gazebo_cloud_adapter.py
/root/ros2_ws/install/dlio_gazebo_sim/lib/python3.12/site-packages/dlio_gazebo_sim/grid_threshold_markers.py
/root/ros2_ws/install/dlio_gazebo_sim/lib/python3.12/site-packages/dlio_gazebo_sim/synthetic_dlio_sensors.py
/root/ros2_ws/install/dlio_gazebo_sim/lib/python3.12/site-packages/dlio_gazebo_sim/nav_graph_markers.py
/root/ros2_ws/install/dlio_gazebo_sim/lib/python3.12/site-packages/dlio_gazebo_sim/__init__.py
/root/ros2_ws/install/dlio_gazebo_sim/lib/python3.12/site-packages/dlio_gazebo_sim/__pycache__/circle_cmd.cpython-312.pyc
/root/ros2_ws/install/dlio_gazebo_sim/lib/python3.12/site-packages/dlio_gazebo_sim/__pycache__/gazebo_cloud_adapter.cpython-312.pyc
/root/ros2_ws/install/dlio_gazebo_sim/lib/python3.12/site-packages/dlio_gazebo_sim/__pycache__/grid_threshold_markers.cpython-312.pyc
/root/ros2_ws/install/dlio_gazebo_sim/lib/python3.12/site-packages/dlio_gazebo_sim/__pycache__/synthetic_dlio_sensors.cpython-312.pyc
/root/ros2_ws/install/dlio_gazebo_sim/lib/python3.12/site-packages/dlio_gazebo_sim/__pycache__/nav_graph_markers.cpython-312.pyc
/root/ros2_ws/install/dlio_gazebo_sim/lib/python3.12/site-packages/dlio_gazebo_sim/__pycache__/__init__.cpython-312.pyc
/root/ros2_ws/install/dlio_gazebo_sim/share/ament_index/resource_index/packages/dlio_gazebo_sim
/root/ros2_ws/install/dlio_gazebo_sim/share/dlio_gazebo_sim/package.xml
/root/ros2_ws/install/dlio_gazebo_sim/share/dlio_gazebo_sim/launch/sim_dlio.launch.py
/root/ros2_ws/install/dlio_gazebo_sim/share/dlio_gazebo_sim/models/dlio_car/model.config
/root/ros2_ws/install/dlio_gazebo_sim/share/dlio_gazebo_sim/models/dlio_car/model.sdf
/root/ros2_ws/install/dlio_gazebo_sim/share/dlio_gazebo_sim/worlds/dlio_room.sdf
/root/ros2_ws/install/dlio_gazebo_sim/share/dlio_gazebo_sim/worlds/dlio_empty.sdf
/root/ros2_ws/install/dlio_gazebo_sim/lib/python3.12/site-packages/dlio_gazebo_sim-0.0.1-py3.12.egg-info/entry_points.txt
/root/ros2_ws/install/dlio_gazebo_sim/lib/python3.12/site-packages/dlio_gazebo_sim-0.0.1-py3.12.egg-info/PKG-INFO
/root/ros2_ws/install/dlio_gazebo_sim/lib/python3.12/site-packages/dlio_gazebo_sim-0.0.1-py3.12.egg-info/dependency_links.txt
/root/ros2_ws/install/dlio_gazebo_sim/lib/python3.12/site-packages/dlio_gazebo_sim-0.0.1-py3.12.egg-info/SOURCES.txt
/root/ros2_ws/install/dlio_gazebo_sim/lib/python3.12/site-packages/dlio_gazebo_sim-0.0.1-py3.12.egg-info/requires.txt
/root/ros2_ws/install/dlio_gazebo_sim/lib/python3.12/site-packages/dlio_gazebo_sim-0.0.1-py3.12.egg-info/top_level.txt
/root/ros2_ws/install/dlio_gazebo_sim/lib/python3.12/site-packages/dlio_gazebo_sim-0.0.1-py3.12.egg-info/zip-safe
/root/ros2_ws/install/dlio_gazebo_sim/lib/dlio_gazebo_sim/circle_cmd
/root/ros2_ws/install/dlio_gazebo_sim/lib/dlio_gazebo_sim/gazebo_cloud_adapter
/root/ros2_ws/install/dlio_gazebo_sim/lib/dlio_gazebo_sim/grid_threshold_markers
/root/ros2_ws/install/dlio_gazebo_sim/lib/dlio_gazebo_sim/nav_graph_markers
/root/ros2_ws/install/dlio_gazebo_sim/lib/dlio_gazebo_sim/synthetic_dlio_sensors
