[  1%] Built target graphnav_msgs__rosidl_generator_type_description
[  2%] Built target graphnav_msgs__rs
[  2%] Built target ament_cmake_python_symlink_graphnav_msgs
[  3%] Built target graphnav_msgs__cpp
[ 27%] Built target graphnav_msgs__rosidl_generator_c
[ 36%] Built target graphnav_msgs__rosidl_typesupport_fastrtps_cpp
[ 46%] Built target graphnav_msgs__rosidl_typesupport_fastrtps_c
[ 64%] Built target graphnav_msgs__rosidl_typesupport_c
[ 65%] Built target graphnav_msgs__rosidl_typesupport_introspection_cpp
[ 74%] Built target graphnav_msgs__rosidl_typesupport_cpp
[ 84%] Built target graphnav_msgs__rosidl_typesupport_introspection_c
[ 84%] Built target graphnav_msgs
[ 85%] Built target graphnav_msgs__py
[ 93%] Built target graphnav_msgs__rosidl_generator_py
[ 95%] Built target graphnav_msgs_s__rosidl_typesupport_c
[ 97%] Built target graphnav_msgs_s__rosidl_typesupport_fastrtps_c
[100%] Built target graphnav_msgs_s__rosidl_typesupport_introspection_c
running egg_info
writing graphnav_msgs.egg-info/PKG-INFO
writing dependency_links to graphnav_msgs.egg-info/dependency_links.txt
writing top-level names to graphnav_msgs.egg-info/top_level.txt
reading manifest file 'graphnav_msgs.egg-info/SOURCES.txt'
writing manifest file 'graphnav_msgs.egg-info/SOURCES.txt'
[100%] Built target ament_cmake_python_build_graphnav_msgs_egg
-- Install configuration: ""
-- Execute custom install script
-- Up-to-date symlink: /root/ros2_ws/install/graphnav_msgs/share/ament_index/resource_index/rosidl_interfaces/graphnav_msgs
-- Up-to-date symlink: /root/ros2_ws/install/graphnav_msgs/share/graphnav_msgs/msg/NavigationGraph.json
-- Up-to-date symlink: /root/ros2_ws/install/graphnav_msgs/share/graphnav_msgs/msg/Node.json
-- Up-to-date symlink: /root/ros2_ws/install/graphnav_msgs/share/graphnav_msgs/msg/NodeTraversabilityProperties.json
-- Up-to-date symlink: /root/ros2_ws/install/graphnav_msgs/share/graphnav_msgs/msg/Edge.json
-- Up-to-date symlink: /root/ros2_ws/install/graphnav_msgs/share/graphnav_msgs/msg/EdgeTraversability.json
-- Up-to-date symlink: /root/ros2_ws/install/graphnav_msgs/share/graphnav_msgs/msg/KeyValue.json
-- Up-to-date symlink: /root/ros2_ws/install/graphnav_msgs/share/graphnav_msgs/msg/UUID.json
-- Up-to-date symlink: /root/ros2_ws/install/graphnav_msgs/include/graphnav_msgs/graphnav_msgs/msg/detail/edge__functions.h
-- Up-to-date symlink: /root/ros2_ws/install/graphnav_msgs/include/graphnav_msgs/graphnav_msgs/msg/detail/edge__struct.h
-- Up-to-date symlink: /root/ros2_ws/install/graphnav_msgs/include/graphnav_msgs/graphnav_msgs/msg/detail/edge__type_support.h
-- Up-to-date symlink: /root/ros2_ws/install/graphnav_msgs/include/graphnav_msgs/graphnav_msgs/msg/detail/edge_traversability__functions.h
-- Up-to-date symlink: /root/ros2_ws/install/graphnav_msgs/include/graphnav_msgs/graphnav_msgs/msg/detail/edge_traversability__struct.h
-- Up-to-date symlink: /root/ros2_ws/install/graphnav_msgs/include/graphnav_msgs/graphnav_msgs/msg/detail/edge_traversability__type_support.h
-- Up-to-date symlink: /root/ros2_ws/install/graphnav_msgs/include/graphnav_msgs/graphnav_msgs/msg/detail/key_value__functions.h
-- Up-to-date symlink: /root/ros2_ws/install/graphnav_msgs/include/graphnav_msgs/graphnav_msgs/msg/detail/key_value__struct.h
-- Up-to-date symlink: /root/ros2_ws/install/graphnav_msgs/include/graphnav_msgs/graphnav_msgs/msg/detail/key_value__type_support.h
-- Up-to-date symlink: /root/ros2_ws/install/graphnav_msgs/include/graphnav_msgs/graphnav_msgs/msg/detail/navigation_graph__functions.h
-- Up-to-date symlink: /root/ros2_ws/install/graphnav_msgs/include/graphnav_msgs/graphnav_msgs/msg/detail/navigation_graph__struct.h
-- Up-to-date symlink: /root/ros2_ws/install/graphnav_msgs/include/graphnav_msgs/graphnav_msgs/msg/detail/navigation_graph__type_support.h
-- Up-to-date symlink: /root/ros2_ws/install/graphnav_msgs/include/graphnav_msgs/graphnav_msgs/msg/detail/node__functions.h
-- Up-to-date symlink: /root/ros2_ws/install/graphnav_msgs/include/graphnav_msgs/graphnav_msgs/msg/detail/node__struct.h
-- Up-to-date symlink: /root/ros2_ws/install/graphnav_msgs/include/graphnav_msgs/graphnav_msgs/msg/detail/node__type_support.h
-- Up-to-date symlink: /root/ros2_ws/install/graphnav_msgs/include/graphnav_msgs/graphnav_msgs/msg/detail/node_traversability_properties__functions.h
-- Up-to-date symlink: /root/ros2_ws/install/graphnav_msgs/include/graphnav_msgs/graphnav_msgs/msg/detail/node_traversability_properties__struct.h
-- Up-to-date symlink: /root/ros2_ws/install/graphnav_msgs/include/graphnav_msgs/graphnav_msgs/msg/detail/node_traversability_properties__type_support.h
-- Up-to-date symlink: /root/ros2_ws/install/graphnav_msgs/include/graphnav_msgs/graphnav_msgs/msg/detail/uuid__functions.h
-- Up-to-date symlink: /root/ros2_ws/install/graphnav_msgs/include/graphnav_msgs/graphnav_msgs/msg/detail/uuid__struct.h
-- Up-to-date symlink: /root/ros2_ws/install/graphnav_msgs/include/graphnav_msgs/graphnav_msgs/msg/detail/uuid__type_support.h
-- Up-to-date symlink: /root/ros2_ws/install/graphnav_msgs/include/graphnav_msgs/graphnav_msgs/msg/edge.h
-- Up-to-date symlink: /root/ros2_ws/install/graphnav_msgs/include/graphnav_msgs/graphnav_msgs/msg/edge_traversability.h
-- Up-to-date symlink: /root/ros2_ws/install/graphnav_msgs/include/graphnav_msgs/graphnav_msgs/msg/key_value.h
-- Up-to-date symlink: /root/ros2_ws/install/graphnav_msgs/include/graphnav_msgs/graphnav_msgs/msg/navigation_graph.h
-- Up-to-date symlink: /root/ros2_ws/install/graphnav_msgs/include/graphnav_msgs/graphnav_msgs/msg/node.h
-- Up-to-date symlink: /root/ros2_ws/install/graphnav_msgs/include/graphnav_msgs/graphnav_msgs/msg/node_traversability_properties.h
-- Up-to-date symlink: /root/ros2_ws/install/graphnav_msgs/include/graphnav_msgs/graphnav_msgs/msg/rosidl_generator_c__visibility_control.h
-- Up-to-date symlink: /root/ros2_ws/install/graphnav_msgs/include/graphnav_msgs/graphnav_msgs/msg/uuid.h
-- Up-to-date symlink: /root/ros2_ws/install/graphnav_msgs/share/graphnav_msgs/environment/library_path.sh
-- Up-to-date symlink: /root/ros2_ws/install/graphnav_msgs/share/graphnav_msgs/environment/library_path.dsv
-- Up-to-date symlink: /root/ros2_ws/install/graphnav_msgs/include/graphnav_msgs/graphnav_msgs/msg/detail/edge__rosidl_typesupport_fastrtps_c.h
-- Up-to-date symlink: /root/ros2_ws/install/graphnav_msgs/include/graphnav_msgs/graphnav_msgs/msg/detail/edge_traversability__rosidl_typesupport_fastrtps_c.h
-- Up-to-date symlink: /root/ros2_ws/install/graphnav_msgs/include/graphnav_msgs/graphnav_msgs/msg/detail/key_value__rosidl_typesupport_fastrtps_c.h
-- Up-to-date symlink: /root/ros2_ws/install/graphnav_msgs/include/graphnav_msgs/graphnav_msgs/msg/detail/navigation_graph__rosidl_typesupport_fastrtps_c.h
-- Up-to-date symlink: /root/ros2_ws/install/graphnav_msgs/include/graphnav_msgs/graphnav_msgs/msg/detail/node__rosidl_typesupport_fastrtps_c.h
-- Up-to-date symlink: /root/ros2_ws/install/graphnav_msgs/include/graphnav_msgs/graphnav_msgs/msg/detail/node_traversability_properties__rosidl_typesupport_fastrtps_c.h
-- Up-to-date symlink: /root/ros2_ws/install/graphnav_msgs/include/graphnav_msgs/graphnav_msgs/msg/detail/uuid__rosidl_typesupport_fastrtps_c.h
-- Up-to-date symlink: /root/ros2_ws/install/graphnav_msgs/include/graphnav_msgs/graphnav_msgs/msg/rosidl_typesupport_fastrtps_c__visibility_control.h
-- Up-to-date symlink: /root/ros2_ws/install/graphnav_msgs/include/graphnav_msgs/graphnav_msgs/msg/detail/edge__rosidl_typesupport_introspection_c.h
-- Up-to-date symlink: /root/ros2_ws/install/graphnav_msgs/include/graphnav_msgs/graphnav_msgs/msg/detail/edge_traversability__rosidl_typesupport_introspection_c.h
-- Up-to-date symlink: /root/ros2_ws/install/graphnav_msgs/include/graphnav_msgs/graphnav_msgs/msg/detail/key_value__rosidl_typesupport_introspection_c.h
-- Up-to-date symlink: /root/ros2_ws/install/graphnav_msgs/include/graphnav_msgs/graphnav_msgs/msg/detail/navigation_graph__rosidl_typesupport_introspection_c.h
-- Up-to-date symlink: /root/ros2_ws/install/graphnav_msgs/include/graphnav_msgs/graphnav_msgs/msg/detail/node__rosidl_typesupport_introspection_c.h
-- Up-to-date symlink: /root/ros2_ws/install/graphnav_msgs/include/graphnav_msgs/graphnav_msgs/msg/detail/node_traversability_properties__rosidl_typesupport_introspection_c.h
-- Up-to-date symlink: /root/ros2_ws/install/graphnav_msgs/include/graphnav_msgs/graphnav_msgs/msg/detail/uuid__rosidl_typesupport_introspection_c.h
-- Up-to-date symlink: /root/ros2_ws/install/graphnav_msgs/include/graphnav_msgs/graphnav_msgs/msg/rosidl_typesupport_introspection_c__visibility_control.h
-- Up-to-date symlink: /root/ros2_ws/install/graphnav_msgs/include/graphnav_msgs/graphnav_msgs/msg/detail/edge__builder.hpp
-- Up-to-date symlink: /root/ros2_ws/install/graphnav_msgs/include/graphnav_msgs/graphnav_msgs/msg/detail/edge__struct.hpp
-- Up-to-date symlink: /root/ros2_ws/install/graphnav_msgs/include/graphnav_msgs/graphnav_msgs/msg/detail/edge__traits.hpp
-- Up-to-date symlink: /root/ros2_ws/install/graphnav_msgs/include/graphnav_msgs/graphnav_msgs/msg/detail/edge__type_support.hpp
-- Up-to-date symlink: /root/ros2_ws/install/graphnav_msgs/include/graphnav_msgs/graphnav_msgs/msg/detail/edge_traversability__builder.hpp
-- Up-to-date symlink: /root/ros2_ws/install/graphnav_msgs/include/graphnav_msgs/graphnav_msgs/msg/detail/edge_traversability__struct.hpp
-- Up-to-date symlink: /root/ros2_ws/install/graphnav_msgs/include/graphnav_msgs/graphnav_msgs/msg/detail/edge_traversability__traits.hpp
-- Up-to-date symlink: /root/ros2_ws/install/graphnav_msgs/include/graphnav_msgs/graphnav_msgs/msg/detail/edge_traversability__type_support.hpp
-- Up-to-date symlink: /root/ros2_ws/install/graphnav_msgs/include/graphnav_msgs/graphnav_msgs/msg/detail/key_value__builder.hpp
-- Up-to-date symlink: /root/ros2_ws/install/graphnav_msgs/include/graphnav_msgs/graphnav_msgs/msg/detail/key_value__struct.hpp
-- Up-to-date symlink: /root/ros2_ws/install/graphnav_msgs/include/graphnav_msgs/graphnav_msgs/msg/detail/key_value__traits.hpp
-- Up-to-date symlink: /root/ros2_ws/install/graphnav_msgs/include/graphnav_msgs/graphnav_msgs/msg/detail/key_value__type_support.hpp
-- Up-to-date symlink: /root/ros2_ws/install/graphnav_msgs/include/graphnav_msgs/graphnav_msgs/msg/detail/navigation_graph__builder.hpp
-- Up-to-date symlink: /root/ros2_ws/install/graphnav_msgs/include/graphnav_msgs/graphnav_msgs/msg/detail/navigation_graph__struct.hpp
-- Up-to-date symlink: /root/ros2_ws/install/graphnav_msgs/include/graphnav_msgs/graphnav_msgs/msg/detail/navigation_graph__traits.hpp
-- Up-to-date symlink: /root/ros2_ws/install/graphnav_msgs/include/graphnav_msgs/graphnav_msgs/msg/detail/navigation_graph__type_support.hpp
-- Up-to-date symlink: /root/ros2_ws/install/graphnav_msgs/include/graphnav_msgs/graphnav_msgs/msg/detail/node__builder.hpp
-- Up-to-date symlink: /root/ros2_ws/install/graphnav_msgs/include/graphnav_msgs/graphnav_msgs/msg/detail/node__struct.hpp
-- Up-to-date symlink: /root/ros2_ws/install/graphnav_msgs/include/graphnav_msgs/graphnav_msgs/msg/detail/node__traits.hpp
-- Up-to-date symlink: /root/ros2_ws/install/graphnav_msgs/include/graphnav_msgs/graphnav_msgs/msg/detail/node__type_support.hpp
-- Up-to-date symlink: /root/ros2_ws/install/graphnav_msgs/include/graphnav_msgs/graphnav_msgs/msg/detail/node_traversability_properties__builder.hpp
-- Up-to-date symlink: /root/ros2_ws/install/graphnav_msgs/include/graphnav_msgs/graphnav_msgs/msg/detail/node_traversability_properties__struct.hpp
-- Up-to-date symlink: /root/ros2_ws/install/graphnav_msgs/include/graphnav_msgs/graphnav_msgs/msg/detail/node_traversability_properties__traits.hpp
-- Up-to-date symlink: /root/ros2_ws/install/graphnav_msgs/include/graphnav_msgs/graphnav_msgs/msg/detail/node_traversability_properties__type_support.hpp
-- Up-to-date symlink: /root/ros2_ws/install/graphnav_msgs/include/graphnav_msgs/graphnav_msgs/msg/detail/uuid__builder.hpp
-- Up-to-date symlink: /root/ros2_ws/install/graphnav_msgs/include/graphnav_msgs/graphnav_msgs/msg/detail/uuid__struct.hpp
-- Up-to-date symlink: /root/ros2_ws/install/graphnav_msgs/include/graphnav_msgs/graphnav_msgs/msg/detail/uuid__traits.hpp
-- Up-to-date symlink: /root/ros2_ws/install/graphnav_msgs/include/graphnav_msgs/graphnav_msgs/msg/detail/uuid__type_support.hpp
-- Up-to-date symlink: /root/ros2_ws/install/graphnav_msgs/include/graphnav_msgs/graphnav_msgs/msg/edge.hpp
-- Up-to-date symlink: /root/ros2_ws/install/graphnav_msgs/include/graphnav_msgs/graphnav_msgs/msg/edge_traversability.hpp
-- Up-to-date symlink: /root/ros2_ws/install/graphnav_msgs/include/graphnav_msgs/graphnav_msgs/msg/key_value.hpp
-- Up-to-date symlink: /root/ros2_ws/install/graphnav_msgs/include/graphnav_msgs/graphnav_msgs/msg/navigation_graph.hpp
-- Up-to-date symlink: /root/ros2_ws/install/graphnav_msgs/include/graphnav_msgs/graphnav_msgs/msg/node.hpp
-- Up-to-date symlink: /root/ros2_ws/install/graphnav_msgs/include/graphnav_msgs/graphnav_msgs/msg/node_traversability_properties.hpp
-- Up-to-date symlink: /root/ros2_ws/install/graphnav_msgs/include/graphnav_msgs/graphnav_msgs/msg/rosidl_generator_cpp__visibility_control.hpp
-- Up-to-date symlink: /root/ros2_ws/install/graphnav_msgs/include/graphnav_msgs/graphnav_msgs/msg/uuid.hpp
-- Up-to-date symlink: /root/ros2_ws/install/graphnav_msgs/include/graphnav_msgs/graphnav_msgs/msg/detail/edge__rosidl_typesupport_fastrtps_cpp.hpp
-- Up-to-date symlink: /root/ros2_ws/install/graphnav_msgs/include/graphnav_msgs/graphnav_msgs/msg/detail/edge_traversability__rosidl_typesupport_fastrtps_cpp.hpp
-- Up-to-date symlink: /root/ros2_ws/install/graphnav_msgs/include/graphnav_msgs/graphnav_msgs/msg/detail/key_value__rosidl_typesupport_fastrtps_cpp.hpp
-- Up-to-date symlink: /root/ros2_ws/install/graphnav_msgs/include/graphnav_msgs/graphnav_msgs/msg/detail/navigation_graph__rosidl_typesupport_fastrtps_cpp.hpp
-- Up-to-date symlink: /root/ros2_ws/install/graphnav_msgs/include/graphnav_msgs/graphnav_msgs/msg/detail/node__rosidl_typesupport_fastrtps_cpp.hpp
-- Up-to-date symlink: /root/ros2_ws/install/graphnav_msgs/include/graphnav_msgs/graphnav_msgs/msg/detail/node_traversability_properties__rosidl_typesupport_fastrtps_cpp.hpp
-- Up-to-date symlink: /root/ros2_ws/install/graphnav_msgs/include/graphnav_msgs/graphnav_msgs/msg/detail/uuid__rosidl_typesupport_fastrtps_cpp.hpp
-- Up-to-date symlink: /root/ros2_ws/install/graphnav_msgs/include/graphnav_msgs/graphnav_msgs/msg/rosidl_typesupport_fastrtps_cpp__visibility_control.h
-- Up-to-date symlink: /root/ros2_ws/install/graphnav_msgs/include/graphnav_msgs/graphnav_msgs/msg/detail/edge__rosidl_typesupport_introspection_cpp.hpp
-- Up-to-date symlink: /root/ros2_ws/install/graphnav_msgs/include/graphnav_msgs/graphnav_msgs/msg/detail/edge_traversability__rosidl_typesupport_introspection_cpp.hpp
-- Up-to-date symlink: /root/ros2_ws/install/graphnav_msgs/include/graphnav_msgs/graphnav_msgs/msg/detail/key_value__rosidl_typesupport_introspection_cpp.hpp
-- Up-to-date symlink: /root/ros2_ws/install/graphnav_msgs/include/graphnav_msgs/graphnav_msgs/msg/detail/navigation_graph__rosidl_typesupport_introspection_cpp.hpp
-- Up-to-date symlink: /root/ros2_ws/install/graphnav_msgs/include/graphnav_msgs/graphnav_msgs/msg/detail/node__rosidl_typesupport_introspection_cpp.hpp
-- Up-to-date symlink: /root/ros2_ws/install/graphnav_msgs/include/graphnav_msgs/graphnav_msgs/msg/detail/node_traversability_properties__rosidl_typesupport_introspection_cpp.hpp
-- Up-to-date symlink: /root/ros2_ws/install/graphnav_msgs/include/graphnav_msgs/graphnav_msgs/msg/detail/uuid__rosidl_typesupport_introspection_cpp.hpp
-- Up-to-date symlink: /root/ros2_ws/install/graphnav_msgs/share/graphnav_msgs/environment/pythonpath.sh
-- Up-to-date symlink: /root/ros2_ws/install/graphnav_msgs/share/graphnav_msgs/environment/pythonpath.dsv
-- Up-to-date symlink: /root/ros2_ws/install/graphnav_msgs/lib/python3.12/site-packages/graphnav_msgs-0.0.0-py3.12.egg-info/PKG-INFO
-- Up-to-date symlink: /root/ros2_ws/install/graphnav_msgs/lib/python3.12/site-packages/graphnav_msgs-0.0.0-py3.12.egg-info/SOURCES.txt
-- Up-to-date symlink: /root/ros2_ws/install/graphnav_msgs/lib/python3.12/site-packages/graphnav_msgs-0.0.0-py3.12.egg-info/dependency_links.txt
-- Up-to-date symlink: /root/ros2_ws/install/graphnav_msgs/lib/python3.12/site-packages/graphnav_msgs-0.0.0-py3.12.egg-info/top_level.txt
-- Up-to-date symlink: /root/ros2_ws/install/graphnav_msgs/lib/python3.12/site-packages/graphnav_msgs/__init__.py
-- Up-to-date symlink: /root/ros2_ws/install/graphnav_msgs/lib/python3.12/site-packages/graphnav_msgs/_graphnav_msgs_s.ep.rosidl_typesupport_c.c
-- Up-to-date symlink: /root/ros2_ws/install/graphnav_msgs/lib/python3.12/site-packages/graphnav_msgs/_graphnav_msgs_s.ep.rosidl_typesupport_fastrtps_c.c
-- Up-to-date symlink: /root/ros2_ws/install/graphnav_msgs/lib/python3.12/site-packages/graphnav_msgs/_graphnav_msgs_s.ep.rosidl_typesupport_introspection_c.c
-- Up-to-date symlink: /root/ros2_ws/install/graphnav_msgs/lib/python3.12/site-packages/graphnav_msgs/graphnav_msgs_s__rosidl_typesupport_c.so
-- Up-to-date symlink: /root/ros2_ws/install/graphnav_msgs/lib/python3.12/site-packages/graphnav_msgs/graphnav_msgs_s__rosidl_typesupport_fastrtps_c.so
-- Up-to-date symlink: /root/ros2_ws/install/graphnav_msgs/lib/python3.12/site-packages/graphnav_msgs/graphnav_msgs_s__rosidl_typesupport_introspection_c.so
-- Up-to-date symlink: /root/ros2_ws/install/graphnav_msgs/lib/python3.12/site-packages/graphnav_msgs/msg/__init__.py
-- Up-to-date symlink: /root/ros2_ws/install/graphnav_msgs/lib/python3.12/site-packages/graphnav_msgs/msg/_edge.py
-- Up-to-date symlink: /root/ros2_ws/install/graphnav_msgs/lib/python3.12/site-packages/graphnav_msgs/msg/_edge_s.c
-- Up-to-date symlink: /root/ros2_ws/install/graphnav_msgs/lib/python3.12/site-packages/graphnav_msgs/msg/_edge_traversability.py
-- Up-to-date symlink: /root/ros2_ws/install/graphnav_msgs/lib/python3.12/site-packages/graphnav_msgs/msg/_edge_traversability_s.c
-- Up-to-date symlink: /root/ros2_ws/install/graphnav_msgs/lib/python3.12/site-packages/graphnav_msgs/msg/_key_value.py
-- Up-to-date symlink: /root/ros2_ws/install/graphnav_msgs/lib/python3.12/site-packages/graphnav_msgs/msg/_key_value_s.c
-- Up-to-date symlink: /root/ros2_ws/install/graphnav_msgs/lib/python3.12/site-packages/graphnav_msgs/msg/_navigation_graph.py
-- Up-to-date symlink: /root/ros2_ws/install/graphnav_msgs/lib/python3.12/site-packages/graphnav_msgs/msg/_navigation_graph_s.c
-- Up-to-date symlink: /root/ros2_ws/install/graphnav_msgs/lib/python3.12/site-packages/graphnav_msgs/msg/_node.py
-- Up-to-date symlink: /root/ros2_ws/install/graphnav_msgs/lib/python3.12/site-packages/graphnav_msgs/msg/_node_s.c
-- Up-to-date symlink: /root/ros2_ws/install/graphnav_msgs/lib/python3.12/site-packages/graphnav_msgs/msg/_node_traversability_properties.py
-- Up-to-date symlink: /root/ros2_ws/install/graphnav_msgs/lib/python3.12/site-packages/graphnav_msgs/msg/_node_traversability_properties_s.c
-- Up-to-date symlink: /root/ros2_ws/install/graphnav_msgs/lib/python3.12/site-packages/graphnav_msgs/msg/_uuid.py
-- Up-to-date symlink: /root/ros2_ws/install/graphnav_msgs/lib/python3.12/site-packages/graphnav_msgs/msg/_uuid_s.c
-- Up-to-date symlink: /root/ros2_ws/install/graphnav_msgs/lib/python3.12/site-packages/graphnav_msgs/graphnav_msgs_s__rosidl_typesupport_fastrtps_c.so
-- Up-to-date symlink: /root/ros2_ws/install/graphnav_msgs/lib/python3.12/site-packages/graphnav_msgs/graphnav_msgs_s__rosidl_typesupport_introspection_c.so
-- Up-to-date symlink: /root/ros2_ws/install/graphnav_msgs/lib/python3.12/site-packages/graphnav_msgs/graphnav_msgs_s__rosidl_typesupport_c.so
-- Up-to-date symlink: /root/ros2_ws/install/graphnav_msgs/share/ament_index/resource_index/rust_packages/graphnav_msgs
-- Up-to-date symlink: /root/ros2_ws/install/graphnav_msgs/share/graphnav_msgs/rust/Cargo.toml
-- Up-to-date symlink: /root/ros2_ws/install/graphnav_msgs/share/graphnav_msgs/rust/build.rs
-- Up-to-date symlink: /root/ros2_ws/install/graphnav_msgs/share/graphnav_msgs/rust/src/lib.rs
-- Up-to-date symlink: /root/ros2_ws/install/graphnav_msgs/share/graphnav_msgs/rust/src/msg.rs
-- Up-to-date symlink: /root/ros2_ws/install/graphnav_msgs/share/graphnav_msgs/rust/src/msg/rmw.rs
-- Up-to-date symlink: /root/ros2_ws/install/graphnav_msgs/share/graphnav_msgs/msg/NavigationGraph.idl
-- Up-to-date symlink: /root/ros2_ws/install/graphnav_msgs/share/graphnav_msgs/msg/Node.idl
-- Up-to-date symlink: /root/ros2_ws/install/graphnav_msgs/share/graphnav_msgs/msg/NodeTraversabilityProperties.idl
-- Up-to-date symlink: /root/ros2_ws/install/graphnav_msgs/share/graphnav_msgs/msg/Edge.idl
-- Up-to-date symlink: /root/ros2_ws/install/graphnav_msgs/share/graphnav_msgs/msg/EdgeTraversability.idl
-- Up-to-date symlink: /root/ros2_ws/install/graphnav_msgs/share/graphnav_msgs/msg/KeyValue.idl
-- Up-to-date symlink: /root/ros2_ws/install/graphnav_msgs/share/graphnav_msgs/msg/UUID.idl
-- Up-to-date symlink: /root/ros2_ws/install/graphnav_msgs/share/graphnav_msgs/msg/NavigationGraph.msg
-- Up-to-date symlink: /root/ros2_ws/install/graphnav_msgs/share/graphnav_msgs/msg/Node.msg
-- Up-to-date symlink: /root/ros2_ws/install/graphnav_msgs/share/graphnav_msgs/msg/NodeTraversabilityProperties.msg
-- Up-to-date symlink: /root/ros2_ws/install/graphnav_msgs/share/graphnav_msgs/msg/Edge.msg
-- Up-to-date symlink: /root/ros2_ws/install/graphnav_msgs/share/graphnav_msgs/msg/EdgeTraversability.msg
-- Up-to-date symlink: /root/ros2_ws/install/graphnav_msgs/share/graphnav_msgs/msg/KeyValue.msg
-- Up-to-date symlink: /root/ros2_ws/install/graphnav_msgs/share/graphnav_msgs/msg/UUID.msg
-- Up-to-date symlink: /root/ros2_ws/install/graphnav_msgs/share/ament_index/resource_index/package_run_dependencies/graphnav_msgs
-- Up-to-date symlink: /root/ros2_ws/install/graphnav_msgs/share/ament_index/resource_index/parent_prefix_path/graphnav_msgs
-- Up-to-date symlink: /root/ros2_ws/install/graphnav_msgs/share/graphnav_msgs/environment/ament_prefix_path.sh
-- Up-to-date symlink: /root/ros2_ws/install/graphnav_msgs/share/graphnav_msgs/environment/ament_prefix_path.dsv
-- Up-to-date symlink: /root/ros2_ws/install/graphnav_msgs/share/graphnav_msgs/environment/path.sh
-- Up-to-date symlink: /root/ros2_ws/install/graphnav_msgs/share/graphnav_msgs/environment/path.dsv
-- Up-to-date symlink: /root/ros2_ws/install/graphnav_msgs/share/graphnav_msgs/local_setup.bash
-- Up-to-date symlink: /root/ros2_ws/install/graphnav_msgs/share/graphnav_msgs/local_setup.sh
-- Up-to-date symlink: /root/ros2_ws/install/graphnav_msgs/share/graphnav_msgs/local_setup.zsh
-- Up-to-date symlink: /root/ros2_ws/install/graphnav_msgs/share/graphnav_msgs/local_setup.dsv
-- Symlinking: /root/ros2_ws/install/graphnav_msgs/share/graphnav_msgs/package.dsv
-- Up-to-date symlink: /root/ros2_ws/install/graphnav_msgs/share/ament_index/resource_index/packages/graphnav_msgs
-- Up-to-date symlink: /root/ros2_ws/install/graphnav_msgs/share/graphnav_msgs/cmake/rosidl_cmake-extras.cmake
-- Up-to-date symlink: /root/ros2_ws/install/graphnav_msgs/share/graphnav_msgs/cmake/ament_cmake_export_dependencies-extras.cmake
-- Up-to-date symlink: /root/ros2_ws/install/graphnav_msgs/share/graphnav_msgs/cmake/ament_cmake_export_include_directories-extras.cmake
-- Up-to-date symlink: /root/ros2_ws/install/graphnav_msgs/share/graphnav_msgs/cmake/ament_cmake_export_libraries-extras.cmake
-- Up-to-date symlink: /root/ros2_ws/install/graphnav_msgs/share/graphnav_msgs/cmake/ament_cmake_export_targets-extras.cmake
-- Up-to-date symlink: /root/ros2_ws/install/graphnav_msgs/share/graphnav_msgs/cmake/rosidl_cmake_export_typesupport_targets-extras.cmake
-- Up-to-date symlink: /root/ros2_ws/install/graphnav_msgs/share/graphnav_msgs/cmake/rosidl_cmake_export_typesupport_libraries-extras.cmake
-- Up-to-date symlink: /root/ros2_ws/install/graphnav_msgs/share/graphnav_msgs/cmake/graphnav_msgsConfig.cmake
-- Up-to-date symlink: /root/ros2_ws/install/graphnav_msgs/share/graphnav_msgs/cmake/graphnav_msgsConfig-version.cmake
-- Up-to-date symlink: /root/ros2_ws/install/graphnav_msgs/share/graphnav_msgs/package.xml
-- Up-to-date: /root/ros2_ws/install/graphnav_msgs/lib/libgraphnav_msgs__rosidl_generator_c.so
-- Up-to-date: /root/ros2_ws/install/graphnav_msgs/lib/libgraphnav_msgs__rosidl_typesupport_fastrtps_c.so
-- Up-to-date: /root/ros2_ws/install/graphnav_msgs/lib/libgraphnav_msgs__rosidl_typesupport_introspection_c.so
-- Up-to-date: /root/ros2_ws/install/graphnav_msgs/lib/libgraphnav_msgs__rosidl_typesupport_c.so
-- Up-to-date: /root/ros2_ws/install/graphnav_msgs/lib/libgraphnav_msgs__rosidl_typesupport_fastrtps_cpp.so
-- Up-to-date: /root/ros2_ws/install/graphnav_msgs/lib/libgraphnav_msgs__rosidl_typesupport_introspection_cpp.so
-- Up-to-date: /root/ros2_ws/install/graphnav_msgs/lib/libgraphnav_msgs__rosidl_typesupport_cpp.so
Listing '/root/ros2_ws/install/graphnav_msgs/lib/python3.12/site-packages/graphnav_msgs'...
Listing '/root/ros2_ws/install/graphnav_msgs/lib/python3.12/site-packages/graphnav_msgs/msg'...
-- Up-to-date: /root/ros2_ws/install/graphnav_msgs/lib/libgraphnav_msgs__rosidl_generator_py.so
-- Up-to-date: /root/ros2_ws/install/graphnav_msgs/share/graphnav_msgs/cmake/export_graphnav_msgs__rosidl_generator_cExport.cmake
-- Up-to-date: /root/ros2_ws/install/graphnav_msgs/share/graphnav_msgs/cmake/export_graphnav_msgs__rosidl_generator_cExport-noconfig.cmake
-- Up-to-date: /root/ros2_ws/install/graphnav_msgs/share/graphnav_msgs/cmake/export_graphnav_msgs__rosidl_typesupport_fastrtps_cExport.cmake
-- Up-to-date: /root/ros2_ws/install/graphnav_msgs/share/graphnav_msgs/cmake/export_graphnav_msgs__rosidl_typesupport_fastrtps_cExport-noconfig.cmake
-- Up-to-date: /root/ros2_ws/install/graphnav_msgs/share/graphnav_msgs/cmake/graphnav_msgs__rosidl_typesupport_introspection_cExport.cmake
-- Up-to-date: /root/ros2_ws/install/graphnav_msgs/share/graphnav_msgs/cmake/graphnav_msgs__rosidl_typesupport_introspection_cExport-noconfig.cmake
-- Up-to-date: /root/ros2_ws/install/graphnav_msgs/share/graphnav_msgs/cmake/graphnav_msgs__rosidl_typesupport_cExport.cmake
-- Up-to-date: /root/ros2_ws/install/graphnav_msgs/share/graphnav_msgs/cmake/graphnav_msgs__rosidl_typesupport_cExport-noconfig.cmake
-- Up-to-date: /root/ros2_ws/install/graphnav_msgs/share/graphnav_msgs/cmake/export_graphnav_msgs__rosidl_generator_cppExport.cmake
-- Up-to-date: /root/ros2_ws/install/graphnav_msgs/share/graphnav_msgs/cmake/export_graphnav_msgs__rosidl_typesupport_fastrtps_cppExport.cmake
-- Up-to-date: /root/ros2_ws/install/graphnav_msgs/share/graphnav_msgs/cmake/export_graphnav_msgs__rosidl_typesupport_fastrtps_cppExport-noconfig.cmake
-- Up-to-date: /root/ros2_ws/install/graphnav_msgs/share/graphnav_msgs/cmake/graphnav_msgs__rosidl_typesupport_introspection_cppExport.cmake
-- Up-to-date: /root/ros2_ws/install/graphnav_msgs/share/graphnav_msgs/cmake/graphnav_msgs__rosidl_typesupport_introspection_cppExport-noconfig.cmake
-- Up-to-date: /root/ros2_ws/install/graphnav_msgs/share/graphnav_msgs/cmake/graphnav_msgs__rosidl_typesupport_cppExport.cmake
-- Up-to-date: /root/ros2_ws/install/graphnav_msgs/share/graphnav_msgs/cmake/graphnav_msgs__rosidl_typesupport_cppExport-noconfig.cmake
-- Up-to-date: /root/ros2_ws/install/graphnav_msgs/share/graphnav_msgs/cmake/export_graphnav_msgs__rosidl_generator_pyExport.cmake
-- Up-to-date: /root/ros2_ws/install/graphnav_msgs/share/graphnav_msgs/cmake/export_graphnav_msgs__rosidl_generator_pyExport-noconfig.cmake
